3/25 6:35:38|MainFrame|MainFrame|Constructor Called.
3/25 6:35:43|MainFrame|createMozillaComponent|Method Called.
3/25 6:35:43|MainFrame|setHTTPProxyConfiguration|Method called.
3/25 6:35:43|MainFrame|setHTTPSProxyConfiguration|Method called.
3/25 6:35:43|MainFrame|setProxyServerException|Method called.
3/25 6:35:43|MainFrame|setSecurityCertificationErrors|Method called.
3/25 6:35:43|MainFrame|EnableDisableBrowserOtions|method called.
3/25 6:35:43|MainFrame|EnableDisableBrowserOtions|Enabling JavaScript feature.
3/25 6:35:43|MainFrame|EnableDisableBrowserOtions|Enabling ImageDownload feature.
3/25 6:35:43|MainFrame|EnableDisableBrowserOtions|Enabling Plugins feature.
3/25 6:35:43|MainFrame|EnableDisableBrowserOtions|Setting User Agent=Mozilla/4.0 (Windows; U; Windows NT 6.1; en-US; rv:1.9.2.24) Gecko/20111103 Firefox/3.6.24
3/25 6:35:43|MainFrame|addNavigationListeners|method called.
3/25 6:35:43|NetStormBrowserNavigationEventListener|NetStormBrowserNavigationEventListener|Constructor Called.
3/25 6:35:43|MainFrame|updateBackForwardButtons|method Called.
3/25 6:35:43|NetstormCEventListener|NetstormCEventListener|Constructor Called.
3/25 6:35:43|NetstormCEventListener|addHTMLElementsListeners|Method Called.
3/25 6:35:43|NetStormBrowserNavigationEventListener|setcEventListener|Method Called.
3/25 6:35:43|NetStormBrowserNavigationEventListener|setupListeners|Method Called.
3/25 6:35:43|NetstormCEventListener|addAllHTMLElementsListeners|Method Called.
3/25 6:35:44|RecordingHttpListener|observe|Method Called for sTopic=http-on-modify-request
3/25 6:35:44|Utils|getURLTracker|urlString = http://192.168.1.86:19001/, requestOrResponce = request
3/25 6:35:44|Utils|getRelativeTimeWithRespectOfStartRecordingTime|Method called.time stamp = 1364216744111
3/25 6:35:44|Utils|convertToSecond method called|time = 5226.0
3/25 6:35:44|Utils|isSplit|Method called.
3/25 6:35:44|Utils|isSplit|Splitting for Ajax Header = false
3/25 6:35:44|Utils|isSplit|Splitting for method GET = false
3/25 6:35:44|Utils|isSplit|result = false
3/25 6:35:44|Utils|isSplitForTimeDiff|Method called.
3/25 6:35:44|Utils|isSplit|result = false
3/25 6:35:44|Utils|isSplitForURLType|Method called.
3/25 6:35:44|Utils|isSplitForURLType|value = false
3/25 6:35:44|Utils|isSplitForURLType|value = false
3/25 6:35:44|Utils|isSplit|isSplitForURLType = false
3/25 6:35:44|NetStormBrowserNavigationEventListener|navigationStarted|Method Called for URL=http://192.168.1.86:19001/
3/25 6:35:44|NetStormBrowserNavigationEventListener|navigationStarted|Begin Loading URL == http://192.168.1.86:19001/  ===== Begin = 1364216744127
3/25 6:35:44|Utils|getURLTracker|urlString = http://192.168.1.86:19001/, requestOrResponce = snapShot
3/25 6:35:44|RecordingHttpListener|observe|Method Called for sTopic=http-on-examine-response
3/25 6:35:44|Utils|getURLTracker|urlString = http://192.168.1.86:19001/, requestOrResponce = response
3/25 6:35:44|Utils|getRelativeTimeWithRespectOfStartRecordingTime|Method called.time stamp = 1364216744189
3/25 6:35:44|Utils|convertToSecond method called|time = 5304.0
3/25 6:35:44|Utils|isSplit|Method called.
3/25 6:35:44|Utils|isSplit|Splitting for Ajax Header = false
3/25 6:35:44|Utils|isSplit|Splitting for method GET = false
3/25 6:35:44|Utils|isSplit|result = false
3/25 6:35:44|Utils|isSplitForTimeDiff|Method called.
3/25 6:35:44|Utils|isSplit|result = false
3/25 6:35:44|Utils|isSplitForURLType|Method called.
3/25 6:35:44|Utils|isSplitForURLType|value = false
3/25 6:35:44|Utils|isSplitForURLType|value = false
3/25 6:35:44|Utils|isSplitForURLType|value = false
3/25 6:35:44|Utils|isSplit|isSplitForURLType = false
3/25 6:35:44|Utils|getRelativeTimeWithRespectOfStartRecordingTime|Method called.time stamp = 1364216744189
3/25 6:35:44|Utils|convertToSecond method called|time = 5304.0
3/25 6:35:44|Utils|getRelativeTimeWithRespectOfStartRecordingTime|Method called.time stamp = 1364216744189
3/25 6:35:44|Utils|convertToSecond method called|time = 5304.0
3/25 6:35:44|RecordingHttpListener|onStartRequest|method called with request Name = http://192.168.1.86:19001/
3/25 6:35:44|Utils|getURLTracker|urlString = http://192.168.1.86:19001/, requestOrResponce = snapShot
3/25 6:35:44|RecordingHttpListener|onDataAvailable|method called for request=http://192.168.1.86:19001/
3/25 6:35:44|RecordingHttpListener|onDataAvailable|Adding dump diretory with path=C:\Users\Compass-91\Desktop\recorder\scripts\NetDiagnostic/Weblogic/nsecom_new\dump\blank\192.168.1.86_19001/
3/25 6:35:44|RecordingHttpListener|onDataAvailable|Calling onDataAvailable on original listener.
3/25 6:35:44|RecordingHttpListener|onStopRequest|method called for request=http://192.168.1.86:19001/
3/25 6:35:44|MainFrame|updateBackForwardButtons|method Called.3/25 6:35:44|NetStormBrowserNavigationEventListener|navigationFinished|Method Called for URL=http://192.168.1.86:19001/

3/25 6:35:44|NetStormBrowserNavigationEventListener|NavigationFinishEventRunner|constructor called for url=http://192.168.1.86:19001/
3/25 6:35:44|NetStormBrowserNavigationEventListener|setupListeners|Method Called.
3/25 6:35:44|NetstormCEventListener|addAllHTMLElementsListeners|Method Called.
3/25 6:35:44|Utils|filterPath|path = http://192.168.1.86:19001/
3/25 6:35:44|Utils|getFileName|path = http://192.168.1.86:19001/
3/25 6:35:44|Utils|getFileName|filename for dump = index
3/25 6:35:44|Utils|saveBrowserDocument|title = C:\Users\Compass-91\Desktop\recorder\scripts\NetDiagnostic\Weblogic\nsecom_new\dump\blank\192.168.1.86_19001\index
3/25 6:35:44|Utils|getURLTracker|urlString = http://192.168.1.86:19001/, requestOrResponce = snapShot
3/25 6:35:44|ScriptHTMLStart|run|Going to call init method.
3/25 6:35:44|NSBrowser|init|Method called.
3/25 6:35:44|WebCFormattor||constructor called.
3/25 6:35:44|NSBrowser|execute|Method Called.
3/25 6:35:44|NSBrowser|execute|DOM Core supported 
3/25 6:35:44|NSBrowser|execute|DOM XML supported 
3/25 6:35:44|NSBrowser|execute|DOM HTML supported 
3/25 6:35:44|NSBrowser|execute|DOM Views supported 
3/25 6:35:44|NSBrowser|execute|DOM StyleSheets supported 
3/25 6:35:44|NSBrowser|execute|DOM CSS supported 
3/25 6:35:44|NSBrowser|execute|DOM CSS2 supported 
3/25 6:35:44|NSBrowser|execute|DOM Events supported 
3/25 6:35:44|NSBrowser|execute|DOM UIEvents supported 
3/25 6:35:44|NSBrowser|execute|DOM MouseEvents supported 
3/25 6:35:44|NSBrowser|execute|DOM MutationEvents not supported 
3/25 6:35:44|NSBrowser|execute|DOM HTMLEvents supported 
3/25 6:35:44|NSBrowser|execute|DOM Traversal not supported 
3/25 6:35:44|NSBrowser|execute|DOM Range supported 
3/25 6:35:44|ScriptHTMLStart|Recording|Thread state =2
3/25 6:35:44|ScriptHTMLStart|run|Setting thread state.State of Thread - 2
3/25 6:35:48|MainFrame|addNavigationListeners|browser disposed called.
3/25 6:35:48|WebCFormattor|generateScripts|method called.
3/25 6:35:48|Utils|addLastPageLeftUrlsToInlineUrlsOfLastPage|Method called.
3/25 6:35:48|Utils|modifyMapForSplit|Method called.
3/25 6:35:48|Utils|modifyMapForThinkTime|Method called.
3/25 6:35:48|Utils|getRelativeTimeWithRespectOfStartRecordingTime|Method called.time stamp = 0
3/25 6:35:48|Utils|modifyMapForThinkTime|Modifying url list for last page=index_2, startThink=5.304, endThink=0.0
3/25 6:35:48|Utils|generateEventDetail|method called.
3/25 6:35:48|Utils|generateUrlInfoListDetail|method called
3/25 6:35:48|Utils|generateUrlInfoListDetail|URL = http://192.168.1.86:19001/
3/25 6:35:48|Utils|convertToSecond method called|time = 0.07800000000000029
3/25 6:35:48|Utils|generateUrlInfoListDetail|ScriptparsingData =http://192.168.1.86:19001/
3/25 6:35:48|Utils|generateUrlInfoListDetail|UrlTracker.scriptParsingData.getParsedPath()=192.168.1.86_19001/, Utils.getDumpPath() = C:\Users\Compass-91\Desktop\recorder\scripts\NetDiagnostic/Weblogic/nsecom_new\dump\blank
3/25 6:35:48|WebCFormattor|generateEventsForFlow|method called.
3/25 6:35:48|WebCGenerator|generate|method called.
3/25 6:35:48|WebCGenerator|generate|Putting header comments in Buffer.
3/25 6:35:48|WebCGenerator|generate|Processing URLs with list size=1
3/25 6:35:48|WebCGenerator|getValidURL|Since this URL is not in filtered list, returning the URL=http://192.168.1.86:19001/
3/25 6:35:48|Utils|getTimeStampForPage|Method called.
3/25 6:35:48|WebCGenerator|getUrlReqAndResDetails|method called.
3/25 6:35:48|Utils|convertToSecond method called|time = 5.304
3/25 6:35:48|MainFrame|addNavigationListeners|browser disposed Exiting.
3/25 6:35:48|MainFrame|addNavigationListeners|browser disposed called.
3/25 6:35:48|MainFrame|addNavigationListeners|browser disposed Exiting.
3/25 6:36:27|ScriptMain|eventCancel|Thread start is either null or dead.
3/25 6:36:27|ScriptMain|eventCancel|Cancelling Reco.
3/25 6:36:27|ScriptHTMLStart|stopRecording|Method Called.
3/25 6:36:27|ScriptHTMLStart|stopRecording|Going to stop recording
3/25 6:36:27|NSBrowser|stopRecord|Method called.
3/25 6:36:27|NSBrowser|addNavigationListeners|browser disposed Exiting.
3/25 6:36:29|ScriptHTMLStart|stopRecording|Delete dir path = C:\Users\Compass-91\Desktop\recorder\scripts/NetDiagnostic/Weblogic/nsecom_new
3/25 6:36:29|ScriptUtils|deleteDirectory|Method called. path = C:\Users\Compass-91\Desktop\recorder\scripts/NetDiagnostic/Weblogic/nsecom_new
3/25 6:36:29|ScriptUtils|deleteDirectory|Method called. path = C:\Users\Compass-91\Desktop\recorder\scripts/NetDiagnostic/Weblogic/nsecom_new/dump
3/25 6:36:29|ScriptUtils|deleteDirectory|Method called. path = C:\Users\Compass-91\Desktop\recorder\scripts/NetDiagnostic/Weblogic/nsecom_new/dump/blank
3/25 6:36:29|ScriptUtils|deleteDirectory|Method called. path = C:\Users\Compass-91\Desktop\recorder\scripts/NetDiagnostic/Weblogic/nsecom_new/dump/blank/192.168.1.86_19001
3/25 6:36:29|ScriptUtils|deleteDirectory|Method called. path = C:\Users\Compass-91\Desktop\recorder\scripts/NetDiagnostic/Weblogic/nsecom_new/dump/blank/headers
3/25 6:36:29|ScriptUtils|deleteDirectory|Method called. path = C:\Users\Compass-91\Desktop\recorder\scripts/NetDiagnostic/Weblogic/nsecom_new/dump/blank/Snapshots
3/25 6:36:46|MainFrame|MainFrame|Constructor Called.
3/25 6:36:46|MainFrame|createMozillaComponent|Method Called.
3/25 6:36:46|MainFrame|setHTTPProxyConfiguration|Method called.
3/25 6:36:46|MainFrame|setHTTPSProxyConfiguration|Method called.
3/25 6:36:46|MainFrame|setProxyServerException|Method called.
3/25 6:36:46|MainFrame|setSecurityCertificationErrors|Method called.
3/25 6:36:46|MainFrame|EnableDisableBrowserOtions|method called.
3/25 6:36:46|MainFrame|EnableDisableBrowserOtions|Enabling JavaScript feature.
3/25 6:36:46|MainFrame|EnableDisableBrowserOtions|Enabling ImageDownload feature.
3/25 6:36:46|MainFrame|EnableDisableBrowserOtions|Enabling Plugins feature.
3/25 6:36:46|MainFrame|EnableDisableBrowserOtions|Setting User Agent=Mozilla/4.0 (Windows; U; Windows NT 6.1; en-US; rv:1.9.2.24) Gecko/20111103 Firefox/3.6.24
3/25 6:36:46|MainFrame|addNavigationListeners|method called.
3/25 6:36:46|NetStormBrowserNavigationEventListener|NetStormBrowserNavigationEventListener|Constructor Called.
3/25 6:36:46|NetstormCEventListener|NetstormCEventListener|Constructor Called.
3/25 6:36:46|MainFrame|updateBackForwardButtons|method Called.
3/25 6:36:46|NetstormCEventListener|addHTMLElementsListeners|Method Called.
3/25 6:36:46|NetStormBrowserNavigationEventListener|setcEventListener|Method Called.
3/25 6:36:46|NetStormBrowserNavigationEventListener|setupListeners|Method Called.
3/25 6:36:46|NetstormCEventListener|addAllHTMLElementsListeners|Method Called.
3/25 6:36:46|RecordingHttpListener|observe|Method Called for sTopic=http-on-modify-request
3/25 6:36:46|Utils|getURLTracker|urlString = http://192.168.1.86:19001/, requestOrResponce = request
3/25 6:36:46|Utils|getRelativeTimeWithRespectOfStartRecordingTime|Method called.time stamp = 1364216806199
3/25 6:36:46|Utils|convertToSecond method called|time = 125.0
3/25 6:36:46|Utils|isSplit|Method called.
3/25 6:36:46|Utils|isSplit|Splitting for Ajax Header = false
3/25 6:36:46|Utils|isSplit|Splitting for method GET = false
3/25 6:36:46|Utils|isSplit|result = false
3/25 6:36:46|Utils|isSplitForTimeDiff|Method called.
3/25 6:36:46|Utils|isSplit|result = false
3/25 6:36:46|Utils|isSplitForURLType|Method called.
3/25 6:36:46|Utils|isSplitForURLType|value = false
3/25 6:36:46|Utils|isSplitForURLType|value = false
3/25 6:36:46|Utils|isSplit|isSplitForURLType = false
3/25 6:36:46|RecordingHttpListener|observe|Method Called for sTopic=http-on-modify-request
3/25 6:36:46|Utils|getURLTracker|urlString = http://192.168.1.86:19001/, requestOrResponce = request
3/25 6:36:46|Utils|isSplit|Method called.
3/25 6:36:46|Utils|isSplit|result = false
3/25 6:36:46|Utils|isSplitForTimeDiff|Method called.
3/25 6:36:46|Utils|isSplit|result = false
3/25 6:36:46|Utils|isSplitForURLType|Method called.
3/25 6:36:46|Utils|isSplit|isSplitForURLType = false
3/25 6:36:46|NetStormBrowserNavigationEventListener|navigationStarted|Method Called for URL=http://192.168.1.86:19001/
3/25 6:36:46|NetStormBrowserNavigationEventListener|navigationStarted|Begin Loading URL == http://192.168.1.86:19001/  ===== Begin = 1364216806215
3/25 6:36:46|Utils|getURLTracker|urlString = http://192.168.1.86:19001/, requestOrResponce = snapShot
3/25 6:36:46|RecordingHttpListener|observe|Method Called for sTopic=http-on-examine-response
3/25 6:36:46|Utils|getURLTracker|urlString = http://192.168.1.86:19001/, requestOrResponce = response
3/25 6:36:46|Utils|getRelativeTimeWithRespectOfStartRecordingTime|Method called.time stamp = 1364216806230
3/25 6:36:46|Utils|convertToSecond method called|time = 156.0
3/25 6:36:46|Utils|isSplit|Method called.
3/25 6:36:46|Utils|isSplit|Splitting for Ajax Header = false
3/25 6:36:46|Utils|isSplit|Splitting for method GET = false
3/25 6:36:46|Utils|isSplit|result = false
3/25 6:36:46|Utils|isSplitForTimeDiff|Method called.
3/25 6:36:46|Utils|isSplit|result = false
3/25 6:36:46|Utils|isSplitForURLType|Method called.
3/25 6:36:46|Utils|isSplitForURLType|value = false
3/25 6:36:46|Utils|isSplitForURLType|value = false
3/25 6:36:46|Utils|isSplitForURLType|value = false
3/25 6:36:46|Utils|isSplit|isSplitForURLType = false
3/25 6:36:46|Utils|getRelativeTimeWithRespectOfStartRecordingTime|Method called.time stamp = 1364216806230
3/25 6:36:46|Utils|convertToSecond method called|time = 156.0
3/25 6:36:46|Utils|getRelativeTimeWithRespectOfStartRecordingTime|Method called.time stamp = 1364216806230
3/25 6:36:46|Utils|convertToSecond method called|time = 156.0
3/25 6:36:46|RecordingHttpListener|observe|Method Called for sTopic=http-on-examine-response
3/25 6:36:46|RecordingHttpListener|onStartRequest|method called with request Name = http://192.168.1.86:19001/
3/25 6:36:46|Utils|getURLTracker|urlString = http://192.168.1.86:19001/, requestOrResponce = snapShot
3/25 6:36:46|RecordingHttpListener|onDataAvailable|method called for request=http://192.168.1.86:19001/
3/25 6:36:46|RecordingHttpListener|onDataAvailable|Adding dump diretory with path=C:\Users\Compass-91\Desktop\recorder\scripts\NetDiagnostic/Weblogic/nsecom_new\dump\blank\192.168.1.86_19001/
3/25 6:36:46|RecordingHttpListener|onDataAvailable|Calling onDataAvailable on original listener.
3/25 6:36:46|RecordingHttpListener|onStopRequest|method called for request=http://192.168.1.86:19001/
3/25 6:36:46|NetStormBrowserNavigationEventListener|navigationFinished|Method Called for URL=http://192.168.1.86:19001/
3/25 6:36:46|NetStormBrowserNavigationEventListener|NavigationFinishEventRunner|constructor called for url=http://192.168.1.86:19001/
3/25 6:36:46|NetStormBrowserNavigationEventListener|setupListeners|Method Called.
3/25 6:36:46|MainFrame|updateBackForwardButtons|method Called.
3/25 6:36:46|NetstormCEventListener|addAllHTMLElementsListeners|Method Called.
3/25 6:36:46|Utils|filterPath|path = http://192.168.1.86:19001/
3/25 6:36:46|Utils|getFileName|path = http://192.168.1.86:19001/
3/25 6:36:46|Utils|getFileName|filename for dump = index
3/25 6:36:46|Utils|saveBrowserDocument|title = C:\Users\Compass-91\Desktop\recorder\scripts\NetDiagnostic\Weblogic\nsecom_new\dump\blank\192.168.1.86_19001\index
3/25 6:36:46|Utils|getURLTracker|urlString = http://192.168.1.86:19001/, requestOrResponce = snapShot
3/25 6:36:46|ScriptHTMLStart|run|Going to call init method.
3/25 6:36:46|NSBrowser|init|Method called.
3/25 6:36:46|WebCFormattor||constructor called.
3/25 6:36:46|NSBrowser|execute|Method Called.
3/25 6:36:46|NSBrowser|execute|DOM Core supported 
3/25 6:36:46|NSBrowser|execute|DOM XML supported 
3/25 6:36:46|NSBrowser|execute|DOM HTML supported 
3/25 6:36:46|NSBrowser|execute|DOM Views supported 
3/25 6:36:46|NSBrowser|execute|DOM StyleSheets supported 
3/25 6:36:46|NSBrowser|execute|DOM CSS supported 
3/25 6:36:46|NSBrowser|execute|DOM CSS2 supported 
3/25 6:36:46|NSBrowser|execute|DOM Events supported 
3/25 6:36:46|NSBrowser|execute|DOM UIEvents supported 
3/25 6:36:46|NSBrowser|execute|DOM MouseEvents supported 
3/25 6:36:46|NSBrowser|execute|DOM MutationEvents not supported 
3/25 6:36:46|NSBrowser|execute|DOM HTMLEvents supported 
3/25 6:36:46|NSBrowser|execute|DOM Traversal not supported 
3/25 6:36:46|NSBrowser|execute|DOM Range supported 
3/25 6:36:46|ScriptHTMLStart|Recording|Thread state =2
3/25 6:36:46|ScriptHTMLStart|run|Setting thread state.State of Thread - 2
3/25 6:36:51|MainFrame|addNavigationListeners|browser disposed called.
3/25 6:36:51|WebCFormattor|generateScripts|method called.
3/25 6:36:51|Utils|addLastPageLeftUrlsToInlineUrlsOfLastPage|Method called.
3/25 6:36:51|Utils|modifyMapForSplit|Method called.
3/25 6:36:51|Utils|modifyMapForThinkTime|Method called.
3/25 6:36:51|Utils|getRelativeTimeWithRespectOfStartRecordingTime|Method called.time stamp = 1364216787776
3/25 6:36:51|Utils|convertToSecond method called|time = -18298.0
3/25 6:36:51|Utils|modifyMapForThinkTime|Modifying url list for last page=index_2, startThink=0.156, endThink=-18.298
3/25 6:36:51|Utils|generateEventDetail|method called.
3/25 6:36:51|Utils|generateUrlInfoListDetail|method called
3/25 6:36:51|Utils|generateUrlInfoListDetail|URL = http://192.168.1.86:19001/
3/25 6:36:51|Utils|convertToSecond method called|time = 0.031
3/25 6:36:51|Utils|generateUrlInfoListDetail|ScriptparsingData =http://192.168.1.86:19001/
3/25 6:36:51|Utils|generateUrlInfoListDetail|UrlTracker.scriptParsingData.getParsedPath()=192.168.1.86_19001/, Utils.getDumpPath() = C:\Users\Compass-91\Desktop\recorder\scripts\NetDiagnostic/Weblogic/nsecom_new\dump\blank
3/25 6:36:51|WebCFormattor|generateEventsForFlow|method called.
3/25 6:36:51|WebCGenerator|generate|method called.
3/25 6:36:51|WebCGenerator|generate|Putting header comments in Buffer.
3/25 6:36:51|WebCGenerator|generate|Processing URLs with list size=1
3/25 6:36:51|WebCGenerator|getValidURL|Since this URL is not in filtered list, returning the URL=http://192.168.1.86:19001/
3/25 6:36:51|Utils|getTimeStampForPage|Method called.
3/25 6:36:51|WebCGenerator|getUrlReqAndResDetails|method called.
3/25 6:36:51|Utils|convertToSecond method called|time = 18.453999999999997
3/25 6:36:51|MainFrame|addNavigationListeners|browser disposed Exiting.
3/25 6:36:51|MainFrame|addNavigationListeners|browser disposed called.
3/25 6:36:51|MainFrame|addNavigationListeners|browser disposed Exiting.
3/25 6:36:53|ScriptMain|eventCancel|Thread start is either null or dead.
3/25 6:36:53|ScriptMain|eventCancel|Cancelling Reco.
3/25 6:36:53|ScriptHTMLStart|stopRecording|Method Called.
3/25 6:36:53|ScriptHTMLStart|stopRecording|Going to stop recording
3/25 6:36:53|NSBrowser|stopRecord|Method called.
3/25 6:36:53|NSBrowser|addNavigationListeners|browser disposed Exiting.
3/25 6:36:55|ScriptHTMLStart|stopRecording|Delete dir path = C:\Users\Compass-91\Desktop\recorder\scripts/NetDiagnostic/Weblogic/nsecom_new
3/25 6:36:55|ScriptUtils|deleteDirectory|Method called. path = C:\Users\Compass-91\Desktop\recorder\scripts/NetDiagnostic/Weblogic/nsecom_new
3/25 6:36:55|ScriptUtils|deleteDirectory|Method called. path = C:\Users\Compass-91\Desktop\recorder\scripts/NetDiagnostic/Weblogic/nsecom_new/dump
3/25 6:36:55|ScriptUtils|deleteDirectory|Method called. path = C:\Users\Compass-91\Desktop\recorder\scripts/NetDiagnostic/Weblogic/nsecom_new/dump/blank
3/25 6:36:55|ScriptUtils|deleteDirectory|Method called. path = C:\Users\Compass-91\Desktop\recorder\scripts/NetDiagnostic/Weblogic/nsecom_new/dump/blank/192.168.1.86_19001
3/25 6:36:55|ScriptUtils|deleteDirectory|Method called. path = C:\Users\Compass-91\Desktop\recorder\scripts/NetDiagnostic/Weblogic/nsecom_new/dump/blank/headers
3/25 6:36:55|ScriptUtils|deleteDirectory|Method called. path = C:\Users\Compass-91\Desktop\recorder\scripts/NetDiagnostic/Weblogic/nsecom_new/dump/blank/Snapshots
3/25 6:37:8|MainFrame|MainFrame|Constructor Called.
3/25 6:37:8|MainFrame|createMozillaComponent|Method Called.
3/25 6:37:8|MainFrame|setHTTPProxyConfiguration|Method called.
3/25 6:37:8|MainFrame|setHTTPSProxyConfiguration|Method called.
3/25 6:37:8|MainFrame|setProxyServerException|Method called.
3/25 6:37:8|MainFrame|setSecurityCertificationErrors|Method called.
3/25 6:37:8|MainFrame|EnableDisableBrowserOtions|method called.
3/25 6:37:8|MainFrame|EnableDisableBrowserOtions|Enabling JavaScript feature.
3/25 6:37:8|MainFrame|EnableDisableBrowserOtions|Enabling ImageDownload feature.
3/25 6:37:8|MainFrame|EnableDisableBrowserOtions|Enabling Plugins feature.
3/25 6:37:8|MainFrame|EnableDisableBrowserOtions|Setting User Agent=Mozilla/4.0 (Windows; U; Windows NT 6.1; en-US; rv:1.9.2.24) Gecko/20111103 Firefox/3.6.24
3/25 6:37:8|MainFrame|addNavigationListeners|method called.
3/25 6:37:8|NetStormBrowserNavigationEventListener|NetStormBrowserNavigationEventListener|Constructor Called.
3/25 6:37:8|NetstormCEventListener|NetstormCEventListener|Constructor Called.
3/25 6:37:8|MainFrame|updateBackForwardButtons|method Called.
3/25 6:37:8|NetstormCEventListener|addHTMLElementsListeners|Method Called.
3/25 6:37:8|NetStormBrowserNavigationEventListener|setcEventListener|Method Called.
3/25 6:37:8|NetStormBrowserNavigationEventListener|setupListeners|Method Called.
3/25 6:37:8|NetstormCEventListener|addAllHTMLElementsListeners|Method Called.
3/25 6:37:8|RecordingHttpListener|observe|Method Called for sTopic=http-on-modify-request
3/25 6:37:8|Utils|getURLTracker|urlString = http://192.168.1.86:19001/nsecom, requestOrResponce = request
3/25 6:37:8|Utils|getRelativeTimeWithRespectOfStartRecordingTime|Method called.time stamp = 1364216828601
3/25 6:37:8|Utils|convertToSecond method called|time = 156.0
3/25 6:37:8|Utils|isSplit|Method called.
3/25 6:37:8|Utils|isSplit|Splitting for Ajax Header = false
3/25 6:37:8|Utils|isSplit|Splitting for method GET = false
3/25 6:37:8|Utils|isSplit|result = false
3/25 6:37:8|Utils|isSplitForTimeDiff|Method called.
3/25 6:37:8|Utils|isSplit|result = false
3/25 6:37:8|Utils|isSplitForURLType|Method called.
3/25 6:37:8|Utils|isSplitForURLType|value = false
3/25 6:37:8|Utils|isSplitForURLType|value = false
3/25 6:37:8|Utils|isSplit|isSplitForURLType = false
3/25 6:37:8|RecordingHttpListener|observe|Method Called for sTopic=http-on-modify-request
3/25 6:37:8|Utils|getURLTracker|urlString = http://192.168.1.86:19001/nsecom, requestOrResponce = request
3/25 6:37:8|Utils|isSplit|Method called.
3/25 6:37:8|Utils|isSplit|result = false
3/25 6:37:8|Utils|isSplitForTimeDiff|Method called.
3/25 6:37:8|Utils|isSplit|result = false
3/25 6:37:8|Utils|isSplitForURLType|Method called.
3/25 6:37:8|Utils|isSplit|isSplitForURLType = false
3/25 6:37:8|RecordingHttpListener|observe|Method Called for sTopic=http-on-modify-request
3/25 6:37:8|Utils|getURLTracker|urlString = http://192.168.1.86:19001/nsecom, requestOrResponce = request
3/25 6:37:8|Utils|isSplit|Method called.
3/25 6:37:8|Utils|isSplit|result = false
3/25 6:37:8|Utils|isSplitForTimeDiff|Method called.
3/25 6:37:8|Utils|isSplit|result = false
3/25 6:37:8|Utils|isSplitForURLType|Method called.
3/25 6:37:8|Utils|isSplit|isSplitForURLType = false
3/25 6:37:8|NetStormBrowserNavigationEventListener|navigationStarted|Method Called for URL=http://192.168.1.86:19001/nsecom
3/25 6:37:8|NetStormBrowserNavigationEventListener|navigationStarted|Begin Loading URL == http://192.168.1.86:19001/nsecom  ===== Begin = 1364216828616
3/25 6:37:8|Utils|getURLTracker|urlString = http://192.168.1.86:19001/nsecom, requestOrResponce = snapShot
3/25 6:37:8|RecordingHttpListener|observe|Method Called for sTopic=http-on-examine-response
3/25 6:37:8|Utils|getURLTracker|urlString = http://192.168.1.86:19001/nsecom, requestOrResponce = response
3/25 6:37:8|Utils|getRelativeTimeWithRespectOfStartRecordingTime|Method called.time stamp = 1364216828616
3/25 6:37:8|Utils|convertToSecond method called|time = 171.0
3/25 6:37:8|Utils|isSplit|Method called.
3/25 6:37:8|Utils|isSplit|Splitting for Ajax Header = false
3/25 6:37:8|Utils|isSplit|Splitting for method GET = false
3/25 6:37:8|Utils|isSplit|result = false
3/25 6:37:8|Utils|isSplitForTimeDiff|Method called.
3/25 6:37:8|Utils|isSplit|result = false
3/25 6:37:8|Utils|isSplitForURLType|Method called.
3/25 6:37:8|Utils|isSplitForURLType|value = false
3/25 6:37:8|Utils|isSplitForURLType|value = false
3/25 6:37:8|Utils|isSplitForURLType|value = false
3/25 6:37:8|Utils|isSplit|isSplitForURLType = false
3/25 6:37:8|Utils|getRelativeTimeWithRespectOfStartRecordingTime|Method called.time stamp = 1364216828616
3/25 6:37:8|Utils|convertToSecond method called|time = 171.0
3/25 6:37:8|Utils|getRelativeTimeWithRespectOfStartRecordingTime|Method called.time stamp = 1364216828616
3/25 6:37:8|Utils|convertToSecond method called|time = 171.0
3/25 6:37:8|RecordingHttpListener|observe|Method Called for sTopic=http-on-examine-response
3/25 6:37:8|RecordingHttpListener|observe|Method Called for sTopic=http-on-examine-response
3/25 6:37:8|NetStormBrowserNavigationEventListener|navigationStarted|Method Called for URL=http://192.168.1.86:19001/nsecom
3/25 6:37:8|NetStormBrowserNavigationEventListener|navigationStarted|Begin Loading URL == http://192.168.1.86:19001/nsecom  ===== Begin = 1364216828632
3/25 6:37:8|Utils|getURLTracker|urlString = http://192.168.1.86:19001/nsecom, requestOrResponce = snapShot
3/25 6:37:8|RecordingHttpListener|observe|Method Called for sTopic=http-on-modify-request
3/25 6:37:8|Utils|getURLTracker|urlString = http://192.168.1.86:19001/nsecom/, requestOrResponce = request
3/25 6:37:8|Utils|getRelativeTimeWithRespectOfStartRecordingTime|Method called.time stamp = 1364216828632
3/25 6:37:8|Utils|convertToSecond method called|time = 187.0
3/25 6:37:8|Utils|isSplit|Method called.
3/25 6:37:8|Utils|isSplit|Splitting for Ajax Header = false
3/25 6:37:8|Utils|isSplit|Splitting for method GET = false
3/25 6:37:8|Utils|isSplit|result = false
3/25 6:37:8|Utils|isSplitForTimeDiff|Method called.
3/25 6:37:8|Utils|isSplit|Splitting for time 0.015999999999999986 = false
3/25 6:37:8|Utils|isSplit|result = false
3/25 6:37:8|Utils|isSplitForURLType|Method called.
3/25 6:37:8|Utils|isSplitForURLType|value = false
3/25 6:37:8|Utils|isSplitForURLType|value = false
3/25 6:37:8|Utils|isSplit|isSplitForURLType = false
3/25 6:37:8|RecordingHttpListener|observe|Method Called for sTopic=http-on-modify-request
3/25 6:37:8|Utils|getURLTracker|urlString = http://192.168.1.86:19001/nsecom/, requestOrResponce = request
3/25 6:37:8|Utils|isSplit|Method called.
3/25 6:37:8|Utils|isSplit|result = false
3/25 6:37:8|Utils|isSplitForTimeDiff|Method called.
3/25 6:37:8|Utils|isSplit|result = false
3/25 6:37:8|Utils|isSplitForURLType|Method called.
3/25 6:37:8|Utils|isSplit|isSplitForURLType = false
3/25 6:37:8|RecordingHttpListener|observe|Method Called for sTopic=http-on-modify-request
3/25 6:37:8|Utils|getURLTracker|urlString = http://192.168.1.86:19001/nsecom/, requestOrResponce = request
3/25 6:37:8|Utils|isSplit|Method called.
3/25 6:37:8|Utils|isSplit|result = false
3/25 6:37:8|Utils|isSplitForTimeDiff|Method called.
3/25 6:37:8|Utils|isSplit|result = false
3/25 6:37:8|Utils|isSplitForURLType|Method called.
3/25 6:37:8|Utils|isSplit|isSplitForURLType = false
3/25 6:37:8|RecordingHttpListener|observe|Method Called for sTopic=http-on-examine-response
3/25 6:37:8|Utils|getURLTracker|urlString = http://192.168.1.86:19001/nsecom/, requestOrResponce = response
3/25 6:37:8|Utils|getRelativeTimeWithRespectOfStartRecordingTime|Method called.time stamp = 1364216828648
3/25 6:37:8|Utils|convertToSecond method called|time = 203.0
3/25 6:37:8|Utils|isSplit|Method called.
3/25 6:37:8|Utils|isSplit|Splitting for Ajax Header = false
3/25 6:37:8|Utils|isSplit|Splitting for method GET = false
3/25 6:37:8|Utils|isSplit|result = false
3/25 6:37:8|Utils|isSplitForTimeDiff|Method called.
3/25 6:37:8|Utils|isSplit|Splitting for time 0.015999999999999986 = false
3/25 6:37:8|Utils|isSplit|result = false
3/25 6:37:8|Utils|isSplitForURLType|Method called.
3/25 6:37:8|Utils|isSplitForURLType|value = false
3/25 6:37:8|Utils|isSplitForURLType|value = false
3/25 6:37:8|Utils|isSplitForURLType|value = false
3/25 6:37:8|Utils|isSplit|isSplitForURLType = false
3/25 6:37:8|Utils|getRelativeTimeWithRespectOfStartRecordingTime|Method called.time stamp = 1364216828648
3/25 6:37:8|Utils|convertToSecond method called|time = 203.0
3/25 6:37:8|Utils|getRelativeTimeWithRespectOfStartRecordingTime|Method called.time stamp = 1364216828648
3/25 6:37:8|Utils|convertToSecond method called|time = 203.0
3/25 6:37:8|RecordingHttpListener|observe|Method Called for sTopic=http-on-examine-response
3/25 6:37:8|RecordingHttpListener|observe|Method Called for sTopic=http-on-examine-response
3/25 6:37:8|RecordingHttpListener|onStartRequest|method called with request Name = http://192.168.1.86:19001/nsecom/
3/25 6:37:8|RecordingHttpListener|onStartRequest|method called with request Name = http://192.168.1.86:19001/nsecom/
3/25 6:37:8|Utils|getURLTracker|urlString = http://192.168.1.86:19001/nsecom/, requestOrResponce = snapShot
3/25 6:37:8|Utils|getURLTracker|urlString = http://192.168.1.86:19001/nsecom/, requestOrResponce = snapShot
3/25 6:37:8|RecordingHttpListener|onDataAvailable|method called for request=http://192.168.1.86:19001/nsecom/
3/25 6:37:8|RecordingHttpListener|onDataAvailable|Adding dump diretory with path=C:\Users\Compass-91\Desktop\recorder\scripts\NetDiagnostic/Weblogic/nsecom_new\dump\blank\192.168.1.86_19001/nsecom/
3/25 6:37:8|RecordingHttpListener|onDataAvailable|Calling onDataAvailable on original listener.
3/25 6:37:8|RecordingHttpListener|onDataAvailable|method called for request=http://192.168.1.86:19001/nsecom/
3/25 6:37:8|RecordingHttpListener|onDataAvailable|Adding dump diretory with path=C:\Users\Compass-91\Desktop\recorder\scripts\NetDiagnostic/Weblogic/nsecom_new\dump\blank\192.168.1.86_19001/nsecom/
3/25 6:37:8|RecordingHttpListener|onDataAvailable|Calling onDataAvailable on original listener.
3/25 6:37:8|RecordingHttpListener|observe|Method Called for sTopic=http-on-modify-request
3/25 6:37:8|Utils|getURLTracker|urlString = http://192.168.1.86:19001/nsecom/images/logo.png, requestOrResponce = request
3/25 6:37:8|Utils|getRelativeTimeWithRespectOfStartRecordingTime|Method called.time stamp = 1364216828679
3/25 6:37:8|Utils|convertToSecond method called|time = 234.0
3/25 6:37:8|Utils|isSplit|Method called.
3/25 6:37:8|Utils|isSplit|Splitting for Ajax Header = false
3/25 6:37:8|Utils|isSplit|Splitting for method GET = false
3/25 6:37:8|Utils|isSplit|result = false
3/25 6:37:8|Utils|isSplitForTimeDiff|Method called.
3/25 6:37:8|Utils|isSplit|Splitting for time 0.031 = false
3/25 6:37:8|Utils|isSplit|result = false
3/25 6:37:8|Utils|isSplitForURLType|Method called.
3/25 6:37:8|Utils|isSplitForURLType|value = false
3/25 6:37:8|Utils|isSplitForURLType|value = false
3/25 6:37:8|Utils|isSplit|isSplitForURLType = false
3/25 6:37:8|RecordingHttpListener|observe|Method Called for sTopic=http-on-modify-request
3/25 6:37:8|Utils|getURLTracker|urlString = http://192.168.1.86:19001/nsecom/images/logo.png, requestOrResponce = request
3/25 6:37:8|Utils|isSplit|Method called.
3/25 6:37:8|Utils|isSplit|result = false
3/25 6:37:8|Utils|isSplitForTimeDiff|Method called.
3/25 6:37:8|Utils|isSplit|result = false
3/25 6:37:8|Utils|isSplitForURLType|Method called.
3/25 6:37:8|Utils|isSplit|isSplitForURLType = false
3/25 6:37:8|RecordingHttpListener|observe|Method Called for sTopic=http-on-modify-request
3/25 6:37:8|Utils|getURLTracker|urlString = http://192.168.1.86:19001/nsecom/images/logo.png, requestOrResponce = request
3/25 6:37:8|Utils|isSplit|Method called.
3/25 6:37:8|Utils|isSplit|result = false
3/25 6:37:8|Utils|isSplitForTimeDiff|Method called.
3/25 6:37:8|Utils|isSplit|result = false
3/25 6:37:8|Utils|isSplitForURLType|Method called.
3/25 6:37:8|Utils|isSplit|isSplitForURLType = false
3/25 6:37:8|RecordingHttpListener|onStopRequest|method called for request=http://192.168.1.86:19001/nsecom/
3/25 6:37:8|RecordingHttpListener|onStopRequest|method called for request=http://192.168.1.86:19001/nsecom/
3/25 6:37:8|RecordingHttpListener|observe|Method Called for sTopic=http-on-examine-response
3/25 6:37:8|Utils|getURLTracker|urlString = http://192.168.1.86:19001/nsecom/images/logo.png, requestOrResponce = response
3/25 6:37:8|Utils|getRelativeTimeWithRespectOfStartRecordingTime|Method called.time stamp = 1364216828726
3/25 6:37:8|Utils|convertToSecond method called|time = 281.0
3/25 6:37:8|Utils|isSplit|Method called.
3/25 6:37:8|Utils|isSplit|Splitting for Ajax Header = false
3/25 6:37:8|Utils|isSplit|Splitting for method GET = false
3/25 6:37:8|Utils|isSplit|result = false
3/25 6:37:8|Utils|isSplitForTimeDiff|Method called.
3/25 6:37:8|Utils|isSplit|Splitting for time 0.031 = false
3/25 6:37:8|Utils|isSplit|result = false
3/25 6:37:8|Utils|isSplitForURLType|Method called.
3/25 6:37:8|Utils|isSplitForURLType|value = false
3/25 6:37:8|Utils|isSplitForURLType|value = false
3/25 6:37:8|Utils|isSplitForURLType|value = false
3/25 6:37:8|Utils|isSplit|isSplitForURLType = false
3/25 6:37:8|Utils|getRelativeTimeWithRespectOfStartRecordingTime|Method called.time stamp = 1364216828726
3/25 6:37:8|Utils|convertToSecond method called|time = 281.0
3/25 6:37:8|Utils|getRelativeTimeWithRespectOfStartRecordingTime|Method called.time stamp = 1364216828726
3/25 6:37:8|Utils|convertToSecond method called|time = 281.0
3/25 6:37:8|RecordingHttpListener|observe|Method Called for sTopic=http-on-examine-response
3/25 6:37:8|RecordingHttpListener|observe|Method Called for sTopic=http-on-examine-response
3/25 6:37:8|RecordingHttpListener|onStartRequest|method called with request Name = http://192.168.1.86:19001/nsecom/images/logo.png
3/25 6:37:8|Utils|getURLTracker|urlString = http://192.168.1.86:19001/nsecom/images/logo.png, requestOrResponce = snapShot
3/25 6:37:8|RecordingHttpListener|onDataAvailable|method called for request=http://192.168.1.86:19001/nsecom/images/logo.png
3/25 6:37:8|RecordingHttpListener|onDataAvailable|Adding dump diretory with path=C:\Users\Compass-91\Desktop\recorder\scripts\NetDiagnostic/Weblogic/nsecom_new\dump\blank\192.168.1.86_19001/nsecom/images/
3/25 6:37:8|RecordingHttpListener|onDataAvailable|Calling onDataAvailable on original listener.
3/25 6:37:8|RecordingHttpListener|onDataAvailable|method called for request=http://192.168.1.86:19001/nsecom/images/logo.png
3/25 6:37:8|RecordingHttpListener|onDataAvailable|Adding dump diretory with path=C:\Users\Compass-91\Desktop\recorder\scripts\NetDiagnostic/Weblogic/nsecom_new\dump\blank\192.168.1.86_19001/nsecom/images/
3/25 6:37:8|RecordingHttpListener|onDataAvailable|Calling onDataAvailable on original listener.
3/25 6:37:8|RecordingHttpListener|onStopRequest|method called for request=http://192.168.1.86:19001/nsecom/images/logo.png
3/25 6:37:8|NetStormBrowserNavigationEventListener|navigationFinished|Method Called for URL=http://192.168.1.86:19001/nsecom/
3/25 6:37:8|NetStormBrowserNavigationEventListener|NavigationFinishEventRunner|constructor called for url=http://192.168.1.86:19001/nsecom/
3/25 6:37:8|MainFrame|updateBackForwardButtons|method Called.
3/25 6:37:8|NetStormBrowserNavigationEventListener|setupListeners|Method Called.
3/25 6:37:8|NetstormCEventListener|addAllHTMLElementsListeners|Method Called.
3/25 6:37:8|Utils|filterPath|path = http://192.168.1.86:19001/nsecom/
3/25 6:37:8|Utils|getFileName|path = http://192.168.1.86:19001/nsecom/
3/25 6:37:8|Utils|getFileName|filename for dump = index.html
3/25 6:37:8|Utils|saveBrowserDocument|title = C:\Users\Compass-91\Desktop\recorder\scripts\NetDiagnostic\Weblogic\nsecom_new\dump\blank\192.168.1.86_19001\nsecom\index.html
3/25 6:37:8|Utils|getURLTracker|urlString = http://192.168.1.86:19001/nsecom/, requestOrResponce = snapShot
3/25 6:37:8|ScriptHTMLStart|run|Going to call init method.
3/25 6:37:8|NSBrowser|init|Method called.
3/25 6:37:8|WebCFormattor||constructor called.
3/25 6:37:8|NSBrowser|execute|Method Called.
3/25 6:37:8|NSBrowser|execute|DOM Core supported 
3/25 6:37:8|NSBrowser|execute|DOM XML supported 
3/25 6:37:8|NSBrowser|execute|DOM HTML supported 
3/25 6:37:8|NSBrowser|execute|DOM Views supported 
3/25 6:37:8|NSBrowser|execute|DOM StyleSheets supported 
3/25 6:37:8|NSBrowser|execute|DOM CSS supported 
3/25 6:37:8|NSBrowser|execute|DOM CSS2 supported 
3/25 6:37:8|NSBrowser|execute|DOM Events supported 
3/25 6:37:8|NSBrowser|execute|DOM UIEvents supported 
3/25 6:37:8|NSBrowser|execute|DOM MouseEvents supported 
3/25 6:37:8|NSBrowser|execute|DOM MutationEvents not supported 
3/25 6:37:8|NSBrowser|execute|DOM HTMLEvents supported 
3/25 6:37:8|NSBrowser|execute|DOM Traversal not supported 
3/25 6:37:8|NSBrowser|execute|DOM Range supported 
3/25 6:37:8|ScriptHTMLStart|Recording|Thread state =2
3/25 6:37:8|ScriptHTMLStart|run|Setting thread state.State of Thread - 2
3/25 6:38:46|NetstormCEventListener|handleEvent|Method Called.
3/25 6:38:46|NetstormCEventListener|dumpEvent|Method Called. Event Type: click
 Tag Name = A
3/25 6:38:46|NetstormCEventListener|dumpLinkElement|Method Called.
3/25 6:38:46|Utils|setRecordingComments|method called.
3/25 6:38:46|RecordingHttpListener|observe|Method Called for sTopic=http-on-modify-request
3/25 6:38:46|Utils|getURLTracker|urlString = http://192.168.1.86:19001/nsecom/jsp/HomePage.jsp, requestOrResponce = request
3/25 6:38:46|Utils|getRelativeTimeWithRespectOfStartRecordingTime|Method called.time stamp = 1364216926491
3/25 6:38:46|Utils|convertToSecond method called|time = 98046.0
3/25 6:38:46|Utils|isSplit|Method called.
3/25 6:38:46|Utils|isSplit|Splitting for Ajax Header = false
3/25 6:38:46|Utils|isSplit|Splitting for method GET = false
3/25 6:38:46|Utils|isSplit|result = false
3/25 6:38:46|Utils|isSplitForTimeDiff|Method called.
3/25 6:38:46|Utils|isSplit|Splitting for time 97.765 = false
3/25 6:38:46|Utils|isSplit|result = false
3/25 6:38:46|Utils|isSplitForURLType|Method called.
3/25 6:38:46|Utils|isSplitForURLType|value = false
3/25 6:38:46|Utils|isSplitForURLType|value = false
3/25 6:38:46|Utils|isSplit|isSplitForURLType = false
3/25 6:38:46|RecordingHttpListener|observe|Method Called for sTopic=http-on-modify-request
3/25 6:38:46|Utils|getURLTracker|urlString = http://192.168.1.86:19001/nsecom/jsp/HomePage.jsp, requestOrResponce = request
3/25 6:38:46|Utils|isSplit|Method called.
3/25 6:38:46|Utils|isSplit|result = false
3/25 6:38:46|Utils|isSplitForTimeDiff|Method called.
3/25 6:38:46|Utils|isSplit|result = false
3/25 6:38:46|Utils|isSplitForURLType|Method called.
3/25 6:38:46|Utils|isSplit|isSplitForURLType = false
3/25 6:38:46|RecordingHttpListener|observe|Method Called for sTopic=http-on-modify-request
3/25 6:38:46|Utils|getURLTracker|urlString = http://192.168.1.86:19001/nsecom/jsp/HomePage.jsp, requestOrResponce = request
3/25 6:38:46|Utils|isSplit|Method called.
3/25 6:38:46|Utils|isSplit|result = false
3/25 6:38:46|Utils|isSplitForTimeDiff|Method called.
3/25 6:38:46|Utils|isSplit|result = false
3/25 6:38:46|Utils|isSplitForURLType|Method called.
3/25 6:38:46|Utils|isSplit|isSplitForURLType = false
3/25 6:38:46|NetStormBrowserNavigationEventListener|navigationStarted|Method Called for URL=http://192.168.1.86:19001/nsecom/jsp/HomePage.jsp
3/25 6:38:46|NetStormBrowserNavigationEventListener|navigationStarted|Begin Loading URL == http://192.168.1.86:19001/nsecom/jsp/HomePage.jsp  ===== Begin = 1364216926507
3/25 6:38:46|Utils|getURLTracker|urlString = http://192.168.1.86:19001/nsecom/jsp/HomePage.jsp, requestOrResponce = snapShot
3/25 6:38:46|RecordingHttpListener|observe|Method Called for sTopic=http-on-examine-response
3/25 6:38:46|Utils|getURLTracker|urlString = http://192.168.1.86:19001/nsecom/jsp/HomePage.jsp, requestOrResponce = response
3/25 6:38:46|Utils|getRelativeTimeWithRespectOfStartRecordingTime|Method called.time stamp = 1364216926647
3/25 6:38:46|Utils|convertToSecond method called|time = 98202.0
3/25 6:38:46|Utils|isSplit|Method called.
3/25 6:38:46|Utils|isSplit|Splitting for Ajax Header = false
3/25 6:38:46|Utils|isSplit|Splitting for method GET = false
3/25 6:38:46|Utils|isSplit|result = false
3/25 6:38:46|Utils|isSplitForTimeDiff|Method called.
3/25 6:38:46|Utils|isSplit|Splitting for time 97.765 = false
3/25 6:38:46|Utils|isSplit|result = false
3/25 6:38:46|Utils|isSplitForURLType|Method called.
3/25 6:38:46|Utils|isSplitForURLType|value = false
3/25 6:38:46|Utils|isSplitForURLType|value = false
3/25 6:38:46|Utils|isSplitForURLType|value = false
3/25 6:38:46|Utils|isSplit|isSplitForURLType = false
3/25 6:38:46|Utils|getRelativeTimeWithRespectOfStartRecordingTime|Method called.time stamp = 1364216926647
3/25 6:38:46|Utils|convertToSecond method called|time = 98202.0
3/25 6:38:46|Utils|getRelativeTimeWithRespectOfStartRecordingTime|Method called.time stamp = 1364216926647
3/25 6:38:46|Utils|convertToSecond method called|time = 98202.0
3/25 6:38:46|RecordingHttpListener|observe|Method Called for sTopic=http-on-examine-response
3/25 6:38:46|RecordingHttpListener|observe|Method Called for sTopic=http-on-examine-response
3/25 6:38:46|RecordingHttpListener|onStartRequest|method called with request Name = http://192.168.1.86:19001/nsecom/jsp/HomePage.jsp
3/25 6:38:46|Utils|getURLTracker|urlString = http://192.168.1.86:19001/nsecom/jsp/HomePage.jsp, requestOrResponce = snapShot
3/25 6:38:46|RecordingHttpListener|onDataAvailable|method called for request=http://192.168.1.86:19001/nsecom/jsp/HomePage.jsp
3/25 6:38:46|RecordingHttpListener|onDataAvailable|Adding dump diretory with path=C:\Users\Compass-91\Desktop\recorder\scripts\NetDiagnostic/Weblogic/nsecom_new\dump\blank\192.168.1.86_19001/nsecom/jsp/
3/25 6:38:46|RecordingHttpListener|onDataAvailable|Calling onDataAvailable on original listener.
3/25 6:38:46|RecordingHttpListener|observe|Method Called for sTopic=http-on-modify-request
3/25 6:38:46|RecordingHttpListener|observe|Method Called for sTopic=http-on-modify-request
3/25 6:38:46|RecordingHttpListener|observe|Method Called for sTopic=http-on-modify-request
3/25 6:38:46|RecordingHttpListener|observe|Method Called for sTopic=http-on-modify-request
3/25 6:38:46|Utils|getURLTracker|urlString = http://192.168.1.86:19001/nsecom/images/nsecomlogo.png, requestOrResponce = request
3/25 6:38:46|Utils|getRelativeTimeWithRespectOfStartRecordingTime|Method called.time stamp = 1364216926694
3/25 6:38:46|Utils|convertToSecond method called|time = 98249.0
3/25 6:38:46|Utils|isSplit|Method called.
3/25 6:38:46|Utils|isSplit|Splitting for Ajax Header = false
3/25 6:38:46|Utils|isSplit|Splitting for method GET = false
3/25 6:38:46|Utils|isSplit|result = false
3/25 6:38:46|Utils|isSplitForTimeDiff|Method called.
3/25 6:38:46|Utils|isSplit|Splitting for time 0.046999999999997044 = false
3/25 6:38:46|Utils|isSplit|result = false
3/25 6:38:46|Utils|isSplitForURLType|Method called.
3/25 6:38:46|Utils|isSplitForURLType|value = false
3/25 6:38:46|Utils|isSplitForURLType|value = false
3/25 6:38:46|Utils|isSplit|isSplitForURLType = false
3/25 6:38:46|RecordingHttpListener|observe|Method Called for sTopic=http-on-modify-request
3/25 6:38:46|Utils|getURLTracker|urlString = http://192.168.1.86:19001/nsecom/images/nsecomlogo.png, requestOrResponce = request
3/25 6:38:46|Utils|isSplit|Method called.
3/25 6:38:46|Utils|isSplit|result = false
3/25 6:38:46|Utils|isSplitForTimeDiff|Method called.
3/25 6:38:46|Utils|isSplit|result = false
3/25 6:38:46|Utils|isSplitForURLType|Method called.
3/25 6:38:46|Utils|isSplit|isSplitForURLType = false
3/25 6:38:46|RecordingHttpListener|observe|Method Called for sTopic=http-on-modify-request
3/25 6:38:46|Utils|getURLTracker|urlString = http://192.168.1.86:19001/nsecom/images/nsecomlogo.png, requestOrResponce = request
3/25 6:38:46|Utils|isSplit|Method called.
3/25 6:38:46|Utils|isSplit|result = false
3/25 6:38:46|Utils|isSplitForTimeDiff|Method called.
3/25 6:38:46|Utils|isSplit|result = false
3/25 6:38:46|Utils|isSplitForURLType|Method called.
3/25 6:38:46|Utils|isSplit|isSplitForURLType = false
3/25 6:38:46|RecordingHttpListener|onStopRequest|method called for request=http://192.168.1.86:19001/nsecom/jsp/HomePage.jsp
3/25 6:38:46|RecordingHttpListener|observe|Method Called for sTopic=http-on-modify-request
3/25 6:38:46|Utils|getURLTracker|urlString = http://192.168.1.86:19001/nsecom/js/validate.js, requestOrResponce = request
3/25 6:38:46|Utils|getRelativeTimeWithRespectOfStartRecordingTime|Method called.time stamp = 1364216926709
3/25 6:38:46|Utils|convertToSecond method called|time = 98264.0
3/25 6:38:46|Utils|isSplit|Method called.
3/25 6:38:46|Utils|isSplit|Splitting for Ajax Header = false
3/25 6:38:46|Utils|isSplit|Splitting for method GET = false
3/25 6:38:46|Utils|isSplit|result = false
3/25 6:38:46|Utils|isSplitForTimeDiff|Method called.
3/25 6:38:46|Utils|isSplit|Splitting for time 0.06199999999999761 = false
3/25 6:38:46|Utils|isSplit|result = false
3/25 6:38:46|Utils|isSplitForURLType|Method called.
3/25 6:38:46|Utils|isSplitForURLType|value = false
3/25 6:38:46|Utils|isSplitForURLType|value = false
3/25 6:38:46|Utils|isSplit|isSplitForURLType = false
3/25 6:38:46|RecordingHttpListener|observe|Method Called for sTopic=http-on-modify-request
3/25 6:38:46|Utils|getURLTracker|urlString = http://192.168.1.86:19001/nsecom/js/validate.js, requestOrResponce = request
3/25 6:38:46|Utils|isSplit|Method called.
3/25 6:38:46|Utils|isSplit|result = false
3/25 6:38:46|Utils|isSplitForTimeDiff|Method called.
3/25 6:38:46|Utils|isSplit|result = false
3/25 6:38:46|Utils|isSplitForURLType|Method called.
3/25 6:38:46|Utils|isSplit|isSplitForURLType = false
3/25 6:38:46|RecordingHttpListener|observe|Method Called for sTopic=http-on-modify-request
3/25 6:38:46|Utils|getURLTracker|urlString = http://192.168.1.86:19001/nsecom/js/validate.js, requestOrResponce = request
3/25 6:38:46|Utils|isSplit|Method called.
3/25 6:38:46|Utils|isSplit|result = false
3/25 6:38:46|Utils|isSplitForTimeDiff|Method called.
3/25 6:38:46|Utils|isSplit|result = false
3/25 6:38:46|Utils|isSplitForURLType|Method called.
3/25 6:38:46|Utils|isSplit|isSplitForURLType = false
3/25 6:38:46|RecordingHttpListener|observe|Method Called for sTopic=http-on-examine-response
3/25 6:38:46|Utils|getURLTracker|urlString = http://192.168.1.86:19001/nsecom/css/style.css, requestOrResponce = response
3/25 6:38:46|Utils|getRelativeTimeWithRespectOfStartRecordingTime|Method called.time stamp = 1364216926850
3/25 6:38:46|Utils|convertToSecond method called|time = 98405.0
3/25 6:38:46|Utils|isSplit|Method called.
3/25 6:38:46|Utils|isSplit|Splitting for method GET = false
3/25 6:38:46|Utils|isSplit|result = false
3/25 6:38:46|Utils|isSplitForTimeDiff|Method called.
3/25 6:38:46|Utils|isSplit|result = false
3/25 6:38:46|Utils|isSplitForURLType|Method called.
3/25 6:38:46|Utils|isSplitForURLType|value = false
3/25 6:38:46|Utils|isSplitForURLType|value = false
3/25 6:38:46|Utils|isSplit|isSplitForURLType = false
3/25 6:38:46|Utils|getRelativeTimeWithRespectOfStartRecordingTime|Method called.time stamp = 1364216926850
3/25 6:38:46|Utils|convertToSecond method called|time = 98405.0
3/25 6:38:46|Utils|getRelativeTimeWithRespectOfStartRecordingTime|Method called.time stamp = 1364216926850
3/25 6:38:46|Utils|convertToSecond method called|time = 98405.0
3/25 6:38:46|RecordingHttpListener|observe|Method Called for sTopic=http-on-examine-response
3/25 6:38:46|RecordingHttpListener|observe|Method Called for sTopic=http-on-examine-response
3/25 6:38:46|RecordingHttpListener|onStartRequest|method called with request Name = http://192.168.1.86:19001/nsecom/css/style.css
3/25 6:38:46|Utils|getURLTracker|urlString = http://192.168.1.86:19001/nsecom/css/style.css, requestOrResponce = snapShot
3/25 6:38:46|RecordingHttpListener|onDataAvailable|method called for request=http://192.168.1.86:19001/nsecom/css/style.css
3/25 6:38:46|RecordingHttpListener|onDataAvailable|Adding dump diretory with path=C:\Users\Compass-91\Desktop\recorder\scripts\NetDiagnostic/Weblogic/nsecom_new\dump\blank\192.168.1.86_19001/nsecom/css/
3/25 6:38:46|RecordingHttpListener|onDataAvailable|Calling onDataAvailable on original listener.
3/25 6:38:46|RecordingHttpListener|onStopRequest|method called for request=http://192.168.1.86:19001/nsecom/css/style.css
3/25 6:38:46|RecordingHttpListener|observe|Method Called for sTopic=http-on-examine-response
3/25 6:38:46|Utils|getURLTracker|urlString = http://192.168.1.86:19001/nsecom/images/nsecomlogo.png, requestOrResponce = response
3/25 6:38:46|Utils|getRelativeTimeWithRespectOfStartRecordingTime|Method called.time stamp = 1364216926881
3/25 6:38:46|Utils|convertToSecond method called|time = 98436.0
3/25 6:38:46|Utils|isSplit|Method called.
3/25 6:38:46|Utils|isSplit|Splitting for Ajax Header = false
3/25 6:38:46|Utils|isSplit|Splitting for method GET = false
3/25 6:38:46|Utils|isSplit|result = false
3/25 6:38:46|Utils|isSplitForTimeDiff|Method called.
3/25 6:38:46|Utils|isSplit|Splitting for time -0.1560000000000059 = false
3/25 6:38:46|Utils|isSplit|result = false
3/25 6:38:46|Utils|isSplitForURLType|Method called.
3/25 6:38:46|Utils|isSplitForURLType|value = false
3/25 6:38:46|Utils|isSplitForURLType|value = false
3/25 6:38:46|Utils|isSplitForURLType|value = false
3/25 6:38:46|Utils|isSplit|isSplitForURLType = false
3/25 6:38:46|Utils|getRelativeTimeWithRespectOfStartRecordingTime|Method called.time stamp = 1364216926881
3/25 6:38:46|Utils|convertToSecond method called|time = 98436.0
3/25 6:38:46|Utils|getRelativeTimeWithRespectOfStartRecordingTime|Method called.time stamp = 1364216926881
3/25 6:38:46|Utils|convertToSecond method called|time = 98436.0
3/25 6:38:46|RecordingHttpListener|observe|Method Called for sTopic=http-on-examine-response
3/25 6:38:46|RecordingHttpListener|observe|Method Called for sTopic=http-on-examine-response
3/25 6:38:46|RecordingHttpListener|onStartRequest|method called with request Name = http://192.168.1.86:19001/nsecom/images/nsecomlogo.png
3/25 6:38:46|Utils|getURLTracker|urlString = http://192.168.1.86:19001/nsecom/images/nsecomlogo.png, requestOrResponce = snapShot
3/25 6:38:46|RecordingHttpListener|onDataAvailable|method called for request=http://192.168.1.86:19001/nsecom/images/nsecomlogo.png
3/25 6:38:46|RecordingHttpListener|onDataAvailable|Adding dump diretory with path=C:\Users\Compass-91\Desktop\recorder\scripts\NetDiagnostic/Weblogic/nsecom_new\dump\blank\192.168.1.86_19001/nsecom/images/
3/25 6:38:46|RecordingHttpListener|onDataAvailable|Calling onDataAvailable on original listener.
3/25 6:38:46|RecordingHttpListener|onDataAvailable|method called for request=http://192.168.1.86:19001/nsecom/images/nsecomlogo.png
3/25 6:38:46|RecordingHttpListener|onDataAvailable|Adding dump diretory with path=C:\Users\Compass-91\Desktop\recorder\scripts\NetDiagnostic/Weblogic/nsecom_new\dump\blank\192.168.1.86_19001/nsecom/images/
3/25 6:38:46|RecordingHttpListener|onDataAvailable|Calling onDataAvailable on original listener.
3/25 6:38:46|RecordingHttpListener|onStopRequest|method called for request=http://192.168.1.86:19001/nsecom/images/nsecomlogo.png
3/25 6:38:46|RecordingHttpListener|observe|Method Called for sTopic=http-on-examine-response
3/25 6:38:46|Utils|getURLTracker|urlString = http://192.168.1.86:19001/nsecom/js/validate.js, requestOrResponce = response
3/25 6:38:46|Utils|getRelativeTimeWithRespectOfStartRecordingTime|Method called.time stamp = 1364216926912
3/25 6:38:46|Utils|convertToSecond method called|time = 98467.0
3/25 6:38:46|Utils|isSplit|Method called.
3/25 6:38:46|Utils|isSplit|Splitting for Ajax Header = false
3/25 6:38:46|Utils|isSplit|Splitting for method GET = false
3/25 6:38:46|Utils|isSplit|result = false
3/25 6:38:46|Utils|isSplitForTimeDiff|Method called.
3/25 6:38:46|Utils|isSplit|Splitting for time -0.17200000000001125 = false
3/25 6:38:46|Utils|isSplit|result = false
3/25 6:38:46|Utils|isSplitForURLType|Method called.
3/25 6:38:46|Utils|isSplitForURLType|value = false
3/25 6:38:46|Utils|isSplitForURLType|value = false
3/25 6:38:46|Utils|isSplitForURLType|value = false
3/25 6:38:46|Utils|isSplit|isSplitForURLType = false
3/25 6:38:46|Utils|getRelativeTimeWithRespectOfStartRecordingTime|Method called.time stamp = 1364216926912
3/25 6:38:46|Utils|convertToSecond method called|time = 98467.0
3/25 6:38:46|Utils|getRelativeTimeWithRespectOfStartRecordingTime|Method called.time stamp = 1364216926912
3/25 6:38:46|Utils|convertToSecond method called|time = 98467.0
3/25 6:38:46|RecordingHttpListener|observe|Method Called for sTopic=http-on-examine-response
3/25 6:38:46|RecordingHttpListener|observe|Method Called for sTopic=http-on-examine-response
3/25 6:38:46|RecordingHttpListener|onStartRequest|method called with request Name = http://192.168.1.86:19001/nsecom/js/validate.js
3/25 6:38:46|Utils|getURLTracker|urlString = http://192.168.1.86:19001/nsecom/js/validate.js, requestOrResponce = snapShot
3/25 6:38:46|RecordingHttpListener|onDataAvailable|method called for request=http://192.168.1.86:19001/nsecom/js/validate.js
3/25 6:38:46|RecordingHttpListener|onDataAvailable|Adding dump diretory with path=C:\Users\Compass-91\Desktop\recorder\scripts\NetDiagnostic/Weblogic/nsecom_new\dump\blank\192.168.1.86_19001/nsecom/js/
3/25 6:38:46|RecordingHttpListener|onDataAvailable|Calling onDataAvailable on original listener.
3/25 6:38:46|RecordingHttpListener|onDataAvailable|method called for request=http://192.168.1.86:19001/nsecom/js/validate.js
3/25 6:38:46|RecordingHttpListener|onDataAvailable|Adding dump diretory with path=C:\Users\Compass-91\Desktop\recorder\scripts\NetDiagnostic/Weblogic/nsecom_new\dump\blank\192.168.1.86_19001/nsecom/js/
3/25 6:38:46|RecordingHttpListener|onDataAvailable|Calling onDataAvailable on original listener.
3/25 6:38:46|RecordingHttpListener|onStopRequest|method called for request=http://192.168.1.86:19001/nsecom/js/validate.js
3/25 6:38:47|NetStormBrowserNavigationEventListener|navigationFinished|Method Called for URL=http://192.168.1.86:19001/nsecom/jsp/HomePage.jsp
3/25 6:38:47|NetStormBrowserNavigationEventListener|NavigationFinishEventRunner|constructor called for url=http://192.168.1.86:19001/nsecom/jsp/HomePage.jsp
3/25 6:38:47|NetStormBrowserNavigationEventListener|setupListeners|Method Called.
3/25 6:38:47|NetstormCEventListener|addAllHTMLElementsListeners|Method Called.
3/25 6:38:47|Utils|filterPath|path = http://192.168.1.86:19001/nsecom/jsp/HomePage.jsp
3/25 6:38:47|Utils|getFileName|path = http://192.168.1.86:19001/nsecom/jsp/HomePage.jsp
3/25 6:38:47|Utils|getFileName|filename for dump = HomePage.jsp
3/25 6:38:47|Utils|saveBrowserDocument|title = C:\Users\Compass-91\Desktop\recorder\scripts\NetDiagnostic\Weblogic\nsecom_new\dump\blank\192.168.1.86_19001\nsecom\jsp\HomePage.jsp
3/25 6:38:47|Utils|getURLTracker|urlString = http://192.168.1.86:19001/nsecom/jsp/HomePage.jsp, requestOrResponce = snapShot
3/25 6:38:47|MainFrame|updateBackForwardButtons|method Called.
3/25 6:38:48|NetstormCEventListener|handleEvent|Method Called.
3/25 6:38:48|NetstormCEventListener|dumpEvent|Method Called. Event Type: click
 Tag Name = INPUT
3/25 6:38:48|Utils|setRecordingComments|method called.
3/25 6:38:49|NetstormCEventListener|handleEvent|Method Called.
3/25 6:38:49|NetstormCEventListener|dumpEvent|Method Called. Event Type: click
 Tag Name = INPUT
3/25 6:38:49|NetstormCEventListener|addBtnElement|Method Called.
3/25 6:38:49|Utils|setRecordingComments|method called.
3/25 6:38:51|RecordingHttpListener|observe|Method Called for sTopic=http-on-modify-request
3/25 6:38:51|Utils|getURLTracker|urlString = http://192.168.1.86:19001/nsecom/jsp/HomePage.jsp?keyword=, requestOrResponce = request
3/25 6:38:51|Utils|getRelativeTimeWithRespectOfStartRecordingTime|Method called.time stamp = 1364216931078
3/25 6:38:51|Utils|convertToSecond method called|time = 102633.0
3/25 6:38:51|Utils|isSplit|Method called.
3/25 6:38:51|Utils|isSplit|Splitting for Ajax Header = false
3/25 6:38:51|Utils|isSplit|Splitting for method GET = false
3/25 6:38:51|Utils|isSplit|result = false
3/25 6:38:51|Utils|isSplitForTimeDiff|Method called.
3/25 6:38:51|Utils|isSplit|Splitting for time 4.165999999999997 = false
3/25 6:38:51|Utils|isSplit|result = false
3/25 6:38:51|Utils|isSplitForURLType|Method called.
3/25 6:38:51|Utils|isSplitForURLType|value = false
3/25 6:38:51|Utils|isSplitForURLType|value = false
3/25 6:38:51|Utils|isSplit|isSplitForURLType = false
3/25 6:38:51|RecordingHttpListener|observe|Method Called for sTopic=http-on-modify-request
3/25 6:38:51|Utils|getURLTracker|urlString = http://192.168.1.86:19001/nsecom/jsp/HomePage.jsp?keyword=, requestOrResponce = request
3/25 6:38:51|Utils|isSplit|Method called.
3/25 6:38:51|Utils|isSplit|result = false
3/25 6:38:51|Utils|isSplitForTimeDiff|Method called.
3/25 6:38:51|Utils|isSplit|result = false
3/25 6:38:51|Utils|isSplitForURLType|Method called.
3/25 6:38:51|Utils|isSplit|isSplitForURLType = false
3/25 6:38:51|RecordingHttpListener|observe|Method Called for sTopic=http-on-modify-request
3/25 6:38:51|Utils|getURLTracker|urlString = http://192.168.1.86:19001/nsecom/jsp/HomePage.jsp?keyword=, requestOrResponce = request
3/25 6:38:51|Utils|isSplit|Method called.
3/25 6:38:51|Utils|isSplit|result = false
3/25 6:38:51|Utils|isSplitForTimeDiff|Method called.
3/25 6:38:51|Utils|isSplit|result = false
3/25 6:38:51|Utils|isSplitForURLType|Method called.
3/25 6:38:51|Utils|isSplit|isSplitForURLType = false
3/25 6:38:51|NetStormBrowserNavigationEventListener|navigationStarted|Method Called for URL=http://192.168.1.86:19001/nsecom/jsp/HomePage.jsp?keyword=
3/25 6:38:51|NetStormBrowserNavigationEventListener|navigationStarted|Begin Loading URL == http://192.168.1.86:19001/nsecom/jsp/HomePage.jsp?keyword=  ===== Begin = 1364216931125
3/25 6:38:51|Utils|getURLTracker|urlString = http://192.168.1.86:19001/nsecom/jsp/HomePage.jsp?keyword=, requestOrResponce = snapShot
3/25 6:38:51|RecordingHttpListener|observe|Method Called for sTopic=http-on-examine-response
3/25 6:38:51|Utils|getURLTracker|urlString = http://192.168.1.86:19001/nsecom/jsp/HomePage.jsp?keyword=, requestOrResponce = response
3/25 6:38:51|Utils|getRelativeTimeWithRespectOfStartRecordingTime|Method called.time stamp = 1364216931219
3/25 6:38:51|Utils|convertToSecond method called|time = 102774.0
3/25 6:38:51|Utils|isSplit|Method called.
3/25 6:38:51|Utils|isSplit|Splitting for Ajax Header = false
3/25 6:38:51|Utils|isSplit|Splitting for method GET = false
3/25 6:38:51|Utils|isSplit|result = false
3/25 6:38:51|Utils|isSplitForTimeDiff|Method called.
3/25 6:38:51|Utils|isSplit|Splitting for time 4.165999999999997 = false
3/25 6:38:51|Utils|isSplit|result = false
3/25 6:38:51|Utils|isSplitForURLType|Method called.
3/25 6:38:51|Utils|isSplitForURLType|value = false
3/25 6:38:51|Utils|isSplitForURLType|value = false
3/25 6:38:51|Utils|isSplitForURLType|value = false
3/25 6:38:51|Utils|isSplit|isSplitForURLType = false
3/25 6:38:51|Utils|getRelativeTimeWithRespectOfStartRecordingTime|Method called.time stamp = 1364216931219
3/25 6:38:51|Utils|convertToSecond method called|time = 102774.0
3/25 6:38:51|Utils|getRelativeTimeWithRespectOfStartRecordingTime|Method called.time stamp = 1364216931219
3/25 6:38:51|Utils|convertToSecond method called|time = 102774.0
3/25 6:38:51|RecordingHttpListener|observe|Method Called for sTopic=http-on-examine-response
3/25 6:38:51|RecordingHttpListener|observe|Method Called for sTopic=http-on-examine-response
3/25 6:38:51|RecordingHttpListener|onStartRequest|method called with request Name = http://192.168.1.86:19001/nsecom/jsp/HomePage.jsp?keyword=
3/25 6:38:51|Utils|getURLTracker|urlString = http://192.168.1.86:19001/nsecom/jsp/HomePage.jsp?keyword=, requestOrResponce = snapShot
3/25 6:38:51|RecordingHttpListener|onDataAvailable|method called for request=http://192.168.1.86:19001/nsecom/jsp/HomePage.jsp?keyword=
3/25 6:38:51|RecordingHttpListener|onDataAvailable|Adding dump diretory with path=C:\Users\Compass-91\Desktop\recorder\scripts\NetDiagnostic/Weblogic/nsecom_new\dump\blank\192.168.1.86_19001/nsecom/jsp/
3/25 6:38:51|RecordingHttpListener|onDataAvailable|Calling onDataAvailable on original listener.
3/25 6:38:51|RecordingHttpListener|observe|Method Called for sTopic=http-on-modify-request
3/25 6:38:51|RecordingHttpListener|observe|Method Called for sTopic=http-on-modify-request
3/25 6:38:51|RecordingHttpListener|observe|Method Called for sTopic=http-on-modify-request
3/25 6:38:51|RecordingHttpListener|observe|Method Called for sTopic=http-on-modify-request
3/25 6:38:51|Utils|getURLTracker|urlString = http://192.168.1.86:19001/nsecom/js/validate.js, requestOrResponce = request
3/25 6:38:51|Utils|getRelativeTimeWithRespectOfStartRecordingTime|Method called.time stamp = 1364216931234
3/25 6:38:51|Utils|convertToSecond method called|time = 102789.0
3/25 6:38:51|Utils|isSplit|Method called.
3/25 6:38:51|Utils|isSplit|Splitting for Ajax Header = false
3/25 6:38:51|Utils|isSplit|Splitting for method GET = false
3/25 6:38:51|Utils|isSplit|result = false
3/25 6:38:51|Utils|isSplitForTimeDiff|Method called.
3/25 6:38:51|Utils|isSplit|Splitting for time 0.015000000000000568 = false
3/25 6:38:51|Utils|isSplit|result = false
3/25 6:38:51|Utils|isSplitForURLType|Method called.
3/25 6:38:51|Utils|isSplitForURLType|value = false
3/25 6:38:51|Utils|isSplitForURLType|value = false
3/25 6:38:51|Utils|isSplit|isSplitForURLType = false
3/25 6:38:51|RecordingHttpListener|observe|Method Called for sTopic=http-on-modify-request
3/25 6:38:51|Utils|getURLTracker|urlString = http://192.168.1.86:19001/nsecom/js/validate.js, requestOrResponce = request
3/25 6:38:51|Utils|isSplit|Method called.
3/25 6:38:51|Utils|isSplit|result = false
3/25 6:38:51|Utils|isSplitForTimeDiff|Method called.
3/25 6:38:51|Utils|isSplit|result = false
3/25 6:38:51|Utils|isSplitForURLType|Method called.
3/25 6:38:51|Utils|isSplit|isSplitForURLType = false
3/25 6:38:51|RecordingHttpListener|observe|Method Called for sTopic=http-on-modify-request
3/25 6:38:51|Utils|getURLTracker|urlString = http://192.168.1.86:19001/nsecom/js/validate.js, requestOrResponce = request
3/25 6:38:51|Utils|isSplit|Method called.
3/25 6:38:51|Utils|isSplit|result = false
3/25 6:38:51|Utils|isSplitForTimeDiff|Method called.
3/25 6:38:51|Utils|isSplit|result = false
3/25 6:38:51|Utils|isSplitForURLType|Method called.
3/25 6:38:51|Utils|isSplit|isSplitForURLType = false
3/25 6:38:51|RecordingHttpListener|onStopRequest|method called for request=http://192.168.1.86:19001/nsecom/jsp/HomePage.jsp?keyword=
3/25 6:38:51|NetStormBrowserNavigationEventListener|navigationFinished|Method Called for URL=http://192.168.1.86:19001/nsecom/jsp/HomePage.jsp?keyword=
3/25 6:38:51|NetStormBrowserNavigationEventListener|NavigationFinishEventRunner|constructor called for url=http://192.168.1.86:19001/nsecom/jsp/HomePage.jsp?keyword=
3/25 6:38:51|MainFrame|updateBackForwardButtons|method Called.
3/25 6:38:51|NetStormBrowserNavigationEventListener|setupListeners|Method Called.
3/25 6:38:51|NetstormCEventListener|addAllHTMLElementsListeners|Method Called.
3/25 6:38:51|Utils|filterPath|path = http://192.168.1.86:19001/nsecom/jsp/HomePage.jsp?keyword=
3/25 6:38:51|Utils|getFileName|path = http://192.168.1.86:19001/nsecom/jsp/HomePage.jsp?keyword=
3/25 6:38:51|Utils|getFileName|filename for dump = HomePage.jsp_keyword=
3/25 6:38:51|Utils|saveBrowserDocument|title = C:\Users\Compass-91\Desktop\recorder\scripts\NetDiagnostic\Weblogic\nsecom_new\dump\blank\192.168.1.86_19001\nsecom\jsp\HomePage.jsp_keyword=
3/25 6:38:51|Utils|getURLTracker|urlString = http://192.168.1.86:19001/nsecom/jsp/HomePage.jsp?keyword=, requestOrResponce = snapShot
3/25 6:38:53|ScriptHTMLStart|stopRecording|Method Called.
3/25 6:38:53|ScriptHTMLStart|stopRecording|Going to stop recording
3/25 6:38:53|NSBrowser|stopRecord|Method called.
3/25 6:38:53|MainFrame|addNavigationListeners|browser disposed called.
3/25 6:38:53|WebCFormattor|generateScripts|method called.
3/25 6:38:53|Utils|addLastPageLeftUrlsToInlineUrlsOfLastPage|Method called.
3/25 6:38:53|Utils|modifyMapForSplit|Method called.
3/25 6:38:53|Utils|modifyMapForThinkTime|Method called.
3/25 6:38:53|Utils|getRelativeTimeWithRespectOfStartRecordingTime|Method called.time stamp = 1364216933964
3/25 6:38:53|Utils|convertToSecond method called|time = 105519.0
3/25 6:38:53|Utils|modifyMapForThinkTime|Modifying url list for last page=HomePage_jsp_4, startThink=102.774, endThink=105.519
3/25 6:38:53|Utils|generateEventDetail|method called.
3/25 6:38:54|Utils|generateUrlInfoListDetail|method called
3/25 6:38:54|Utils|generateUrlInfoListDetail|URL = http://192.168.1.86:19001/nsecom
3/25 6:38:54|Utils|convertToSecond method called|time = 0.015000000000000013
3/25 6:38:54|Utils|generateUrlInfoListDetail|ScriptparsingData =http://192.168.1.86:19001/nsecom
3/25 6:38:54|Utils|generateUrlInfoListDetail|UrlTracker.scriptParsingData.getParsedPath()=192.168.1.86_19001/, Utils.getDumpPath() = C:\Users\Compass-91\Desktop\recorder\scripts\NetDiagnostic/Weblogic/nsecom_new\dump\blank
3/25 6:38:54|Utils|generateUrlInfoListDetail|URL = http://192.168.1.86:19001/nsecom/
3/25 6:38:54|Utils|convertToSecond method called|time = 0.016000000000000014
3/25 6:38:54|Utils|generateUrlInfoListDetail|ScriptparsingData =http://192.168.1.86:19001/nsecom/
3/25 6:38:54|Utils|generateUrlInfoListDetail|Main url dump file is not existing. Dump file Name = index
3/25 6:38:54|Utils|generateUrlInfoListDetail|URL = http://192.168.1.86:19001/nsecom/images/logo.png
3/25 6:38:54|Utils|convertToSecond method called|time = 0.047000000000000014
3/25 6:38:54|Utils|generateUrlInfoListDetail|ScriptparsingData =http://192.168.1.86:19001/nsecom/images/logo.png
3/25 6:38:54|Utils|generateUrlInfoListDetail|URL = http://192.168.1.86:19001/nsecom/jsp/HomePage.jsp
3/25 6:38:54|Utils|convertToSecond method called|time = 0.1559999999999917
3/25 6:38:54|Utils|generateUrlInfoListDetail|ScriptparsingData =http://192.168.1.86:19001/nsecom/jsp/HomePage.jsp
3/25 6:38:54|Utils|generateUrlInfoListDetail|Main url dump file is not existing. Dump file Name = HomePage.jsp
3/25 6:38:54|Utils|generateUrlInfoListDetail|URL = http://192.168.1.86:19001/nsecom/images/nsecomlogo.png
3/25 6:38:54|Utils|convertToSecond method called|time = 0.18700000000001182
3/25 6:38:54|Utils|generateUrlInfoListDetail|ScriptparsingData =http://192.168.1.86:19001/nsecom/images/nsecomlogo.png
3/25 6:38:54|Utils|generateUrlInfoListDetail|URL = http://192.168.1.86:19001/nsecom/js/validate.js
3/25 6:38:54|Utils|convertToSecond method called|time = 0.20300000000000296
3/25 6:38:54|Utils|generateUrlInfoListDetail|ScriptparsingData =http://192.168.1.86:19001/nsecom/js/validate.js
3/25 6:38:54|Utils|generateUrlInfoListDetail|URL = http://192.168.1.86:19001/nsecom/css/style.css
3/25 6:38:54|Utils|generateUrlInfoListDetail|ScriptparsingData =http://192.168.1.86:19001/nsecom/css/style.css
3/25 6:38:54|Utils|generateUrlInfoListDetail|Css url dump file is not existing. Dump file Name = style.css
3/25 6:38:54|Utils|generateUrlInfoListDetail|URL = http://192.168.1.86:19001/nsecom/jsp/HomePage.jsp?keyword=
3/25 6:38:54|Utils|convertToSecond method called|time = 0.14100000000000534
3/25 6:38:54|Utils|generateUrlInfoListDetail|ScriptparsingData =http://192.168.1.86:19001/nsecom/jsp/HomePage.jsp?keyword=
3/25 6:38:54|Utils|generateUrlInfoListDetail|Main url dump file is not existing. Dump file Name = HomePage.jsp_keyword=
3/25 6:38:54|Utils|generateUrlInfoListDetail|URL = http://192.168.1.86:19001/nsecom/js/validate.js
3/25 6:38:54|Utils|generateUrlInfoListDetail|ScriptparsingData =http://192.168.1.86:19001/nsecom/js/validate.js
3/25 6:38:54|WebCFormattor|generateEventsForFlow|method called.
3/25 6:38:54|WebCGenerator|generate|method called.
3/25 6:38:54|WebCGenerator|generate|Putting header comments in Buffer.
3/25 6:38:54|WebCGenerator|generate|Processing URLs with list size=3
3/25 6:38:54|WebCGenerator|getValidURL|Since this URL is not in filtered list, returning the URL=http://192.168.1.86:19001/nsecom
3/25 6:38:54|Utils|getTimeStampForPage|Method called.
3/25 6:38:54|WebCGenerator|getUrlReqAndResDetails|method called.
3/25 6:38:54|WebCGenerator|generate|Adding Inline template to the page.
3/25 6:38:54|WebCGenerator|appendHeadersAndEndline|method called.
3/25 6:38:54|WebCGenerator|getUrlReqAndResDetails|method called.
3/25 6:38:54|WebCGenerator|appendHeadersAndEndline|method called.
3/25 6:38:54|WebCGenerator|getUrlReqAndResDetails|method called.
3/25 6:38:54|Utils|convertToSecond method called|time = 97.765
3/25 6:38:54|WebCGenerator|getValidURL|Since this URL is not in filtered list, returning the URL=http://192.168.1.86:19001/nsecom/jsp/HomePage.jsp
3/25 6:38:54|Utils|getTimeStampForPage|Method called.
3/25 6:38:54|WebCGenerator|generate|Adding Comments to page.HomePage_jsp_3
3/25 6:38:54|WebCGenerator|getUrlReqAndResDetails|method called.
3/25 6:38:54|WebCGenerator|generate|Adding Inline template to the page.
3/25 6:38:54|WebCGenerator|appendHeadersAndEndline|method called.
3/25 6:38:54|WebCGenerator|getUrlReqAndResDetails|method called.
3/25 6:38:54|WebCGenerator|getCookieForTheUrl|method called.
3/25 6:38:54|WebCGenerator|appendHeadersAndEndline|method called.
3/25 6:38:54|WebCGenerator|getUrlReqAndResDetails|method called.
3/25 6:38:54|WebCGenerator|getCookieForTheUrl|method called.
3/25 6:38:54|WebCGenerator|appendHeadersAndEndline|method called.
3/25 6:38:54|WebCGenerator|getUrlReqAndResDetails|method called.
3/25 6:38:54|Utils|convertToSecond method called|time = 4.227999999999994
3/25 6:38:54|WebCGenerator|getValidURL|Since this URL is not in filtered list, returning the URL=http://192.168.1.86:19001/nsecom/jsp/HomePage.jsp?keyword=
3/25 6:38:54|Utils|getTimeStampForPage|Method called.
3/25 6:38:54|WebCGenerator|generate|Adding Comments to page.HomePage_jsp_4
3/25 6:38:54|WebCGenerator|getUrlReqAndResDetails|method called.
3/25 6:38:54|WebCGenerator|getCookieForTheUrl|method called.
3/25 6:38:54|WebCGenerator|generate|Adding Inline template to the page.
3/25 6:38:54|WebCGenerator|appendHeadersAndEndline|method called.
3/25 6:38:54|WebCGenerator|getUrlReqAndResDetails|method called.
3/25 6:38:54|WebCGenerator|getCookieForTheUrl|method called.
3/25 6:38:54|Utils|convertToSecond method called|time = 2.7450000000000045
3/25 6:38:54|MainFrame|addNavigationListeners|browser disposed Exiting.
3/25 6:38:54|MainFrame|addNavigationListeners|browser disposed called.
3/25 6:38:54|MainFrame|addNavigationListeners|browser disposed Exiting.
3/25 6:38:54|NSBrowser|addNavigationListeners|browser disposed Exiting.
3/25 6:38:54|ScriptHTMLStart|stopRecording|Going to upload script to server.
3/25 6:38:55|ScriptRecordUtils|saveScriptToServer|method called.
3/25 6:38:55|ScriptLeftPane|enableDisableScriptForPartialScript|Method called.
3/25 6:38:55|ScriptRightPane|enableDisableScriptForPartialScript|Method called.
3/25 6:38:58|ScriptRecordUtils|saveScriptToServer|Script saved to server Successfully.
3/25 6:38:59|ScriptLeftPane|addFlowNode|Method called. flow name = blank.c
3/25 6:38:59|ScriptLeftPane|getChildList|Method called. node = nsecom_new
3/25 6:38:59|ScriptLeftPane|addFlowNode|Method called. name = blank.c, file as parent node
3/25 6:38:59|ScriptLeftPane|addFlowNode|Method called. name = blank.c, create node at client side and then store it with file type = 9
3/25 6:38:59|ScriptLeftPane|getNodePath|Method called. getParent = true
3/25 6:38:59|ScriptUtils|replace|Method called. source = Available Scripts/NetDiagnostic/Weblogic/nsecom_new, toReplace = Available S, replaceWith = s
3/25 6:39:0|ScriptRenamePage|setTableProp|Start method
3/25 6:39:1|ScriptLeftPane|setFileToEditor|Method called.
3/25 6:39:1|ScriptUtils|replace|Method called. source = http://192.168.1.85:80/netstorm/recorder/../../scripts/NetDiagnostic/Weblogic/nsecom_new/blank.c, toReplace =  , replaceWith = %20
3/25 6:39:1|ScriptRightPane|checkFileSaved|Method called.
3/25 6:39:1|ScriptUtils|replace|Method called. source = http://192.168.1.85:80/netstorm/recorder/../../scripts/NetDiagnostic/Weblogic/nsecom_new/blank.c, toReplace =  , replaceWith = %20
3/25 6:39:1|ScriptLeftPane|setFileToEditor|file type is.9
3/25 6:39:1|ScriptMain|enableDisableAsPerPermission|Method called. isObjWritePermitted = true, isObjDeletePermitted = true
3/25 6:39:1|ScriptRightPane|checkFileSaved|Method called.
3/25 6:39:1|ScriptLeftPane|enableDisable|Method called. nodeType = 9
3/25 6:39:1|ScriptRightPane|enableDisable|Method called.
3/25 6:39:1|ScriptUtils|getDataFormFile|Method called. fileName = blank.cpathForFile = http://192.168.1.85:80/netstorm/recorder/../../scripts/NetDiagnostic/Weblogic/nsecom_new/blank.c
3/25 6:39:1|ScriptLeftPane|enableDisable|Method called. nodeType = 9
3/25 6:39:1|ScriptRightPane|enableDisable|Method called.
3/25 6:39:1|ScriptLeftPane|enableDisableScriptForPartialScript|Method called.
3/25 6:39:1|ScriptHTMLStart|stopRecording|Delete dir path = C:\Users\Compass-91\Desktop\recorder\scripts/NetDiagnostic/Weblogic/nsecom_new
3/25 6:39:1|ScriptUtils|deleteDirectory|Method called. path = C:\Users\Compass-91\Desktop\recorder\scripts/NetDiagnostic/Weblogic/nsecom_new
3/25 6:39:1|ScriptUtils|deleteDirectory|Method called. path = C:\Users\Compass-91\Desktop\recorder\scripts/NetDiagnostic/Weblogic/nsecom_new/dump
3/25 6:39:1|ScriptUtils|deleteDirectory|Method called. path = C:\Users\Compass-91\Desktop\recorder\scripts/NetDiagnostic/Weblogic/nsecom_new/dump/blank
3/25 6:39:1|ScriptUtils|deleteDirectory|Method called. path = C:\Users\Compass-91\Desktop\recorder\scripts/NetDiagnostic/Weblogic/nsecom_new/dump/blank/192.168.1.86_19001
3/25 6:39:1|ScriptUtils|deleteDirectory|Method called. path = C:\Users\Compass-91\Desktop\recorder\scripts/NetDiagnostic/Weblogic/nsecom_new/dump/blank/192.168.1.86_19001/nsecom
3/25 6:39:1|ScriptUtils|deleteDirectory|Method called. path = C:\Users\Compass-91\Desktop\recorder\scripts/NetDiagnostic/Weblogic/nsecom_new/dump/blank/192.168.1.86_19001/nsecom/css
3/25 6:39:1|ScriptUtils|deleteDirectory|Method called. path = C:\Users\Compass-91\Desktop\recorder\scripts/NetDiagnostic/Weblogic/nsecom_new/dump/blank/192.168.1.86_19001/nsecom/jsp
3/25 6:39:1|ScriptUtils|deleteDirectory|Method called. path = C:\Users\Compass-91\Desktop\recorder\scripts/NetDiagnostic/Weblogic/nsecom_new/dump/blank/192.168.1.86_19001/nsecom.orig
3/25 6:39:1|ScriptUtils|deleteDirectory|Method called. path = C:\Users\Compass-91\Desktop\recorder\scripts/NetDiagnostic/Weblogic/nsecom_new/dump/blank/192.168.1.86_19001/nsecom.orig/css
3/25 6:39:1|ScriptUtils|deleteDirectory|Method called. path = C:\Users\Compass-91\Desktop\recorder\scripts/NetDiagnostic/Weblogic/nsecom_new/dump/blank/192.168.1.86_19001/nsecom.orig/images
3/25 6:39:1|ScriptUtils|deleteDirectory|Method called. path = C:\Users\Compass-91\Desktop\recorder\scripts/NetDiagnostic/Weblogic/nsecom_new/dump/blank/192.168.1.86_19001/nsecom.orig/js
3/25 6:39:1|ScriptUtils|deleteDirectory|Method called. path = C:\Users\Compass-91\Desktop\recorder\scripts/NetDiagnostic/Weblogic/nsecom_new/dump/blank/192.168.1.86_19001/nsecom.orig/jsp
3/25 6:39:1|ScriptUtils|deleteDirectory|Method called. path = C:\Users\Compass-91\Desktop\recorder\scripts/NetDiagnostic/Weblogic/nsecom_new/dump/blank/headers
3/25 6:39:1|ScriptUtils|deleteDirectory|Method called. path = C:\Users\Compass-91\Desktop\recorder\scripts/NetDiagnostic/Weblogic/nsecom_new/dump/blank/Snapshots
