3/25 6:45:45|Utils|clearCookieAndCache|Cookie And Cache can not be cleared|Following is the stack trace:
org.mozilla.xpcom.XPCOMException: The function "evictEntries" returned an error condition  (0xc1f30001)
	at org.mozilla.xpcom.internal.XPCOMJavaProxy.callXPCOMMethod(Native Method)
	at org.mozilla.xpcom.internal.XPCOMJavaProxy.invoke(XPCOMJavaProxy.java:143)
	at com.sun.proxy.$Proxy31.evictEntries(Unknown Source)
	at com.teamdev.xpcom.cache.CacheService.clearOnDiskEntries(Unknown Source)
	at com.netstorm.browser.Utils.clearCookieAndCache(Utils.java:1440)
	at com.netstorm.browser.MainFrame.createMozillaComponent(MainFrame.java:395)
	at com.netstorm.browser.MainFrame.addDefaultBrowserComponentForTabbedPane(MainFrame.java:251)
	at com.netstorm.browser.MainFrame.createUI(MainFrame.java:225)
	at com.netstorm.browser.MainFrame.<init>(MainFrame.java:155)
	at com.netstorm.browser.NSBrowser.<init>(NSBrowser.java:100)
	at ScriptHTMLStart.StartRecording(ScriptHTMLStart.java:200)
	at ScriptHTMLStart.run(ScriptHTMLStart.java:67)
3/25 6:46:9|ScriptDefaultExceptionHandler|uncaughtException|Caught an unhandled exception - EDT Exception in AWT-EventQueue-0|Following is the stack trace:
java.lang.Exception: java.lang.NullPointerException
	at ScriptDefaultExceptionHandler.uncaughtException(ScriptDefaultExceptionHandler.java:18)
	at java.lang.ThreadGroup.uncaughtException(Unknown Source)
	at java.lang.ThreadGroup.uncaughtException(Unknown Source)
	at java.awt.EventDispatchThread.processException(Unknown Source)
	at java.awt.EventDispatchThread.pumpOneEventForFilters(Unknown Source)
	at java.awt.EventDispatchThread.pumpEventsForFilter(Unknown Source)
	at java.awt.EventDispatchThread.pumpEventsForHierarchy(Unknown Source)
	at java.awt.EventDispatchThread.pumpEvents(Unknown Source)
	at java.awt.EventDispatchThread.pumpEvents(Unknown Source)
	at java.awt.EventDispatchThread.run(Unknown Source)
Caused by: java.lang.NullPointerException
	at javax.swing.text.JTextComponent.getSelectionStart(Unknown Source)
	at javax.swing.text.PlainView.paint(Unknown Source)
	at javax.swing.plaf.basic.BasicTextUI$RootView.paint(Unknown Source)
	at javax.swing.plaf.basic.BasicTextUI.paintSafely(Unknown Source)
	at javax.swing.plaf.basic.BasicTextUI.paint(Unknown Source)
	at javax.swing.plaf.basic.BasicTextUI.update(Unknown Source)
	at javax.swing.JComponent.paintComponent(Unknown Source)
	at javax.swing.JComponent.paint(Unknown Source)
	at javax.swing.JComponent.paintToOffscreen(Unknown Source)
	at javax.swing.RepaintManager$PaintManager.paintDoubleBuffered(Unknown Source)
	at javax.swing.RepaintManager$PaintManager.paint(Unknown Source)
	at javax.swing.RepaintManager.paint(Unknown Source)
	at javax.swing.JComponent._paintImmediately(Unknown Source)
	at javax.swing.JComponent.paintImmediately(Unknown Source)
	at javax.swing.RepaintManager$3.run(Unknown Source)
	at javax.swing.RepaintManager$3.run(Unknown Source)
	at java.security.AccessController.doPrivileged(Native Method)
	at java.security.ProtectionDomain$1.doIntersectionPrivilege(Unknown Source)
	at javax.swing.RepaintManager.paintDirtyRegions(Unknown Source)
	at javax.swing.RepaintManager.paintDirtyRegions(Unknown Source)
	at javax.swing.RepaintManager.prePaintDirtyRegions(Unknown Source)
	at javax.swing.RepaintManager.access$1000(Unknown Source)
	at javax.swing.RepaintManager$ProcessingRunnable.run(Unknown Source)
	at java.awt.event.InvocationEvent.dispatch(Unknown Source)
	at java.awt.EventQueue.dispatchEventImpl(Unknown Source)
	at java.awt.EventQueue.access$200(Unknown Source)
	at java.awt.EventQueue$3.run(Unknown Source)
	at java.awt.EventQueue$3.run(Unknown Source)
	at java.security.AccessController.doPrivileged(Native Method)
	at java.security.ProtectionDomain$1.doIntersectionPrivilege(Unknown Source)
	at java.awt.EventQueue.dispatchEvent(Unknown Source)
	... 6 more
3/25 6:46:15|ScriptUtils|deleteDirectory|Error in deleting file - C:\Users\Compass-91\Desktop\recorder\scripts/NetDiagnostic/Weblogic/nsecom_new/dump/india_cart/url_info.list
