4/15 11:11:58|ScriptUtils|deleteDirectory|Error in deleting file - C:\Users\Compass-91\Desktop\recorder\scripts/NetDiagnostic/Weblogic/nsecom_new/dump/flow1/url_info.list
4/15 11:13:31|Utils|getEndTime|Exception in getting end Time for url list for given index|Following is the stack trace:
java.lang.ArrayIndexOutOfBoundsException: -1
	at java.util.ArrayList.elementData(Unknown Source)
	at java.util.ArrayList.get(Unknown Source)
	at com.netstorm.browser.Utils.getEndTime(Utils.java:2575)
	at com.netstorm.browser.Utils.getEndTime(Utils.java:2579)
	at com.netstorm.browser.Utils.getEndTime(Utils.java:2579)
	at com.netstorm.browser.Utils.modifyMapForThinkTime(Utils.java:2410)
	at com.netstorm.browser.Utils.modifyMapForSplit(Utils.java:2248)
	at com.netstorm.script.formatters.c.WebCFormattor.generateScripts(WebCFormattor.java:71)
	at com.netstorm.browser.MainFrame$8.browserDisposed(MainFrame.java:638)
	at com.teamdev.jxbrowser.mozilla.MozillaBrowserEventFacade$DefaultDisposeListener.disposed(Unknown Source)
	at com.teamdev.jxbrowser1.event.impl.a.b(Unknown Source)
	at com.teamdev.jxbrowser1.a.a.destroyBrowserWindow(Unknown Source)
	at com.teamdev.jxbrowser1.a.b.a.destroyBrowserWindow(Unknown Source)
	at com.teamdev.jxbrowser1.a.a$a.run(Unknown Source)
	at com.teamdev.xpcom.MozillaRunnable.run(Unknown Source)
	at org.mozilla.xpcom.internal.XPCOMJavaProxy.callXPCOMMethod(Native Method)
	at org.mozilla.xpcom.internal.XPCOMJavaProxy.invoke(XPCOMJavaProxy.java:143)
	at com.sun.proxy.$Proxy11.run(Unknown Source)
	at com.teamdev.xpcom.b$a.run(Unknown Source)
4/15 11:13:31|Utils|getEndTime|Exception in getting end Time for url list for given index|Following is the stack trace:
java.lang.ArrayIndexOutOfBoundsException: -1
	at java.util.ArrayList.elementData(Unknown Source)
	at java.util.ArrayList.get(Unknown Source)
	at com.netstorm.browser.Utils.getEndTime(Utils.java:2575)
	at com.netstorm.browser.Utils.getEndTime(Utils.java:2579)
	at com.netstorm.browser.Utils.getTimeStampForPage(Utils.java:2642)
	at com.netstorm.script.formatters.c.WebCGenerator.generate(WebCGenerator.java:137)
	at com.netstorm.script.formatters.c.WebCFormattor.generateEventsForFlow(WebCFormattor.java:54)
	at com.netstorm.script.formatters.c.WebCFormattor.generateScripts(WebCFormattor.java:127)
	at com.netstorm.browser.MainFrame$8.browserDisposed(MainFrame.java:638)
	at com.teamdev.jxbrowser.mozilla.MozillaBrowserEventFacade$DefaultDisposeListener.disposed(Unknown Source)
	at com.teamdev.jxbrowser1.event.impl.a.b(Unknown Source)
	at com.teamdev.jxbrowser1.a.a.destroyBrowserWindow(Unknown Source)
	at com.teamdev.jxbrowser1.a.b.a.destroyBrowserWindow(Unknown Source)
	at com.teamdev.jxbrowser1.a.a$a.run(Unknown Source)
	at com.teamdev.xpcom.MozillaRunnable.run(Unknown Source)
	at org.mozilla.xpcom.internal.XPCOMJavaProxy.callXPCOMMethod(Native Method)
	at org.mozilla.xpcom.internal.XPCOMJavaProxy.invoke(XPCOMJavaProxy.java:143)
	at com.sun.proxy.$Proxy11.run(Unknown Source)
	at com.teamdev.xpcom.b$a.run(Unknown Source)
4/15 11:13:36|ScriptUtils|deleteDirectory|Error in deleting file - C:\Users\Compass-91\Desktop\recorder\scripts/NetDiagnostic/Weblogic/nsecom_new/dump/flow1/url_info.list
