3/22 3:8:56|MainFrame|MainFrame|Constructor Called.
3/22 3:8:56|MainFrame|createMozillaComponent|Method Called.
3/22 3:8:56|MainFrame|setHTTPProxyConfiguration|Method called.
3/22 3:8:56|MainFrame|setHTTPSProxyConfiguration|Method called.
3/22 3:8:56|MainFrame|setProxyServerException|Method called.
3/22 3:8:56|MainFrame|setSecurityCertificationErrors|Method called.
3/22 3:8:56|MainFrame|EnableDisableBrowserOtions|method called.
3/22 3:8:56|MainFrame|EnableDisableBrowserOtions|Enabling JavaScript feature.
3/22 3:8:56|MainFrame|EnableDisableBrowserOtions|Enabling ImageDownload feature.
3/22 3:8:56|MainFrame|EnableDisableBrowserOtions|Enabling Plugins feature.
3/22 3:8:56|MainFrame|EnableDisableBrowserOtions|Setting User Agent=Mozilla/4.0 (Windows; U; Windows NT 6.1; en-US; rv:1.9.2.24) Gecko/20111103 Firefox/3.6.24
3/22 3:8:56|MainFrame|addNavigationListeners|method called.
3/22 3:8:56|NetStormBrowserNavigationEventListener|NetStormBrowserNavigationEventListener|Constructor Called.
3/22 3:8:56|NetstormCEventListener|NetstormCEventListener|Constructor Called.
3/22 3:8:56|MainFrame|updateBackForwardButtons|method Called.
3/22 3:8:56|NetstormCEventListener|addHTMLElementsListeners|Method Called.
3/22 3:8:57|NetStormBrowserNavigationEventListener|setcEventListener|Method Called.
3/22 3:8:57|NetStormBrowserNavigationEventListener|setupListeners|Method Called.
3/22 3:8:57|NetstormCEventListener|addAllHTMLElementsListeners|Method Called.
3/22 3:8:57|RecordingHttpListener|observe|Method Called for sTopic=http-on-modify-request
3/22 3:8:57|Utils|getURLTracker|urlString = http://192.168.1.96:19001/nsecom, requestOrResponce = request
3/22 3:8:57|Utils|getRelativeTimeWithRespectOfStartRecordingTime|Method called.time stamp = 1363945137016
3/22 3:8:57|Utils|convertToSecond method called|time = 94.0
3/22 3:8:57|Utils|isSplit|Method called.
3/22 3:8:57|Utils|isSplit|Splitting for Ajax Header = false
3/22 3:8:57|Utils|isSplit|Splitting for method GET = false
3/22 3:8:57|Utils|isSplit|result = false
3/22 3:8:57|Utils|isSplitForTimeDiff|Method called.
3/22 3:8:57|Utils|isSplit|result = false
3/22 3:8:57|Utils|isSplitForURLType|Method called.
3/22 3:8:57|Utils|isSplitForURLType|value = false
3/22 3:8:57|Utils|isSplitForURLType|value = false
3/22 3:8:57|Utils|isSplit|isSplitForURLType = false
3/22 3:8:57|RecordingHttpListener|observe|Method Called for sTopic=http-on-modify-request
3/22 3:8:57|Utils|getURLTracker|urlString = http://192.168.1.96:19001/nsecom, requestOrResponce = request
3/22 3:8:57|Utils|isSplit|Method called.
3/22 3:8:57|Utils|isSplit|result = false
3/22 3:8:57|Utils|isSplitForTimeDiff|Method called.
3/22 3:8:57|Utils|isSplit|result = false
3/22 3:8:57|Utils|isSplitForURLType|Method called.
3/22 3:8:57|Utils|isSplit|isSplitForURLType = false
3/22 3:8:57|RecordingHttpListener|observe|Method Called for sTopic=http-on-modify-request
3/22 3:8:57|Utils|getURLTracker|urlString = http://192.168.1.96:19001/nsecom, requestOrResponce = request
3/22 3:8:57|Utils|isSplit|Method called.
3/22 3:8:57|Utils|isSplit|result = false
3/22 3:8:57|Utils|isSplitForTimeDiff|Method called.
3/22 3:8:57|Utils|isSplit|result = false
3/22 3:8:57|Utils|isSplitForURLType|Method called.
3/22 3:8:57|Utils|isSplit|isSplitForURLType = false
3/22 3:8:57|RecordingHttpListener|observe|Method Called for sTopic=http-on-modify-request
3/22 3:8:57|Utils|getURLTracker|urlString = http://192.168.1.96:19001/nsecom, requestOrResponce = request
3/22 3:8:57|Utils|isSplit|Method called.
3/22 3:8:57|Utils|isSplit|result = false
3/22 3:8:57|Utils|isSplitForTimeDiff|Method called.
3/22 3:8:57|Utils|isSplit|result = false
3/22 3:8:57|Utils|isSplitForURLType|Method called.
3/22 3:8:57|Utils|isSplit|isSplitForURLType = false
3/22 3:8:57|RecordingHttpListener|observe|Method Called for sTopic=http-on-modify-request
3/22 3:8:57|Utils|getURLTracker|urlString = http://192.168.1.96:19001/nsecom, requestOrResponce = request
3/22 3:8:57|Utils|isSplit|Method called.
3/22 3:8:57|Utils|isSplit|result = false
3/22 3:8:57|Utils|isSplitForTimeDiff|Method called.
3/22 3:8:57|Utils|isSplit|result = false
3/22 3:8:57|Utils|isSplitForURLType|Method called.
3/22 3:8:57|Utils|isSplit|isSplitForURLType = false
3/22 3:8:57|RecordingHttpListener|observe|Method Called for sTopic=http-on-modify-request
3/22 3:8:57|Utils|getURLTracker|urlString = http://192.168.1.96:19001/nsecom, requestOrResponce = request
3/22 3:8:57|Utils|isSplit|Method called.
3/22 3:8:57|Utils|isSplit|result = false
3/22 3:8:57|Utils|isSplitForTimeDiff|Method called.
3/22 3:8:57|Utils|isSplit|result = false
3/22 3:8:57|Utils|isSplitForURLType|Method called.
3/22 3:8:57|Utils|isSplit|isSplitForURLType = false
3/22 3:8:57|RecordingHttpListener|observe|Method Called for sTopic=http-on-modify-request
3/22 3:8:57|Utils|getURLTracker|urlString = http://192.168.1.96:19001/nsecom, requestOrResponce = request
3/22 3:8:57|Utils|isSplit|Method called.
3/22 3:8:57|Utils|isSplit|result = false
3/22 3:8:57|Utils|isSplitForTimeDiff|Method called.
3/22 3:8:57|Utils|isSplit|result = false
3/22 3:8:57|Utils|isSplitForURLType|Method called.
3/22 3:8:57|Utils|isSplit|isSplitForURLType = false
3/22 3:8:57|RecordingHttpListener|observe|Method Called for sTopic=http-on-modify-request
3/22 3:8:57|Utils|getURLTracker|urlString = http://192.168.1.96:19001/nsecom, requestOrResponce = request
3/22 3:8:57|Utils|isSplit|Method called.
3/22 3:8:57|Utils|isSplit|result = false
3/22 3:8:57|Utils|isSplitForTimeDiff|Method called.
3/22 3:8:57|Utils|isSplit|result = false
3/22 3:8:57|Utils|isSplitForURLType|Method called.
3/22 3:8:57|Utils|isSplit|isSplitForURLType = false
3/22 3:8:57|RecordingHttpListener|observe|Method Called for sTopic=http-on-modify-request
3/22 3:8:57|Utils|getURLTracker|urlString = http://192.168.1.96:19001/nsecom, requestOrResponce = request
3/22 3:8:57|Utils|isSplit|Method called.
3/22 3:8:57|Utils|isSplit|result = false
3/22 3:8:57|Utils|isSplitForTimeDiff|Method called.
3/22 3:8:57|Utils|isSplit|result = false
3/22 3:8:57|Utils|isSplitForURLType|Method called.
3/22 3:8:57|Utils|isSplit|isSplitForURLType = false
3/22 3:8:57|RecordingHttpListener|observe|Method Called for sTopic=http-on-modify-request
3/22 3:8:57|Utils|getURLTracker|urlString = http://192.168.1.96:19001/nsecom, requestOrResponce = request
3/22 3:8:57|Utils|isSplit|Method called.
3/22 3:8:57|Utils|isSplit|result = false
3/22 3:8:57|Utils|isSplitForTimeDiff|Method called.
3/22 3:8:57|Utils|isSplit|result = false
3/22 3:8:57|Utils|isSplitForURLType|Method called.
3/22 3:8:57|Utils|isSplit|isSplitForURLType = false
3/22 3:8:57|RecordingHttpListener|observe|Method Called for sTopic=http-on-modify-request
3/22 3:8:57|Utils|getURLTracker|urlString = http://192.168.1.96:19001/nsecom, requestOrResponce = request
3/22 3:8:57|Utils|isSplit|Method called.
3/22 3:8:57|Utils|isSplit|result = false
3/22 3:8:57|Utils|isSplitForTimeDiff|Method called.
3/22 3:8:57|Utils|isSplit|result = false
3/22 3:8:57|Utils|isSplitForURLType|Method called.
3/22 3:8:57|Utils|isSplit|isSplitForURLType = false
3/22 3:8:57|RecordingHttpListener|observe|Method Called for sTopic=http-on-modify-request
3/22 3:8:57|Utils|getURLTracker|urlString = http://192.168.1.96:19001/nsecom, requestOrResponce = request
3/22 3:8:57|Utils|isSplit|Method called.
3/22 3:8:57|Utils|isSplit|result = false
3/22 3:8:57|Utils|isSplitForTimeDiff|Method called.
3/22 3:8:57|Utils|isSplit|result = false
3/22 3:8:57|Utils|isSplitForURLType|Method called.
3/22 3:8:57|Utils|isSplit|isSplitForURLType = false
3/22 3:8:57|RecordingHttpListener|observe|Method Called for sTopic=http-on-modify-request
3/22 3:8:57|Utils|getURLTracker|urlString = http://192.168.1.96:19001/nsecom, requestOrResponce = request
3/22 3:8:57|Utils|isSplit|Method called.
3/22 3:8:57|Utils|isSplit|result = false
3/22 3:8:57|Utils|isSplitForTimeDiff|Method called.
3/22 3:8:57|Utils|isSplit|result = false
3/22 3:8:57|Utils|isSplitForURLType|Method called.
3/22 3:8:57|Utils|isSplit|isSplitForURLType = false
3/22 3:8:57|RecordingHttpListener|observe|Method Called for sTopic=http-on-modify-request
3/22 3:8:57|Utils|getURLTracker|urlString = http://192.168.1.96:19001/nsecom, requestOrResponce = request
3/22 3:8:57|Utils|isSplit|Method called.
3/22 3:8:57|Utils|isSplit|result = false
3/22 3:8:57|Utils|isSplitForTimeDiff|Method called.
3/22 3:8:57|Utils|isSplit|result = false
3/22 3:8:57|Utils|isSplitForURLType|Method called.
3/22 3:8:57|Utils|isSplit|isSplitForURLType = false
3/22 3:8:57|RecordingHttpListener|observe|Method Called for sTopic=http-on-modify-request
3/22 3:8:57|Utils|getURLTracker|urlString = http://192.168.1.96:19001/nsecom, requestOrResponce = request
3/22 3:8:57|Utils|isSplit|Method called.
3/22 3:8:57|Utils|isSplit|result = false
3/22 3:8:57|Utils|isSplitForTimeDiff|Method called.
3/22 3:8:57|Utils|isSplit|result = false
3/22 3:8:57|Utils|isSplitForURLType|Method called.
3/22 3:8:57|Utils|isSplit|isSplitForURLType = false
3/22 3:8:57|NetStormBrowserNavigationEventListener|navigationStarted|Method Called for URL=http://192.168.1.96:19001/nsecom
3/22 3:8:57|NetStormBrowserNavigationEventListener|navigationStarted|Begin Loading URL == http://192.168.1.96:19001/nsecom  ===== Begin = 1363945137078
3/22 3:8:57|Utils|getURLTracker|urlString = http://192.168.1.96:19001/nsecom, requestOrResponce = snapShot
3/22 3:8:57|RecordingHttpListener|observe|Method Called for sTopic=http-on-examine-response
3/22 3:8:57|Utils|getURLTracker|urlString = http://192.168.1.96:19001/nsecom, requestOrResponce = response
3/22 3:8:57|Utils|getRelativeTimeWithRespectOfStartRecordingTime|Method called.time stamp = 1363945137218
3/22 3:8:57|Utils|convertToSecond method called|time = 296.0
3/22 3:8:57|Utils|isSplit|Method called.
3/22 3:8:57|Utils|isSplit|Splitting for Ajax Header = false
3/22 3:8:57|Utils|isSplit|Splitting for method GET = false
3/22 3:8:57|Utils|isSplit|result = false
3/22 3:8:57|Utils|isSplitForTimeDiff|Method called.
3/22 3:8:57|Utils|isSplit|result = false
3/22 3:8:57|Utils|isSplitForURLType|Method called.
3/22 3:8:57|Utils|isSplitForURLType|value = false
3/22 3:8:57|Utils|isSplitForURLType|value = false
3/22 3:8:57|Utils|isSplitForURLType|value = false
3/22 3:8:57|Utils|isSplit|isSplitForURLType = false
3/22 3:8:57|Utils|getRelativeTimeWithRespectOfStartRecordingTime|Method called.time stamp = 1363945137218
3/22 3:8:57|Utils|convertToSecond method called|time = 296.0
3/22 3:8:57|Utils|getRelativeTimeWithRespectOfStartRecordingTime|Method called.time stamp = 1363945137218
3/22 3:8:57|Utils|convertToSecond method called|time = 296.0
3/22 3:8:57|RecordingHttpListener|observe|Method Called for sTopic=http-on-examine-response
3/22 3:8:57|RecordingHttpListener|observe|Method Called for sTopic=http-on-examine-response
3/22 3:8:57|RecordingHttpListener|observe|Method Called for sTopic=http-on-examine-response
3/22 3:8:57|RecordingHttpListener|observe|Method Called for sTopic=http-on-examine-response
3/22 3:8:57|RecordingHttpListener|observe|Method Called for sTopic=http-on-examine-response
3/22 3:8:57|RecordingHttpListener|observe|Method Called for sTopic=http-on-examine-response
3/22 3:8:57|RecordingHttpListener|observe|Method Called for sTopic=http-on-examine-response
3/22 3:8:57|RecordingHttpListener|observe|Method Called for sTopic=http-on-examine-response
3/22 3:8:57|RecordingHttpListener|observe|Method Called for sTopic=http-on-examine-response
3/22 3:8:57|RecordingHttpListener|observe|Method Called for sTopic=http-on-examine-response
3/22 3:8:57|RecordingHttpListener|observe|Method Called for sTopic=http-on-examine-response
3/22 3:8:57|RecordingHttpListener|observe|Method Called for sTopic=http-on-examine-response
3/22 3:8:57|RecordingHttpListener|observe|Method Called for sTopic=http-on-examine-response
3/22 3:8:57|RecordingHttpListener|observe|Method Called for sTopic=http-on-examine-response
3/22 3:8:57|NetStormBrowserNavigationEventListener|navigationStarted|Method Called for URL=http://192.168.1.96:19001/nsecom
3/22 3:8:57|NetStormBrowserNavigationEventListener|navigationStarted|Begin Loading URL == http://192.168.1.96:19001/nsecom  ===== Begin = 1363945137250
3/22 3:8:57|Utils|getURLTracker|urlString = http://192.168.1.96:19001/nsecom, requestOrResponce = snapShot
3/22 3:8:57|RecordingHttpListener|observe|Method Called for sTopic=http-on-modify-request
3/22 3:8:57|Utils|getURLTracker|urlString = http://192.168.1.96:19001/nsecom/, requestOrResponce = request
3/22 3:8:57|Utils|getRelativeTimeWithRespectOfStartRecordingTime|Method called.time stamp = 1363945137250
3/22 3:8:57|Utils|convertToSecond method called|time = 328.0
3/22 3:8:57|Utils|isSplit|Method called.
3/22 3:8:57|Utils|isSplit|Splitting for Ajax Header = false
3/22 3:8:57|Utils|isSplit|Splitting for method GET = false
3/22 3:8:57|Utils|isSplit|result = false
3/22 3:8:57|Utils|isSplitForTimeDiff|Method called.
3/22 3:8:57|Utils|isSplit|Splitting for time 0.03200000000000003 = false
3/22 3:8:57|Utils|isSplit|result = false
3/22 3:8:57|Utils|isSplitForURLType|Method called.
3/22 3:8:57|Utils|isSplitForURLType|value = false
3/22 3:8:57|Utils|isSplitForURLType|value = false
3/22 3:8:57|Utils|isSplit|isSplitForURLType = false
3/22 3:8:57|RecordingHttpListener|observe|Method Called for sTopic=http-on-modify-request
3/22 3:8:57|Utils|getURLTracker|urlString = http://192.168.1.96:19001/nsecom/, requestOrResponce = request
3/22 3:8:57|Utils|isSplit|Method called.
3/22 3:8:57|Utils|isSplit|result = false
3/22 3:8:57|Utils|isSplitForTimeDiff|Method called.
3/22 3:8:57|Utils|isSplit|result = false
3/22 3:8:57|Utils|isSplitForURLType|Method called.
3/22 3:8:57|Utils|isSplit|isSplitForURLType = false
3/22 3:8:57|RecordingHttpListener|observe|Method Called for sTopic=http-on-modify-request
3/22 3:8:57|Utils|getURLTracker|urlString = http://192.168.1.96:19001/nsecom/, requestOrResponce = request
3/22 3:8:57|Utils|isSplit|Method called.
3/22 3:8:57|Utils|isSplit|result = false
3/22 3:8:57|Utils|isSplitForTimeDiff|Method called.
3/22 3:8:57|Utils|isSplit|result = false
3/22 3:8:57|Utils|isSplitForURLType|Method called.
3/22 3:8:57|Utils|isSplit|isSplitForURLType = false
3/22 3:8:57|RecordingHttpListener|observe|Method Called for sTopic=http-on-modify-request
3/22 3:8:57|Utils|getURLTracker|urlString = http://192.168.1.96:19001/nsecom/, requestOrResponce = request
3/22 3:8:57|Utils|isSplit|Method called.
3/22 3:8:57|Utils|isSplit|result = false
3/22 3:8:57|Utils|isSplitForTimeDiff|Method called.
3/22 3:8:57|Utils|isSplit|result = false
3/22 3:8:57|Utils|isSplitForURLType|Method called.
3/22 3:8:57|Utils|isSplit|isSplitForURLType = false
3/22 3:8:57|RecordingHttpListener|observe|Method Called for sTopic=http-on-modify-request
3/22 3:8:57|Utils|getURLTracker|urlString = http://192.168.1.96:19001/nsecom/, requestOrResponce = request
3/22 3:8:57|Utils|isSplit|Method called.
3/22 3:8:57|Utils|isSplit|result = false
3/22 3:8:57|Utils|isSplitForTimeDiff|Method called.
3/22 3:8:57|Utils|isSplit|result = false
3/22 3:8:57|Utils|isSplitForURLType|Method called.
3/22 3:8:57|Utils|isSplit|isSplitForURLType = false
3/22 3:8:57|RecordingHttpListener|observe|Method Called for sTopic=http-on-modify-request
3/22 3:8:57|Utils|getURLTracker|urlString = http://192.168.1.96:19001/nsecom/, requestOrResponce = request
3/22 3:8:57|Utils|isSplit|Method called.
3/22 3:8:57|Utils|isSplit|result = false
3/22 3:8:57|Utils|isSplitForTimeDiff|Method called.
3/22 3:8:57|Utils|isSplit|result = false
3/22 3:8:57|Utils|isSplitForURLType|Method called.
3/22 3:8:57|Utils|isSplit|isSplitForURLType = false
3/22 3:8:57|RecordingHttpListener|observe|Method Called for sTopic=http-on-modify-request
3/22 3:8:57|Utils|getURLTracker|urlString = http://192.168.1.96:19001/nsecom/, requestOrResponce = request
3/22 3:8:57|Utils|isSplit|Method called.
3/22 3:8:57|Utils|isSplit|result = false
3/22 3:8:57|Utils|isSplitForTimeDiff|Method called.
3/22 3:8:57|Utils|isSplit|result = false
3/22 3:8:57|Utils|isSplitForURLType|Method called.
3/22 3:8:57|Utils|isSplit|isSplitForURLType = false
3/22 3:8:57|RecordingHttpListener|observe|Method Called for sTopic=http-on-modify-request
3/22 3:8:57|Utils|getURLTracker|urlString = http://192.168.1.96:19001/nsecom/, requestOrResponce = request
3/22 3:8:57|Utils|isSplit|Method called.
3/22 3:8:57|Utils|isSplit|result = false
3/22 3:8:57|Utils|isSplitForTimeDiff|Method called.
3/22 3:8:57|Utils|isSplit|result = false
3/22 3:8:57|Utils|isSplitForURLType|Method called.
3/22 3:8:57|Utils|isSplit|isSplitForURLType = false
3/22 3:8:57|RecordingHttpListener|observe|Method Called for sTopic=http-on-modify-request
3/22 3:8:57|Utils|getURLTracker|urlString = http://192.168.1.96:19001/nsecom/, requestOrResponce = request
3/22 3:8:57|Utils|isSplit|Method called.
3/22 3:8:57|Utils|isSplit|result = false
3/22 3:8:57|Utils|isSplitForTimeDiff|Method called.
3/22 3:8:57|Utils|isSplit|result = false
3/22 3:8:57|Utils|isSplitForURLType|Method called.
3/22 3:8:57|Utils|isSplit|isSplitForURLType = false
3/22 3:8:57|RecordingHttpListener|observe|Method Called for sTopic=http-on-modify-request
3/22 3:8:57|Utils|getURLTracker|urlString = http://192.168.1.96:19001/nsecom/, requestOrResponce = request
3/22 3:8:57|Utils|isSplit|Method called.
3/22 3:8:57|Utils|isSplit|result = false
3/22 3:8:57|Utils|isSplitForTimeDiff|Method called.
3/22 3:8:57|Utils|isSplit|result = false
3/22 3:8:57|Utils|isSplitForURLType|Method called.
3/22 3:8:57|Utils|isSplit|isSplitForURLType = false
3/22 3:8:57|RecordingHttpListener|observe|Method Called for sTopic=http-on-modify-request
3/22 3:8:57|Utils|getURLTracker|urlString = http://192.168.1.96:19001/nsecom/, requestOrResponce = request
3/22 3:8:57|Utils|isSplit|Method called.
3/22 3:8:57|Utils|isSplit|result = false
3/22 3:8:57|Utils|isSplitForTimeDiff|Method called.
3/22 3:8:57|Utils|isSplit|result = false
3/22 3:8:57|Utils|isSplitForURLType|Method called.
3/22 3:8:57|Utils|isSplit|isSplitForURLType = false
3/22 3:8:57|RecordingHttpListener|observe|Method Called for sTopic=http-on-modify-request
3/22 3:8:57|Utils|getURLTracker|urlString = http://192.168.1.96:19001/nsecom/, requestOrResponce = request
3/22 3:8:57|Utils|isSplit|Method called.
3/22 3:8:57|Utils|isSplit|result = false
3/22 3:8:57|Utils|isSplitForTimeDiff|Method called.
3/22 3:8:57|Utils|isSplit|result = false
3/22 3:8:57|Utils|isSplitForURLType|Method called.
3/22 3:8:57|Utils|isSplit|isSplitForURLType = false
3/22 3:8:57|RecordingHttpListener|observe|Method Called for sTopic=http-on-modify-request
3/22 3:8:57|Utils|getURLTracker|urlString = http://192.168.1.96:19001/nsecom/, requestOrResponce = request
3/22 3:8:57|Utils|isSplit|Method called.
3/22 3:8:57|Utils|isSplit|result = false
3/22 3:8:57|Utils|isSplitForTimeDiff|Method called.
3/22 3:8:57|Utils|isSplit|result = false
3/22 3:8:57|Utils|isSplitForURLType|Method called.
3/22 3:8:57|Utils|isSplit|isSplitForURLType = false
3/22 3:8:57|RecordingHttpListener|observe|Method Called for sTopic=http-on-modify-request
3/22 3:8:57|Utils|getURLTracker|urlString = http://192.168.1.96:19001/nsecom/, requestOrResponce = request
3/22 3:8:57|Utils|isSplit|Method called.
3/22 3:8:57|Utils|isSplit|result = false
3/22 3:8:57|Utils|isSplitForTimeDiff|Method called.
3/22 3:8:57|Utils|isSplit|result = false
3/22 3:8:57|Utils|isSplitForURLType|Method called.
3/22 3:8:57|Utils|isSplit|isSplitForURLType = false
3/22 3:8:57|RecordingHttpListener|observe|Method Called for sTopic=http-on-modify-request
3/22 3:8:57|Utils|getURLTracker|urlString = http://192.168.1.96:19001/nsecom/, requestOrResponce = request
3/22 3:8:57|Utils|isSplit|Method called.
3/22 3:8:57|Utils|isSplit|result = false
3/22 3:8:57|Utils|isSplitForTimeDiff|Method called.
3/22 3:8:57|Utils|isSplit|result = false
3/22 3:8:57|Utils|isSplitForURLType|Method called.
3/22 3:8:57|Utils|isSplit|isSplitForURLType = false
3/22 3:8:57|RecordingHttpListener|observe|Method Called for sTopic=http-on-examine-response
3/22 3:8:57|Utils|getURLTracker|urlString = http://192.168.1.96:19001/nsecom/, requestOrResponce = response
3/22 3:8:57|Utils|getRelativeTimeWithRespectOfStartRecordingTime|Method called.time stamp = 1363945137359
3/22 3:8:57|Utils|convertToSecond method called|time = 437.0
3/22 3:8:57|Utils|isSplit|Method called.
3/22 3:8:57|Utils|isSplit|Splitting for Ajax Header = false
3/22 3:8:57|Utils|isSplit|Splitting for method GET = false
3/22 3:8:57|Utils|isSplit|result = false
3/22 3:8:57|Utils|isSplitForTimeDiff|Method called.
3/22 3:8:57|Utils|isSplit|Splitting for time 0.03200000000000003 = false
3/22 3:8:57|Utils|isSplit|result = false
3/22 3:8:57|Utils|isSplitForURLType|Method called.
3/22 3:8:57|Utils|isSplitForURLType|value = false
3/22 3:8:57|Utils|isSplitForURLType|value = false
3/22 3:8:57|Utils|isSplitForURLType|value = false
3/22 3:8:57|Utils|isSplit|isSplitForURLType = false
3/22 3:8:57|Utils|getRelativeTimeWithRespectOfStartRecordingTime|Method called.time stamp = 1363945137359
3/22 3:8:57|Utils|convertToSecond method called|time = 437.0
3/22 3:8:57|Utils|getRelativeTimeWithRespectOfStartRecordingTime|Method called.time stamp = 1363945137359
3/22 3:8:57|Utils|convertToSecond method called|time = 437.0
3/22 3:8:57|RecordingHttpListener|observe|Method Called for sTopic=http-on-examine-response
3/22 3:8:57|RecordingHttpListener|observe|Method Called for sTopic=http-on-examine-response
3/22 3:8:57|RecordingHttpListener|observe|Method Called for sTopic=http-on-examine-response
3/22 3:8:57|RecordingHttpListener|observe|Method Called for sTopic=http-on-examine-response
3/22 3:8:57|RecordingHttpListener|observe|Method Called for sTopic=http-on-examine-response
3/22 3:8:57|RecordingHttpListener|observe|Method Called for sTopic=http-on-examine-response
3/22 3:8:57|RecordingHttpListener|observe|Method Called for sTopic=http-on-examine-response
3/22 3:8:57|RecordingHttpListener|observe|Method Called for sTopic=http-on-examine-response
3/22 3:8:57|RecordingHttpListener|observe|Method Called for sTopic=http-on-examine-response
3/22 3:8:57|RecordingHttpListener|observe|Method Called for sTopic=http-on-examine-response
3/22 3:8:57|RecordingHttpListener|observe|Method Called for sTopic=http-on-examine-response
3/22 3:8:57|RecordingHttpListener|observe|Method Called for sTopic=http-on-examine-response
3/22 3:8:57|RecordingHttpListener|observe|Method Called for sTopic=http-on-examine-response
3/22 3:8:57|RecordingHttpListener|observe|Method Called for sTopic=http-on-examine-response
3/22 3:8:57|RecordingHttpListener|onStartRequest|method called with request Name = http://192.168.1.96:19001/nsecom/
3/22 3:8:57|RecordingHttpListener|onStartRequest|method called with request Name = http://192.168.1.96:19001/nsecom/
3/22 3:8:57|Utils|getURLTracker|urlString = http://192.168.1.96:19001/nsecom/, requestOrResponce = snapShot
3/22 3:8:57|Utils|getURLTracker|urlString = http://192.168.1.96:19001/nsecom/, requestOrResponce = snapShot
3/22 3:8:57|RecordingHttpListener|onDataAvailable|method called for request=http://192.168.1.96:19001/nsecom/
3/22 3:8:57|RecordingHttpListener|onDataAvailable|Adding dump diretory with path=C:\Users\Compass-91\Desktop\recorder\scripts\NetDiagnostic/Weblogic/nsecom_new\dump\flow\192.168.1.96_19001/nsecom/
3/22 3:8:57|RecordingHttpListener|onDataAvailable|Calling onDataAvailable on original listener.
3/22 3:8:57|RecordingHttpListener|onDataAvailable|method called for request=http://192.168.1.96:19001/nsecom/
3/22 3:8:57|RecordingHttpListener|onDataAvailable|Adding dump diretory with path=C:\Users\Compass-91\Desktop\recorder\scripts\NetDiagnostic/Weblogic/nsecom_new\dump\flow\192.168.1.96_19001/nsecom/
3/22 3:8:57|RecordingHttpListener|onDataAvailable|Calling onDataAvailable on original listener.
3/22 3:8:57|RecordingHttpListener|observe|Method Called for sTopic=http-on-modify-request
3/22 3:8:57|Utils|getURLTracker|urlString = http://192.168.1.96:19001/nsecom/images/logo.png, requestOrResponce = request
3/22 3:8:57|Utils|getRelativeTimeWithRespectOfStartRecordingTime|Method called.time stamp = 1363945137390
3/22 3:8:57|Utils|convertToSecond method called|time = 468.0
3/22 3:8:57|Utils|isSplit|Method called.
3/22 3:8:57|Utils|isSplit|Splitting for Ajax Header = false
3/22 3:8:57|Utils|isSplit|Splitting for method GET = false
3/22 3:8:57|Utils|isSplit|result = false
3/22 3:8:57|Utils|isSplitForTimeDiff|Method called.
3/22 3:8:57|Utils|isSplit|Splitting for time 0.031000000000000028 = false
3/22 3:8:57|Utils|isSplit|result = false
3/22 3:8:57|Utils|isSplitForURLType|Method called.
3/22 3:8:57|Utils|isSplitForURLType|value = false
3/22 3:8:57|Utils|isSplitForURLType|value = false
3/22 3:8:57|Utils|isSplit|isSplitForURLType = false
3/22 3:8:57|RecordingHttpListener|observe|Method Called for sTopic=http-on-modify-request
3/22 3:8:57|Utils|getURLTracker|urlString = http://192.168.1.96:19001/nsecom/images/logo.png, requestOrResponce = request
3/22 3:8:57|Utils|isSplit|Method called.
3/22 3:8:57|Utils|isSplit|result = false
3/22 3:8:57|Utils|isSplitForTimeDiff|Method called.
3/22 3:8:57|Utils|isSplit|result = false
3/22 3:8:57|Utils|isSplitForURLType|Method called.
3/22 3:8:57|Utils|isSplit|isSplitForURLType = false
3/22 3:8:57|RecordingHttpListener|observe|Method Called for sTopic=http-on-modify-request
3/22 3:8:57|Utils|getURLTracker|urlString = http://192.168.1.96:19001/nsecom/images/logo.png, requestOrResponce = request
3/22 3:8:57|Utils|isSplit|Method called.
3/22 3:8:57|Utils|isSplit|result = false
3/22 3:8:57|Utils|isSplitForTimeDiff|Method called.
3/22 3:8:57|Utils|isSplit|result = false
3/22 3:8:57|Utils|isSplitForURLType|Method called.
3/22 3:8:57|Utils|isSplit|isSplitForURLType = false
3/22 3:8:57|RecordingHttpListener|observe|Method Called for sTopic=http-on-modify-request
3/22 3:8:57|Utils|getURLTracker|urlString = http://192.168.1.96:19001/nsecom/images/logo.png, requestOrResponce = request
3/22 3:8:57|Utils|isSplit|Method called.
3/22 3:8:57|Utils|isSplit|result = false
3/22 3:8:57|Utils|isSplitForTimeDiff|Method called.
3/22 3:8:57|Utils|isSplit|result = false
3/22 3:8:57|Utils|isSplitForURLType|Method called.
3/22 3:8:57|Utils|isSplit|isSplitForURLType = false
3/22 3:8:57|RecordingHttpListener|observe|Method Called for sTopic=http-on-modify-request
3/22 3:8:57|Utils|getURLTracker|urlString = http://192.168.1.96:19001/nsecom/images/logo.png, requestOrResponce = request
3/22 3:8:57|Utils|isSplit|Method called.
3/22 3:8:57|Utils|isSplit|result = false
3/22 3:8:57|Utils|isSplitForTimeDiff|Method called.
3/22 3:8:57|Utils|isSplit|result = false
3/22 3:8:57|Utils|isSplitForURLType|Method called.
3/22 3:8:57|Utils|isSplit|isSplitForURLType = false
3/22 3:8:57|RecordingHttpListener|observe|Method Called for sTopic=http-on-modify-request
3/22 3:8:57|Utils|getURLTracker|urlString = http://192.168.1.96:19001/nsecom/images/logo.png, requestOrResponce = request
3/22 3:8:57|Utils|isSplit|Method called.
3/22 3:8:57|Utils|isSplit|result = false
3/22 3:8:57|Utils|isSplitForTimeDiff|Method called.
3/22 3:8:57|Utils|isSplit|result = false
3/22 3:8:57|Utils|isSplitForURLType|Method called.
3/22 3:8:57|Utils|isSplit|isSplitForURLType = false
3/22 3:8:57|RecordingHttpListener|observe|Method Called for sTopic=http-on-modify-request
3/22 3:8:57|Utils|getURLTracker|urlString = http://192.168.1.96:19001/nsecom/images/logo.png, requestOrResponce = request
3/22 3:8:57|Utils|isSplit|Method called.
3/22 3:8:57|Utils|isSplit|result = false
3/22 3:8:57|Utils|isSplitForTimeDiff|Method called.
3/22 3:8:57|Utils|isSplit|result = false
3/22 3:8:57|Utils|isSplitForURLType|Method called.
3/22 3:8:57|Utils|isSplit|isSplitForURLType = false
3/22 3:8:57|RecordingHttpListener|observe|Method Called for sTopic=http-on-modify-request
3/22 3:8:57|Utils|getURLTracker|urlString = http://192.168.1.96:19001/nsecom/images/logo.png, requestOrResponce = request
3/22 3:8:57|Utils|isSplit|Method called.
3/22 3:8:57|Utils|isSplit|result = false
3/22 3:8:57|Utils|isSplitForTimeDiff|Method called.
3/22 3:8:57|Utils|isSplit|result = false
3/22 3:8:57|Utils|isSplitForURLType|Method called.
3/22 3:8:57|Utils|isSplit|isSplitForURLType = false
3/22 3:8:57|RecordingHttpListener|observe|Method Called for sTopic=http-on-modify-request
3/22 3:8:57|Utils|getURLTracker|urlString = http://192.168.1.96:19001/nsecom/images/logo.png, requestOrResponce = request
3/22 3:8:57|Utils|isSplit|Method called.
3/22 3:8:57|Utils|isSplit|result = false
3/22 3:8:57|Utils|isSplitForTimeDiff|Method called.
3/22 3:8:57|Utils|isSplit|result = false
3/22 3:8:57|Utils|isSplitForURLType|Method called.
3/22 3:8:57|Utils|isSplit|isSplitForURLType = false
3/22 3:8:57|RecordingHttpListener|observe|Method Called for sTopic=http-on-modify-request
3/22 3:8:57|Utils|getURLTracker|urlString = http://192.168.1.96:19001/nsecom/images/logo.png, requestOrResponce = request
3/22 3:8:57|Utils|isSplit|Method called.
3/22 3:8:57|Utils|isSplit|result = false
3/22 3:8:57|Utils|isSplitForTimeDiff|Method called.
3/22 3:8:57|Utils|isSplit|result = false
3/22 3:8:57|Utils|isSplitForURLType|Method called.
3/22 3:8:57|Utils|isSplit|isSplitForURLType = false
3/22 3:8:57|RecordingHttpListener|observe|Method Called for sTopic=http-on-modify-request
3/22 3:8:57|Utils|getURLTracker|urlString = http://192.168.1.96:19001/nsecom/images/logo.png, requestOrResponce = request
3/22 3:8:57|Utils|isSplit|Method called.
3/22 3:8:57|Utils|isSplit|result = false
3/22 3:8:57|Utils|isSplitForTimeDiff|Method called.
3/22 3:8:57|Utils|isSplit|result = false
3/22 3:8:57|Utils|isSplitForURLType|Method called.
3/22 3:8:57|Utils|isSplit|isSplitForURLType = false
3/22 3:8:57|RecordingHttpListener|observe|Method Called for sTopic=http-on-modify-request
3/22 3:8:57|Utils|getURLTracker|urlString = http://192.168.1.96:19001/nsecom/images/logo.png, requestOrResponce = request
3/22 3:8:57|Utils|isSplit|Method called.
3/22 3:8:57|Utils|isSplit|result = false
3/22 3:8:57|Utils|isSplitForTimeDiff|Method called.
3/22 3:8:57|Utils|isSplit|result = false
3/22 3:8:57|Utils|isSplitForURLType|Method called.
3/22 3:8:57|Utils|isSplit|isSplitForURLType = false
3/22 3:8:57|RecordingHttpListener|observe|Method Called for sTopic=http-on-modify-request
3/22 3:8:57|Utils|getURLTracker|urlString = http://192.168.1.96:19001/nsecom/images/logo.png, requestOrResponce = request
3/22 3:8:57|Utils|isSplit|Method called.
3/22 3:8:57|Utils|isSplit|result = false
3/22 3:8:57|Utils|isSplitForTimeDiff|Method called.
3/22 3:8:57|Utils|isSplit|result = false
3/22 3:8:57|Utils|isSplitForURLType|Method called.
3/22 3:8:57|Utils|isSplit|isSplitForURLType = false
3/22 3:8:57|RecordingHttpListener|observe|Method Called for sTopic=http-on-modify-request
3/22 3:8:57|Utils|getURLTracker|urlString = http://192.168.1.96:19001/nsecom/images/logo.png, requestOrResponce = request
3/22 3:8:57|Utils|isSplit|Method called.
3/22 3:8:57|Utils|isSplit|result = false
3/22 3:8:57|Utils|isSplitForTimeDiff|Method called.
3/22 3:8:57|Utils|isSplit|result = false
3/22 3:8:57|Utils|isSplitForURLType|Method called.
3/22 3:8:57|Utils|isSplit|isSplitForURLType = false
3/22 3:8:57|RecordingHttpListener|observe|Method Called for sTopic=http-on-modify-request
3/22 3:8:57|Utils|getURLTracker|urlString = http://192.168.1.96:19001/nsecom/images/logo.png, requestOrResponce = request
3/22 3:8:57|Utils|isSplit|Method called.
3/22 3:8:57|Utils|isSplit|result = false
3/22 3:8:57|Utils|isSplitForTimeDiff|Method called.
3/22 3:8:57|Utils|isSplit|result = false
3/22 3:8:57|Utils|isSplitForURLType|Method called.
3/22 3:8:57|Utils|isSplit|isSplitForURLType = false
3/22 3:8:57|RecordingHttpListener|onStopRequest|method called for request=http://192.168.1.96:19001/nsecom/
3/22 3:8:57|RecordingHttpListener|onStopRequest|method called for request=http://192.168.1.96:19001/nsecom/
3/22 3:8:57|RecordingHttpListener|observe|Method Called for sTopic=http-on-examine-response
3/22 3:8:57|Utils|getURLTracker|urlString = http://192.168.1.96:19001/nsecom/images/logo.png, requestOrResponce = response
3/22 3:8:57|Utils|getRelativeTimeWithRespectOfStartRecordingTime|Method called.time stamp = 1363945137484
3/22 3:8:57|Utils|convertToSecond method called|time = 562.0
3/22 3:8:57|Utils|isSplit|Method called.
3/22 3:8:57|Utils|isSplit|Splitting for Ajax Header = false
3/22 3:8:57|Utils|isSplit|Splitting for method GET = false
3/22 3:8:57|Utils|isSplit|result = false
3/22 3:8:57|Utils|isSplitForTimeDiff|Method called.
3/22 3:8:57|Utils|isSplit|Splitting for time 0.031000000000000028 = false
3/22 3:8:57|Utils|isSplit|result = false
3/22 3:8:57|Utils|isSplitForURLType|Method called.
3/22 3:8:57|Utils|isSplitForURLType|value = false
3/22 3:8:57|Utils|isSplitForURLType|value = false
3/22 3:8:57|Utils|isSplitForURLType|value = false
3/22 3:8:57|Utils|isSplit|isSplitForURLType = false
3/22 3:8:57|Utils|getRelativeTimeWithRespectOfStartRecordingTime|Method called.time stamp = 1363945137484
3/22 3:8:57|Utils|convertToSecond method called|time = 562.0
3/22 3:8:57|Utils|getRelativeTimeWithRespectOfStartRecordingTime|Method called.time stamp = 1363945137484
3/22 3:8:57|Utils|convertToSecond method called|time = 562.0
3/22 3:8:57|RecordingHttpListener|observe|Method Called for sTopic=http-on-examine-response
3/22 3:8:57|RecordingHttpListener|observe|Method Called for sTopic=http-on-examine-response
3/22 3:8:57|RecordingHttpListener|observe|Method Called for sTopic=http-on-examine-response
3/22 3:8:57|RecordingHttpListener|observe|Method Called for sTopic=http-on-examine-response
3/22 3:8:57|RecordingHttpListener|observe|Method Called for sTopic=http-on-examine-response
3/22 3:8:57|RecordingHttpListener|observe|Method Called for sTopic=http-on-examine-response
3/22 3:8:57|RecordingHttpListener|observe|Method Called for sTopic=http-on-examine-response
3/22 3:8:57|RecordingHttpListener|observe|Method Called for sTopic=http-on-examine-response
3/22 3:8:57|RecordingHttpListener|observe|Method Called for sTopic=http-on-examine-response
3/22 3:8:57|RecordingHttpListener|observe|Method Called for sTopic=http-on-examine-response
3/22 3:8:57|RecordingHttpListener|observe|Method Called for sTopic=http-on-examine-response
3/22 3:8:57|RecordingHttpListener|observe|Method Called for sTopic=http-on-examine-response
3/22 3:8:57|RecordingHttpListener|observe|Method Called for sTopic=http-on-examine-response
3/22 3:8:57|RecordingHttpListener|observe|Method Called for sTopic=http-on-examine-response
3/22 3:8:57|RecordingHttpListener|onStartRequest|method called with request Name = http://192.168.1.96:19001/nsecom/images/logo.png
3/22 3:8:57|Utils|getURLTracker|urlString = http://192.168.1.96:19001/nsecom/images/logo.png, requestOrResponce = snapShot
3/22 3:8:57|RecordingHttpListener|onDataAvailable|method called for request=http://192.168.1.96:19001/nsecom/images/logo.png
3/22 3:8:57|RecordingHttpListener|onDataAvailable|Adding dump diretory with path=C:\Users\Compass-91\Desktop\recorder\scripts\NetDiagnostic/Weblogic/nsecom_new\dump\flow\192.168.1.96_19001/nsecom/images/
3/22 3:8:57|RecordingHttpListener|onDataAvailable|Calling onDataAvailable on original listener.
3/22 3:8:57|RecordingHttpListener|onDataAvailable|method called for request=http://192.168.1.96:19001/nsecom/images/logo.png
3/22 3:8:57|RecordingHttpListener|onDataAvailable|Adding dump diretory with path=C:\Users\Compass-91\Desktop\recorder\scripts\NetDiagnostic/Weblogic/nsecom_new\dump\flow\192.168.1.96_19001/nsecom/images/
3/22 3:8:57|RecordingHttpListener|onDataAvailable|Calling onDataAvailable on original listener.
3/22 3:8:57|RecordingHttpListener|onStopRequest|method called for request=http://192.168.1.96:19001/nsecom/images/logo.png
3/22 3:8:57|NetStormBrowserNavigationEventListener|navigationFinished|Method Called for URL=http://192.168.1.96:19001/nsecom/
3/22 3:8:57|NetStormBrowserNavigationEventListener|NavigationFinishEventRunner|constructor called for url=http://192.168.1.96:19001/nsecom/
3/22 3:8:57|MainFrame|updateBackForwardButtons|method Called.
3/22 3:8:57|NetStormBrowserNavigationEventListener|setupListeners|Method Called.
3/22 3:8:57|NetstormCEventListener|addAllHTMLElementsListeners|Method Called.
3/22 3:8:57|Utils|filterPath|path = http://192.168.1.96:19001/nsecom/
3/22 3:8:57|Utils|getFileName|path = http://192.168.1.96:19001/nsecom/
3/22 3:8:57|Utils|getFileName|filename for dump = index.html
3/22 3:8:57|Utils|saveBrowserDocument|title = C:\Users\Compass-91\Desktop\recorder\scripts\NetDiagnostic\Weblogic\nsecom_new\dump\flow\192.168.1.96_19001\nsecom\index.html
3/22 3:8:57|Utils|getURLTracker|urlString = http://192.168.1.96:19001/nsecom/, requestOrResponce = snapShot
3/22 3:8:57|ScriptHTMLStart|run|Going to call init method.
3/22 3:8:57|NSBrowser|init|Method called.
3/22 3:8:57|WebCFormattor||constructor called.
3/22 3:8:57|NSBrowser|execute|Method Called.
3/22 3:8:57|NSBrowser|execute|DOM Core supported 
3/22 3:8:57|NSBrowser|execute|DOM XML supported 
3/22 3:8:57|NSBrowser|execute|DOM HTML supported 
3/22 3:8:57|NSBrowser|execute|DOM Views supported 
3/22 3:8:57|NSBrowser|execute|DOM StyleSheets supported 
3/22 3:8:57|NSBrowser|execute|DOM CSS supported 
3/22 3:8:57|NSBrowser|execute|DOM CSS2 supported 
3/22 3:8:57|NSBrowser|execute|DOM Events supported 
3/22 3:8:57|NSBrowser|execute|DOM UIEvents supported 
3/22 3:8:57|NSBrowser|execute|DOM MouseEvents supported 
3/22 3:8:57|NSBrowser|execute|DOM MutationEvents not supported 
3/22 3:8:57|NSBrowser|execute|DOM HTMLEvents supported 
3/22 3:8:57|NSBrowser|execute|DOM Traversal not supported 
3/22 3:8:57|NSBrowser|execute|DOM Range supported 
3/22 3:8:57|ScriptHTMLStart|Recording|Thread state =2
3/22 3:8:57|ScriptHTMLStart|run|Setting thread state.State of Thread - 2
3/22 3:9:0|NetstormCEventListener|handleEvent|Method Called.
3/22 3:9:0|NetstormCEventListener|dumpEvent|Method Called. Event Type: click
 Tag Name = A
3/22 3:9:0|NetstormCEventListener|dumpLinkElement|Method Called.
3/22 3:9:0|Utils|setRecordingComments|method called.
3/22 3:9:0|RecordingHttpListener|observe|Method Called for sTopic=http-on-modify-request
3/22 3:9:0|Utils|getURLTracker|urlString = http://192.168.1.96:19001/nsecom/jsp/HomePage.jsp, requestOrResponce = request
3/22 3:9:0|Utils|getRelativeTimeWithRespectOfStartRecordingTime|Method called.time stamp = 1363945140338
3/22 3:9:0|Utils|convertToSecond method called|time = 3416.0
3/22 3:9:0|Utils|isSplit|Method called.
3/22 3:9:0|Utils|isSplit|Splitting for Ajax Header = false
3/22 3:9:0|Utils|isSplit|Splitting for method GET = false
3/22 3:9:0|Utils|isSplit|result = false
3/22 3:9:0|Utils|isSplitForTimeDiff|Method called.
3/22 3:9:0|Utils|isSplit|Splitting for time 2.854 = false
3/22 3:9:0|Utils|isSplit|result = false
3/22 3:9:0|Utils|isSplitForURLType|Method called.
3/22 3:9:0|Utils|isSplitForURLType|value = false
3/22 3:9:0|Utils|isSplitForURLType|value = false
3/22 3:9:0|Utils|isSplit|isSplitForURLType = false
3/22 3:9:0|RecordingHttpListener|observe|Method Called for sTopic=http-on-modify-request
3/22 3:9:0|Utils|getURLTracker|urlString = http://192.168.1.96:19001/nsecom/jsp/HomePage.jsp, requestOrResponce = request
3/22 3:9:0|Utils|isSplit|Method called.
3/22 3:9:0|Utils|isSplit|result = false
3/22 3:9:0|Utils|isSplitForTimeDiff|Method called.
3/22 3:9:0|Utils|isSplit|result = false
3/22 3:9:0|Utils|isSplitForURLType|Method called.
3/22 3:9:0|Utils|isSplit|isSplitForURLType = false
3/22 3:9:0|RecordingHttpListener|observe|Method Called for sTopic=http-on-modify-request
3/22 3:9:0|Utils|getURLTracker|urlString = http://192.168.1.96:19001/nsecom/jsp/HomePage.jsp, requestOrResponce = request
3/22 3:9:0|Utils|isSplit|Method called.
3/22 3:9:0|Utils|isSplit|result = false
3/22 3:9:0|Utils|isSplitForTimeDiff|Method called.
3/22 3:9:0|Utils|isSplit|result = false
3/22 3:9:0|Utils|isSplitForURLType|Method called.
3/22 3:9:0|Utils|isSplit|isSplitForURLType = false
3/22 3:9:0|RecordingHttpListener|observe|Method Called for sTopic=http-on-modify-request
3/22 3:9:0|Utils|getURLTracker|urlString = http://192.168.1.96:19001/nsecom/jsp/HomePage.jsp, requestOrResponce = request
3/22 3:9:0|Utils|isSplit|Method called.
3/22 3:9:0|Utils|isSplit|result = false
3/22 3:9:0|Utils|isSplitForTimeDiff|Method called.
3/22 3:9:0|Utils|isSplit|result = false
3/22 3:9:0|Utils|isSplitForURLType|Method called.
3/22 3:9:0|Utils|isSplit|isSplitForURLType = false
3/22 3:9:0|RecordingHttpListener|observe|Method Called for sTopic=http-on-modify-request
3/22 3:9:0|Utils|getURLTracker|urlString = http://192.168.1.96:19001/nsecom/jsp/HomePage.jsp, requestOrResponce = request
3/22 3:9:0|Utils|isSplit|Method called.
3/22 3:9:0|Utils|isSplit|result = false
3/22 3:9:0|Utils|isSplitForTimeDiff|Method called.
3/22 3:9:0|Utils|isSplit|result = false
3/22 3:9:0|Utils|isSplitForURLType|Method called.
3/22 3:9:0|Utils|isSplit|isSplitForURLType = false
3/22 3:9:0|RecordingHttpListener|observe|Method Called for sTopic=http-on-modify-request
3/22 3:9:0|Utils|getURLTracker|urlString = http://192.168.1.96:19001/nsecom/jsp/HomePage.jsp, requestOrResponce = request
3/22 3:9:0|Utils|isSplit|Method called.
3/22 3:9:0|Utils|isSplit|result = false
3/22 3:9:0|Utils|isSplitForTimeDiff|Method called.
3/22 3:9:0|Utils|isSplit|result = false
3/22 3:9:0|Utils|isSplitForURLType|Method called.
3/22 3:9:0|Utils|isSplit|isSplitForURLType = false
3/22 3:9:0|RecordingHttpListener|observe|Method Called for sTopic=http-on-modify-request
3/22 3:9:0|Utils|getURLTracker|urlString = http://192.168.1.96:19001/nsecom/jsp/HomePage.jsp, requestOrResponce = request
3/22 3:9:0|Utils|isSplit|Method called.
3/22 3:9:0|Utils|isSplit|result = false
3/22 3:9:0|Utils|isSplitForTimeDiff|Method called.
3/22 3:9:0|Utils|isSplit|result = false
3/22 3:9:0|Utils|isSplitForURLType|Method called.
3/22 3:9:0|Utils|isSplit|isSplitForURLType = false
3/22 3:9:0|RecordingHttpListener|observe|Method Called for sTopic=http-on-modify-request
3/22 3:9:0|Utils|getURLTracker|urlString = http://192.168.1.96:19001/nsecom/jsp/HomePage.jsp, requestOrResponce = request
3/22 3:9:0|Utils|isSplit|Method called.
3/22 3:9:0|Utils|isSplit|result = false
3/22 3:9:0|Utils|isSplitForTimeDiff|Method called.
3/22 3:9:0|Utils|isSplit|result = false
3/22 3:9:0|Utils|isSplitForURLType|Method called.
3/22 3:9:0|Utils|isSplit|isSplitForURLType = false
3/22 3:9:0|RecordingHttpListener|observe|Method Called for sTopic=http-on-modify-request
3/22 3:9:0|Utils|getURLTracker|urlString = http://192.168.1.96:19001/nsecom/jsp/HomePage.jsp, requestOrResponce = request
3/22 3:9:0|Utils|isSplit|Method called.
3/22 3:9:0|Utils|isSplit|result = false
3/22 3:9:0|Utils|isSplitForTimeDiff|Method called.
3/22 3:9:0|Utils|isSplit|result = false
3/22 3:9:0|Utils|isSplitForURLType|Method called.
3/22 3:9:0|Utils|isSplit|isSplitForURLType = false
3/22 3:9:0|RecordingHttpListener|observe|Method Called for sTopic=http-on-modify-request
3/22 3:9:0|Utils|getURLTracker|urlString = http://192.168.1.96:19001/nsecom/jsp/HomePage.jsp, requestOrResponce = request
3/22 3:9:0|Utils|isSplit|Method called.
3/22 3:9:0|Utils|isSplit|result = false
3/22 3:9:0|Utils|isSplitForTimeDiff|Method called.
3/22 3:9:0|Utils|isSplit|result = false
3/22 3:9:0|Utils|isSplitForURLType|Method called.
3/22 3:9:0|Utils|isSplit|isSplitForURLType = false
3/22 3:9:0|RecordingHttpListener|observe|Method Called for sTopic=http-on-modify-request
3/22 3:9:0|Utils|getURLTracker|urlString = http://192.168.1.96:19001/nsecom/jsp/HomePage.jsp, requestOrResponce = request
3/22 3:9:0|Utils|isSplit|Method called.
3/22 3:9:0|Utils|isSplit|result = false
3/22 3:9:0|Utils|isSplitForTimeDiff|Method called.
3/22 3:9:0|Utils|isSplit|result = false
3/22 3:9:0|Utils|isSplitForURLType|Method called.
3/22 3:9:0|Utils|isSplit|isSplitForURLType = false
3/22 3:9:0|RecordingHttpListener|observe|Method Called for sTopic=http-on-modify-request
3/22 3:9:0|Utils|getURLTracker|urlString = http://192.168.1.96:19001/nsecom/jsp/HomePage.jsp, requestOrResponce = request
3/22 3:9:0|Utils|isSplit|Method called.
3/22 3:9:0|Utils|isSplit|result = false
3/22 3:9:0|Utils|isSplitForTimeDiff|Method called.
3/22 3:9:0|Utils|isSplit|result = false
3/22 3:9:0|Utils|isSplitForURLType|Method called.
3/22 3:9:0|Utils|isSplit|isSplitForURLType = false
3/22 3:9:0|RecordingHttpListener|observe|Method Called for sTopic=http-on-modify-request
3/22 3:9:0|Utils|getURLTracker|urlString = http://192.168.1.96:19001/nsecom/jsp/HomePage.jsp, requestOrResponce = request
3/22 3:9:0|Utils|isSplit|Method called.
3/22 3:9:0|Utils|isSplit|result = false
3/22 3:9:0|Utils|isSplitForTimeDiff|Method called.
3/22 3:9:0|Utils|isSplit|result = false
3/22 3:9:0|Utils|isSplitForURLType|Method called.
3/22 3:9:0|Utils|isSplit|isSplitForURLType = false
3/22 3:9:0|RecordingHttpListener|observe|Method Called for sTopic=http-on-modify-request
3/22 3:9:0|Utils|getURLTracker|urlString = http://192.168.1.96:19001/nsecom/jsp/HomePage.jsp, requestOrResponce = request
3/22 3:9:0|Utils|isSplit|Method called.
3/22 3:9:0|Utils|isSplit|result = false
3/22 3:9:0|Utils|isSplitForTimeDiff|Method called.
3/22 3:9:0|Utils|isSplit|result = false
3/22 3:9:0|Utils|isSplitForURLType|Method called.
3/22 3:9:0|Utils|isSplit|isSplitForURLType = false
3/22 3:9:0|RecordingHttpListener|observe|Method Called for sTopic=http-on-modify-request
3/22 3:9:0|Utils|getURLTracker|urlString = http://192.168.1.96:19001/nsecom/jsp/HomePage.jsp, requestOrResponce = request
3/22 3:9:0|Utils|isSplit|Method called.
3/22 3:9:0|Utils|isSplit|result = false
3/22 3:9:0|Utils|isSplitForTimeDiff|Method called.
3/22 3:9:0|Utils|isSplit|result = false
3/22 3:9:0|Utils|isSplitForURLType|Method called.
3/22 3:9:0|Utils|isSplit|isSplitForURLType = false
3/22 3:9:0|NetStormBrowserNavigationEventListener|navigationStarted|Method Called for URL=http://192.168.1.96:19001/nsecom/jsp/HomePage.jsp
3/22 3:9:0|NetStormBrowserNavigationEventListener|navigationStarted|Begin Loading URL == http://192.168.1.96:19001/nsecom/jsp/HomePage.jsp  ===== Begin = 1363945140416
3/22 3:9:0|Utils|getURLTracker|urlString = http://192.168.1.96:19001/nsecom/jsp/HomePage.jsp, requestOrResponce = snapShot
3/22 3:9:0|RecordingHttpListener|observe|Method Called for sTopic=http-on-examine-response
3/22 3:9:0|Utils|getURLTracker|urlString = http://192.168.1.96:19001/nsecom/jsp/HomePage.jsp, requestOrResponce = response
3/22 3:9:0|Utils|getRelativeTimeWithRespectOfStartRecordingTime|Method called.time stamp = 1363945140510
3/22 3:9:0|Utils|convertToSecond method called|time = 3588.0
3/22 3:9:0|Utils|isSplit|Method called.
3/22 3:9:0|Utils|isSplit|Splitting for Ajax Header = false
3/22 3:9:0|Utils|isSplit|Splitting for method GET = false
3/22 3:9:0|Utils|isSplit|result = false
3/22 3:9:0|Utils|isSplitForTimeDiff|Method called.
3/22 3:9:0|Utils|isSplit|Splitting for time 2.854 = false
3/22 3:9:0|Utils|isSplit|result = false
3/22 3:9:0|Utils|isSplitForURLType|Method called.
3/22 3:9:0|Utils|isSplitForURLType|value = false
3/22 3:9:0|Utils|isSplitForURLType|value = false
3/22 3:9:0|Utils|isSplitForURLType|value = false
3/22 3:9:0|Utils|isSplit|isSplitForURLType = false
3/22 3:9:0|Utils|getRelativeTimeWithRespectOfStartRecordingTime|Method called.time stamp = 1363945140510
3/22 3:9:0|Utils|convertToSecond method called|time = 3588.0
3/22 3:9:0|Utils|getRelativeTimeWithRespectOfStartRecordingTime|Method called.time stamp = 1363945140510
3/22 3:9:0|Utils|convertToSecond method called|time = 3588.0
3/22 3:9:0|RecordingHttpListener|observe|Method Called for sTopic=http-on-examine-response
3/22 3:9:0|RecordingHttpListener|observe|Method Called for sTopic=http-on-examine-response
3/22 3:9:0|RecordingHttpListener|observe|Method Called for sTopic=http-on-examine-response
3/22 3:9:0|RecordingHttpListener|observe|Method Called for sTopic=http-on-examine-response
3/22 3:9:0|RecordingHttpListener|observe|Method Called for sTopic=http-on-examine-response
3/22 3:9:0|RecordingHttpListener|observe|Method Called for sTopic=http-on-examine-response
3/22 3:9:0|RecordingHttpListener|observe|Method Called for sTopic=http-on-examine-response
3/22 3:9:0|RecordingHttpListener|observe|Method Called for sTopic=http-on-examine-response
3/22 3:9:0|RecordingHttpListener|observe|Method Called for sTopic=http-on-examine-response
3/22 3:9:0|RecordingHttpListener|observe|Method Called for sTopic=http-on-examine-response
3/22 3:9:0|RecordingHttpListener|observe|Method Called for sTopic=http-on-examine-response
3/22 3:9:0|RecordingHttpListener|observe|Method Called for sTopic=http-on-examine-response
3/22 3:9:0|RecordingHttpListener|observe|Method Called for sTopic=http-on-examine-response
3/22 3:9:0|RecordingHttpListener|observe|Method Called for sTopic=http-on-examine-response
3/22 3:9:0|RecordingHttpListener|onStartRequest|method called with request Name = http://192.168.1.96:19001/nsecom/jsp/HomePage.jsp
3/22 3:9:0|Utils|getURLTracker|urlString = http://192.168.1.96:19001/nsecom/jsp/HomePage.jsp, requestOrResponce = snapShot
3/22 3:9:0|RecordingHttpListener|onDataAvailable|method called for request=http://192.168.1.96:19001/nsecom/jsp/HomePage.jsp
3/22 3:9:0|RecordingHttpListener|onDataAvailable|Adding dump diretory with path=C:\Users\Compass-91\Desktop\recorder\scripts\NetDiagnostic/Weblogic/nsecom_new\dump\flow\192.168.1.96_19001/nsecom/jsp/
3/22 3:9:0|RecordingHttpListener|onDataAvailable|Calling onDataAvailable on original listener.
3/22 3:9:0|RecordingHttpListener|observe|Method Called for sTopic=http-on-modify-request
3/22 3:9:0|RecordingHttpListener|observe|Method Called for sTopic=http-on-modify-request
3/22 3:9:0|RecordingHttpListener|observe|Method Called for sTopic=http-on-modify-request
3/22 3:9:0|RecordingHttpListener|observe|Method Called for sTopic=http-on-modify-request
3/22 3:9:0|RecordingHttpListener|observe|Method Called for sTopic=http-on-modify-request
3/22 3:9:0|RecordingHttpListener|observe|Method Called for sTopic=http-on-modify-request
3/22 3:9:0|RecordingHttpListener|observe|Method Called for sTopic=http-on-modify-request
3/22 3:9:0|RecordingHttpListener|observe|Method Called for sTopic=http-on-modify-request
3/22 3:9:0|RecordingHttpListener|observe|Method Called for sTopic=http-on-modify-request
3/22 3:9:0|RecordingHttpListener|observe|Method Called for sTopic=http-on-modify-request
3/22 3:9:0|RecordingHttpListener|observe|Method Called for sTopic=http-on-modify-request
3/22 3:9:0|RecordingHttpListener|observe|Method Called for sTopic=http-on-modify-request
3/22 3:9:0|RecordingHttpListener|observe|Method Called for sTopic=http-on-modify-request
3/22 3:9:0|RecordingHttpListener|observe|Method Called for sTopic=http-on-modify-request
3/22 3:9:0|RecordingHttpListener|observe|Method Called for sTopic=http-on-modify-request
3/22 3:9:0|RecordingHttpListener|onStopRequest|method called for request=http://192.168.1.96:19001/nsecom/jsp/HomePage.jsp
3/22 3:9:0|RecordingHttpListener|observe|Method Called for sTopic=http-on-modify-request
3/22 3:9:0|Utils|getURLTracker|urlString = http://192.168.1.96:19001/nsecom/js/validate.js, requestOrResponce = request
3/22 3:9:0|Utils|getRelativeTimeWithRespectOfStartRecordingTime|Method called.time stamp = 1363945140541
3/22 3:9:0|Utils|convertToSecond method called|time = 3619.0
3/22 3:9:0|Utils|isSplit|Method called.
3/22 3:9:0|Utils|isSplit|Splitting for Ajax Header = false
3/22 3:9:0|Utils|isSplit|Splitting for method GET = false
3/22 3:9:0|Utils|isSplit|result = false
3/22 3:9:0|Utils|isSplitForTimeDiff|Method called.
3/22 3:9:0|Utils|isSplit|Splitting for time 0.03100000000000014 = false
3/22 3:9:0|Utils|isSplit|result = false
3/22 3:9:0|Utils|isSplitForURLType|Method called.
3/22 3:9:0|Utils|isSplitForURLType|value = false
3/22 3:9:0|Utils|isSplitForURLType|value = false
3/22 3:9:0|Utils|isSplit|isSplitForURLType = false
3/22 3:9:0|RecordingHttpListener|observe|Method Called for sTopic=http-on-modify-request
3/22 3:9:0|Utils|getURLTracker|urlString = http://192.168.1.96:19001/nsecom/js/validate.js, requestOrResponce = request
3/22 3:9:0|Utils|isSplit|Method called.
3/22 3:9:0|Utils|isSplit|result = false
3/22 3:9:0|Utils|isSplitForTimeDiff|Method called.
3/22 3:9:0|Utils|isSplit|result = false
3/22 3:9:0|Utils|isSplitForURLType|Method called.
3/22 3:9:0|Utils|isSplit|isSplitForURLType = false
3/22 3:9:0|RecordingHttpListener|observe|Method Called for sTopic=http-on-modify-request
3/22 3:9:0|Utils|getURLTracker|urlString = http://192.168.1.96:19001/nsecom/js/validate.js, requestOrResponce = request
3/22 3:9:0|Utils|isSplit|Method called.
3/22 3:9:0|Utils|isSplit|result = false
3/22 3:9:0|Utils|isSplitForTimeDiff|Method called.
3/22 3:9:0|Utils|isSplit|result = false
3/22 3:9:0|Utils|isSplitForURLType|Method called.
3/22 3:9:0|Utils|isSplit|isSplitForURLType = false
3/22 3:9:0|RecordingHttpListener|observe|Method Called for sTopic=http-on-modify-request
3/22 3:9:0|Utils|getURLTracker|urlString = http://192.168.1.96:19001/nsecom/js/validate.js, requestOrResponce = request
3/22 3:9:0|Utils|isSplit|Method called.
3/22 3:9:0|Utils|isSplit|result = false
3/22 3:9:0|Utils|isSplitForTimeDiff|Method called.
3/22 3:9:0|Utils|isSplit|result = false
3/22 3:9:0|Utils|isSplitForURLType|Method called.
3/22 3:9:0|Utils|isSplit|isSplitForURLType = false
3/22 3:9:0|RecordingHttpListener|observe|Method Called for sTopic=http-on-modify-request
3/22 3:9:0|Utils|getURLTracker|urlString = http://192.168.1.96:19001/nsecom/js/validate.js, requestOrResponce = request
3/22 3:9:0|Utils|isSplit|Method called.
3/22 3:9:0|Utils|isSplit|result = false
3/22 3:9:0|Utils|isSplitForTimeDiff|Method called.
3/22 3:9:0|Utils|isSplit|result = false
3/22 3:9:0|Utils|isSplitForURLType|Method called.
3/22 3:9:0|Utils|isSplit|isSplitForURLType = false
3/22 3:9:0|RecordingHttpListener|observe|Method Called for sTopic=http-on-modify-request
3/22 3:9:0|Utils|getURLTracker|urlString = http://192.168.1.96:19001/nsecom/js/validate.js, requestOrResponce = request
3/22 3:9:0|Utils|isSplit|Method called.
3/22 3:9:0|Utils|isSplit|result = false
3/22 3:9:0|Utils|isSplitForTimeDiff|Method called.
3/22 3:9:0|Utils|isSplit|result = false
3/22 3:9:0|Utils|isSplitForURLType|Method called.
3/22 3:9:0|Utils|isSplit|isSplitForURLType = false
3/22 3:9:0|RecordingHttpListener|observe|Method Called for sTopic=http-on-modify-request
3/22 3:9:0|Utils|getURLTracker|urlString = http://192.168.1.96:19001/nsecom/js/validate.js, requestOrResponce = request
3/22 3:9:0|Utils|isSplit|Method called.
3/22 3:9:0|Utils|isSplit|result = false
3/22 3:9:0|Utils|isSplitForTimeDiff|Method called.
3/22 3:9:0|Utils|isSplit|result = false
3/22 3:9:0|Utils|isSplitForURLType|Method called.
3/22 3:9:0|Utils|isSplit|isSplitForURLType = false
3/22 3:9:0|RecordingHttpListener|observe|Method Called for sTopic=http-on-modify-request
3/22 3:9:0|Utils|getURLTracker|urlString = http://192.168.1.96:19001/nsecom/js/validate.js, requestOrResponce = request
3/22 3:9:0|Utils|isSplit|Method called.
3/22 3:9:0|Utils|isSplit|result = false
3/22 3:9:0|Utils|isSplitForTimeDiff|Method called.
3/22 3:9:0|Utils|isSplit|result = false
3/22 3:9:0|Utils|isSplitForURLType|Method called.
3/22 3:9:0|Utils|isSplit|isSplitForURLType = false
3/22 3:9:0|RecordingHttpListener|observe|Method Called for sTopic=http-on-modify-request
3/22 3:9:0|Utils|getURLTracker|urlString = http://192.168.1.96:19001/nsecom/js/validate.js, requestOrResponce = request
3/22 3:9:0|Utils|isSplit|Method called.
3/22 3:9:0|Utils|isSplit|result = false
3/22 3:9:0|Utils|isSplitForTimeDiff|Method called.
3/22 3:9:0|Utils|isSplit|result = false
3/22 3:9:0|Utils|isSplitForURLType|Method called.
3/22 3:9:0|Utils|isSplit|isSplitForURLType = false
3/22 3:9:0|RecordingHttpListener|observe|Method Called for sTopic=http-on-modify-request
3/22 3:9:0|Utils|getURLTracker|urlString = http://192.168.1.96:19001/nsecom/js/validate.js, requestOrResponce = request
3/22 3:9:0|Utils|isSplit|Method called.
3/22 3:9:0|Utils|isSplit|result = false
3/22 3:9:0|Utils|isSplitForTimeDiff|Method called.
3/22 3:9:0|Utils|isSplit|result = false
3/22 3:9:0|Utils|isSplitForURLType|Method called.
3/22 3:9:0|Utils|isSplit|isSplitForURLType = false
3/22 3:9:0|RecordingHttpListener|observe|Method Called for sTopic=http-on-modify-request
3/22 3:9:0|Utils|getURLTracker|urlString = http://192.168.1.96:19001/nsecom/js/validate.js, requestOrResponce = request
3/22 3:9:0|Utils|isSplit|Method called.
3/22 3:9:0|Utils|isSplit|result = false
3/22 3:9:0|Utils|isSplitForTimeDiff|Method called.
3/22 3:9:0|Utils|isSplit|result = false
3/22 3:9:0|Utils|isSplitForURLType|Method called.
3/22 3:9:0|Utils|isSplit|isSplitForURLType = false
3/22 3:9:0|RecordingHttpListener|observe|Method Called for sTopic=http-on-modify-request
3/22 3:9:0|Utils|getURLTracker|urlString = http://192.168.1.96:19001/nsecom/js/validate.js, requestOrResponce = request
3/22 3:9:0|Utils|isSplit|Method called.
3/22 3:9:0|Utils|isSplit|result = false
3/22 3:9:0|Utils|isSplitForTimeDiff|Method called.
3/22 3:9:0|Utils|isSplit|result = false
3/22 3:9:0|Utils|isSplitForURLType|Method called.
3/22 3:9:0|Utils|isSplit|isSplitForURLType = false
3/22 3:9:0|RecordingHttpListener|observe|Method Called for sTopic=http-on-modify-request
3/22 3:9:0|Utils|getURLTracker|urlString = http://192.168.1.96:19001/nsecom/js/validate.js, requestOrResponce = request
3/22 3:9:0|Utils|isSplit|Method called.
3/22 3:9:0|Utils|isSplit|result = false
3/22 3:9:0|Utils|isSplitForTimeDiff|Method called.
3/22 3:9:0|Utils|isSplit|result = false
3/22 3:9:0|Utils|isSplitForURLType|Method called.
3/22 3:9:0|Utils|isSplit|isSplitForURLType = false
3/22 3:9:0|RecordingHttpListener|observe|Method Called for sTopic=http-on-modify-request
3/22 3:9:0|Utils|getURLTracker|urlString = http://192.168.1.96:19001/nsecom/js/validate.js, requestOrResponce = request
3/22 3:9:0|Utils|isSplit|Method called.
3/22 3:9:0|Utils|isSplit|result = false
3/22 3:9:0|Utils|isSplitForTimeDiff|Method called.
3/22 3:9:0|Utils|isSplit|result = false
3/22 3:9:0|Utils|isSplitForURLType|Method called.
3/22 3:9:0|Utils|isSplit|isSplitForURLType = false
3/22 3:9:0|RecordingHttpListener|observe|Method Called for sTopic=http-on-modify-request
3/22 3:9:0|Utils|getURLTracker|urlString = http://192.168.1.96:19001/nsecom/js/validate.js, requestOrResponce = request
3/22 3:9:0|Utils|isSplit|Method called.
3/22 3:9:0|Utils|isSplit|result = false
3/22 3:9:0|Utils|isSplitForTimeDiff|Method called.
3/22 3:9:0|Utils|isSplit|result = false
3/22 3:9:0|Utils|isSplitForURLType|Method called.
3/22 3:9:0|Utils|isSplit|isSplitForURLType = false
3/22 3:9:0|NetStormBrowserNavigationEventListener|navigationFinished|Method Called for URL=http://192.168.1.96:19001/nsecom/jsp/HomePage.jsp
3/22 3:9:0|NetStormBrowserNavigationEventListener|NavigationFinishEventRunner|constructor called for url=http://192.168.1.96:19001/nsecom/jsp/HomePage.jsp
3/22 3:9:0|NetStormBrowserNavigationEventListener|setupListeners|Method Called.
3/22 3:9:0|MainFrame|updateBackForwardButtons|method Called.
3/22 3:9:0|NetstormCEventListener|addAllHTMLElementsListeners|Method Called.
3/22 3:9:0|Utils|filterPath|path = http://192.168.1.96:19001/nsecom/jsp/HomePage.jsp
3/22 3:9:0|Utils|getFileName|path = http://192.168.1.96:19001/nsecom/jsp/HomePage.jsp
3/22 3:9:0|Utils|getFileName|filename for dump = HomePage.jsp
3/22 3:9:0|Utils|saveBrowserDocument|title = C:\Users\Compass-91\Desktop\recorder\scripts\NetDiagnostic\Weblogic\nsecom_new\dump\flow\192.168.1.96_19001\nsecom\jsp\HomePage.jsp
3/22 3:9:0|Utils|getURLTracker|urlString = http://192.168.1.96:19001/nsecom/jsp/HomePage.jsp, requestOrResponce = snapShot
3/22 3:9:1|NetstormCEventListener|handleEvent|Method Called.
3/22 3:9:1|NetstormCEventListener|dumpEvent|Method Called. Event Type: click
 Tag Name = INPUT
3/22 3:9:1|Utils|setRecordingComments|method called.
3/22 3:9:5|NetstormCEventListener|handleEvent|Method Called.
3/22 3:9:5|NetstormCEventListener|dumpEvent|Method Called. Event Type: click
 Tag Name = INPUT
3/22 3:9:5|NetstormCEventListener|addBtnElement|Method Called.
3/22 3:9:5|Utils|setRecordingComments|method called.
3/22 3:9:7|RecordingHttpListener|observe|Method Called for sTopic=http-on-modify-request
3/22 3:9:7|Utils|getURLTracker|urlString = http://192.168.1.96:19001/nsecom/jsp/HomePage.jsp?keyword=, requestOrResponce = request
3/22 3:9:7|Utils|getRelativeTimeWithRespectOfStartRecordingTime|Method called.time stamp = 1363945147483
3/22 3:9:7|Utils|convertToSecond method called|time = 10561.0
3/22 3:9:7|Utils|isSplit|Method called.
3/22 3:9:7|Utils|isSplit|Splitting for Ajax Header = false
3/22 3:9:7|Utils|isSplit|Splitting for method GET = false
3/22 3:9:7|Utils|isSplit|result = false
3/22 3:9:7|Utils|isSplitForTimeDiff|Method called.
3/22 3:9:7|Utils|isSplit|Splitting for time 6.973 = false
3/22 3:9:7|Utils|isSplit|result = false
3/22 3:9:7|Utils|isSplitForURLType|Method called.
3/22 3:9:7|Utils|isSplitForURLType|value = false
3/22 3:9:7|Utils|isSplitForURLType|value = false
3/22 3:9:7|Utils|isSplit|isSplitForURLType = false
3/22 3:9:7|RecordingHttpListener|observe|Method Called for sTopic=http-on-modify-request
3/22 3:9:7|Utils|getURLTracker|urlString = http://192.168.1.96:19001/nsecom/jsp/HomePage.jsp?keyword=, requestOrResponce = request
3/22 3:9:7|Utils|isSplit|Method called.
3/22 3:9:7|Utils|isSplit|result = false
3/22 3:9:7|Utils|isSplitForTimeDiff|Method called.
3/22 3:9:7|Utils|isSplit|result = false
3/22 3:9:7|Utils|isSplitForURLType|Method called.
3/22 3:9:7|Utils|isSplit|isSplitForURLType = false
3/22 3:9:7|RecordingHttpListener|observe|Method Called for sTopic=http-on-modify-request
3/22 3:9:7|Utils|getURLTracker|urlString = http://192.168.1.96:19001/nsecom/jsp/HomePage.jsp?keyword=, requestOrResponce = request
3/22 3:9:7|Utils|isSplit|Method called.
3/22 3:9:7|Utils|isSplit|result = false
3/22 3:9:7|Utils|isSplitForTimeDiff|Method called.
3/22 3:9:7|Utils|isSplit|result = false
3/22 3:9:7|Utils|isSplitForURLType|Method called.
3/22 3:9:7|Utils|isSplit|isSplitForURLType = false
3/22 3:9:7|RecordingHttpListener|observe|Method Called for sTopic=http-on-modify-request
3/22 3:9:7|Utils|getURLTracker|urlString = http://192.168.1.96:19001/nsecom/jsp/HomePage.jsp?keyword=, requestOrResponce = request
3/22 3:9:7|Utils|isSplit|Method called.
3/22 3:9:7|Utils|isSplit|result = false
3/22 3:9:7|Utils|isSplitForTimeDiff|Method called.
3/22 3:9:7|Utils|isSplit|result = false
3/22 3:9:7|Utils|isSplitForURLType|Method called.
3/22 3:9:7|Utils|isSplit|isSplitForURLType = false
3/22 3:9:7|RecordingHttpListener|observe|Method Called for sTopic=http-on-modify-request
3/22 3:9:7|Utils|getURLTracker|urlString = http://192.168.1.96:19001/nsecom/jsp/HomePage.jsp?keyword=, requestOrResponce = request
3/22 3:9:7|Utils|isSplit|Method called.
3/22 3:9:7|Utils|isSplit|result = false
3/22 3:9:7|Utils|isSplitForTimeDiff|Method called.
3/22 3:9:7|Utils|isSplit|result = false
3/22 3:9:7|Utils|isSplitForURLType|Method called.
3/22 3:9:7|Utils|isSplit|isSplitForURLType = false
3/22 3:9:7|RecordingHttpListener|observe|Method Called for sTopic=http-on-modify-request
3/22 3:9:7|Utils|getURLTracker|urlString = http://192.168.1.96:19001/nsecom/jsp/HomePage.jsp?keyword=, requestOrResponce = request
3/22 3:9:7|Utils|isSplit|Method called.
3/22 3:9:7|Utils|isSplit|result = false
3/22 3:9:7|Utils|isSplitForTimeDiff|Method called.
3/22 3:9:7|Utils|isSplit|result = false
3/22 3:9:7|Utils|isSplitForURLType|Method called.
3/22 3:9:7|Utils|isSplit|isSplitForURLType = false
3/22 3:9:7|RecordingHttpListener|observe|Method Called for sTopic=http-on-modify-request
3/22 3:9:7|Utils|getURLTracker|urlString = http://192.168.1.96:19001/nsecom/jsp/HomePage.jsp?keyword=, requestOrResponce = request
3/22 3:9:7|Utils|isSplit|Method called.
3/22 3:9:7|Utils|isSplit|result = false
3/22 3:9:7|Utils|isSplitForTimeDiff|Method called.
3/22 3:9:7|Utils|isSplit|result = false
3/22 3:9:7|Utils|isSplitForURLType|Method called.
3/22 3:9:7|Utils|isSplit|isSplitForURLType = false
3/22 3:9:7|RecordingHttpListener|observe|Method Called for sTopic=http-on-modify-request
3/22 3:9:7|Utils|getURLTracker|urlString = http://192.168.1.96:19001/nsecom/jsp/HomePage.jsp?keyword=, requestOrResponce = request
3/22 3:9:7|Utils|isSplit|Method called.
3/22 3:9:7|Utils|isSplit|result = false
3/22 3:9:7|Utils|isSplitForTimeDiff|Method called.
3/22 3:9:7|Utils|isSplit|result = false
3/22 3:9:7|Utils|isSplitForURLType|Method called.
3/22 3:9:7|Utils|isSplit|isSplitForURLType = false
3/22 3:9:7|RecordingHttpListener|observe|Method Called for sTopic=http-on-modify-request
3/22 3:9:7|Utils|getURLTracker|urlString = http://192.168.1.96:19001/nsecom/jsp/HomePage.jsp?keyword=, requestOrResponce = request
3/22 3:9:7|Utils|isSplit|Method called.
3/22 3:9:7|Utils|isSplit|result = false
3/22 3:9:7|Utils|isSplitForTimeDiff|Method called.
3/22 3:9:7|Utils|isSplit|result = false
3/22 3:9:7|Utils|isSplitForURLType|Method called.
3/22 3:9:7|Utils|isSplit|isSplitForURLType = false
3/22 3:9:7|RecordingHttpListener|observe|Method Called for sTopic=http-on-modify-request
3/22 3:9:7|Utils|getURLTracker|urlString = http://192.168.1.96:19001/nsecom/jsp/HomePage.jsp?keyword=, requestOrResponce = request
3/22 3:9:7|Utils|isSplit|Method called.
3/22 3:9:7|Utils|isSplit|result = false
3/22 3:9:7|Utils|isSplitForTimeDiff|Method called.
3/22 3:9:7|Utils|isSplit|result = false
3/22 3:9:7|Utils|isSplitForURLType|Method called.
3/22 3:9:7|Utils|isSplit|isSplitForURLType = false
3/22 3:9:7|RecordingHttpListener|observe|Method Called for sTopic=http-on-modify-request
3/22 3:9:7|Utils|getURLTracker|urlString = http://192.168.1.96:19001/nsecom/jsp/HomePage.jsp?keyword=, requestOrResponce = request
3/22 3:9:7|Utils|isSplit|Method called.
3/22 3:9:7|Utils|isSplit|result = false
3/22 3:9:7|Utils|isSplitForTimeDiff|Method called.
3/22 3:9:7|Utils|isSplit|result = false
3/22 3:9:7|Utils|isSplitForURLType|Method called.
3/22 3:9:7|Utils|isSplit|isSplitForURLType = false
3/22 3:9:7|RecordingHttpListener|observe|Method Called for sTopic=http-on-modify-request
3/22 3:9:7|Utils|getURLTracker|urlString = http://192.168.1.96:19001/nsecom/jsp/HomePage.jsp?keyword=, requestOrResponce = request
3/22 3:9:7|Utils|isSplit|Method called.
3/22 3:9:7|Utils|isSplit|result = false
3/22 3:9:7|Utils|isSplitForTimeDiff|Method called.
3/22 3:9:7|Utils|isSplit|result = false
3/22 3:9:7|Utils|isSplitForURLType|Method called.
3/22 3:9:7|Utils|isSplit|isSplitForURLType = false
3/22 3:9:7|RecordingHttpListener|observe|Method Called for sTopic=http-on-modify-request
3/22 3:9:7|Utils|getURLTracker|urlString = http://192.168.1.96:19001/nsecom/jsp/HomePage.jsp?keyword=, requestOrResponce = request
3/22 3:9:7|Utils|isSplit|Method called.
3/22 3:9:7|Utils|isSplit|result = false
3/22 3:9:7|Utils|isSplitForTimeDiff|Method called.
3/22 3:9:7|Utils|isSplit|result = false
3/22 3:9:7|Utils|isSplitForURLType|Method called.
3/22 3:9:7|Utils|isSplit|isSplitForURLType = false
3/22 3:9:7|RecordingHttpListener|observe|Method Called for sTopic=http-on-modify-request
3/22 3:9:7|Utils|getURLTracker|urlString = http://192.168.1.96:19001/nsecom/jsp/HomePage.jsp?keyword=, requestOrResponce = request
3/22 3:9:7|Utils|isSplit|Method called.
3/22 3:9:7|Utils|isSplit|result = false
3/22 3:9:7|Utils|isSplitForTimeDiff|Method called.
3/22 3:9:7|Utils|isSplit|result = false
3/22 3:9:7|Utils|isSplitForURLType|Method called.
3/22 3:9:7|Utils|isSplit|isSplitForURLType = false
3/22 3:9:7|RecordingHttpListener|observe|Method Called for sTopic=http-on-modify-request
3/22 3:9:7|Utils|getURLTracker|urlString = http://192.168.1.96:19001/nsecom/jsp/HomePage.jsp?keyword=, requestOrResponce = request
3/22 3:9:7|Utils|isSplit|Method called.
3/22 3:9:7|Utils|isSplit|result = false
3/22 3:9:7|Utils|isSplitForTimeDiff|Method called.
3/22 3:9:7|Utils|isSplit|result = false
3/22 3:9:7|Utils|isSplitForURLType|Method called.
3/22 3:9:7|Utils|isSplit|isSplitForURLType = false
3/22 3:9:7|NetStormBrowserNavigationEventListener|navigationStarted|Method Called for URL=http://192.168.1.96:19001/nsecom/jsp/HomePage.jsp?keyword=
3/22 3:9:7|NetStormBrowserNavigationEventListener|navigationStarted|Begin Loading URL == http://192.168.1.96:19001/nsecom/jsp/HomePage.jsp?keyword=  ===== Begin = 1363945147592
3/22 3:9:7|Utils|getURLTracker|urlString = http://192.168.1.96:19001/nsecom/jsp/HomePage.jsp?keyword=, requestOrResponce = snapShot
3/22 3:9:7|RecordingHttpListener|observe|Method Called for sTopic=http-on-examine-response
3/22 3:9:7|Utils|getURLTracker|urlString = http://192.168.1.96:19001/nsecom/jsp/HomePage.jsp?keyword=, requestOrResponce = response
3/22 3:9:7|Utils|getRelativeTimeWithRespectOfStartRecordingTime|Method called.time stamp = 1363945147686
3/22 3:9:7|Utils|convertToSecond method called|time = 10764.0
3/22 3:9:7|Utils|isSplit|Method called.
3/22 3:9:7|Utils|isSplit|Splitting for Ajax Header = false
3/22 3:9:7|Utils|isSplit|Splitting for method GET = false
3/22 3:9:7|Utils|isSplit|result = false
3/22 3:9:7|Utils|isSplitForTimeDiff|Method called.
3/22 3:9:7|Utils|isSplit|Splitting for time 6.973 = false
3/22 3:9:7|Utils|isSplit|result = false
3/22 3:9:7|Utils|isSplitForURLType|Method called.
3/22 3:9:7|Utils|isSplitForURLType|value = false
3/22 3:9:7|Utils|isSplitForURLType|value = false
3/22 3:9:7|Utils|isSplitForURLType|value = false
3/22 3:9:7|Utils|isSplit|isSplitForURLType = false
3/22 3:9:7|Utils|getRelativeTimeWithRespectOfStartRecordingTime|Method called.time stamp = 1363945147686
3/22 3:9:7|Utils|convertToSecond method called|time = 10764.0
3/22 3:9:7|Utils|getRelativeTimeWithRespectOfStartRecordingTime|Method called.time stamp = 1363945147686
3/22 3:9:7|Utils|convertToSecond method called|time = 10764.0
3/22 3:9:7|RecordingHttpListener|observe|Method Called for sTopic=http-on-examine-response
3/22 3:9:7|RecordingHttpListener|observe|Method Called for sTopic=http-on-examine-response
3/22 3:9:7|RecordingHttpListener|observe|Method Called for sTopic=http-on-examine-response
3/22 3:9:7|RecordingHttpListener|observe|Method Called for sTopic=http-on-examine-response
3/22 3:9:7|RecordingHttpListener|observe|Method Called for sTopic=http-on-examine-response
3/22 3:9:7|RecordingHttpListener|observe|Method Called for sTopic=http-on-examine-response
3/22 3:9:7|RecordingHttpListener|observe|Method Called for sTopic=http-on-examine-response
3/22 3:9:7|RecordingHttpListener|observe|Method Called for sTopic=http-on-examine-response
3/22 3:9:7|RecordingHttpListener|observe|Method Called for sTopic=http-on-examine-response
3/22 3:9:7|RecordingHttpListener|observe|Method Called for sTopic=http-on-examine-response
3/22 3:9:7|RecordingHttpListener|observe|Method Called for sTopic=http-on-examine-response
3/22 3:9:7|RecordingHttpListener|observe|Method Called for sTopic=http-on-examine-response
3/22 3:9:7|RecordingHttpListener|observe|Method Called for sTopic=http-on-examine-response
3/22 3:9:7|RecordingHttpListener|observe|Method Called for sTopic=http-on-examine-response
3/22 3:9:7|RecordingHttpListener|onStartRequest|method called with request Name = http://192.168.1.96:19001/nsecom/jsp/HomePage.jsp?keyword=
3/22 3:9:7|Utils|getURLTracker|urlString = http://192.168.1.96:19001/nsecom/jsp/HomePage.jsp?keyword=, requestOrResponce = snapShot
3/22 3:9:7|RecordingHttpListener|onDataAvailable|method called for request=http://192.168.1.96:19001/nsecom/jsp/HomePage.jsp?keyword=
3/22 3:9:7|RecordingHttpListener|onDataAvailable|Adding dump diretory with path=C:\Users\Compass-91\Desktop\recorder\scripts\NetDiagnostic/Weblogic/nsecom_new\dump\flow\192.168.1.96_19001/nsecom/jsp/
3/22 3:9:7|RecordingHttpListener|onDataAvailable|Calling onDataAvailable on original listener.
3/22 3:9:7|RecordingHttpListener|observe|Method Called for sTopic=http-on-modify-request
3/22 3:9:7|RecordingHttpListener|observe|Method Called for sTopic=http-on-modify-request
3/22 3:9:7|RecordingHttpListener|observe|Method Called for sTopic=http-on-modify-request
3/22 3:9:7|RecordingHttpListener|observe|Method Called for sTopic=http-on-modify-request
3/22 3:9:7|RecordingHttpListener|observe|Method Called for sTopic=http-on-modify-request
3/22 3:9:7|RecordingHttpListener|observe|Method Called for sTopic=http-on-modify-request
3/22 3:9:7|RecordingHttpListener|observe|Method Called for sTopic=http-on-modify-request
3/22 3:9:7|RecordingHttpListener|observe|Method Called for sTopic=http-on-modify-request
3/22 3:9:7|RecordingHttpListener|observe|Method Called for sTopic=http-on-modify-request
3/22 3:9:7|RecordingHttpListener|observe|Method Called for sTopic=http-on-modify-request
3/22 3:9:7|RecordingHttpListener|observe|Method Called for sTopic=http-on-modify-request
3/22 3:9:7|RecordingHttpListener|observe|Method Called for sTopic=http-on-modify-request
3/22 3:9:7|RecordingHttpListener|observe|Method Called for sTopic=http-on-modify-request
3/22 3:9:7|RecordingHttpListener|observe|Method Called for sTopic=http-on-modify-request
3/22 3:9:7|RecordingHttpListener|observe|Method Called for sTopic=http-on-modify-request
3/22 3:9:7|RecordingHttpListener|onStopRequest|method called for request=http://192.168.1.96:19001/nsecom/jsp/HomePage.jsp?keyword=
3/22 3:9:7|RecordingHttpListener|observe|Method Called for sTopic=http-on-modify-request
3/22 3:9:7|Utils|getURLTracker|urlString = http://192.168.1.96:19001/nsecom/js/validate.js, requestOrResponce = request
3/22 3:9:7|Utils|getRelativeTimeWithRespectOfStartRecordingTime|Method called.time stamp = 1363945147733
3/22 3:9:7|Utils|convertToSecond method called|time = 10811.0
3/22 3:9:7|Utils|isSplit|Method called.
3/22 3:9:7|Utils|isSplit|Splitting for Ajax Header = false
3/22 3:9:7|Utils|isSplit|Splitting for method GET = false
3/22 3:9:7|Utils|isSplit|result = false
3/22 3:9:7|Utils|isSplitForTimeDiff|Method called.
3/22 3:9:7|Utils|isSplit|Splitting for time 0.0470000000000006 = false
3/22 3:9:7|Utils|isSplit|result = false
3/22 3:9:7|Utils|isSplitForURLType|Method called.
3/22 3:9:7|Utils|isSplitForURLType|value = false
3/22 3:9:7|Utils|isSplitForURLType|value = false
3/22 3:9:7|Utils|isSplit|isSplitForURLType = false
3/22 3:9:7|RecordingHttpListener|observe|Method Called for sTopic=http-on-modify-request
3/22 3:9:7|Utils|getURLTracker|urlString = http://192.168.1.96:19001/nsecom/js/validate.js, requestOrResponce = request
3/22 3:9:7|Utils|isSplit|Method called.
3/22 3:9:7|Utils|isSplit|result = false
3/22 3:9:7|Utils|isSplitForTimeDiff|Method called.
3/22 3:9:7|Utils|isSplit|result = false
3/22 3:9:7|Utils|isSplitForURLType|Method called.
3/22 3:9:7|Utils|isSplit|isSplitForURLType = false
3/22 3:9:7|RecordingHttpListener|observe|Method Called for sTopic=http-on-modify-request
3/22 3:9:7|Utils|getURLTracker|urlString = http://192.168.1.96:19001/nsecom/js/validate.js, requestOrResponce = request
3/22 3:9:7|Utils|isSplit|Method called.
3/22 3:9:7|Utils|isSplit|result = false
3/22 3:9:7|Utils|isSplitForTimeDiff|Method called.
3/22 3:9:7|Utils|isSplit|result = false
3/22 3:9:7|Utils|isSplitForURLType|Method called.
3/22 3:9:7|Utils|isSplit|isSplitForURLType = false
3/22 3:9:7|RecordingHttpListener|observe|Method Called for sTopic=http-on-modify-request
3/22 3:9:7|Utils|getURLTracker|urlString = http://192.168.1.96:19001/nsecom/js/validate.js, requestOrResponce = request
3/22 3:9:7|Utils|isSplit|Method called.
3/22 3:9:7|Utils|isSplit|result = false
3/22 3:9:7|Utils|isSplitForTimeDiff|Method called.
3/22 3:9:7|Utils|isSplit|result = false
3/22 3:9:7|Utils|isSplitForURLType|Method called.
3/22 3:9:7|Utils|isSplit|isSplitForURLType = false
3/22 3:9:7|RecordingHttpListener|observe|Method Called for sTopic=http-on-modify-request
3/22 3:9:7|Utils|getURLTracker|urlString = http://192.168.1.96:19001/nsecom/js/validate.js, requestOrResponce = request
3/22 3:9:7|Utils|isSplit|Method called.
3/22 3:9:7|Utils|isSplit|result = false
3/22 3:9:7|Utils|isSplitForTimeDiff|Method called.
3/22 3:9:7|Utils|isSplit|result = false
3/22 3:9:7|Utils|isSplitForURLType|Method called.
3/22 3:9:7|Utils|isSplit|isSplitForURLType = false
3/22 3:9:7|RecordingHttpListener|observe|Method Called for sTopic=http-on-modify-request
3/22 3:9:7|Utils|getURLTracker|urlString = http://192.168.1.96:19001/nsecom/js/validate.js, requestOrResponce = request
3/22 3:9:7|Utils|isSplit|Method called.
3/22 3:9:7|Utils|isSplit|result = false
3/22 3:9:7|Utils|isSplitForTimeDiff|Method called.
3/22 3:9:7|Utils|isSplit|result = false
3/22 3:9:7|Utils|isSplitForURLType|Method called.
3/22 3:9:7|Utils|isSplit|isSplitForURLType = false
3/22 3:9:7|RecordingHttpListener|observe|Method Called for sTopic=http-on-modify-request
3/22 3:9:7|Utils|getURLTracker|urlString = http://192.168.1.96:19001/nsecom/js/validate.js, requestOrResponce = request
3/22 3:9:7|Utils|isSplit|Method called.
3/22 3:9:7|Utils|isSplit|result = false
3/22 3:9:7|Utils|isSplitForTimeDiff|Method called.
3/22 3:9:7|Utils|isSplit|result = false
3/22 3:9:7|Utils|isSplitForURLType|Method called.
3/22 3:9:7|Utils|isSplit|isSplitForURLType = false
3/22 3:9:7|RecordingHttpListener|observe|Method Called for sTopic=http-on-modify-request
3/22 3:9:7|Utils|getURLTracker|urlString = http://192.168.1.96:19001/nsecom/js/validate.js, requestOrResponce = request
3/22 3:9:7|Utils|isSplit|Method called.
3/22 3:9:7|Utils|isSplit|result = false
3/22 3:9:7|Utils|isSplitForTimeDiff|Method called.
3/22 3:9:7|Utils|isSplit|result = false
3/22 3:9:7|Utils|isSplitForURLType|Method called.
3/22 3:9:7|Utils|isSplit|isSplitForURLType = false
3/22 3:9:7|RecordingHttpListener|observe|Method Called for sTopic=http-on-modify-request
3/22 3:9:7|Utils|getURLTracker|urlString = http://192.168.1.96:19001/nsecom/js/validate.js, requestOrResponce = request
3/22 3:9:7|Utils|isSplit|Method called.
3/22 3:9:7|Utils|isSplit|result = false
3/22 3:9:7|Utils|isSplitForTimeDiff|Method called.
3/22 3:9:7|Utils|isSplit|result = false
3/22 3:9:7|Utils|isSplitForURLType|Method called.
3/22 3:9:7|Utils|isSplit|isSplitForURLType = false
3/22 3:9:7|RecordingHttpListener|observe|Method Called for sTopic=http-on-modify-request
3/22 3:9:7|Utils|getURLTracker|urlString = http://192.168.1.96:19001/nsecom/js/validate.js, requestOrResponce = request
3/22 3:9:7|Utils|isSplit|Method called.
3/22 3:9:7|Utils|isSplit|result = false
3/22 3:9:7|Utils|isSplitForTimeDiff|Method called.
3/22 3:9:7|Utils|isSplit|result = false
3/22 3:9:7|Utils|isSplitForURLType|Method called.
3/22 3:9:7|Utils|isSplit|isSplitForURLType = false
3/22 3:9:7|RecordingHttpListener|observe|Method Called for sTopic=http-on-modify-request
3/22 3:9:7|Utils|getURLTracker|urlString = http://192.168.1.96:19001/nsecom/js/validate.js, requestOrResponce = request
3/22 3:9:7|Utils|isSplit|Method called.
3/22 3:9:7|Utils|isSplit|result = false
3/22 3:9:7|Utils|isSplitForTimeDiff|Method called.
3/22 3:9:7|Utils|isSplit|result = false
3/22 3:9:7|Utils|isSplitForURLType|Method called.
3/22 3:9:7|Utils|isSplit|isSplitForURLType = false
3/22 3:9:7|RecordingHttpListener|observe|Method Called for sTopic=http-on-modify-request
3/22 3:9:7|Utils|getURLTracker|urlString = http://192.168.1.96:19001/nsecom/js/validate.js, requestOrResponce = request
3/22 3:9:7|Utils|isSplit|Method called.
3/22 3:9:7|Utils|isSplit|result = false
3/22 3:9:7|Utils|isSplitForTimeDiff|Method called.
3/22 3:9:7|Utils|isSplit|result = false
3/22 3:9:7|Utils|isSplitForURLType|Method called.
3/22 3:9:7|Utils|isSplit|isSplitForURLType = false
3/22 3:9:7|RecordingHttpListener|observe|Method Called for sTopic=http-on-modify-request
3/22 3:9:7|Utils|getURLTracker|urlString = http://192.168.1.96:19001/nsecom/js/validate.js, requestOrResponce = request
3/22 3:9:7|Utils|isSplit|Method called.
3/22 3:9:7|Utils|isSplit|result = false
3/22 3:9:7|Utils|isSplitForTimeDiff|Method called.
3/22 3:9:7|Utils|isSplit|result = false
3/22 3:9:7|Utils|isSplitForURLType|Method called.
3/22 3:9:7|Utils|isSplit|isSplitForURLType = false
3/22 3:9:7|RecordingHttpListener|observe|Method Called for sTopic=http-on-modify-request
3/22 3:9:7|Utils|getURLTracker|urlString = http://192.168.1.96:19001/nsecom/js/validate.js, requestOrResponce = request
3/22 3:9:7|Utils|isSplit|Method called.
3/22 3:9:7|Utils|isSplit|result = false
3/22 3:9:7|Utils|isSplitForTimeDiff|Method called.
3/22 3:9:7|Utils|isSplit|result = false
3/22 3:9:7|Utils|isSplitForURLType|Method called.
3/22 3:9:7|Utils|isSplit|isSplitForURLType = false
3/22 3:9:7|RecordingHttpListener|observe|Method Called for sTopic=http-on-modify-request
3/22 3:9:7|Utils|getURLTracker|urlString = http://192.168.1.96:19001/nsecom/js/validate.js, requestOrResponce = request
3/22 3:9:7|Utils|isSplit|Method called.
3/22 3:9:7|Utils|isSplit|result = false
3/22 3:9:7|Utils|isSplitForTimeDiff|Method called.
3/22 3:9:7|Utils|isSplit|result = false
3/22 3:9:7|Utils|isSplitForURLType|Method called.
3/22 3:9:7|Utils|isSplit|isSplitForURLType = false
3/22 3:9:7|NetStormBrowserNavigationEventListener|navigationFinished|Method Called for URL=http://192.168.1.96:19001/nsecom/jsp/HomePage.jsp?keyword=
3/22 3:9:7|NetStormBrowserNavigationEventListener|NavigationFinishEventRunner|constructor called for url=http://192.168.1.96:19001/nsecom/jsp/HomePage.jsp?keyword=
3/22 3:9:7|MainFrame|updateBackForwardButtons|method Called.
3/22 3:9:7|NetStormBrowserNavigationEventListener|setupListeners|Method Called.
3/22 3:9:7|NetstormCEventListener|addAllHTMLElementsListeners|Method Called.
3/22 3:9:7|Utils|filterPath|path = http://192.168.1.96:19001/nsecom/jsp/HomePage.jsp?keyword=
3/22 3:9:7|Utils|getFileName|path = http://192.168.1.96:19001/nsecom/jsp/HomePage.jsp?keyword=
3/22 3:9:7|Utils|getFileName|filename for dump = HomePage.jsp_keyword=
3/22 3:9:7|Utils|saveBrowserDocument|title = C:\Users\Compass-91\Desktop\recorder\scripts\NetDiagnostic\Weblogic\nsecom_new\dump\flow\192.168.1.96_19001\nsecom\jsp\HomePage.jsp_keyword=
3/22 3:9:7|Utils|getURLTracker|urlString = http://192.168.1.96:19001/nsecom/jsp/HomePage.jsp?keyword=, requestOrResponce = snapShot
3/22 3:9:10|ScriptHTMLStart|stopRecording|Method Called.
3/22 3:9:10|ScriptHTMLStart|stopRecording|Going to stop recording
3/22 3:9:10|NSBrowser|stopRecord|Method called.
3/22 3:9:10|MainFrame|addNavigationListeners|browser disposed called.
3/22 3:9:10|WebCFormattor|generateScripts|method called.
3/22 3:9:10|Utils|addLastPageLeftUrlsToInlineUrlsOfLastPage|Method called.
3/22 3:9:10|Utils|modifyMapForSplit|Method called.
3/22 3:9:10|Utils|modifyMapForThinkTime|Method called.
3/22 3:9:10|Utils|getRelativeTimeWithRespectOfStartRecordingTime|Method called.time stamp = 1363945150900
3/22 3:9:10|Utils|convertToSecond method called|time = 13978.0
3/22 3:9:10|Utils|modifyMapForThinkTime|Modifying url list for last page=HomePage_jsp_2, startThink=10.764, endThink=13.978
3/22 3:9:10|Utils|generateEventDetail|method called.
3/22 3:9:10|Utils|generateUrlInfoListDetail|method called
3/22 3:9:10|Utils|generateUrlInfoListDetail|URL = http://192.168.1.96:19001/nsecom
3/22 3:9:10|Utils|convertToSecond method called|time = 0.20199999999999999
3/22 3:9:10|Utils|generateUrlInfoListDetail|ScriptparsingData =http://192.168.1.96:19001/nsecom
3/22 3:9:10|Utils|generateUrlInfoListDetail|UrlTracker.scriptParsingData.getParsedPath()=192.168.1.96_19001/, Utils.getDumpPath() = C:\Users\Compass-91\Desktop\recorder\scripts\NetDiagnostic/Weblogic/nsecom_new\dump\flow
3/22 3:9:10|Utils|generateUrlInfoListDetail|URL = http://192.168.1.96:19001/nsecom/
3/22 3:9:10|Utils|convertToSecond method called|time = 0.10899999999999999
3/22 3:9:10|Utils|generateUrlInfoListDetail|ScriptparsingData =http://192.168.1.96:19001/nsecom/
3/22 3:9:10|Utils|generateUrlInfoListDetail|Main url dump file is not existing. Dump file Name = index
3/22 3:9:10|Utils|generateUrlInfoListDetail|URL = http://192.168.1.96:19001/nsecom/images/logo.png
3/22 3:9:10|Utils|convertToSecond method called|time = 0.09400000000000003
3/22 3:9:10|Utils|generateUrlInfoListDetail|ScriptparsingData =http://192.168.1.96:19001/nsecom/images/logo.png
3/22 3:9:10|Utils|generateUrlInfoListDetail|URL = http://192.168.1.96:19001/nsecom/jsp/HomePage.jsp
3/22 3:9:10|Utils|convertToSecond method called|time = 0.17200000000000015
3/22 3:9:10|Utils|generateUrlInfoListDetail|ScriptparsingData =http://192.168.1.96:19001/nsecom/jsp/HomePage.jsp
3/22 3:9:10|Utils|generateUrlInfoListDetail|Main url dump file is not existing. Dump file Name = HomePage.jsp
3/22 3:9:10|Utils|generateUrlInfoListDetail|URL = http://192.168.1.96:19001/nsecom/js/validate.js
3/22 3:9:10|Utils|generateUrlInfoListDetail|ScriptparsingData =http://192.168.1.96:19001/nsecom/js/validate.js
3/22 3:9:10|Utils|generateUrlInfoListDetail|URL = http://192.168.1.96:19001/nsecom/jsp/HomePage.jsp?keyword=
3/22 3:9:10|Utils|convertToSecond method called|time = 0.2029999999999994
3/22 3:9:10|Utils|generateUrlInfoListDetail|ScriptparsingData =http://192.168.1.96:19001/nsecom/jsp/HomePage.jsp?keyword=
3/22 3:9:10|Utils|generateUrlInfoListDetail|Main url dump file is not existing. Dump file Name = HomePage.jsp_keyword=
3/22 3:9:10|Utils|generateUrlInfoListDetail|URL = http://192.168.1.96:19001/nsecom/js/validate.js
3/22 3:9:10|Utils|generateUrlInfoListDetail|ScriptparsingData =http://192.168.1.96:19001/nsecom/js/validate.js
3/22 3:9:10|WebCFormattor|generateEventsForFlow|method called.
3/22 3:9:10|WebCGenerator|generate|method called.
3/22 3:9:10|WebCGenerator|generate|Putting header comments in Buffer.
3/22 3:9:10|WebCGenerator|generate|Processing URLs with list size=3
3/22 3:9:10|WebCGenerator|getValidURL|Since this URL is not in filtered list, returning the URL=http://192.168.1.96:19001/nsecom
3/22 3:9:10|Utils|getTimeStampForPage|Method called.
3/22 3:9:10|WebCGenerator|getUrlReqAndResDetails|method called.
3/22 3:9:10|WebCGenerator|generate|Adding Inline template to the page.
3/22 3:9:10|WebCGenerator|appendHeadersAndEndline|method called.
3/22 3:9:10|WebCGenerator|getUrlReqAndResDetails|method called.
3/22 3:9:10|WebCGenerator|appendHeadersAndEndline|method called.
3/22 3:9:10|WebCGenerator|getUrlReqAndResDetails|method called.
3/22 3:9:10|Utils|convertToSecond method called|time = 2.854
3/22 3:9:10|WebCGenerator|getValidURL|Since this URL is not in filtered list, returning the URL=http://192.168.1.96:19001/nsecom/jsp/HomePage.jsp
3/22 3:9:10|Utils|getTimeStampForPage|Method called.
3/22 3:9:10|WebCGenerator|getUrlReqAndResDetails|method called.
3/22 3:9:10|WebCGenerator|generate|Adding Inline template to the page.
3/22 3:9:10|WebCGenerator|appendHeadersAndEndline|method called.
3/22 3:9:10|WebCGenerator|getUrlReqAndResDetails|method called.
3/22 3:9:10|WebCGenerator|getCookieForTheUrl|method called.
3/22 3:9:10|Utils|convertToSecond method called|time = 6.973
3/22 3:9:10|WebCGenerator|getValidURL|Since this URL is not in filtered list, returning the URL=http://192.168.1.96:19001/nsecom/jsp/HomePage.jsp?keyword=
3/22 3:9:11|Utils|getTimeStampForPage|Method called.
3/22 3:9:11|WebCGenerator|generate|Adding Comments to page.HomePage_jsp_2
3/22 3:9:11|WebCGenerator|getUrlReqAndResDetails|method called.
3/22 3:9:11|WebCGenerator|getCookieForTheUrl|method called.
3/22 3:9:11|WebCGenerator|generate|Adding Inline template to the page.
3/22 3:9:11|WebCGenerator|appendHeadersAndEndline|method called.
3/22 3:9:11|WebCGenerator|getUrlReqAndResDetails|method called.
3/22 3:9:11|WebCGenerator|getCookieForTheUrl|method called.
3/22 3:9:11|Utils|convertToSecond method called|time = 3.2140000000000004
3/22 3:9:11|MainFrame|addNavigationListeners|browser disposed Exiting.
3/22 3:9:11|MainFrame|addNavigationListeners|browser disposed called.
3/22 3:9:11|MainFrame|addNavigationListeners|browser disposed Exiting.
3/22 3:9:11|NSBrowser|addNavigationListeners|browser disposed Exiting.
3/22 3:9:11|ScriptHTMLStart|stopRecording|Going to upload script to server.
3/22 3:9:12|ScriptRecordUtils|saveScriptToServer|method called.
