5/6 6:6:1|Utils|clearCookieAndCache|Cookie And Cache can not be cleared|Following is the stack trace:
org.mozilla.xpcom.XPCOMException: The function "evictEntries" returned an error condition  (0x80520012)
	at org.mozilla.xpcom.internal.XPCOMJavaProxy.callXPCOMMethod(Native Method)
	at org.mozilla.xpcom.internal.XPCOMJavaProxy.invoke(XPCOMJavaProxy.java:143)
	at com.sun.proxy.$Proxy31.evictEntries(Unknown Source)
	at com.teamdev.xpcom.cache.CacheService.clearAll(Unknown Source)
	at com.netstorm.browser.Utils.clearCookieAndCache(Utils.java:1442)
	at com.netstorm.browser.MainFrame.createMozillaComponent(MainFrame.java:400)
	at com.netstorm.browser.MainFrame.addDefaultBrowserComponentForTabbedPane(MainFrame.java:250)
	at com.netstorm.browser.MainFrame.createUI(MainFrame.java:224)
	at com.netstorm.browser.MainFrame.<init>(MainFrame.java:154)
	at com.netstorm.browser.NSBrowser.<init>(NSBrowser.java:100)
	at ScriptHTMLStart.StartRecording(ScriptHTMLStart.java:200)
	at ScriptHTMLStart.run(ScriptHTMLStart.java:67)
5/6 6:7:32|ScriptUtils|deleteDirectory|Error in deleting file - C:\Users\Compass-91\Desktop\recorder\scripts/NetDiagnostic/Weblogic/nsecom/dump/new/url_info.list
5/6 6:8:12|Utils|clearCookieAndCache|Cookie And Cache can not be cleared|Following is the stack trace:
org.mozilla.xpcom.XPCOMException: The function "evictEntries" returned an error condition  (0xc1f30001)
	at org.mozilla.xpcom.internal.XPCOMJavaProxy.callXPCOMMethod(Native Method)
	at org.mozilla.xpcom.internal.XPCOMJavaProxy.invoke(XPCOMJavaProxy.java:143)
	at com.sun.proxy.$Proxy31.evictEntries(Unknown Source)
	at com.teamdev.xpcom.cache.CacheService.clearOnDiskEntries(Unknown Source)
	at com.netstorm.browser.Utils.clearCookieAndCache(Utils.java:1440)
	at com.netstorm.browser.MainFrame.createMozillaComponent(MainFrame.java:400)
	at com.netstorm.browser.MainFrame.addDefaultBrowserComponentForTabbedPane(MainFrame.java:250)
	at com.netstorm.browser.MainFrame.createUI(MainFrame.java:224)
	at com.netstorm.browser.MainFrame.<init>(MainFrame.java:154)
	at com.netstorm.browser.NSBrowser.<init>(NSBrowser.java:100)
	at ScriptHTMLStart.StartRecording(ScriptHTMLStart.java:200)
	at ScriptHTMLStart.run(ScriptHTMLStart.java:67)
