5/2 4:5:10|MainFrame|MainFrame|Constructor Called.
5/2 4:5:14|MainFrame|createMozillaComponent|Method Called.
5/2 4:5:14|MainFrame|setSecurityCertificationErrors|Method called.
5/2 4:5:14|MainFrame|EnableDisableBrowserOtions|method called.
5/2 4:5:14|MainFrame|EnableDisableBrowserOtions|Enabling JavaScript feature.
5/2 4:5:14|MainFrame|EnableDisableBrowserOtions|Enabling ImageDownload feature.
5/2 4:5:14|MainFrame|EnableDisableBrowserOtions|Enabling Plugins feature.
5/2 4:5:14|MainFrame|EnableDisableBrowserOtions|Setting User Agent=Mozilla/4.0 (Windows; U; Windows NT 6.1; en-US; rv:1.9.2.24) Gecko/20111103 Firefox/3.6.24
5/2 4:5:14|MainFrame|addNavigationListeners|method called.
5/2 4:5:14|NetStormBrowserNavigationEventListener|NetStormBrowserNavigationEventListener|Constructor Called.
5/2 4:5:14|MainFrame|updateBackForwardButtons|method Called.
5/2 4:5:14|NetstormCEventListener|NetstormCEventListener|Constructor Called.
5/2 4:5:14|NetstormCEventListener|addHTMLElementsListeners|Method Called.
5/2 4:5:14|NetStormBrowserNavigationEventListener|setcEventListener|Method Called.
5/2 4:5:14|NetStormBrowserNavigationEventListener|setupListeners|Method Called.
5/2 4:5:14|NetstormCEventListener|addAllHTMLElementsListeners|Method Called.
5/2 4:5:14|RecordingHttpListener|observe|Method Called for sTopic=http-on-modify-request
5/2 4:5:14|Utils|getURLTracker|urlString = http://192.168.1.92:19001/nsecom/home, requestOrResponce = request
5/2 4:5:14|Utils|getRelativeTimeWithRespectOfStartRecordingTime|Method called.time stamp = 1367490914722
5/2 4:5:14|Utils|convertToSecond method called|time = 4899.0
5/2 4:5:14|Utils|isSplit|Method called.
5/2 4:5:14|Utils|isSplit|Splitting for Ajax Header = false
5/2 4:5:14|Utils|isSplit|Splitting for method GET = false
5/2 4:5:14|Utils|isSplit|result = false
5/2 4:5:14|Utils|isSplitForTimeDiff|Method called.
5/2 4:5:14|Utils|isSplit|result = false
5/2 4:5:14|Utils|isSplitForURLType|Method called.
5/2 4:5:14|Utils|isSplitForURLType|value = false
5/2 4:5:14|Utils|isSplitForURLType|value = false
5/2 4:5:14|Utils|isSplit|isSplitForURLType = false
5/2 4:5:14|NetStormBrowserNavigationEventListener|navigationStarted|Method Called for URL=http://192.168.1.92:19001/nsecom/home
5/2 4:5:14|NetStormBrowserNavigationEventListener|navigationStarted|Begin Loading URL == http://192.168.1.92:19001/nsecom/home  ===== Begin = 1367490914753
5/2 4:5:14|Utils|getURLTracker|urlString = http://192.168.1.92:19001/nsecom/home, requestOrResponce = snapShot
5/2 4:5:14|RecordingHttpListener|observe|Method Called for sTopic=http-on-examine-response
5/2 4:5:14|Utils|getURLTracker|urlString = http://192.168.1.92:19001/nsecom/home, requestOrResponce = response
5/2 4:5:14|Utils|getRelativeTimeWithRespectOfStartRecordingTime|Method called.time stamp = 1367490914862
5/2 4:5:14|Utils|convertToSecond method called|time = 5039.0
5/2 4:5:14|Utils|isSplit|Method called.
5/2 4:5:14|Utils|isSplit|Splitting for Ajax Header = false
5/2 4:5:14|Utils|isSplit|Splitting for method GET = false
5/2 4:5:14|Utils|isSplit|result = false
5/2 4:5:14|Utils|isSplitForTimeDiff|Method called.
5/2 4:5:14|Utils|isSplit|result = false
5/2 4:5:14|Utils|isSplitForURLType|Method called.
5/2 4:5:14|Utils|isSplitForURLType|value = false
5/2 4:5:14|Utils|isSplitForURLType|value = false
5/2 4:5:14|Utils|isSplitForURLType|value = false
5/2 4:5:14|Utils|isSplit|isSplitForURLType = false
5/2 4:5:14|Utils|getRelativeTimeWithRespectOfStartRecordingTime|Method called.time stamp = 1367490914862
5/2 4:5:14|Utils|convertToSecond method called|time = 5039.0
5/2 4:5:14|Utils|getRelativeTimeWithRespectOfStartRecordingTime|Method called.time stamp = 1367490914862
5/2 4:5:14|Utils|convertToSecond method called|time = 5039.0
5/2 4:5:14|RecordingHttpListener|onStartRequest|method called with request Name = http://192.168.1.92:19001/nsecom/home
5/2 4:5:14|Utils|getURLTracker|urlString = http://192.168.1.92:19001/nsecom/home, requestOrResponce = snapShot
5/2 4:5:14|RecordingHttpListener|onDataAvailable|method called for request=http://192.168.1.92:19001/nsecom/home
5/2 4:5:14|RecordingHttpListener|onDataAvailable|Adding dump diretory with path=C:\Users\Compass-91\Desktop\recorder\scripts\NetDiagnostic/Weblogic/nsecom_new\dump\nsecom\192.168.1.92_19001/nsecom/
5/2 4:5:14|RecordingHttpListener|onDataAvailable|Calling onDataAvailable on original listener.
5/2 4:5:14|RecordingHttpListener|observe|Method Called for sTopic=http-on-modify-request
5/2 4:5:14|Utils|getURLTracker|urlString = http://192.168.1.92:19001/nsecom/images/nsecomlogo.png, requestOrResponce = request
5/2 4:5:14|Utils|getRelativeTimeWithRespectOfStartRecordingTime|Method called.time stamp = 1367490914909
5/2 4:5:14|Utils|convertToSecond method called|time = 5086.0
5/2 4:5:14|Utils|isSplit|Method called.
5/2 4:5:14|Utils|isSplit|Splitting for Ajax Header = false
5/2 4:5:14|Utils|isSplit|Splitting for method GET = false
5/2 4:5:14|Utils|isSplit|result = false
5/2 4:5:14|Utils|isSplitForTimeDiff|Method called.
5/2 4:5:14|Utils|isSplit|Splitting for time 0.0470000000000006 = false
5/2 4:5:14|Utils|isSplit|result = false
5/2 4:5:14|Utils|isSplitForURLType|Method called.
5/2 4:5:14|Utils|isSplitForURLType|value = false
5/2 4:5:14|Utils|isSplitForURLType|value = false
5/2 4:5:14|Utils|isSplit|isSplitForURLType = false
5/2 4:5:15|RecordingHttpListener|onStopRequest|method called for request=http://192.168.1.92:19001/nsecom/home
5/2 4:5:15|RecordingHttpListener|observe|Method Called for sTopic=http-on-examine-response
5/2 4:5:15|Utils|getURLTracker|urlString = http://192.168.1.92:19001/nsecom/images/nsecomlogo.png, requestOrResponce = response
5/2 4:5:15|Utils|getRelativeTimeWithRespectOfStartRecordingTime|Method called.time stamp = 1367490915065
5/2 4:5:15|Utils|convertToSecond method called|time = 5242.0
5/2 4:5:15|Utils|isSplit|Method called.
5/2 4:5:15|Utils|isSplit|Splitting for Ajax Header = false
5/2 4:5:15|Utils|isSplit|Splitting for method GET = false
5/2 4:5:15|Utils|isSplit|result = false
5/2 4:5:15|Utils|isSplitForTimeDiff|Method called.
5/2 4:5:15|Utils|isSplit|Splitting for time 0.0470000000000006 = false
5/2 4:5:15|Utils|isSplit|result = false
5/2 4:5:15|Utils|isSplitForURLType|Method called.
5/2 4:5:15|Utils|isSplitForURLType|value = false
5/2 4:5:15|Utils|isSplitForURLType|value = false
5/2 4:5:15|Utils|isSplitForURLType|value = false
5/2 4:5:15|Utils|isSplit|isSplitForURLType = false
5/2 4:5:15|Utils|getRelativeTimeWithRespectOfStartRecordingTime|Method called.time stamp = 1367490915065
5/2 4:5:15|Utils|convertToSecond method called|time = 5242.0
5/2 4:5:15|Utils|getRelativeTimeWithRespectOfStartRecordingTime|Method called.time stamp = 1367490915065
5/2 4:5:15|Utils|convertToSecond method called|time = 5242.0
5/2 4:5:15|RecordingHttpListener|onStartRequest|method called with request Name = http://192.168.1.92:19001/nsecom/images/nsecomlogo.png
5/2 4:5:15|Utils|getURLTracker|urlString = http://192.168.1.92:19001/nsecom/images/nsecomlogo.png, requestOrResponce = snapShot
5/2 4:5:15|RecordingHttpListener|onDataAvailable|method called for request=http://192.168.1.92:19001/nsecom/images/nsecomlogo.png
5/2 4:5:15|RecordingHttpListener|onDataAvailable|Adding dump diretory with path=C:\Users\Compass-91\Desktop\recorder\scripts\NetDiagnostic/Weblogic/nsecom_new\dump\nsecom\192.168.1.92_19001/nsecom/images/
5/2 4:5:15|RecordingHttpListener|onDataAvailable|Calling onDataAvailable on original listener.
5/2 4:5:15|RecordingHttpListener|onDataAvailable|method called for request=http://192.168.1.92:19001/nsecom/images/nsecomlogo.png
5/2 4:5:15|RecordingHttpListener|onDataAvailable|Adding dump diretory with path=C:\Users\Compass-91\Desktop\recorder\scripts\NetDiagnostic/Weblogic/nsecom_new\dump\nsecom\192.168.1.92_19001/nsecom/images/
5/2 4:5:15|RecordingHttpListener|onDataAvailable|Calling onDataAvailable on original listener.
5/2 4:5:15|RecordingHttpListener|onStopRequest|method called for request=http://192.168.1.92:19001/nsecom/images/nsecomlogo.png
5/2 4:5:15|MainFrame|updateBackForwardButtons|method Called.
5/2 4:5:15|NetStormBrowserNavigationEventListener|navigationFinished|Method Called for URL=http://192.168.1.92:19001/nsecom/home
5/2 4:5:15|NetStormBrowserNavigationEventListener|NavigationFinishEventRunner|constructor called for url=http://192.168.1.92:19001/nsecom/home
5/2 4:5:15|NetStormBrowserNavigationEventListener|setupListeners|Method Called.
5/2 4:5:15|NetstormCEventListener|addAllHTMLElementsListeners|Method Called.
5/2 4:5:15|Utils|filterPath|path = http://192.168.1.92:19001/nsecom/home
5/2 4:5:15|Utils|getFileName|path = http://192.168.1.92:19001/nsecom/home
5/2 4:5:15|Utils|getFileName|filename for dump = home
5/2 4:5:15|Utils|saveBrowserDocument|title = C:\Users\Compass-91\Desktop\recorder\scripts\NetDiagnostic\Weblogic\nsecom_new\dump\nsecom\192.168.1.92_19001\nsecom\home
5/2 4:5:15|Utils|getURLTracker|urlString = http://192.168.1.92:19001/nsecom/home, requestOrResponce = snapShot
5/2 4:5:15|ScriptHTMLStart|run|Going to call init method.
5/2 4:5:15|NSBrowser|init|Method called.
5/2 4:5:15|WebCFormattor||constructor called.
5/2 4:5:15|NSBrowser|execute|Method Called.
5/2 4:5:15|NSBrowser|execute|DOM Core supported 
5/2 4:5:15|NSBrowser|execute|DOM XML supported 
5/2 4:5:15|NSBrowser|execute|DOM HTML supported 
5/2 4:5:15|NSBrowser|execute|DOM Views supported 
5/2 4:5:15|NSBrowser|execute|DOM StyleSheets supported 
5/2 4:5:15|NSBrowser|execute|DOM CSS supported 
5/2 4:5:15|NSBrowser|execute|DOM CSS2 supported 
5/2 4:5:15|NSBrowser|execute|DOM Events supported 
5/2 4:5:15|NSBrowser|execute|DOM UIEvents supported 
5/2 4:5:15|NSBrowser|execute|DOM MouseEvents supported 
5/2 4:5:15|NSBrowser|execute|DOM MutationEvents not supported 
5/2 4:5:15|NSBrowser|execute|DOM HTMLEvents supported 
5/2 4:5:15|NSBrowser|execute|DOM Traversal not supported 
5/2 4:5:15|NSBrowser|execute|DOM Range supported 
5/2 4:5:15|ScriptHTMLStart|Recording|Thread state =2
5/2 4:5:15|ScriptHTMLStart|run|Setting thread state.State of Thread - 2
5/2 4:5:18|NetstormCEventListener|handleEvent|Method Called.
5/2 4:5:18|NetstormCEventListener|dumpEvent|Method Called. Event Type: click
 Tag Name = INPUT
5/2 4:5:18|Utils|setRecordingComments|method called.
5/2 4:5:18|NetstormCEventListener|handleEvent|Method Called.
5/2 4:5:18|NetstormCEventListener|dumpEvent|Method Called. Event Type: click
 Tag Name = INPUT
5/2 4:5:18|Utils|setRecordingComments|method called.
5/2 4:5:20|NetstormCEventListener|handleEvent|Method Called.
5/2 4:5:20|NetstormCEventListener|dumpEvent|Method Called. Event Type: click
 Tag Name = INPUT
5/2 4:5:20|NetstormCEventListener|addBtnElement|Method Called.
5/2 4:5:20|Utils|setRecordingComments|method called.
5/2 4:5:20|RecordingHttpListener|observe|Method Called for sTopic=http-on-modify-request
5/2 4:5:20|Utils|getURLTracker|urlString = http://192.168.1.92:19001/nsecom/searchProduct?keyword=jeans, requestOrResponce = request
5/2 4:5:20|Utils|getRelativeTimeWithRespectOfStartRecordingTime|Method called.time stamp = 1367490920135
5/2 4:5:20|Utils|convertToSecond method called|time = 10312.0
5/2 4:5:20|Utils|isSplit|Method called.
5/2 4:5:20|Utils|isSplit|Splitting for Ajax Header = false
5/2 4:5:20|Utils|isSplit|Splitting for method GET = false
5/2 4:5:20|Utils|isSplit|result = false
5/2 4:5:20|Utils|isSplitForTimeDiff|Method called.
5/2 4:5:20|Utils|isSplit|Splitting for time 5.069999999999999 = false
5/2 4:5:20|Utils|isSplit|result = false
5/2 4:5:20|Utils|isSplitForURLType|Method called.
5/2 4:5:20|Utils|isSplitForURLType|value = false
5/2 4:5:20|Utils|isSplitForURLType|value = false
5/2 4:5:20|Utils|isSplit|isSplitForURLType = false
5/2 4:5:20|NetStormBrowserNavigationEventListener|navigationStarted|Method Called for URL=http://192.168.1.92:19001/nsecom/searchProduct?keyword=jeans
5/2 4:5:20|NetStormBrowserNavigationEventListener|navigationStarted|Begin Loading URL == http://192.168.1.92:19001/nsecom/searchProduct?keyword=jeans  ===== Begin = 1367490920166
5/2 4:5:20|Utils|getURLTracker|urlString = http://192.168.1.92:19001/nsecom/searchProduct?keyword=jeans, requestOrResponce = snapShot
5/2 4:5:20|RecordingHttpListener|observe|Method Called for sTopic=http-on-examine-response
5/2 4:5:20|Utils|getURLTracker|urlString = http://192.168.1.92:19001/nsecom/searchProduct?keyword=jeans, requestOrResponce = response
5/2 4:5:20|Utils|getRelativeTimeWithRespectOfStartRecordingTime|Method called.time stamp = 1367490920244
5/2 4:5:20|Utils|convertToSecond method called|time = 10421.0
5/2 4:5:20|Utils|isSplit|Method called.
5/2 4:5:20|Utils|isSplit|Splitting for Ajax Header = false
5/2 4:5:20|Utils|isSplit|Splitting for method GET = false
5/2 4:5:20|Utils|isSplit|result = false
5/2 4:5:20|Utils|isSplitForTimeDiff|Method called.
5/2 4:5:20|Utils|isSplit|Splitting for time 5.069999999999999 = false
5/2 4:5:20|Utils|isSplit|result = false
5/2 4:5:20|Utils|isSplitForURLType|Method called.
5/2 4:5:20|Utils|isSplitForURLType|value = false
5/2 4:5:20|Utils|isSplitForURLType|value = false
5/2 4:5:20|Utils|isSplitForURLType|value = false
5/2 4:5:20|Utils|isSplit|isSplitForURLType = false
5/2 4:5:20|Utils|getRelativeTimeWithRespectOfStartRecordingTime|Method called.time stamp = 1367490920244
5/2 4:5:20|Utils|convertToSecond method called|time = 10421.0
5/2 4:5:20|Utils|getRelativeTimeWithRespectOfStartRecordingTime|Method called.time stamp = 1367490920244
5/2 4:5:20|Utils|convertToSecond method called|time = 10421.0
5/2 4:5:20|RecordingHttpListener|onStartRequest|method called with request Name = http://192.168.1.92:19001/nsecom/searchProduct?keyword=jeans
5/2 4:5:20|Utils|getURLTracker|urlString = http://192.168.1.92:19001/nsecom/searchProduct?keyword=jeans, requestOrResponce = snapShot
5/2 4:5:20|RecordingHttpListener|onDataAvailable|method called for request=http://192.168.1.92:19001/nsecom/searchProduct?keyword=jeans
5/2 4:5:20|RecordingHttpListener|onDataAvailable|Adding dump diretory with path=C:\Users\Compass-91\Desktop\recorder\scripts\NetDiagnostic/Weblogic/nsecom_new\dump\nsecom\192.168.1.92_19001/nsecom/
5/2 4:5:20|RecordingHttpListener|onDataAvailable|Calling onDataAvailable on original listener.
5/2 4:5:20|RecordingHttpListener|observe|Method Called for sTopic=http-on-modify-request
5/2 4:5:20|Utils|getURLTracker|urlString = http://192.168.1.92:19001/nsecom/images/jeans1.png, requestOrResponce = request
5/2 4:5:20|Utils|getRelativeTimeWithRespectOfStartRecordingTime|Method called.time stamp = 1367490920260
5/2 4:5:20|Utils|convertToSecond method called|time = 10437.0
5/2 4:5:20|Utils|isSplit|Method called.
5/2 4:5:20|Utils|isSplit|Splitting for Ajax Header = false
5/2 4:5:20|Utils|isSplit|Splitting for method GET = false
5/2 4:5:20|Utils|isSplit|result = false
5/2 4:5:20|Utils|isSplitForTimeDiff|Method called.
5/2 4:5:20|Utils|isSplit|Splitting for time 0.016000000000000014 = false
5/2 4:5:20|Utils|isSplit|result = false
5/2 4:5:20|Utils|isSplitForURLType|Method called.
5/2 4:5:20|Utils|isSplitForURLType|value = false
5/2 4:5:20|Utils|isSplitForURLType|value = false
5/2 4:5:20|Utils|isSplit|isSplitForURLType = false
5/2 4:5:20|RecordingHttpListener|onStopRequest|method called for request=http://192.168.1.92:19001/nsecom/searchProduct?keyword=jeans
5/2 4:5:20|RecordingHttpListener|observe|Method Called for sTopic=http-on-modify-request
5/2 4:5:20|Utils|getURLTracker|urlString = http://192.168.1.92:19001/nsecom/images/jeans2.png, requestOrResponce = request
5/2 4:5:20|Utils|getRelativeTimeWithRespectOfStartRecordingTime|Method called.time stamp = 1367490920275
5/2 4:5:20|Utils|convertToSecond method called|time = 10452.0
5/2 4:5:20|Utils|isSplit|Method called.
5/2 4:5:20|Utils|isSplit|Splitting for Ajax Header = false
5/2 4:5:20|Utils|isSplit|Splitting for method GET = false
5/2 4:5:20|Utils|isSplit|result = false
5/2 4:5:20|Utils|isSplitForTimeDiff|Method called.
5/2 4:5:20|Utils|isSplit|Splitting for time 0.031000000000000583 = false
5/2 4:5:20|Utils|isSplit|result = false
5/2 4:5:20|Utils|isSplitForURLType|Method called.
5/2 4:5:20|Utils|isSplitForURLType|value = false
5/2 4:5:20|Utils|isSplitForURLType|value = false
5/2 4:5:20|Utils|isSplit|isSplitForURLType = false
5/2 4:5:20|RecordingHttpListener|observe|Method Called for sTopic=http-on-modify-request
5/2 4:5:20|Utils|getURLTracker|urlString = http://192.168.1.92:19001/nsecom/images/jeans3.png, requestOrResponce = request
5/2 4:5:20|Utils|getRelativeTimeWithRespectOfStartRecordingTime|Method called.time stamp = 1367490920291
5/2 4:5:20|Utils|convertToSecond method called|time = 10468.0
5/2 4:5:20|Utils|isSplit|Method called.
5/2 4:5:20|Utils|isSplit|Splitting for Ajax Header = false
5/2 4:5:20|Utils|isSplit|Splitting for method GET = false
5/2 4:5:20|Utils|isSplit|result = false
5/2 4:5:20|Utils|isSplitForTimeDiff|Method called.
5/2 4:5:20|Utils|isSplit|Splitting for time 0.0470000000000006 = false
5/2 4:5:20|Utils|isSplit|result = false
5/2 4:5:20|Utils|isSplitForURLType|Method called.
5/2 4:5:20|Utils|isSplitForURLType|value = false
5/2 4:5:20|Utils|isSplitForURLType|value = false
5/2 4:5:20|Utils|isSplit|isSplitForURLType = false
5/2 4:5:20|RecordingHttpListener|observe|Method Called for sTopic=http-on-modify-request
5/2 4:5:20|Utils|getURLTracker|urlString = http://192.168.1.92:19001/nsecom/images/jeans4.png, requestOrResponce = request
5/2 4:5:20|Utils|getRelativeTimeWithRespectOfStartRecordingTime|Method called.time stamp = 1367490920306
5/2 4:5:20|Utils|convertToSecond method called|time = 10483.0
5/2 4:5:20|Utils|isSplit|Method called.
5/2 4:5:20|Utils|isSplit|Splitting for Ajax Header = false
5/2 4:5:20|Utils|isSplit|Splitting for method GET = false
5/2 4:5:20|Utils|isSplit|result = false
5/2 4:5:20|Utils|isSplitForTimeDiff|Method called.
5/2 4:5:20|Utils|isSplit|Splitting for time 0.062000000000001165 = false
5/2 4:5:20|Utils|isSplit|result = false
5/2 4:5:20|Utils|isSplitForURLType|Method called.
5/2 4:5:20|Utils|isSplitForURLType|value = false
5/2 4:5:20|Utils|isSplitForURLType|value = false
5/2 4:5:20|Utils|isSplit|isSplitForURLType = false
5/2 4:5:20|RecordingHttpListener|observe|Method Called for sTopic=http-on-modify-request
5/2 4:5:20|Utils|getURLTracker|urlString = http://192.168.1.92:19001/nsecom/images/jeans5.png, requestOrResponce = request
5/2 4:5:20|Utils|getRelativeTimeWithRespectOfStartRecordingTime|Method called.time stamp = 1367490920306
5/2 4:5:20|Utils|convertToSecond method called|time = 10483.0
5/2 4:5:20|Utils|isSplit|Method called.
5/2 4:5:20|Utils|isSplit|Splitting for Ajax Header = false
5/2 4:5:20|Utils|isSplit|Splitting for method GET = false
5/2 4:5:20|Utils|isSplit|result = false
5/2 4:5:20|Utils|isSplitForTimeDiff|Method called.
5/2 4:5:20|Utils|isSplit|Splitting for time 0.062000000000001165 = false
5/2 4:5:20|Utils|isSplit|result = false
5/2 4:5:20|Utils|isSplitForURLType|Method called.
5/2 4:5:20|Utils|isSplitForURLType|value = false
5/2 4:5:20|Utils|isSplitForURLType|value = false
5/2 4:5:20|Utils|isSplit|isSplitForURLType = false
5/2 4:5:20|RecordingHttpListener|observe|Method Called for sTopic=http-on-modify-request
5/2 4:5:20|Utils|getURLTracker|urlString = http://192.168.1.92:19001/nsecom/images/jeans6.png, requestOrResponce = request
5/2 4:5:20|Utils|getRelativeTimeWithRespectOfStartRecordingTime|Method called.time stamp = 1367490920322
5/2 4:5:20|Utils|convertToSecond method called|time = 10499.0
5/2 4:5:20|Utils|isSplit|Method called.
5/2 4:5:20|Utils|isSplit|Splitting for Ajax Header = false
5/2 4:5:20|Utils|isSplit|Splitting for method GET = false
5/2 4:5:20|Utils|isSplit|result = false
5/2 4:5:20|Utils|isSplitForTimeDiff|Method called.
5/2 4:5:20|Utils|isSplit|Splitting for time 0.07800000000000118 = false
5/2 4:5:20|Utils|isSplit|result = false
5/2 4:5:20|Utils|isSplitForURLType|Method called.
5/2 4:5:20|Utils|isSplitForURLType|value = false
5/2 4:5:20|Utils|isSplitForURLType|value = false
5/2 4:5:20|Utils|isSplit|isSplitForURLType = false
5/2 4:5:20|RecordingHttpListener|observe|Method Called for sTopic=http-on-modify-request
5/2 4:5:20|Utils|getURLTracker|urlString = http://192.168.1.92:19001/nsecom/images/jeans7.png, requestOrResponce = request
5/2 4:5:20|Utils|getRelativeTimeWithRespectOfStartRecordingTime|Method called.time stamp = 1367490920338
5/2 4:5:20|Utils|convertToSecond method called|time = 10515.0
5/2 4:5:20|Utils|isSplit|Method called.
5/2 4:5:20|Utils|isSplit|Splitting for Ajax Header = false
5/2 4:5:20|Utils|isSplit|Splitting for method GET = false
5/2 4:5:20|Utils|isSplit|result = false
5/2 4:5:20|Utils|isSplitForTimeDiff|Method called.
5/2 4:5:20|Utils|isSplit|Splitting for time 0.0940000000000012 = false
5/2 4:5:20|Utils|isSplit|result = false
5/2 4:5:20|Utils|isSplitForURLType|Method called.
5/2 4:5:20|Utils|isSplitForURLType|value = false
5/2 4:5:20|Utils|isSplitForURLType|value = false
5/2 4:5:20|Utils|isSplit|isSplitForURLType = false
5/2 4:5:20|RecordingHttpListener|observe|Method Called for sTopic=http-on-modify-request
5/2 4:5:20|Utils|getURLTracker|urlString = http://192.168.1.92:19001/nsecom/images/jeans8.png, requestOrResponce = request
5/2 4:5:20|Utils|getRelativeTimeWithRespectOfStartRecordingTime|Method called.time stamp = 1367490920369
5/2 4:5:20|Utils|convertToSecond method called|time = 10546.0
5/2 4:5:20|Utils|isSplit|Method called.
5/2 4:5:20|Utils|isSplit|Splitting for Ajax Header = false
5/2 4:5:20|Utils|isSplit|Splitting for method GET = false
5/2 4:5:20|Utils|isSplit|result = false
5/2 4:5:20|Utils|isSplitForTimeDiff|Method called.
5/2 4:5:20|Utils|isSplit|Splitting for time 0.125 = false
5/2 4:5:20|Utils|isSplit|result = false
5/2 4:5:20|Utils|isSplitForURLType|Method called.
5/2 4:5:20|Utils|isSplitForURLType|value = false
5/2 4:5:20|Utils|isSplitForURLType|value = false
5/2 4:5:20|Utils|isSplit|isSplitForURLType = false
5/2 4:5:20|RecordingHttpListener|observe|Method Called for sTopic=http-on-modify-request
5/2 4:5:20|Utils|getURLTracker|urlString = http://192.168.1.92:19001/nsecom/images/jeans9.png, requestOrResponce = request
5/2 4:5:20|Utils|getRelativeTimeWithRespectOfStartRecordingTime|Method called.time stamp = 1367490920384
5/2 4:5:20|Utils|convertToSecond method called|time = 10561.0
5/2 4:5:20|Utils|isSplit|Method called.
5/2 4:5:20|Utils|isSplit|Splitting for Ajax Header = false
5/2 4:5:20|Utils|isSplit|Splitting for method GET = false
5/2 4:5:20|Utils|isSplit|result = false
5/2 4:5:20|Utils|isSplitForTimeDiff|Method called.
5/2 4:5:20|Utils|isSplit|Splitting for time 0.14000000000000057 = false
5/2 4:5:20|Utils|isSplit|result = false
5/2 4:5:20|Utils|isSplitForURLType|Method called.
5/2 4:5:20|Utils|isSplitForURLType|value = false
5/2 4:5:20|Utils|isSplitForURLType|value = false
5/2 4:5:20|Utils|isSplit|isSplitForURLType = false
5/2 4:5:20|RecordingHttpListener|observe|Method Called for sTopic=http-on-examine-response
5/2 4:5:20|Utils|getURLTracker|urlString = http://192.168.1.92:19001/nsecom/images/jeans1.png, requestOrResponce = response
5/2 4:5:20|Utils|getRelativeTimeWithRespectOfStartRecordingTime|Method called.time stamp = 1367490920525
5/2 4:5:20|Utils|convertToSecond method called|time = 10702.0
5/2 4:5:20|Utils|isSplit|Method called.
5/2 4:5:20|Utils|isSplit|Splitting for Ajax Header = false
5/2 4:5:20|Utils|isSplit|Splitting for method GET = false
5/2 4:5:20|Utils|isSplit|result = false
5/2 4:5:20|Utils|isSplitForTimeDiff|Method called.
5/2 4:5:20|Utils|isSplit|Splitting for time 0.016000000000000014 = false
5/2 4:5:20|Utils|isSplit|result = false
5/2 4:5:20|Utils|isSplitForURLType|Method called.
5/2 4:5:20|Utils|isSplitForURLType|value = false
5/2 4:5:20|Utils|isSplitForURLType|value = false
5/2 4:5:20|Utils|isSplitForURLType|value = false
5/2 4:5:20|Utils|isSplit|isSplitForURLType = false
5/2 4:5:20|Utils|getRelativeTimeWithRespectOfStartRecordingTime|Method called.time stamp = 1367490920525
5/2 4:5:20|Utils|convertToSecond method called|time = 10702.0
5/2 4:5:20|Utils|getRelativeTimeWithRespectOfStartRecordingTime|Method called.time stamp = 1367490920525
5/2 4:5:20|Utils|convertToSecond method called|time = 10702.0
5/2 4:5:20|RecordingHttpListener|onStartRequest|method called with request Name = http://192.168.1.92:19001/nsecom/images/jeans1.png
5/2 4:5:20|Utils|getURLTracker|urlString = http://192.168.1.92:19001/nsecom/images/jeans1.png, requestOrResponce = snapShot
5/2 4:5:20|RecordingHttpListener|onDataAvailable|method called for request=http://192.168.1.92:19001/nsecom/images/jeans1.png
5/2 4:5:20|RecordingHttpListener|onDataAvailable|Adding dump diretory with path=C:\Users\Compass-91\Desktop\recorder\scripts\NetDiagnostic/Weblogic/nsecom_new\dump\nsecom\192.168.1.92_19001/nsecom/images/
5/2 4:5:20|RecordingHttpListener|onDataAvailable|Calling onDataAvailable on original listener.
5/2 4:5:20|RecordingHttpListener|onDataAvailable|method called for request=http://192.168.1.92:19001/nsecom/images/jeans1.png
5/2 4:5:20|RecordingHttpListener|onDataAvailable|Adding dump diretory with path=C:\Users\Compass-91\Desktop\recorder\scripts\NetDiagnostic/Weblogic/nsecom_new\dump\nsecom\192.168.1.92_19001/nsecom/images/
5/2 4:5:20|RecordingHttpListener|onDataAvailable|Calling onDataAvailable on original listener.
5/2 4:5:20|RecordingHttpListener|onStopRequest|method called for request=http://192.168.1.92:19001/nsecom/images/jeans1.png
5/2 4:5:20|RecordingHttpListener|observe|Method Called for sTopic=http-on-examine-response
5/2 4:5:20|Utils|getURLTracker|urlString = http://192.168.1.92:19001/nsecom/images/jeans2.png, requestOrResponce = response
5/2 4:5:20|Utils|getRelativeTimeWithRespectOfStartRecordingTime|Method called.time stamp = 1367490920572
5/2 4:5:20|Utils|convertToSecond method called|time = 10749.0
5/2 4:5:20|Utils|isSplit|Method called.
5/2 4:5:20|Utils|isSplit|Splitting for Ajax Header = false
5/2 4:5:20|Utils|isSplit|Splitting for method GET = false
5/2 4:5:20|Utils|isSplit|result = false
5/2 4:5:20|Utils|isSplitForTimeDiff|Method called.
5/2 4:5:20|Utils|isSplit|Splitting for time -0.25 = false
5/2 4:5:20|Utils|isSplit|result = false
5/2 4:5:20|Utils|isSplitForURLType|Method called.
5/2 4:5:20|Utils|isSplitForURLType|value = false
5/2 4:5:20|Utils|isSplitForURLType|value = false
5/2 4:5:20|Utils|isSplitForURLType|value = false
5/2 4:5:20|Utils|isSplit|isSplitForURLType = false
5/2 4:5:20|Utils|getRelativeTimeWithRespectOfStartRecordingTime|Method called.time stamp = 1367490920572
5/2 4:5:20|Utils|convertToSecond method called|time = 10749.0
5/2 4:5:20|Utils|getRelativeTimeWithRespectOfStartRecordingTime|Method called.time stamp = 1367490920572
5/2 4:5:20|Utils|convertToSecond method called|time = 10749.0
5/2 4:5:20|RecordingHttpListener|onStartRequest|method called with request Name = http://192.168.1.92:19001/nsecom/images/jeans2.png
5/2 4:5:20|Utils|getURLTracker|urlString = http://192.168.1.92:19001/nsecom/images/jeans2.png, requestOrResponce = snapShot
5/2 4:5:20|RecordingHttpListener|onDataAvailable|method called for request=http://192.168.1.92:19001/nsecom/images/jeans2.png
5/2 4:5:20|RecordingHttpListener|onDataAvailable|Adding dump diretory with path=C:\Users\Compass-91\Desktop\recorder\scripts\NetDiagnostic/Weblogic/nsecom_new\dump\nsecom\192.168.1.92_19001/nsecom/images/
5/2 4:5:20|RecordingHttpListener|onDataAvailable|Calling onDataAvailable on original listener.
5/2 4:5:20|RecordingHttpListener|onDataAvailable|method called for request=http://192.168.1.92:19001/nsecom/images/jeans2.png
5/2 4:5:20|RecordingHttpListener|onDataAvailable|Adding dump diretory with path=C:\Users\Compass-91\Desktop\recorder\scripts\NetDiagnostic/Weblogic/nsecom_new\dump\nsecom\192.168.1.92_19001/nsecom/images/
5/2 4:5:20|RecordingHttpListener|onDataAvailable|Calling onDataAvailable on original listener.
5/2 4:5:20|RecordingHttpListener|onStopRequest|method called for request=http://192.168.1.92:19001/nsecom/images/jeans2.png
5/2 4:5:20|RecordingHttpListener|observe|Method Called for sTopic=http-on-examine-response
5/2 4:5:20|Utils|getURLTracker|urlString = http://192.168.1.92:19001/nsecom/images/jeans3.png, requestOrResponce = response
5/2 4:5:20|Utils|getRelativeTimeWithRespectOfStartRecordingTime|Method called.time stamp = 1367490920603
5/2 4:5:20|Utils|convertToSecond method called|time = 10780.0
5/2 4:5:20|Utils|isSplit|Method called.
5/2 4:5:20|Utils|isSplit|Splitting for Ajax Header = false
5/2 4:5:20|Utils|isSplit|Splitting for method GET = false
5/2 4:5:20|Utils|isSplit|result = false
5/2 4:5:20|Utils|isSplitForTimeDiff|Method called.
5/2 4:5:20|Utils|isSplit|Splitting for time -0.2810000000000006 = false
5/2 4:5:20|Utils|isSplit|result = false
5/2 4:5:20|Utils|isSplitForURLType|Method called.
5/2 4:5:20|Utils|isSplitForURLType|value = false
5/2 4:5:20|Utils|isSplitForURLType|value = false
5/2 4:5:20|Utils|isSplitForURLType|value = false
5/2 4:5:20|Utils|isSplit|isSplitForURLType = false
5/2 4:5:20|Utils|getRelativeTimeWithRespectOfStartRecordingTime|Method called.time stamp = 1367490920603
5/2 4:5:20|Utils|convertToSecond method called|time = 10780.0
5/2 4:5:20|Utils|getRelativeTimeWithRespectOfStartRecordingTime|Method called.time stamp = 1367490920603
5/2 4:5:20|Utils|convertToSecond method called|time = 10780.0
5/2 4:5:20|RecordingHttpListener|onStartRequest|method called with request Name = http://192.168.1.92:19001/nsecom/images/jeans3.png
5/2 4:5:20|Utils|getURLTracker|urlString = http://192.168.1.92:19001/nsecom/images/jeans3.png, requestOrResponce = snapShot
5/2 4:5:20|RecordingHttpListener|onDataAvailable|method called for request=http://192.168.1.92:19001/nsecom/images/jeans3.png
5/2 4:5:20|RecordingHttpListener|onDataAvailable|Adding dump diretory with path=C:\Users\Compass-91\Desktop\recorder\scripts\NetDiagnostic/Weblogic/nsecom_new\dump\nsecom\192.168.1.92_19001/nsecom/images/
5/2 4:5:20|RecordingHttpListener|onDataAvailable|Calling onDataAvailable on original listener.
5/2 4:5:20|RecordingHttpListener|onDataAvailable|method called for request=http://192.168.1.92:19001/nsecom/images/jeans3.png
5/2 4:5:20|RecordingHttpListener|onDataAvailable|Adding dump diretory with path=C:\Users\Compass-91\Desktop\recorder\scripts\NetDiagnostic/Weblogic/nsecom_new\dump\nsecom\192.168.1.92_19001/nsecom/images/
5/2 4:5:20|RecordingHttpListener|onDataAvailable|Calling onDataAvailable on original listener.
5/2 4:5:20|RecordingHttpListener|onStopRequest|method called for request=http://192.168.1.92:19001/nsecom/images/jeans3.png
5/2 4:5:20|RecordingHttpListener|observe|Method Called for sTopic=http-on-examine-response
5/2 4:5:20|Utils|getURLTracker|urlString = http://192.168.1.92:19001/nsecom/images/jeans4.png, requestOrResponce = response
5/2 4:5:20|Utils|getRelativeTimeWithRespectOfStartRecordingTime|Method called.time stamp = 1367490920634
5/2 4:5:20|Utils|convertToSecond method called|time = 10811.0
5/2 4:5:20|Utils|isSplit|Method called.
5/2 4:5:20|Utils|isSplit|Splitting for Ajax Header = false
5/2 4:5:20|Utils|isSplit|Splitting for method GET = false
5/2 4:5:20|Utils|isSplit|result = false
5/2 4:5:20|Utils|isSplitForTimeDiff|Method called.
5/2 4:5:20|Utils|isSplit|Splitting for time -0.2969999999999988 = false
5/2 4:5:20|Utils|isSplit|result = false
5/2 4:5:20|Utils|isSplitForURLType|Method called.
5/2 4:5:20|Utils|isSplitForURLType|value = false
5/2 4:5:20|Utils|isSplitForURLType|value = false
5/2 4:5:20|Utils|isSplitForURLType|value = false
5/2 4:5:20|Utils|isSplit|isSplitForURLType = false
5/2 4:5:20|Utils|getRelativeTimeWithRespectOfStartRecordingTime|Method called.time stamp = 1367490920634
5/2 4:5:20|Utils|convertToSecond method called|time = 10811.0
5/2 4:5:20|Utils|getRelativeTimeWithRespectOfStartRecordingTime|Method called.time stamp = 1367490920634
5/2 4:5:20|Utils|convertToSecond method called|time = 10811.0
5/2 4:5:20|RecordingHttpListener|onStartRequest|method called with request Name = http://192.168.1.92:19001/nsecom/images/jeans4.png
5/2 4:5:20|Utils|getURLTracker|urlString = http://192.168.1.92:19001/nsecom/images/jeans4.png, requestOrResponce = snapShot
5/2 4:5:20|RecordingHttpListener|onDataAvailable|method called for request=http://192.168.1.92:19001/nsecom/images/jeans4.png
5/2 4:5:20|RecordingHttpListener|onDataAvailable|Adding dump diretory with path=C:\Users\Compass-91\Desktop\recorder\scripts\NetDiagnostic/Weblogic/nsecom_new\dump\nsecom\192.168.1.92_19001/nsecom/images/
5/2 4:5:20|RecordingHttpListener|onDataAvailable|Calling onDataAvailable on original listener.
5/2 4:5:20|RecordingHttpListener|onDataAvailable|method called for request=http://192.168.1.92:19001/nsecom/images/jeans4.png
5/2 4:5:20|RecordingHttpListener|onDataAvailable|Adding dump diretory with path=C:\Users\Compass-91\Desktop\recorder\scripts\NetDiagnostic/Weblogic/nsecom_new\dump\nsecom\192.168.1.92_19001/nsecom/images/
5/2 4:5:20|RecordingHttpListener|onDataAvailable|Calling onDataAvailable on original listener.
5/2 4:5:20|RecordingHttpListener|onStopRequest|method called for request=http://192.168.1.92:19001/nsecom/images/jeans4.png
5/2 4:5:20|RecordingHttpListener|observe|Method Called for sTopic=http-on-examine-response
5/2 4:5:20|Utils|getURLTracker|urlString = http://192.168.1.92:19001/nsecom/images/jeans5.png, requestOrResponce = response
5/2 4:5:20|Utils|getRelativeTimeWithRespectOfStartRecordingTime|Method called.time stamp = 1367490920665
5/2 4:5:20|Utils|convertToSecond method called|time = 10842.0
5/2 4:5:20|Utils|isSplit|Method called.
5/2 4:5:20|Utils|isSplit|Splitting for Ajax Header = false
5/2 4:5:20|Utils|isSplit|Splitting for method GET = false
5/2 4:5:20|Utils|isSplit|result = false
5/2 4:5:20|Utils|isSplitForTimeDiff|Method called.
5/2 4:5:20|Utils|isSplit|Splitting for time -0.3279999999999994 = false
5/2 4:5:20|Utils|isSplit|result = false
5/2 4:5:20|Utils|isSplitForURLType|Method called.
5/2 4:5:20|Utils|isSplitForURLType|value = false
5/2 4:5:20|Utils|isSplitForURLType|value = false
5/2 4:5:20|Utils|isSplitForURLType|value = false
5/2 4:5:20|Utils|isSplit|isSplitForURLType = false
5/2 4:5:20|Utils|getRelativeTimeWithRespectOfStartRecordingTime|Method called.time stamp = 1367490920665
5/2 4:5:20|Utils|convertToSecond method called|time = 10842.0
5/2 4:5:20|Utils|getRelativeTimeWithRespectOfStartRecordingTime|Method called.time stamp = 1367490920665
5/2 4:5:20|Utils|convertToSecond method called|time = 10842.0
5/2 4:5:20|RecordingHttpListener|onStartRequest|method called with request Name = http://192.168.1.92:19001/nsecom/images/jeans5.png
5/2 4:5:20|Utils|getURLTracker|urlString = http://192.168.1.92:19001/nsecom/images/jeans5.png, requestOrResponce = snapShot
5/2 4:5:20|RecordingHttpListener|onDataAvailable|method called for request=http://192.168.1.92:19001/nsecom/images/jeans5.png
5/2 4:5:20|RecordingHttpListener|onDataAvailable|Adding dump diretory with path=C:\Users\Compass-91\Desktop\recorder\scripts\NetDiagnostic/Weblogic/nsecom_new\dump\nsecom\192.168.1.92_19001/nsecom/images/
5/2 4:5:20|RecordingHttpListener|onDataAvailable|Calling onDataAvailable on original listener.
5/2 4:5:20|RecordingHttpListener|onDataAvailable|method called for request=http://192.168.1.92:19001/nsecom/images/jeans5.png
5/2 4:5:20|RecordingHttpListener|onDataAvailable|Adding dump diretory with path=C:\Users\Compass-91\Desktop\recorder\scripts\NetDiagnostic/Weblogic/nsecom_new\dump\nsecom\192.168.1.92_19001/nsecom/images/
5/2 4:5:20|RecordingHttpListener|onDataAvailable|Calling onDataAvailable on original listener.
5/2 4:5:20|RecordingHttpListener|observe|Method Called for sTopic=http-on-examine-response
5/2 4:5:20|Utils|getURLTracker|urlString = http://192.168.1.92:19001/nsecom/images/jeans7.png, requestOrResponce = response
5/2 4:5:20|Utils|getRelativeTimeWithRespectOfStartRecordingTime|Method called.time stamp = 1367490920759
5/2 4:5:20|Utils|convertToSecond method called|time = 10936.0
5/2 4:5:20|Utils|isSplit|Method called.
5/2 4:5:20|Utils|isSplit|Splitting for Ajax Header = false
5/2 4:5:20|Utils|isSplit|Splitting for method GET = false
5/2 4:5:20|Utils|isSplit|result = false
5/2 4:5:20|Utils|isSplitForTimeDiff|Method called.
5/2 4:5:20|Utils|isSplit|Splitting for time -0.32699999999999996 = false
5/2 4:5:20|Utils|isSplit|result = false
5/2 4:5:20|Utils|isSplitForURLType|Method called.
5/2 4:5:20|Utils|isSplitForURLType|value = false
5/2 4:5:20|Utils|isSplitForURLType|value = false
5/2 4:5:20|Utils|isSplitForURLType|value = false
5/2 4:5:20|Utils|isSplit|isSplitForURLType = false
5/2 4:5:20|Utils|getRelativeTimeWithRespectOfStartRecordingTime|Method called.time stamp = 1367490920759
5/2 4:5:20|Utils|convertToSecond method called|time = 10936.0
5/2 4:5:20|Utils|getRelativeTimeWithRespectOfStartRecordingTime|Method called.time stamp = 1367490920759
5/2 4:5:20|Utils|convertToSecond method called|time = 10936.0
5/2 4:5:20|RecordingHttpListener|onStartRequest|method called with request Name = http://192.168.1.92:19001/nsecom/images/jeans7.png
5/2 4:5:20|Utils|getURLTracker|urlString = http://192.168.1.92:19001/nsecom/images/jeans7.png, requestOrResponce = snapShot
5/2 4:5:20|RecordingHttpListener|onDataAvailable|method called for request=http://192.168.1.92:19001/nsecom/images/jeans7.png
5/2 4:5:20|RecordingHttpListener|onDataAvailable|Adding dump diretory with path=C:\Users\Compass-91\Desktop\recorder\scripts\NetDiagnostic/Weblogic/nsecom_new\dump\nsecom\192.168.1.92_19001/nsecom/images/
5/2 4:5:20|RecordingHttpListener|onDataAvailable|Calling onDataAvailable on original listener.
5/2 4:5:20|RecordingHttpListener|onDataAvailable|method called for request=http://192.168.1.92:19001/nsecom/images/jeans7.png
5/2 4:5:20|RecordingHttpListener|onDataAvailable|Adding dump diretory with path=C:\Users\Compass-91\Desktop\recorder\scripts\NetDiagnostic/Weblogic/nsecom_new\dump\nsecom\192.168.1.92_19001/nsecom/images/
5/2 4:5:20|RecordingHttpListener|onDataAvailable|Calling onDataAvailable on original listener.
5/2 4:5:20|RecordingHttpListener|onStopRequest|method called for request=http://192.168.1.92:19001/nsecom/images/jeans7.png
5/2 4:5:20|RecordingHttpListener|observe|Method Called for sTopic=http-on-examine-response
5/2 4:5:20|Utils|getURLTracker|urlString = http://192.168.1.92:19001/nsecom/images/jeans6.png, requestOrResponce = response
5/2 4:5:20|Utils|getRelativeTimeWithRespectOfStartRecordingTime|Method called.time stamp = 1367490920790
5/2 4:5:20|Utils|convertToSecond method called|time = 10967.0
5/2 4:5:20|Utils|isSplit|Method called.
5/2 4:5:20|Utils|isSplit|Splitting for Ajax Header = false
5/2 4:5:20|Utils|isSplit|Splitting for method GET = false
5/2 4:5:20|Utils|isSplit|result = false
5/2 4:5:20|Utils|isSplitForTimeDiff|Method called.
5/2 4:5:20|Utils|isSplit|Splitting for time -0.4369999999999994 = false
5/2 4:5:20|Utils|isSplit|result = false
5/2 4:5:20|Utils|isSplitForURLType|Method called.
5/2 4:5:20|Utils|isSplitForURLType|value = false
5/2 4:5:20|Utils|isSplitForURLType|value = false
5/2 4:5:20|Utils|isSplitForURLType|value = false
5/2 4:5:20|Utils|isSplit|isSplitForURLType = false
5/2 4:5:20|Utils|getRelativeTimeWithRespectOfStartRecordingTime|Method called.time stamp = 1367490920790
5/2 4:5:20|Utils|convertToSecond method called|time = 10967.0
5/2 4:5:20|Utils|getRelativeTimeWithRespectOfStartRecordingTime|Method called.time stamp = 1367490920790
5/2 4:5:20|Utils|convertToSecond method called|time = 10967.0
5/2 4:5:20|RecordingHttpListener|onStartRequest|method called with request Name = http://192.168.1.92:19001/nsecom/images/jeans6.png
5/2 4:5:20|Utils|getURLTracker|urlString = http://192.168.1.92:19001/nsecom/images/jeans6.png, requestOrResponce = snapShot
5/2 4:5:20|RecordingHttpListener|onDataAvailable|method called for request=http://192.168.1.92:19001/nsecom/images/jeans6.png
5/2 4:5:20|RecordingHttpListener|onDataAvailable|Adding dump diretory with path=C:\Users\Compass-91\Desktop\recorder\scripts\NetDiagnostic/Weblogic/nsecom_new\dump\nsecom\192.168.1.92_19001/nsecom/images/
5/2 4:5:20|RecordingHttpListener|onDataAvailable|Calling onDataAvailable on original listener.
5/2 4:5:20|RecordingHttpListener|onDataAvailable|method called for request=http://192.168.1.92:19001/nsecom/images/jeans6.png
5/2 4:5:20|RecordingHttpListener|onDataAvailable|Adding dump diretory with path=C:\Users\Compass-91\Desktop\recorder\scripts\NetDiagnostic/Weblogic/nsecom_new\dump\nsecom\192.168.1.92_19001/nsecom/images/
5/2 4:5:20|RecordingHttpListener|onDataAvailable|Calling onDataAvailable on original listener.
5/2 4:5:20|RecordingHttpListener|onStopRequest|method called for request=http://192.168.1.92:19001/nsecom/images/jeans6.png
5/2 4:5:20|RecordingHttpListener|observe|Method Called for sTopic=http-on-examine-response
5/2 4:5:20|Utils|getURLTracker|urlString = http://192.168.1.92:19001/nsecom/images/jeans8.png, requestOrResponce = response
5/2 4:5:20|Utils|getRelativeTimeWithRespectOfStartRecordingTime|Method called.time stamp = 1367490920806
5/2 4:5:20|Utils|convertToSecond method called|time = 10983.0
5/2 4:5:20|Utils|isSplit|Method called.
5/2 4:5:20|Utils|isSplit|Splitting for Ajax Header = false
5/2 4:5:20|Utils|isSplit|Splitting for method GET = false
5/2 4:5:20|Utils|isSplit|result = false
5/2 4:5:20|Utils|isSplitForTimeDiff|Method called.
5/2 4:5:20|Utils|isSplit|Splitting for time -0.42100000000000115 = false
5/2 4:5:20|Utils|isSplit|result = false
5/2 4:5:20|Utils|isSplitForURLType|Method called.
5/2 4:5:20|Utils|isSplitForURLType|value = false
5/2 4:5:20|Utils|isSplitForURLType|value = false
5/2 4:5:20|Utils|isSplitForURLType|value = false
5/2 4:5:20|Utils|isSplit|isSplitForURLType = false
5/2 4:5:20|Utils|getRelativeTimeWithRespectOfStartRecordingTime|Method called.time stamp = 1367490920806
5/2 4:5:20|Utils|convertToSecond method called|time = 10983.0
5/2 4:5:20|Utils|getRelativeTimeWithRespectOfStartRecordingTime|Method called.time stamp = 1367490920806
5/2 4:5:20|Utils|convertToSecond method called|time = 10983.0
5/2 4:5:20|RecordingHttpListener|onStartRequest|method called with request Name = http://192.168.1.92:19001/nsecom/images/jeans8.png
5/2 4:5:20|Utils|getURLTracker|urlString = http://192.168.1.92:19001/nsecom/images/jeans8.png, requestOrResponce = snapShot
5/2 4:5:20|RecordingHttpListener|onDataAvailable|method called for request=http://192.168.1.92:19001/nsecom/images/jeans8.png
5/2 4:5:20|RecordingHttpListener|onDataAvailable|Adding dump diretory with path=C:\Users\Compass-91\Desktop\recorder\scripts\NetDiagnostic/Weblogic/nsecom_new\dump\nsecom\192.168.1.92_19001/nsecom/images/
5/2 4:5:20|RecordingHttpListener|onDataAvailable|Calling onDataAvailable on original listener.
5/2 4:5:20|RecordingHttpListener|onDataAvailable|method called for request=http://192.168.1.92:19001/nsecom/images/jeans8.png
5/2 4:5:20|RecordingHttpListener|onDataAvailable|Adding dump diretory with path=C:\Users\Compass-91\Desktop\recorder\scripts\NetDiagnostic/Weblogic/nsecom_new\dump\nsecom\192.168.1.92_19001/nsecom/images/
5/2 4:5:20|RecordingHttpListener|onDataAvailable|Calling onDataAvailable on original listener.
5/2 4:5:20|RecordingHttpListener|onStopRequest|method called for request=http://192.168.1.92:19001/nsecom/images/jeans8.png
5/2 4:5:20|RecordingHttpListener|observe|Method Called for sTopic=http-on-examine-response
5/2 4:5:20|Utils|getURLTracker|urlString = http://192.168.1.92:19001/nsecom/images/jeans9.png, requestOrResponce = response
5/2 4:5:20|Utils|getRelativeTimeWithRespectOfStartRecordingTime|Method called.time stamp = 1367490920837
5/2 4:5:20|Utils|convertToSecond method called|time = 11014.0
5/2 4:5:20|Utils|isSplit|Method called.
5/2 4:5:20|Utils|isSplit|Splitting for Ajax Header = false
5/2 4:5:20|Utils|isSplit|Splitting for method GET = false
5/2 4:5:20|Utils|isSplit|result = false
5/2 4:5:20|Utils|isSplitForTimeDiff|Method called.
5/2 4:5:20|Utils|isSplit|Splitting for time -0.4220000000000006 = false
5/2 4:5:20|Utils|isSplit|result = false
5/2 4:5:20|Utils|isSplitForURLType|Method called.
5/2 4:5:20|Utils|isSplitForURLType|value = false
5/2 4:5:20|Utils|isSplitForURLType|value = false
5/2 4:5:20|Utils|isSplitForURLType|value = false
5/2 4:5:20|Utils|isSplit|isSplitForURLType = false
5/2 4:5:20|Utils|getRelativeTimeWithRespectOfStartRecordingTime|Method called.time stamp = 1367490920837
5/2 4:5:20|Utils|convertToSecond method called|time = 11014.0
5/2 4:5:20|Utils|getRelativeTimeWithRespectOfStartRecordingTime|Method called.time stamp = 1367490920837
5/2 4:5:20|Utils|convertToSecond method called|time = 11014.0
5/2 4:5:20|RecordingHttpListener|onStartRequest|method called with request Name = http://192.168.1.92:19001/nsecom/images/jeans9.png
5/2 4:5:20|Utils|getURLTracker|urlString = http://192.168.1.92:19001/nsecom/images/jeans9.png, requestOrResponce = snapShot
5/2 4:5:20|RecordingHttpListener|onDataAvailable|method called for request=http://192.168.1.92:19001/nsecom/images/jeans9.png
5/2 4:5:20|RecordingHttpListener|onDataAvailable|Adding dump diretory with path=C:\Users\Compass-91\Desktop\recorder\scripts\NetDiagnostic/Weblogic/nsecom_new\dump\nsecom\192.168.1.92_19001/nsecom/images/
5/2 4:5:20|RecordingHttpListener|onDataAvailable|Calling onDataAvailable on original listener.
5/2 4:5:20|RecordingHttpListener|onDataAvailable|method called for request=http://192.168.1.92:19001/nsecom/images/jeans9.png
5/2 4:5:20|RecordingHttpListener|onDataAvailable|Adding dump diretory with path=C:\Users\Compass-91\Desktop\recorder\scripts\NetDiagnostic/Weblogic/nsecom_new\dump\nsecom\192.168.1.92_19001/nsecom/images/
5/2 4:5:20|RecordingHttpListener|onDataAvailable|Calling onDataAvailable on original listener.
5/2 4:5:21|RecordingHttpListener|onDataAvailable|method called for request=http://192.168.1.92:19001/nsecom/images/jeans5.png
5/2 4:5:21|RecordingHttpListener|onDataAvailable|Adding dump diretory with path=C:\Users\Compass-91\Desktop\recorder\scripts\NetDiagnostic/Weblogic/nsecom_new\dump\nsecom\192.168.1.92_19001/nsecom/images/
5/2 4:5:21|RecordingHttpListener|onDataAvailable|Calling onDataAvailable on original listener.
5/2 4:5:21|RecordingHttpListener|onStopRequest|method called for request=http://192.168.1.92:19001/nsecom/images/jeans5.png
5/2 4:5:21|RecordingHttpListener|onDataAvailable|method called for request=http://192.168.1.92:19001/nsecom/images/jeans9.png
5/2 4:5:21|RecordingHttpListener|onDataAvailable|Adding dump diretory with path=C:\Users\Compass-91\Desktop\recorder\scripts\NetDiagnostic/Weblogic/nsecom_new\dump\nsecom\192.168.1.92_19001/nsecom/images/
5/2 4:5:21|RecordingHttpListener|onDataAvailable|Calling onDataAvailable on original listener.
5/2 4:5:21|RecordingHttpListener|onStopRequest|method called for request=http://192.168.1.92:19001/nsecom/images/jeans9.png
5/2 4:5:21|NetStormBrowserNavigationEventListener|navigationFinished|Method Called for URL=http://192.168.1.92:19001/nsecom/searchProduct?keyword=jeans
5/2 4:5:21|MainFrame|updateBackForwardButtons|method Called.
5/2 4:5:21|NetStormBrowserNavigationEventListener|NavigationFinishEventRunner|constructor called for url=http://192.168.1.92:19001/nsecom/searchProduct?keyword=jeans
5/2 4:5:21|NetStormBrowserNavigationEventListener|setupListeners|Method Called.
5/2 4:5:21|NetstormCEventListener|addAllHTMLElementsListeners|Method Called.
5/2 4:5:21|Utils|filterPath|path = http://192.168.1.92:19001/nsecom/searchProduct?keyword=jeans
5/2 4:5:21|Utils|getFileName|path = http://192.168.1.92:19001/nsecom/searchProduct?keyword=jeans
5/2 4:5:21|Utils|getFileName|filename for dump = searchProduct_keyword=jeans
5/2 4:5:21|Utils|saveBrowserDocument|title = C:\Users\Compass-91\Desktop\recorder\scripts\NetDiagnostic\Weblogic\nsecom_new\dump\nsecom\192.168.1.92_19001\nsecom\searchProduct_keyword=jeans
5/2 4:5:21|Utils|getURLTracker|urlString = http://192.168.1.92:19001/nsecom/searchProduct?keyword=jeans, requestOrResponce = snapShot
5/2 4:5:22|NetstormCEventListener|handleEvent|Method Called.
5/2 4:5:22|NetstormCEventListener|dumpEvent|Method Called. Event Type: click
 Tag Name = IMG
5/2 4:5:22|NetstormCEventListener|addImgLinkElement|Method Called.
5/2 4:5:22|Utils|setRecordingComments|method called.
5/2 4:5:22|RecordingHttpListener|observe|Method Called for sTopic=http-on-modify-request
5/2 4:5:22|Utils|getURLTracker|urlString = http://192.168.1.92:19001/nsecom/productPage?productid=Jeans006&upc=JeansUPC11116&prodImage=jeans6.png&prodPrice=69.99, requestOrResponce = request
5/2 4:5:22|Utils|getRelativeTimeWithRespectOfStartRecordingTime|Method called.time stamp = 1367490922787
5/2 4:5:22|Utils|convertToSecond method called|time = 12964.0
5/2 4:5:22|Utils|isSplit|Method called.
5/2 4:5:22|Utils|isSplit|Splitting for Ajax Header = false
5/2 4:5:22|Utils|isSplit|Splitting for method GET = false
5/2 4:5:22|Utils|isSplit|result = false
5/2 4:5:22|Utils|isSplitForTimeDiff|Method called.
5/2 4:5:22|Utils|isSplit|Splitting for time 1.950000000000001 = false
5/2 4:5:22|Utils|isSplit|result = false
5/2 4:5:22|Utils|isSplitForURLType|Method called.
5/2 4:5:22|Utils|isSplitForURLType|value = false
5/2 4:5:22|Utils|isSplitForURLType|value = false
5/2 4:5:22|Utils|isSplit|isSplitForURLType = false
5/2 4:5:22|NetStormBrowserNavigationEventListener|navigationStarted|Method Called for URL=http://192.168.1.92:19001/nsecom/productPage?productid=Jeans006&upc=JeansUPC11116&prodImage=jeans6.png&prodPrice=69.99
5/2 4:5:22|NetStormBrowserNavigationEventListener|navigationStarted|Begin Loading URL == http://192.168.1.92:19001/nsecom/productPage?productid=Jeans006&upc=JeansUPC11116&prodImage=jeans6.png&prodPrice=69.99  ===== Begin = 1367490922802
5/2 4:5:22|Utils|getURLTracker|urlString = http://192.168.1.92:19001/nsecom/productPage?productid=Jeans006&upc=JeansUPC11116&prodImage=jeans6.png&prodPrice=69.99, requestOrResponce = snapShot
5/2 4:5:22|RecordingHttpListener|observe|Method Called for sTopic=http-on-examine-response
5/2 4:5:22|Utils|getURLTracker|urlString = http://192.168.1.92:19001/nsecom/productPage?productid=Jeans006&upc=JeansUPC11116&prodImage=jeans6.png&prodPrice=69.99, requestOrResponce = response
5/2 4:5:22|Utils|getRelativeTimeWithRespectOfStartRecordingTime|Method called.time stamp = 1367490922958
5/2 4:5:22|Utils|convertToSecond method called|time = 13135.0
5/2 4:5:22|Utils|isSplit|Method called.
5/2 4:5:22|Utils|isSplit|Splitting for Ajax Header = false
5/2 4:5:22|Utils|isSplit|Splitting for method GET = false
5/2 4:5:22|Utils|isSplit|result = false
5/2 4:5:22|Utils|isSplitForTimeDiff|Method called.
5/2 4:5:22|Utils|isSplit|Splitting for time 1.950000000000001 = false
5/2 4:5:22|Utils|isSplit|result = false
5/2 4:5:22|Utils|isSplitForURLType|Method called.
5/2 4:5:22|Utils|isSplitForURLType|value = false
5/2 4:5:22|Utils|isSplitForURLType|value = false
5/2 4:5:22|Utils|isSplitForURLType|value = false
5/2 4:5:22|Utils|isSplit|isSplitForURLType = false
5/2 4:5:22|Utils|getRelativeTimeWithRespectOfStartRecordingTime|Method called.time stamp = 1367490922958
5/2 4:5:22|Utils|convertToSecond method called|time = 13135.0
5/2 4:5:22|Utils|getRelativeTimeWithRespectOfStartRecordingTime|Method called.time stamp = 1367490922958
5/2 4:5:22|Utils|convertToSecond method called|time = 13135.0
5/2 4:5:22|RecordingHttpListener|onStartRequest|method called with request Name = http://192.168.1.92:19001/nsecom/productPage?productid=Jeans006&upc=JeansUPC11116&prodImage=jeans6.png&prodPrice=69.99
5/2 4:5:22|Utils|getURLTracker|urlString = http://192.168.1.92:19001/nsecom/productPage?productid=Jeans006&upc=JeansUPC11116&prodImage=jeans6.png&prodPrice=69.99, requestOrResponce = snapShot
5/2 4:5:22|RecordingHttpListener|onDataAvailable|method called for request=http://192.168.1.92:19001/nsecom/productPage?productid=Jeans006&upc=JeansUPC11116&prodImage=jeans6.png&prodPrice=69.99
5/2 4:5:22|RecordingHttpListener|onDataAvailable|Adding dump diretory with path=C:\Users\Compass-91\Desktop\recorder\scripts\NetDiagnostic/Weblogic/nsecom_new\dump\nsecom\192.168.1.92_19001/nsecom/
5/2 4:5:22|RecordingHttpListener|onDataAvailable|Calling onDataAvailable on original listener.
5/2 4:5:22|RecordingHttpListener|onStopRequest|method called for request=http://192.168.1.92:19001/nsecom/productPage?productid=Jeans006&upc=JeansUPC11116&prodImage=jeans6.png&prodPrice=69.99
5/2 4:5:23|NetStormBrowserNavigationEventListener|navigationFinished|Method Called for URL=http://192.168.1.92:19001/nsecom/productPage?productid=Jeans006&upc=JeansUPC11116&prodImage=jeans6.png&prodPrice=69.99
5/2 4:5:23|NetStormBrowserNavigationEventListener|NavigationFinishEventRunner|constructor called for url=http://192.168.1.92:19001/nsecom/productPage?productid=Jeans006&upc=JeansUPC11116&prodImage=jeans6.png&prodPrice=69.99
5/2 4:5:23|MainFrame|updateBackForwardButtons|method Called.
5/2 4:5:23|NetStormBrowserNavigationEventListener|setupListeners|Method Called.
5/2 4:5:23|NetstormCEventListener|addAllHTMLElementsListeners|Method Called.
5/2 4:5:23|Utils|filterPath|path = http://192.168.1.92:19001/nsecom/productPage?productid=Jeans006&upc=JeansUPC11116&prodImage=jeans6.png&prodPrice=69.99
5/2 4:5:23|Utils|getFileName|path = http://192.168.1.92:19001/nsecom/productPage?productid=Jeans006&upc=JeansUPC11116&prodImage=jeans6.png&prodPrice=69.99
5/2 4:5:23|Utils|getFileName|filename for dump = productPage_productid=Jeans006_upc=JeansUPC11116_prodImage=jeans6.png_prodPrice=69.99
5/2 4:5:23|Utils|saveBrowserDocument|title = C:\Users\Compass-91\Desktop\recorder\scripts\NetDiagnostic\Weblogic\nsecom_new\dump\nsecom\192.168.1.92_19001\nsecom\productPage_productid=Jeans006_upc=JeansUPC11116_prodImage=jeans6.png_prodPrice=69.99
5/2 4:5:23|Utils|getURLTracker|urlString = http://192.168.1.92:19001/nsecom/productPage?productid=Jeans006&upc=JeansUPC11116&prodImage=jeans6.png&prodPrice=69.99, requestOrResponce = snapShot
5/2 4:5:24|NetstormCEventListener|handleEvent|Method Called.
5/2 4:5:24|NetstormCEventListener|dumpEvent|Method Called. Event Type: click
 Tag Name = INPUT
5/2 4:5:24|Utils|setRecordingComments|method called.
5/2 4:5:25|NetstormCEventListener|handleEvent|Method Called.
5/2 4:5:25|NetstormCEventListener|dumpEvent|Method Called. Event Type: click
 Tag Name = INPUT
5/2 4:5:25|NetstormCEventListener|addBtnElement|Method Called.
5/2 4:5:25|Utils|setRecordingComments|method called.
5/2 4:5:25|RecordingHttpListener|observe|Method Called for sTopic=http-on-modify-request
5/2 4:5:25|Utils|getURLTracker|urlString = http://192.168.1.92:19001/nsecom/addToBag?size=2&productid=NA&price=69.99&upc=JeansUPC11116&prodImage=jeans6.png&quantity=1, requestOrResponce = request
5/2 4:5:25|Utils|getRelativeTimeWithRespectOfStartRecordingTime|Method called.time stamp = 1367490925189
5/2 4:5:25|Utils|convertToSecond method called|time = 15366.0
5/2 4:5:25|Utils|isSplit|Method called.
5/2 4:5:25|Utils|isSplit|Splitting for Ajax Header = false
5/2 4:5:25|Utils|isSplit|Splitting for method GET = false
5/2 4:5:25|Utils|isSplit|result = false
5/2 4:5:25|Utils|isSplitForTimeDiff|Method called.
5/2 4:5:25|Utils|isSplit|Splitting for time 2.231 = false
5/2 4:5:25|Utils|isSplit|result = false
5/2 4:5:25|Utils|isSplitForURLType|Method called.
5/2 4:5:25|Utils|isSplitForURLType|value = false
5/2 4:5:25|Utils|isSplitForURLType|value = false
5/2 4:5:25|Utils|isSplit|isSplitForURLType = false
5/2 4:5:25|NetStormBrowserNavigationEventListener|navigationStarted|Method Called for URL=http://192.168.1.92:19001/nsecom/addToBag?size=2&productid=NA&price=69.99&upc=JeansUPC11116&prodImage=jeans6.png&quantity=1
5/2 4:5:25|NetStormBrowserNavigationEventListener|navigationStarted|Begin Loading URL == http://192.168.1.92:19001/nsecom/addToBag?size=2&productid=NA&price=69.99&upc=JeansUPC11116&prodImage=jeans6.png&quantity=1  ===== Begin = 1367490925205
5/2 4:5:25|Utils|getURLTracker|urlString = http://192.168.1.92:19001/nsecom/addToBag?size=2&productid=NA&price=69.99&upc=JeansUPC11116&prodImage=jeans6.png&quantity=1, requestOrResponce = snapShot
5/2 4:5:25|RecordingHttpListener|observe|Method Called for sTopic=http-on-examine-response
5/2 4:5:25|Utils|getURLTracker|urlString = http://192.168.1.92:19001/nsecom/addToBag?size=2&productid=NA&price=69.99&upc=JeansUPC11116&prodImage=jeans6.png&quantity=1, requestOrResponce = response
5/2 4:5:25|Utils|getRelativeTimeWithRespectOfStartRecordingTime|Method called.time stamp = 1367490925579
5/2 4:5:25|Utils|convertToSecond method called|time = 15756.0
5/2 4:5:25|Utils|isSplit|Method called.
5/2 4:5:25|Utils|isSplit|Splitting for Ajax Header = false
5/2 4:5:25|Utils|isSplit|Splitting for method GET = false
5/2 4:5:25|Utils|isSplit|result = false
5/2 4:5:25|Utils|isSplitForTimeDiff|Method called.
5/2 4:5:25|Utils|isSplit|Splitting for time 2.231 = false
5/2 4:5:25|Utils|isSplit|result = false
5/2 4:5:25|Utils|isSplitForURLType|Method called.
5/2 4:5:25|Utils|isSplitForURLType|value = false
5/2 4:5:25|Utils|isSplitForURLType|value = false
5/2 4:5:25|Utils|isSplitForURLType|value = false
5/2 4:5:25|Utils|isSplit|isSplitForURLType = false
5/2 4:5:25|Utils|getRelativeTimeWithRespectOfStartRecordingTime|Method called.time stamp = 1367490925579
5/2 4:5:25|Utils|convertToSecond method called|time = 15756.0
5/2 4:5:25|Utils|getRelativeTimeWithRespectOfStartRecordingTime|Method called.time stamp = 1367490925579
5/2 4:5:25|Utils|convertToSecond method called|time = 15756.0
5/2 4:5:25|RecordingHttpListener|onStartRequest|method called with request Name = http://192.168.1.92:19001/nsecom/addToBag?size=2&productid=NA&price=69.99&upc=JeansUPC11116&prodImage=jeans6.png&quantity=1
5/2 4:5:25|Utils|getURLTracker|urlString = http://192.168.1.92:19001/nsecom/addToBag?size=2&productid=NA&price=69.99&upc=JeansUPC11116&prodImage=jeans6.png&quantity=1, requestOrResponce = snapShot
5/2 4:5:25|RecordingHttpListener|onDataAvailable|method called for request=http://192.168.1.92:19001/nsecom/addToBag?size=2&productid=NA&price=69.99&upc=JeansUPC11116&prodImage=jeans6.png&quantity=1
5/2 4:5:25|RecordingHttpListener|onDataAvailable|Adding dump diretory with path=C:\Users\Compass-91\Desktop\recorder\scripts\NetDiagnostic/Weblogic/nsecom_new\dump\nsecom\192.168.1.92_19001/nsecom/
5/2 4:5:25|RecordingHttpListener|onDataAvailable|Calling onDataAvailable on original listener.
5/2 4:5:25|RecordingHttpListener|onStopRequest|method called for request=http://192.168.1.92:19001/nsecom/addToBag?size=2&productid=NA&price=69.99&upc=JeansUPC11116&prodImage=jeans6.png&quantity=1
5/2 4:5:26|NetStormBrowserNavigationEventListener|navigationFinished|Method Called for URL=http://192.168.1.92:19001/nsecom/addToBag?size=2&productid=NA&price=69.99&upc=JeansUPC11116&prodImage=jeans6.png&quantity=1
5/2 4:5:26|NetStormBrowserNavigationEventListener|NavigationFinishEventRunner|constructor called for url=http://192.168.1.92:19001/nsecom/addToBag?size=2&productid=NA&price=69.99&upc=JeansUPC11116&prodImage=jeans6.png&quantity=1
5/2 4:5:26|MainFrame|updateBackForwardButtons|method Called.
5/2 4:5:26|NetStormBrowserNavigationEventListener|setupListeners|Method Called.
5/2 4:5:26|NetstormCEventListener|addAllHTMLElementsListeners|Method Called.
5/2 4:5:26|Utils|filterPath|path = http://192.168.1.92:19001/nsecom/addToBag?size=2&productid=NA&price=69.99&upc=JeansUPC11116&prodImage=jeans6.png&quantity=1
5/2 4:5:26|Utils|getFileName|path = http://192.168.1.92:19001/nsecom/addToBag?size=2&productid=NA&price=69.99&upc=JeansUPC11116&prodImage=jeans6.png&quantity=1
5/2 4:5:26|Utils|getFileName|filename for dump = addToBag_size=2_productid=NA_price=69.99_upc=JeansUPC11116_prodImage=jeans6.png_quantity=1
5/2 4:5:26|Utils|saveBrowserDocument|title = C:\Users\Compass-91\Desktop\recorder\scripts\NetDiagnostic\Weblogic\nsecom_new\dump\nsecom\192.168.1.92_19001\nsecom\addToBag_size=2_productid=NA_price=69.99_upc=JeansUPC11116_prodImage=jeans6.png_quantity=1
5/2 4:5:26|Utils|getURLTracker|urlString = http://192.168.1.92:19001/nsecom/addToBag?size=2&productid=NA&price=69.99&upc=JeansUPC11116&prodImage=jeans6.png&quantity=1, requestOrResponce = snapShot
5/2 4:5:27|NetstormCEventListener|handleEvent|Method Called.
5/2 4:5:27|NetstormCEventListener|dumpEvent|Method Called. Event Type: click
 Tag Name = INPUT
5/2 4:5:27|NetstormCEventListener|addBtnElement|Method Called.
5/2 4:5:27|Utils|setRecordingComments|method called.
5/2 4:5:27|RecordingHttpListener|observe|Method Called for sTopic=http-on-modify-request
5/2 4:5:27|Utils|getURLTracker|urlString = http://192.168.1.92:19001/nsecom/shippingAddress?productid=NA&upc=JeansUPC11116&size=2&color=blue&quantity=1&price=69.99&status=true&cartId=Cart20130502040523465, requestOrResponce = request
5/2 4:5:27|Utils|getRelativeTimeWithRespectOfStartRecordingTime|Method called.time stamp = 1367490927108
5/2 4:5:27|Utils|convertToSecond method called|time = 17285.0
5/2 4:5:27|Utils|isSplit|Method called.
5/2 4:5:27|Utils|isSplit|Splitting for Ajax Header = false
5/2 4:5:27|Utils|isSplit|Splitting for method GET = false
5/2 4:5:27|Utils|isSplit|result = false
5/2 4:5:27|Utils|isSplitForTimeDiff|Method called.
5/2 4:5:27|Utils|isSplit|Splitting for time 1.529 = false
5/2 4:5:27|Utils|isSplit|result = false
5/2 4:5:27|Utils|isSplitForURLType|Method called.
5/2 4:5:27|Utils|isSplitForURLType|value = false
5/2 4:5:27|Utils|isSplitForURLType|value = false
5/2 4:5:27|Utils|isSplit|isSplitForURLType = false
5/2 4:5:27|NetStormBrowserNavigationEventListener|navigationStarted|Method Called for URL=http://192.168.1.92:19001/nsecom/shippingAddress?productid=NA&upc=JeansUPC11116&size=2&color=blue&quantity=1&price=69.99&status=true&cartId=Cart20130502040523465
5/2 4:5:27|NetStormBrowserNavigationEventListener|navigationStarted|Begin Loading URL == http://192.168.1.92:19001/nsecom/shippingAddress?productid=NA&upc=JeansUPC11116&size=2&color=blue&quantity=1&price=69.99&status=true&cartId=Cart20130502040523465  ===== Begin = 1367490927124
5/2 4:5:27|Utils|getURLTracker|urlString = http://192.168.1.92:19001/nsecom/shippingAddress?productid=NA&upc=JeansUPC11116&size=2&color=blue&quantity=1&price=69.99&status=true&cartId=Cart20130502040523465, requestOrResponce = snapShot
5/2 4:5:27|RecordingHttpListener|observe|Method Called for sTopic=http-on-examine-response
5/2 4:5:27|Utils|getURLTracker|urlString = http://192.168.1.92:19001/nsecom/shippingAddress?productid=NA&upc=JeansUPC11116&size=2&color=blue&quantity=1&price=69.99&status=true&cartId=Cart20130502040523465, requestOrResponce = response
5/2 4:5:27|Utils|getRelativeTimeWithRespectOfStartRecordingTime|Method called.time stamp = 1367490927420
5/2 4:5:27|Utils|convertToSecond method called|time = 17597.0
5/2 4:5:27|Utils|isSplit|Method called.
5/2 4:5:27|Utils|isSplit|Splitting for Ajax Header = false
5/2 4:5:27|Utils|isSplit|Splitting for method GET = false
5/2 4:5:27|Utils|isSplit|result = false
5/2 4:5:27|Utils|isSplitForTimeDiff|Method called.
5/2 4:5:27|Utils|isSplit|Splitting for time 1.529 = false
5/2 4:5:27|Utils|isSplit|result = false
5/2 4:5:27|Utils|isSplitForURLType|Method called.
5/2 4:5:27|Utils|isSplitForURLType|value = false
5/2 4:5:27|Utils|isSplitForURLType|value = false
5/2 4:5:27|Utils|isSplitForURLType|value = false
5/2 4:5:27|Utils|isSplit|isSplitForURLType = false
5/2 4:5:27|Utils|getRelativeTimeWithRespectOfStartRecordingTime|Method called.time stamp = 1367490927420
5/2 4:5:27|Utils|convertToSecond method called|time = 17597.0
5/2 4:5:27|Utils|getRelativeTimeWithRespectOfStartRecordingTime|Method called.time stamp = 1367490927420
5/2 4:5:27|Utils|convertToSecond method called|time = 17597.0
5/2 4:5:27|RecordingHttpListener|onStartRequest|method called with request Name = http://192.168.1.92:19001/nsecom/shippingAddress?productid=NA&upc=JeansUPC11116&size=2&color=blue&quantity=1&price=69.99&status=true&cartId=Cart20130502040523465
5/2 4:5:27|Utils|getURLTracker|urlString = http://192.168.1.92:19001/nsecom/shippingAddress?productid=NA&upc=JeansUPC11116&size=2&color=blue&quantity=1&price=69.99&status=true&cartId=Cart20130502040523465, requestOrResponce = snapShot
5/2 4:5:27|RecordingHttpListener|onDataAvailable|method called for request=http://192.168.1.92:19001/nsecom/shippingAddress?productid=NA&upc=JeansUPC11116&size=2&color=blue&quantity=1&price=69.99&status=true&cartId=Cart20130502040523465
5/2 4:5:27|RecordingHttpListener|onDataAvailable|Adding dump diretory with path=C:\Users\Compass-91\Desktop\recorder\scripts\NetDiagnostic/Weblogic/nsecom_new\dump\nsecom\192.168.1.92_19001/nsecom/
5/2 4:5:27|RecordingHttpListener|onDataAvailable|Calling onDataAvailable on original listener.
5/2 4:5:27|RecordingHttpListener|observe|Method Called for sTopic=http-on-modify-request
5/2 4:5:27|Utils|getURLTracker|urlString = http://192.168.1.92:19001/nsecom/images/logo.png, requestOrResponce = request
5/2 4:5:27|Utils|getRelativeTimeWithRespectOfStartRecordingTime|Method called.time stamp = 1367490927451
5/2 4:5:27|Utils|convertToSecond method called|time = 17628.0
5/2 4:5:27|Utils|isSplit|Method called.
5/2 4:5:27|Utils|isSplit|Splitting for Ajax Header = false
5/2 4:5:27|Utils|isSplit|Splitting for method GET = false
5/2 4:5:27|Utils|isSplit|result = false
5/2 4:5:27|Utils|isSplitForTimeDiff|Method called.
5/2 4:5:27|Utils|isSplit|Splitting for time 0.030999999999998806 = false
5/2 4:5:27|Utils|isSplit|result = false
5/2 4:5:27|Utils|isSplitForURLType|Method called.
5/2 4:5:27|Utils|isSplitForURLType|value = false
5/2 4:5:27|Utils|isSplitForURLType|value = false
5/2 4:5:27|Utils|isSplit|isSplitForURLType = false
5/2 4:5:27|RecordingHttpListener|onStopRequest|method called for request=http://192.168.1.92:19001/nsecom/shippingAddress?productid=NA&upc=JeansUPC11116&size=2&color=blue&quantity=1&price=69.99&status=true&cartId=Cart20130502040523465
5/2 4:5:27|RecordingHttpListener|observe|Method Called for sTopic=http-on-examine-response
5/2 4:5:27|Utils|getURLTracker|urlString = http://192.168.1.92:19001/nsecom/images/logo.png, requestOrResponce = response
5/2 4:5:27|Utils|getRelativeTimeWithRespectOfStartRecordingTime|Method called.time stamp = 1367490927748
5/2 4:5:27|Utils|convertToSecond method called|time = 17925.0
5/2 4:5:27|Utils|isSplit|Method called.
5/2 4:5:27|Utils|isSplit|Splitting for Ajax Header = false
5/2 4:5:27|Utils|isSplit|Splitting for method GET = false
5/2 4:5:27|Utils|isSplit|result = false
5/2 4:5:27|Utils|isSplitForTimeDiff|Method called.
5/2 4:5:27|Utils|isSplit|Splitting for time 0.030999999999998806 = false
5/2 4:5:27|Utils|isSplit|result = false
5/2 4:5:27|Utils|isSplitForURLType|Method called.
5/2 4:5:27|Utils|isSplitForURLType|value = false
5/2 4:5:27|Utils|isSplitForURLType|value = false
5/2 4:5:27|Utils|isSplitForURLType|value = false
5/2 4:5:27|Utils|isSplit|isSplitForURLType = false
5/2 4:5:27|Utils|getRelativeTimeWithRespectOfStartRecordingTime|Method called.time stamp = 1367490927748
5/2 4:5:27|Utils|convertToSecond method called|time = 17925.0
5/2 4:5:27|Utils|getRelativeTimeWithRespectOfStartRecordingTime|Method called.time stamp = 1367490927748
5/2 4:5:27|Utils|convertToSecond method called|time = 17925.0
5/2 4:5:27|RecordingHttpListener|onStartRequest|method called with request Name = http://192.168.1.92:19001/nsecom/images/logo.png
5/2 4:5:27|Utils|getURLTracker|urlString = http://192.168.1.92:19001/nsecom/images/logo.png, requestOrResponce = snapShot
5/2 4:5:27|RecordingHttpListener|onDataAvailable|method called for request=http://192.168.1.92:19001/nsecom/images/logo.png
5/2 4:5:27|RecordingHttpListener|onDataAvailable|Adding dump diretory with path=C:\Users\Compass-91\Desktop\recorder\scripts\NetDiagnostic/Weblogic/nsecom_new\dump\nsecom\192.168.1.92_19001/nsecom/images/
5/2 4:5:27|RecordingHttpListener|onDataAvailable|Calling onDataAvailable on original listener.
5/2 4:5:27|RecordingHttpListener|onDataAvailable|method called for request=http://192.168.1.92:19001/nsecom/images/logo.png
5/2 4:5:27|RecordingHttpListener|onDataAvailable|Adding dump diretory with path=C:\Users\Compass-91\Desktop\recorder\scripts\NetDiagnostic/Weblogic/nsecom_new\dump\nsecom\192.168.1.92_19001/nsecom/images/
5/2 4:5:27|RecordingHttpListener|onDataAvailable|Calling onDataAvailable on original listener.
5/2 4:5:27|RecordingHttpListener|onStopRequest|method called for request=http://192.168.1.92:19001/nsecom/images/logo.png
5/2 4:5:27|MainFrame|updateBackForwardButtons|method Called.5/2 4:5:27|NetStormBrowserNavigationEventListener|navigationFinished|Method Called for URL=http://192.168.1.92:19001/nsecom/shippingAddress?productid=NA&upc=JeansUPC11116&size=2&color=blue&quantity=1&price=69.99&status=true&cartId=Cart20130502040523465

5/2 4:5:27|NetStormBrowserNavigationEventListener|NavigationFinishEventRunner|constructor called for url=http://192.168.1.92:19001/nsecom/shippingAddress?productid=NA&upc=JeansUPC11116&size=2&color=blue&quantity=1&price=69.99&status=true&cartId=Cart20130502040523465
5/2 4:5:27|NetStormBrowserNavigationEventListener|setupListeners|Method Called.
5/2 4:5:27|NetstormCEventListener|addAllHTMLElementsListeners|Method Called.
5/2 4:5:27|Utils|filterPath|path = http://192.168.1.92:19001/nsecom/shippingAddress?productid=NA&upc=JeansUPC11116&size=2&color=blue&quantity=1&price=69.99&status=true&cartId=Cart20130502040523465
5/2 4:5:27|Utils|getFileName|path = http://192.168.1.92:19001/nsecom/shippingAddress?productid=NA&upc=JeansUPC11116&size=2&color=blue&quantity=1&price=69.99&status=true&cartId=Cart20130502040523465
5/2 4:5:27|Utils|getFileName|filename for dump = shippingAddress_productid=NA_upc=JeansUPC11116_size=2_color=blue_quantity=1_price=69.99_status=true_cartId=Cart20130502040523465
5/2 4:5:27|Utils|saveBrowserDocument|title = C:\Users\Compass-91\Desktop\recorder\scripts\NetDiagnostic\Weblogic\nsecom_new\dump\nsecom\192.168.1.92_19001\nsecom\shippingAddress_productid=NA_upc=JeansUPC11116_size=2_color=blue_quantity=1_price=69.99_status=true_cartId=Cart20130502040523465
5/2 4:5:27|Utils|getURLTracker|urlString = http://192.168.1.92:19001/nsecom/shippingAddress?productid=NA&upc=JeansUPC11116&size=2&color=blue&quantity=1&price=69.99&status=true&cartId=Cart20130502040523465, requestOrResponce = snapShot
5/2 4:5:28|NetstormCEventListener|handleEvent|Method Called.
5/2 4:5:28|NetstormCEventListener|dumpEvent|Method Called. Event Type: click
 Tag Name = INPUT
5/2 4:5:28|Utils|setRecordingComments|method called.
5/2 4:5:29|NetstormCEventListener|handleEvent|Method Called.
5/2 4:5:29|NetstormCEventListener|dumpEvent|Method Called. Event Type: click
 Tag Name = TBODY
5/2 4:5:29|NetstormCEventListener|dumpEvent|Unhandled Tag-Child Node == TBODY
5/2 4:5:29|Utils|setRecordingComments|method called.
5/2 4:5:29|NetstormCEventListener|handleEvent|Method Called.
5/2 4:5:29|NetstormCEventListener|dumpEvent|Method Called. Event Type: click
 Tag Name = INPUT
5/2 4:5:29|Utils|setRecordingComments|method called.
5/2 4:5:30|NetstormCEventListener|handleEvent|Method Called.
5/2 4:5:30|NetstormCEventListener|dumpEvent|Method Called. Event Type: click
 Tag Name = INPUT
5/2 4:5:30|Utils|setRecordingComments|method called.
5/2 4:5:30|NetstormCEventListener|handleEvent|Method Called.
5/2 4:5:30|NetstormCEventListener|dumpEvent|Method Called. Event Type: click
 Tag Name = INPUT
5/2 4:5:30|Utils|setRecordingComments|method called.
5/2 4:5:31|NetstormCEventListener|handleEvent|Method Called.
5/2 4:5:31|NetstormCEventListener|dumpEvent|Method Called. Event Type: click
 Tag Name = INPUT
5/2 4:5:31|NetstormCEventListener|addBtnElement|Method Called.
5/2 4:5:31|Utils|setRecordingComments|method called.
5/2 4:5:31|RecordingHttpListener|observe|Method Called for sTopic=http-on-modify-request
5/2 4:5:31|Utils|getURLTracker|urlString = http://192.168.1.92:19001/nsecom/checkOut?name=f&address=s&city=f&PostalCode=s&country=US&productid=NA&upc=JeansUPC11116&size=2&color=blue&quantity=1&price=69.99&status=true&cartId=Cart20130502040523465, requestOrResponce = request
5/2 4:5:31|Utils|getRelativeTimeWithRespectOfStartRecordingTime|Method called.time stamp = 1367490931351
5/2 4:5:31|Utils|convertToSecond method called|time = 21528.0
5/2 4:5:31|Utils|isSplit|Method called.
5/2 4:5:31|Utils|isSplit|Splitting for Ajax Header = false
5/2 4:5:31|Utils|isSplit|Splitting for method GET = false
5/2 4:5:31|Utils|isSplit|result = false
5/2 4:5:31|Utils|isSplitForTimeDiff|Method called.
5/2 4:5:31|Utils|isSplit|Splitting for time 3.602999999999998 = false
5/2 4:5:31|Utils|isSplit|result = false
5/2 4:5:31|Utils|isSplitForURLType|Method called.
5/2 4:5:31|Utils|isSplitForURLType|value = false
5/2 4:5:31|Utils|isSplitForURLType|value = false
5/2 4:5:31|Utils|isSplit|isSplitForURLType = false
5/2 4:5:31|NetStormBrowserNavigationEventListener|navigationStarted|Method Called for URL=http://192.168.1.92:19001/nsecom/checkOut?name=f&address=s&city=f&PostalCode=s&country=US&productid=NA&upc=JeansUPC11116&size=2&color=blue&quantity=1&price=69.99&status=true&cartId=Cart20130502040523465
5/2 4:5:31|NetStormBrowserNavigationEventListener|navigationStarted|Begin Loading URL == http://192.168.1.92:19001/nsecom/checkOut?name=f&address=s&city=f&PostalCode=s&country=US&productid=NA&upc=JeansUPC11116&size=2&color=blue&quantity=1&price=69.99&status=true&cartId=Cart20130502040523465  ===== Begin = 1367490931383
5/2 4:5:31|Utils|getURLTracker|urlString = http://192.168.1.92:19001/nsecom/checkOut?name=f&address=s&city=f&PostalCode=s&country=US&productid=NA&upc=JeansUPC11116&size=2&color=blue&quantity=1&price=69.99&status=true&cartId=Cart20130502040523465, requestOrResponce = snapShot
5/2 4:5:31|RecordingHttpListener|observe|Method Called for sTopic=http-on-examine-response
5/2 4:5:31|Utils|getURLTracker|urlString = http://192.168.1.92:19001/nsecom/checkOut?name=f&address=s&city=f&PostalCode=s&country=US&productid=NA&upc=JeansUPC11116&size=2&color=blue&quantity=1&price=69.99&status=true&cartId=Cart20130502040523465, requestOrResponce = response
5/2 4:5:31|Utils|getRelativeTimeWithRespectOfStartRecordingTime|Method called.time stamp = 1367490931476
5/2 4:5:31|Utils|convertToSecond method called|time = 21653.0
5/2 4:5:31|Utils|isSplit|Method called.
5/2 4:5:31|Utils|isSplit|Splitting for Ajax Header = false
5/2 4:5:31|Utils|isSplit|Splitting for method GET = false
5/2 4:5:31|Utils|isSplit|result = false
5/2 4:5:31|Utils|isSplitForTimeDiff|Method called.
5/2 4:5:31|Utils|isSplit|Splitting for time 3.602999999999998 = false
5/2 4:5:31|Utils|isSplit|result = false
5/2 4:5:31|Utils|isSplitForURLType|Method called.
5/2 4:5:31|Utils|isSplitForURLType|value = false
5/2 4:5:31|Utils|isSplitForURLType|value = false
5/2 4:5:31|Utils|isSplitForURLType|value = false
5/2 4:5:31|Utils|isSplit|isSplitForURLType = false
5/2 4:5:31|Utils|getRelativeTimeWithRespectOfStartRecordingTime|Method called.time stamp = 1367490931476
5/2 4:5:31|Utils|convertToSecond method called|time = 21653.0
5/2 4:5:31|Utils|getRelativeTimeWithRespectOfStartRecordingTime|Method called.time stamp = 1367490931476
5/2 4:5:31|Utils|convertToSecond method called|time = 21653.0
5/2 4:5:31|RecordingHttpListener|onStartRequest|method called with request Name = http://192.168.1.92:19001/nsecom/checkOut?name=f&address=s&city=f&PostalCode=s&country=US&productid=NA&upc=JeansUPC11116&size=2&color=blue&quantity=1&price=69.99&status=true&cartId=Cart20130502040523465
5/2 4:5:31|Utils|getURLTracker|urlString = http://192.168.1.92:19001/nsecom/checkOut?name=f&address=s&city=f&PostalCode=s&country=US&productid=NA&upc=JeansUPC11116&size=2&color=blue&quantity=1&price=69.99&status=true&cartId=Cart20130502040523465, requestOrResponce = snapShot
5/2 4:5:31|RecordingHttpListener|onDataAvailable|method called for request=http://192.168.1.92:19001/nsecom/checkOut?name=f&address=s&city=f&PostalCode=s&country=US&productid=NA&upc=JeansUPC11116&size=2&color=blue&quantity=1&price=69.99&status=true&cartId=Cart20130502040523465
5/2 4:5:31|RecordingHttpListener|onDataAvailable|Adding dump diretory with path=C:\Users\Compass-91\Desktop\recorder\scripts\NetDiagnostic/Weblogic/nsecom_new\dump\nsecom\192.168.1.92_19001/nsecom/
5/2 4:5:31|RecordingHttpListener|onDataAvailable|Calling onDataAvailable on original listener.
5/2 4:5:31|RecordingHttpListener|onStopRequest|method called for request=http://192.168.1.92:19001/nsecom/checkOut?name=f&address=s&city=f&PostalCode=s&country=US&productid=NA&upc=JeansUPC11116&size=2&color=blue&quantity=1&price=69.99&status=true&cartId=Cart20130502040523465
5/2 4:5:31|NetStormBrowserNavigationEventListener|navigationFinished|Method Called for URL=http://192.168.1.92:19001/nsecom/checkOut?name=f&address=s&city=f&PostalCode=s&country=US&productid=NA&upc=JeansUPC11116&size=2&color=blue&quantity=1&price=69.99&status=true&cartId=Cart20130502040523465
5/2 4:5:31|NetStormBrowserNavigationEventListener|NavigationFinishEventRunner|constructor called for url=http://192.168.1.92:19001/nsecom/checkOut?name=f&address=s&city=f&PostalCode=s&country=US&productid=NA&upc=JeansUPC11116&size=2&color=blue&quantity=1&price=69.99&status=true&cartId=Cart201305020405234655/2 4:5:31|MainFrame|updateBackForwardButtons|method Called.

5/2 4:5:31|NetStormBrowserNavigationEventListener|setupListeners|Method Called.
5/2 4:5:31|NetstormCEventListener|addAllHTMLElementsListeners|Method Called.
5/2 4:5:31|Utils|filterPath|path = http://192.168.1.92:19001/nsecom/checkOut?name=f&address=s&city=f&PostalCode=s&country=US&productid=NA&upc=JeansUPC11116&size=2&color=blue&quantity=1&price=69.99&status=true&cartId=Cart20130502040523465
5/2 4:5:31|Utils|filterPath|path limit is excedding the limit
5/2 4:5:31|Utils|isValidLenForPath|path = C:\Users\Compass-91\Desktop\recorder\scripts\NetDiagnostic/Weblogic/nsecom_new\dump\nsecom\http://192.168.1.92:19001/nsecom/checkOut?name=f&address=s&city=f&PostalCode=s&country=US&productid=NA&upc=JeansUPC11116&size=2&color=blue&quantity=1&price=69.99&status=true&cartId=Cart20130502040523465
5/2 4:5:31|Utils|getFileName|path = http://192.168.1.92:19001/nsecom/checkOut?name=f&address=s&city=f&PostalCode=s&country=US&productid=NA&upc=JeansUPC11116&size=2&color=blue&quantity=1&price=69.99&status=true&cartId=Cart20130502040523465
5/2 4:5:31|Utils|getFileName|path limit is excedding the limit
5/2 4:5:31|Utils|isValidLenForPath|path = C:\Users\Compass-91\Desktop\recorder\scripts\NetDiagnostic/Weblogic/nsecom_new\dump\nsecom\http://192.168.1.92:19001/nsecom/checkOut?name=f&address=s&city=f&PostalCode=s&country=US&productid=NA&upc=JeansUPC11116&size=2&color=blue&quantity=1&price=69.99&status=true&cartId=Cart20130502040523465
5/2 4:5:31|Utils|getFileName|filename for dump = checkOut_name=f_address=s_city=f_PostalCode=s_country=US_productid=NA_upc=JeansUPC11116_size=2_color=blue_quantity=1_price=69.99_s
5/2 4:5:31|Utils|saveBrowserDocument|title = C:\Users\Compass-91\Desktop\recorder\scripts\NetDiagnostic\Weblogic\nsecom_new\dump\nsecom\192.168.1.92_19001\nsecom\checkOut_name=f_address=s_city=f_PostalCode=s_country=US_productid=NA_upc=JeansUPC11116_size=2_color=blue_quantity=1_price=69.99_s
5/2 4:5:31|Utils|getURLTracker|urlString = http://192.168.1.92:19001/nsecom/checkOut?name=f&address=s&city=f&PostalCode=s&country=US&productid=NA&upc=JeansUPC11116&size=2&color=blue&quantity=1&price=69.99&status=true&cartId=Cart20130502040523465, requestOrResponce = snapShot
5/2 4:5:36|ScriptHTMLStart|stopRecording|Method Called.
5/2 4:5:36|ScriptHTMLStart|stopRecording|Going to stop recording
5/2 4:5:36|NSBrowser|stopRecord|Method called.
5/2 4:5:36|MainFrame|addNavigationListeners|browser disposed called.
5/2 4:5:36|WebCFormattor|generateScripts|method called.
5/2 4:5:36|Utils|addLastPageLeftUrlsToInlineUrlsOfLastPage|Method called.
5/2 4:5:36|Utils|modifyMapForSplit|Method called.
5/2 4:5:36|Utils|modifyMapForThinkTime|Method called.
5/2 4:5:36|Utils|getRelativeTimeWithRespectOfStartRecordingTime|Method called.time stamp = 1367490936047
5/2 4:5:36|Utils|convertToSecond method called|time = 26224.0
5/2 4:5:36|Utils|modifyMapForThinkTime|Modifying url list for last page=checkOut_2, startThink=21.653, endThink=26.224
5/2 4:5:36|Utils|generateEventDetail|method called.
5/2 4:5:36|Utils|generateUrlInfoListDetail|method called
5/2 4:5:36|Utils|generateUrlInfoListDetail|URL = http://192.168.1.92:19001/nsecom/home
5/2 4:5:36|Utils|convertToSecond method called|time = 0.13999999999999968
5/2 4:5:36|Utils|generateUrlInfoListDetail|ScriptparsingData =http://192.168.1.92:19001/nsecom/home
5/2 4:5:36|Utils|generateUrlInfoListDetail|UrlTracker.scriptParsingData.getParsedPath()=192.168.1.92_19001/nsecom/, Utils.getDumpPath() = C:\Users\Compass-91\Desktop\recorder\scripts\NetDiagnostic/Weblogic/nsecom_new\dump\nsecom
5/2 4:5:36|Utils|generateUrlInfoListDetail|URL = http://192.168.1.92:19001/nsecom/images/nsecomlogo.png
5/2 4:5:36|Utils|convertToSecond method called|time = 0.1559999999999997
5/2 4:5:36|Utils|generateUrlInfoListDetail|ScriptparsingData =http://192.168.1.92:19001/nsecom/images/nsecomlogo.png
5/2 4:5:36|Utils|generateUrlInfoListDetail|URL = http://192.168.1.92:19001/nsecom/searchProduct?keyword=jeans
5/2 4:5:36|Utils|convertToSecond method called|time = 0.10899999999999999
5/2 4:5:36|Utils|generateUrlInfoListDetail|ScriptparsingData =http://192.168.1.92:19001/nsecom/searchProduct?keyword=jeans
5/2 4:5:36|Utils|generateUrlInfoListDetail|UrlTracker.scriptParsingData.getParsedPath()=192.168.1.92_19001/nsecom/, Utils.getDumpPath() = C:\Users\Compass-91\Desktop\recorder\scripts\NetDiagnostic/Weblogic/nsecom_new\dump\nsecom
5/2 4:5:36|Utils|generateUrlInfoListDetail|URL = http://192.168.1.92:19001/nsecom/images/jeans1.png
5/2 4:5:36|Utils|convertToSecond method called|time = 0.26500000000000057
5/2 4:5:36|Utils|generateUrlInfoListDetail|ScriptparsingData =http://192.168.1.92:19001/nsecom/images/jeans1.png
5/2 4:5:36|Utils|generateUrlInfoListDetail|URL = http://192.168.1.92:19001/nsecom/images/jeans2.png
5/2 4:5:36|Utils|convertToSecond method called|time = 0.2970000000000006
5/2 4:5:36|Utils|generateUrlInfoListDetail|ScriptparsingData =http://192.168.1.92:19001/nsecom/images/jeans2.png
5/2 4:5:36|Utils|generateUrlInfoListDetail|URL = http://192.168.1.92:19001/nsecom/images/jeans3.png
5/2 4:5:36|Utils|convertToSecond method called|time = 0.3119999999999994
5/2 4:5:36|Utils|generateUrlInfoListDetail|ScriptparsingData =http://192.168.1.92:19001/nsecom/images/jeans3.png
5/2 4:5:36|Utils|generateUrlInfoListDetail|URL = http://192.168.1.92:19001/nsecom/images/jeans4.png
5/2 4:5:36|Utils|convertToSecond method called|time = 0.3279999999999994
5/2 4:5:36|Utils|generateUrlInfoListDetail|ScriptparsingData =http://192.168.1.92:19001/nsecom/images/jeans4.png
5/2 4:5:36|Utils|generateUrlInfoListDetail|URL = http://192.168.1.92:19001/nsecom/images/jeans5.png
5/2 4:5:36|Utils|convertToSecond method called|time = 0.359
5/2 4:5:36|Utils|generateUrlInfoListDetail|ScriptparsingData =http://192.168.1.92:19001/nsecom/images/jeans5.png
5/2 4:5:36|Utils|generateUrlInfoListDetail|URL = http://192.168.1.92:19001/nsecom/images/jeans6.png
5/2 4:5:36|Utils|convertToSecond method called|time = 0.46799999999999997
5/2 4:5:36|Utils|generateUrlInfoListDetail|ScriptparsingData =http://192.168.1.92:19001/nsecom/images/jeans6.png
5/2 4:5:36|Utils|generateUrlInfoListDetail|URL = http://192.168.1.92:19001/nsecom/images/jeans7.png
5/2 4:5:36|Utils|convertToSecond method called|time = 0.4209999999999994
5/2 4:5:36|Utils|generateUrlInfoListDetail|ScriptparsingData =http://192.168.1.92:19001/nsecom/images/jeans7.png
5/2 4:5:36|Utils|generateUrlInfoListDetail|URL = http://192.168.1.92:19001/nsecom/images/jeans8.png
5/2 4:5:36|Utils|convertToSecond method called|time = 0.43700000000000117
5/2 4:5:36|Utils|generateUrlInfoListDetail|ScriptparsingData =http://192.168.1.92:19001/nsecom/images/jeans8.png
5/2 4:5:36|Utils|generateUrlInfoListDetail|URL = http://192.168.1.92:19001/nsecom/images/jeans9.png
5/2 4:5:36|Utils|convertToSecond method called|time = 0.4529999999999994
5/2 4:5:36|Utils|generateUrlInfoListDetail|ScriptparsingData =http://192.168.1.92:19001/nsecom/images/jeans9.png
5/2 4:5:36|Utils|generateUrlInfoListDetail|URL = http://192.168.1.92:19001/nsecom/productPage?productid=Jeans006&upc=JeansUPC11116&prodImage=jeans6.png&prodPrice=69.99
5/2 4:5:36|Utils|convertToSecond method called|time = 0.17099999999999937
5/2 4:5:36|Utils|generateUrlInfoListDetail|ScriptparsingData =http://192.168.1.92:19001/nsecom/productPage?productid=Jeans006&upc=JeansUPC11116&prodImage=jeans6.png&prodPrice=69.99
5/2 4:5:36|Utils|generateUrlInfoListDetail|UrlTracker.scriptParsingData.getParsedPath()=192.168.1.92_19001/nsecom/, Utils.getDumpPath() = C:\Users\Compass-91\Desktop\recorder\scripts\NetDiagnostic/Weblogic/nsecom_new\dump\nsecom
5/2 4:5:36|Utils|generateUrlInfoListDetail|URL = http://192.168.1.92:19001/nsecom/addToBag?size=2&productid=NA&price=69.99&upc=JeansUPC11116&prodImage=jeans6.png&quantity=1
5/2 4:5:36|Utils|convertToSecond method called|time = 0.39000000000000057
5/2 4:5:36|Utils|generateUrlInfoListDetail|ScriptparsingData =http://192.168.1.92:19001/nsecom/addToBag?size=2&productid=NA&price=69.99&upc=JeansUPC11116&prodImage=jeans6.png&quantity=1
5/2 4:5:36|Utils|generateUrlInfoListDetail|UrlTracker.scriptParsingData.getParsedPath()=192.168.1.92_19001/nsecom/, Utils.getDumpPath() = C:\Users\Compass-91\Desktop\recorder\scripts\NetDiagnostic/Weblogic/nsecom_new\dump\nsecom
5/2 4:5:36|Utils|generateUrlInfoListDetail|URL = http://192.168.1.92:19001/nsecom/shippingAddress?productid=NA&upc=JeansUPC11116&size=2&color=blue&quantity=1&price=69.99&status=true&cartId=Cart20130502040523465
5/2 4:5:36|Utils|convertToSecond method called|time = 0.31200000000000117
5/2 4:5:36|Utils|generateUrlInfoListDetail|ScriptparsingData =http://192.168.1.92:19001/nsecom/shippingAddress?productid=NA&upc=JeansUPC11116&size=2&color=blue&quantity=1&price=69.99&status=true&cartId=Cart20130502040523465
5/2 4:5:36|Utils|generateUrlInfoListDetail|UrlTracker.scriptParsingData.getParsedPath()=192.168.1.92_19001/nsecom/, Utils.getDumpPath() = C:\Users\Compass-91\Desktop\recorder\scripts\NetDiagnostic/Weblogic/nsecom_new\dump\nsecom
5/2 4:5:36|Utils|generateUrlInfoListDetail|URL = http://192.168.1.92:19001/nsecom/images/logo.png
5/2 4:5:36|Utils|convertToSecond method called|time = 0.2970000000000006
5/2 4:5:36|Utils|generateUrlInfoListDetail|ScriptparsingData =http://192.168.1.92:19001/nsecom/images/logo.png
5/2 4:5:36|Utils|generateUrlInfoListDetail|URL = http://192.168.1.92:19001/nsecom/checkOut?name=f&address=s&city=f&PostalCode=s&country=US&productid=NA&upc=JeansUPC11116&size=2&color=blue&quantity=1&price=69.99&status=true&cartId=Cart20130502040523465
5/2 4:5:36|Utils|convertToSecond method called|time = 0.125
5/2 4:5:36|Utils|generateUrlInfoListDetail|ScriptparsingData =http://192.168.1.92:19001/nsecom/checkOut?name=f&address=s&city=f&PostalCode=s&country=US&productid=NA&upc=JeansUPC11116&size=2&color=blue&quantity=1&price=69.99&status=true&cartId=Cart20130502040523465
5/2 4:5:36|Utils|generateUrlInfoListDetail|UrlTracker.scriptParsingData.getParsedPath()=192.168.1.92_19001/nsecom/, Utils.getDumpPath() = C:\Users\Compass-91\Desktop\recorder\scripts\NetDiagnostic/Weblogic/nsecom_new\dump\nsecom
5/2 4:5:36|WebCFormattor|generateEventsForFlow|method called.
5/2 4:5:36|WebCGenerator|generate|method called.
5/2 4:5:36|WebCGenerator|generate|Putting header comments in Buffer.
5/2 4:5:36|WebCGenerator|generate|Processing URLs with list size=6
5/2 4:5:36|WebCGenerator|getValidURL|Since this URL is not in filtered list, returning the URL=http://192.168.1.92:19001/nsecom/home
5/2 4:5:36|Utils|getTimeStampForPage|Method called.
5/2 4:5:36|WebCGenerator|getUrlReqAndResDetails|method called.
5/2 4:5:36|WebCGenerator|generate|Adding Inline template to the page.
5/2 4:5:36|WebCGenerator|appendHeadersAndEndline|method called.
5/2 4:5:36|WebCGenerator|getUrlReqAndResDetails|method called.
5/2 4:5:36|Utils|convertToSecond method called|time = 5.069999999999999
5/2 4:5:36|WebCGenerator|getValidURL|Since this URL is not in filtered list, returning the URL=http://192.168.1.92:19001/nsecom/searchProduct?keyword=jeans
5/2 4:5:36|Utils|getTimeStampForPage|Method called.
5/2 4:5:36|WebCGenerator|generate|Adding Comments to page.searchProduct_2
5/2 4:5:36|WebCGenerator|getUrlReqAndResDetails|method called.
5/2 4:5:36|WebCGenerator|generate|Adding Inline template to the page.
5/2 4:5:36|WebCGenerator|appendHeadersAndEndline|method called.
5/2 4:5:36|WebCGenerator|getUrlReqAndResDetails|method called.
5/2 4:5:36|WebCGenerator|appendHeadersAndEndline|method called.
5/2 4:5:36|WebCGenerator|getUrlReqAndResDetails|method called.
5/2 4:5:36|WebCGenerator|appendHeadersAndEndline|method called.
5/2 4:5:36|WebCGenerator|getUrlReqAndResDetails|method called.
5/2 4:5:36|WebCGenerator|appendHeadersAndEndline|method called.
5/2 4:5:36|WebCGenerator|getUrlReqAndResDetails|method called.
5/2 4:5:36|WebCGenerator|appendHeadersAndEndline|method called.
5/2 4:5:36|WebCGenerator|getUrlReqAndResDetails|method called.
5/2 4:5:36|WebCGenerator|appendHeadersAndEndline|method called.
5/2 4:5:36|WebCGenerator|getUrlReqAndResDetails|method called.
5/2 4:5:36|WebCGenerator|appendHeadersAndEndline|method called.
5/2 4:5:36|WebCGenerator|getUrlReqAndResDetails|method called.
5/2 4:5:36|WebCGenerator|appendHeadersAndEndline|method called.
5/2 4:5:36|WebCGenerator|getUrlReqAndResDetails|method called.
5/2 4:5:36|WebCGenerator|appendHeadersAndEndline|method called.
5/2 4:5:36|WebCGenerator|getUrlReqAndResDetails|method called.
5/2 4:5:36|Utils|convertToSecond method called|time = 1.950000000000001
5/2 4:5:36|WebCGenerator|getValidURL|Since this URL is not in filtered list, returning the URL=http://192.168.1.92:19001/nsecom/productPage?productid=Jeans006&upc=JeansUPC11116&prodImage=jeans6.png&prodPrice=69.99
5/2 4:5:36|Utils|getTimeStampForPage|Method called.
5/2 4:5:36|WebCGenerator|generate|Adding Comments to page.productPage_2
5/2 4:5:36|WebCGenerator|getUrlReqAndResDetails|method called.
5/2 4:5:36|Utils|convertToSecond method called|time = 2.231
5/2 4:5:36|WebCGenerator|getValidURL|Since this URL is not in filtered list, returning the URL=http://192.168.1.92:19001/nsecom/addToBag?size=2&productid=NA&price=69.99&upc=JeansUPC11116&prodImage=jeans6.png&quantity=1
5/2 4:5:36|Utils|getTimeStampForPage|Method called.
5/2 4:5:36|WebCGenerator|generate|Adding Comments to page.addToBag_2
5/2 4:5:36|WebCGenerator|getUrlReqAndResDetails|method called.
5/2 4:5:36|Utils|convertToSecond method called|time = 1.529
5/2 4:5:36|WebCGenerator|getValidURL|Since this URL is not in filtered list, returning the URL=http://192.168.1.92:19001/nsecom/shippingAddress?productid=NA&upc=JeansUPC11116&size=2&color=blue&quantity=1&price=69.99&status=true&cartId=Cart20130502040523465
5/2 4:5:36|Utils|getTimeStampForPage|Method called.
5/2 4:5:36|WebCGenerator|generate|Adding Comments to page.shippingAddress_2
5/2 4:5:36|WebCGenerator|getUrlReqAndResDetails|method called.
5/2 4:5:36|WebCGenerator|getCookieForTheUrl|method called.
5/2 4:5:36|WebCGenerator|generate|Adding Inline template to the page.
5/2 4:5:36|WebCGenerator|appendHeadersAndEndline|method called.
5/2 4:5:36|WebCGenerator|getUrlReqAndResDetails|method called.
5/2 4:5:36|WebCGenerator|getCookieForTheUrl|method called.
5/2 4:5:36|Utils|convertToSecond method called|time = 3.602999999999998
5/2 4:5:36|WebCGenerator|getValidURL|Since this URL is not in filtered list, returning the URL=http://192.168.1.92:19001/nsecom/checkOut?name=f&address=s&city=f&PostalCode=s&country=US&productid=NA&upc=JeansUPC11116&size=2&color=blue&quantity=1&price=69.99&status=true&cartId=Cart20130502040523465
5/2 4:5:36|Utils|getTimeStampForPage|Method called.
5/2 4:5:36|WebCGenerator|generate|Adding Comments to page.checkOut_2
5/2 4:5:36|WebCGenerator|getUrlReqAndResDetails|method called.
5/2 4:5:36|WebCGenerator|getCookieForTheUrl|method called.
5/2 4:5:36|Utils|convertToSecond method called|time = 4.5710000000000015
5/2 4:5:36|MainFrame|addNavigationListeners|browser disposed Exiting.
5/2 4:5:36|MainFrame|addNavigationListeners|browser disposed called.
5/2 4:5:36|MainFrame|addNavigationListeners|browser disposed Exiting.
5/2 4:5:36|NSBrowser|addNavigationListeners|browser disposed Exiting.
5/2 4:5:36|ScriptHTMLStart|stopRecording|Going to upload script to server.
5/2 4:5:41|ScriptRecordUtils|saveScriptToServer|method called.
