3/25 6:41:51|MainFrame|MainFrame|Constructor Called.
3/25 6:41:51|MainFrame|createMozillaComponent|Method Called.
3/25 6:41:51|MainFrame|setHTTPProxyConfiguration|Method called.
3/25 6:41:51|MainFrame|setHTTPSProxyConfiguration|Method called.
3/25 6:41:51|MainFrame|setProxyServerException|Method called.
3/25 6:41:51|MainFrame|setSecurityCertificationErrors|Method called.
3/25 6:41:51|MainFrame|EnableDisableBrowserOtions|method called.
3/25 6:41:51|MainFrame|EnableDisableBrowserOtions|Enabling JavaScript feature.
3/25 6:41:51|MainFrame|EnableDisableBrowserOtions|Enabling ImageDownload feature.
3/25 6:41:51|MainFrame|EnableDisableBrowserOtions|Enabling Plugins feature.
3/25 6:41:51|MainFrame|EnableDisableBrowserOtions|Setting User Agent=Mozilla/4.0 (Windows; U; Windows NT 6.1; en-US; rv:1.9.2.24) Gecko/20111103 Firefox/3.6.24
3/25 6:41:51|MainFrame|addNavigationListeners|method called.
3/25 6:41:51|NetStormBrowserNavigationEventListener|NetStormBrowserNavigationEventListener|Constructor Called.
3/25 6:41:51|NetstormCEventListener|NetstormCEventListener|Constructor Called.
3/25 6:41:51|MainFrame|updateBackForwardButtons|method Called.
3/25 6:41:51|NetstormCEventListener|addHTMLElementsListeners|Method Called.
3/25 6:41:51|NetStormBrowserNavigationEventListener|setcEventListener|Method Called.
3/25 6:41:51|NetStormBrowserNavigationEventListener|setupListeners|Method Called.
3/25 6:41:51|NetstormCEventListener|addAllHTMLElementsListeners|Method Called.
3/25 6:41:51|RecordingHttpListener|observe|Method Called for sTopic=http-on-modify-request
3/25 6:41:51|Utils|getURLTracker|urlString = http://192.168.1.86:19001/nsecom, requestOrResponce = request
3/25 6:41:51|Utils|getRelativeTimeWithRespectOfStartRecordingTime|Method called.time stamp = 1364217111571
3/25 6:41:51|Utils|convertToSecond method called|time = 219.0
3/25 6:41:51|Utils|isSplit|Method called.
3/25 6:41:51|Utils|isSplit|Splitting for Ajax Header = false
3/25 6:41:51|Utils|isSplit|Splitting for method GET = false
3/25 6:41:51|Utils|isSplit|result = false
3/25 6:41:51|Utils|isSplitForTimeDiff|Method called.
3/25 6:41:51|Utils|isSplit|result = false
3/25 6:41:51|Utils|isSplitForURLType|Method called.
3/25 6:41:51|Utils|isSplitForURLType|value = false
3/25 6:41:51|Utils|isSplitForURLType|value = false
3/25 6:41:51|Utils|isSplit|isSplitForURLType = false
3/25 6:41:51|RecordingHttpListener|observe|Method Called for sTopic=http-on-modify-request
3/25 6:41:51|Utils|getURLTracker|urlString = http://192.168.1.86:19001/nsecom, requestOrResponce = request
3/25 6:41:51|Utils|isSplit|Method called.
3/25 6:41:51|Utils|isSplit|result = false
3/25 6:41:51|Utils|isSplitForTimeDiff|Method called.
3/25 6:41:51|Utils|isSplit|result = false
3/25 6:41:51|Utils|isSplitForURLType|Method called.
3/25 6:41:51|Utils|isSplit|isSplitForURLType = false
3/25 6:41:51|RecordingHttpListener|observe|Method Called for sTopic=http-on-modify-request
3/25 6:41:51|Utils|getURLTracker|urlString = http://192.168.1.86:19001/nsecom, requestOrResponce = request
3/25 6:41:51|Utils|isSplit|Method called.
3/25 6:41:51|Utils|isSplit|result = false
3/25 6:41:51|Utils|isSplitForTimeDiff|Method called.
3/25 6:41:51|Utils|isSplit|result = false
3/25 6:41:51|Utils|isSplitForURLType|Method called.
3/25 6:41:51|Utils|isSplit|isSplitForURLType = false
3/25 6:41:51|RecordingHttpListener|observe|Method Called for sTopic=http-on-modify-request
3/25 6:41:51|Utils|getURLTracker|urlString = http://192.168.1.86:19001/nsecom, requestOrResponce = request
3/25 6:41:51|Utils|isSplit|Method called.
3/25 6:41:51|Utils|isSplit|result = false
3/25 6:41:51|Utils|isSplitForTimeDiff|Method called.
3/25 6:41:51|Utils|isSplit|result = false
3/25 6:41:51|Utils|isSplitForURLType|Method called.
3/25 6:41:51|Utils|isSplit|isSplitForURLType = false
3/25 6:41:51|RecordingHttpListener|observe|Method Called for sTopic=http-on-modify-request
3/25 6:41:51|Utils|getURLTracker|urlString = http://192.168.1.86:19001/nsecom, requestOrResponce = request
3/25 6:41:51|Utils|isSplit|Method called.
3/25 6:41:51|Utils|isSplit|result = false
3/25 6:41:51|Utils|isSplitForTimeDiff|Method called.
3/25 6:41:51|Utils|isSplit|result = false
3/25 6:41:51|Utils|isSplitForURLType|Method called.
3/25 6:41:51|Utils|isSplit|isSplitForURLType = false
3/25 6:41:51|NetStormBrowserNavigationEventListener|navigationStarted|Method Called for URL=http://192.168.1.86:19001/nsecom
3/25 6:41:51|NetStormBrowserNavigationEventListener|navigationStarted|Begin Loading URL == http://192.168.1.86:19001/nsecom  ===== Begin = 1364217111602
3/25 6:41:51|Utils|getURLTracker|urlString = http://192.168.1.86:19001/nsecom, requestOrResponce = snapShot
3/25 6:41:51|RecordingHttpListener|observe|Method Called for sTopic=http-on-examine-response
3/25 6:41:51|Utils|getURLTracker|urlString = http://192.168.1.86:19001/nsecom, requestOrResponce = response
3/25 6:41:51|Utils|getRelativeTimeWithRespectOfStartRecordingTime|Method called.time stamp = 1364217111602
3/25 6:41:51|Utils|convertToSecond method called|time = 250.0
3/25 6:41:51|Utils|isSplit|Method called.
3/25 6:41:51|Utils|isSplit|Splitting for Ajax Header = false
3/25 6:41:51|Utils|isSplit|Splitting for method GET = false
3/25 6:41:51|Utils|isSplit|result = false
3/25 6:41:51|Utils|isSplitForTimeDiff|Method called.
3/25 6:41:51|Utils|isSplit|result = false
3/25 6:41:51|Utils|isSplitForURLType|Method called.
3/25 6:41:51|Utils|isSplitForURLType|value = false
3/25 6:41:51|Utils|isSplitForURLType|value = false
3/25 6:41:51|Utils|isSplitForURLType|value = false
3/25 6:41:51|Utils|isSplit|isSplitForURLType = false
3/25 6:41:51|Utils|getRelativeTimeWithRespectOfStartRecordingTime|Method called.time stamp = 1364217111602
3/25 6:41:51|Utils|convertToSecond method called|time = 250.0
3/25 6:41:51|Utils|getRelativeTimeWithRespectOfStartRecordingTime|Method called.time stamp = 1364217111602
3/25 6:41:51|Utils|convertToSecond method called|time = 250.0
3/25 6:41:51|RecordingHttpListener|observe|Method Called for sTopic=http-on-examine-response
3/25 6:41:51|RecordingHttpListener|observe|Method Called for sTopic=http-on-examine-response
3/25 6:41:51|RecordingHttpListener|observe|Method Called for sTopic=http-on-examine-response
3/25 6:41:51|RecordingHttpListener|observe|Method Called for sTopic=http-on-examine-response
3/25 6:41:51|NetStormBrowserNavigationEventListener|navigationStarted|Method Called for URL=http://192.168.1.86:19001/nsecom
3/25 6:41:51|NetStormBrowserNavigationEventListener|navigationStarted|Begin Loading URL == http://192.168.1.86:19001/nsecom  ===== Begin = 1364217111618
3/25 6:41:51|Utils|getURLTracker|urlString = http://192.168.1.86:19001/nsecom, requestOrResponce = snapShot
3/25 6:41:51|RecordingHttpListener|observe|Method Called for sTopic=http-on-modify-request
3/25 6:41:51|Utils|getURLTracker|urlString = http://192.168.1.86:19001/nsecom/, requestOrResponce = request
3/25 6:41:51|Utils|getRelativeTimeWithRespectOfStartRecordingTime|Method called.time stamp = 1364217111618
3/25 6:41:51|Utils|convertToSecond method called|time = 266.0
3/25 6:41:51|Utils|isSplit|Method called.
3/25 6:41:51|Utils|isSplit|Splitting for Ajax Header = false
3/25 6:41:51|Utils|isSplit|Splitting for method GET = false
3/25 6:41:51|Utils|isSplit|result = false
3/25 6:41:51|Utils|isSplitForTimeDiff|Method called.
3/25 6:41:51|Utils|isSplit|Splitting for time 0.016000000000000014 = false
3/25 6:41:51|Utils|isSplit|result = false
3/25 6:41:51|Utils|isSplitForURLType|Method called.
3/25 6:41:51|Utils|isSplitForURLType|value = false
3/25 6:41:51|Utils|isSplitForURLType|value = false
3/25 6:41:51|Utils|isSplit|isSplitForURLType = false
3/25 6:41:51|RecordingHttpListener|observe|Method Called for sTopic=http-on-modify-request
3/25 6:41:51|Utils|getURLTracker|urlString = http://192.168.1.86:19001/nsecom/, requestOrResponce = request
3/25 6:41:51|Utils|isSplit|Method called.
3/25 6:41:51|Utils|isSplit|result = false
3/25 6:41:51|Utils|isSplitForTimeDiff|Method called.
3/25 6:41:51|Utils|isSplit|result = false
3/25 6:41:51|Utils|isSplitForURLType|Method called.
3/25 6:41:51|Utils|isSplit|isSplitForURLType = false
3/25 6:41:51|RecordingHttpListener|observe|Method Called for sTopic=http-on-modify-request
3/25 6:41:51|Utils|getURLTracker|urlString = http://192.168.1.86:19001/nsecom/, requestOrResponce = request
3/25 6:41:51|Utils|isSplit|Method called.
3/25 6:41:51|Utils|isSplit|result = false
3/25 6:41:51|Utils|isSplitForTimeDiff|Method called.
3/25 6:41:51|Utils|isSplit|result = false
3/25 6:41:51|Utils|isSplitForURLType|Method called.
3/25 6:41:51|Utils|isSplit|isSplitForURLType = false
3/25 6:41:51|RecordingHttpListener|observe|Method Called for sTopic=http-on-modify-request
3/25 6:41:51|Utils|getURLTracker|urlString = http://192.168.1.86:19001/nsecom/, requestOrResponce = request
3/25 6:41:51|Utils|isSplit|Method called.
3/25 6:41:51|Utils|isSplit|result = false
3/25 6:41:51|Utils|isSplitForTimeDiff|Method called.
3/25 6:41:51|Utils|isSplit|result = false
3/25 6:41:51|Utils|isSplitForURLType|Method called.
3/25 6:41:51|Utils|isSplit|isSplitForURLType = false
3/25 6:41:51|RecordingHttpListener|observe|Method Called for sTopic=http-on-modify-request
3/25 6:41:51|Utils|getURLTracker|urlString = http://192.168.1.86:19001/nsecom/, requestOrResponce = request
3/25 6:41:51|Utils|isSplit|Method called.
3/25 6:41:51|Utils|isSplit|result = false
3/25 6:41:51|Utils|isSplitForTimeDiff|Method called.
3/25 6:41:51|Utils|isSplit|result = false
3/25 6:41:51|Utils|isSplitForURLType|Method called.
3/25 6:41:51|Utils|isSplit|isSplitForURLType = false
3/25 6:41:51|RecordingHttpListener|observe|Method Called for sTopic=http-on-examine-response
3/25 6:41:51|Utils|getURLTracker|urlString = http://192.168.1.86:19001/nsecom/, requestOrResponce = response
3/25 6:41:51|Utils|getRelativeTimeWithRespectOfStartRecordingTime|Method called.time stamp = 1364217111649
3/25 6:41:51|Utils|convertToSecond method called|time = 297.0
3/25 6:41:51|Utils|isSplit|Method called.
3/25 6:41:51|Utils|isSplit|Splitting for Ajax Header = false
3/25 6:41:51|Utils|isSplit|Splitting for method GET = false
3/25 6:41:51|Utils|isSplit|result = false
3/25 6:41:51|Utils|isSplitForTimeDiff|Method called.
3/25 6:41:51|Utils|isSplit|Splitting for time 0.016000000000000014 = false
3/25 6:41:51|Utils|isSplit|result = false
3/25 6:41:51|Utils|isSplitForURLType|Method called.
3/25 6:41:51|Utils|isSplitForURLType|value = false
3/25 6:41:51|Utils|isSplitForURLType|value = false
3/25 6:41:51|Utils|isSplitForURLType|value = false
3/25 6:41:51|Utils|isSplit|isSplitForURLType = false
3/25 6:41:51|Utils|getRelativeTimeWithRespectOfStartRecordingTime|Method called.time stamp = 1364217111649
3/25 6:41:51|Utils|convertToSecond method called|time = 297.0
3/25 6:41:51|Utils|getRelativeTimeWithRespectOfStartRecordingTime|Method called.time stamp = 1364217111649
3/25 6:41:51|Utils|convertToSecond method called|time = 297.0
3/25 6:41:51|RecordingHttpListener|observe|Method Called for sTopic=http-on-examine-response
3/25 6:41:51|RecordingHttpListener|observe|Method Called for sTopic=http-on-examine-response
3/25 6:41:51|RecordingHttpListener|observe|Method Called for sTopic=http-on-examine-response
3/25 6:41:51|RecordingHttpListener|observe|Method Called for sTopic=http-on-examine-response
3/25 6:41:51|RecordingHttpListener|onStartRequest|method called with request Name = http://192.168.1.86:19001/nsecom/
3/25 6:41:51|RecordingHttpListener|onStartRequest|method called with request Name = http://192.168.1.86:19001/nsecom/
3/25 6:41:51|Utils|getURLTracker|urlString = http://192.168.1.86:19001/nsecom/, requestOrResponce = snapShot
3/25 6:41:51|Utils|getURLTracker|urlString = http://192.168.1.86:19001/nsecom/, requestOrResponce = snapShot
3/25 6:41:51|RecordingHttpListener|onDataAvailable|method called for request=http://192.168.1.86:19001/nsecom/
3/25 6:41:51|RecordingHttpListener|onDataAvailable|Adding dump diretory with path=C:\Users\Compass-91\Desktop\recorder\scripts\NetDiagnostic/Weblogic/nsecom_new\dump\more_char\192.168.1.86_19001/nsecom/
3/25 6:41:51|RecordingHttpListener|onDataAvailable|Calling onDataAvailable on original listener.
3/25 6:41:51|RecordingHttpListener|onDataAvailable|method called for request=http://192.168.1.86:19001/nsecom/
3/25 6:41:51|RecordingHttpListener|onDataAvailable|Adding dump diretory with path=C:\Users\Compass-91\Desktop\recorder\scripts\NetDiagnostic/Weblogic/nsecom_new\dump\more_char\192.168.1.86_19001/nsecom/
3/25 6:41:51|RecordingHttpListener|onDataAvailable|Calling onDataAvailable on original listener.
3/25 6:41:51|RecordingHttpListener|observe|Method Called for sTopic=http-on-modify-request
3/25 6:41:51|Utils|getURLTracker|urlString = http://192.168.1.86:19001/nsecom/images/logo.png, requestOrResponce = request
3/25 6:41:51|Utils|getRelativeTimeWithRespectOfStartRecordingTime|Method called.time stamp = 1364217111664
3/25 6:41:51|Utils|convertToSecond method called|time = 312.0
3/25 6:41:51|Utils|isSplit|Method called.
3/25 6:41:51|Utils|isSplit|Splitting for Ajax Header = false
3/25 6:41:51|Utils|isSplit|Splitting for method GET = false
3/25 6:41:51|Utils|isSplit|result = false
3/25 6:41:51|Utils|isSplitForTimeDiff|Method called.
3/25 6:41:51|Utils|isSplit|Splitting for time 0.015000000000000013 = false
3/25 6:41:51|Utils|isSplit|result = false
3/25 6:41:51|Utils|isSplitForURLType|Method called.
3/25 6:41:51|Utils|isSplitForURLType|value = false
3/25 6:41:51|Utils|isSplitForURLType|value = false
3/25 6:41:51|Utils|isSplit|isSplitForURLType = false
3/25 6:41:51|RecordingHttpListener|observe|Method Called for sTopic=http-on-modify-request
3/25 6:41:51|Utils|getURLTracker|urlString = http://192.168.1.86:19001/nsecom/images/logo.png, requestOrResponce = request
3/25 6:41:51|Utils|isSplit|Method called.
3/25 6:41:51|Utils|isSplit|result = false
3/25 6:41:51|Utils|isSplitForTimeDiff|Method called.
3/25 6:41:51|Utils|isSplit|result = false
3/25 6:41:51|Utils|isSplitForURLType|Method called.
3/25 6:41:51|Utils|isSplit|isSplitForURLType = false
3/25 6:41:51|RecordingHttpListener|observe|Method Called for sTopic=http-on-modify-request
3/25 6:41:51|Utils|getURLTracker|urlString = http://192.168.1.86:19001/nsecom/images/logo.png, requestOrResponce = request
3/25 6:41:51|Utils|isSplit|Method called.
3/25 6:41:51|Utils|isSplit|result = false
3/25 6:41:51|Utils|isSplitForTimeDiff|Method called.
3/25 6:41:51|Utils|isSplit|result = false
3/25 6:41:51|Utils|isSplitForURLType|Method called.
3/25 6:41:51|Utils|isSplit|isSplitForURLType = false
3/25 6:41:51|RecordingHttpListener|observe|Method Called for sTopic=http-on-modify-request
3/25 6:41:51|Utils|getURLTracker|urlString = http://192.168.1.86:19001/nsecom/images/logo.png, requestOrResponce = request
3/25 6:41:51|Utils|isSplit|Method called.
3/25 6:41:51|Utils|isSplit|result = false
3/25 6:41:51|Utils|isSplitForTimeDiff|Method called.
3/25 6:41:51|Utils|isSplit|result = false
3/25 6:41:51|Utils|isSplitForURLType|Method called.
3/25 6:41:51|Utils|isSplit|isSplitForURLType = false
3/25 6:41:51|RecordingHttpListener|observe|Method Called for sTopic=http-on-modify-request
3/25 6:41:51|Utils|getURLTracker|urlString = http://192.168.1.86:19001/nsecom/images/logo.png, requestOrResponce = request
3/25 6:41:51|Utils|isSplit|Method called.
3/25 6:41:51|Utils|isSplit|result = false
3/25 6:41:51|Utils|isSplitForTimeDiff|Method called.
3/25 6:41:51|Utils|isSplit|result = false
3/25 6:41:51|Utils|isSplitForURLType|Method called.
3/25 6:41:51|Utils|isSplit|isSplitForURLType = false
3/25 6:41:51|RecordingHttpListener|onStopRequest|method called for request=http://192.168.1.86:19001/nsecom/
3/25 6:41:51|RecordingHttpListener|onStopRequest|method called for request=http://192.168.1.86:19001/nsecom/
3/25 6:41:51|RecordingHttpListener|observe|Method Called for sTopic=http-on-examine-response
3/25 6:41:51|Utils|getURLTracker|urlString = http://192.168.1.86:19001/nsecom/images/logo.png, requestOrResponce = response
3/25 6:41:51|Utils|getRelativeTimeWithRespectOfStartRecordingTime|Method called.time stamp = 1364217111696
3/25 6:41:51|Utils|convertToSecond method called|time = 344.0
3/25 6:41:51|Utils|isSplit|Method called.
3/25 6:41:51|Utils|isSplit|Splitting for Ajax Header = false
3/25 6:41:51|Utils|isSplit|Splitting for method GET = false
3/25 6:41:51|Utils|isSplit|result = false
3/25 6:41:51|Utils|isSplitForTimeDiff|Method called.
3/25 6:41:51|Utils|isSplit|Splitting for time 0.015000000000000013 = false
3/25 6:41:51|Utils|isSplit|result = false
3/25 6:41:51|Utils|isSplitForURLType|Method called.
3/25 6:41:51|Utils|isSplitForURLType|value = false
3/25 6:41:51|Utils|isSplitForURLType|value = false
3/25 6:41:51|Utils|isSplitForURLType|value = false
3/25 6:41:51|Utils|isSplit|isSplitForURLType = false
3/25 6:41:51|Utils|getRelativeTimeWithRespectOfStartRecordingTime|Method called.time stamp = 1364217111696
3/25 6:41:51|Utils|convertToSecond method called|time = 344.0
3/25 6:41:51|Utils|getRelativeTimeWithRespectOfStartRecordingTime|Method called.time stamp = 1364217111696
3/25 6:41:51|Utils|convertToSecond method called|time = 344.0
3/25 6:41:51|RecordingHttpListener|observe|Method Called for sTopic=http-on-examine-response
3/25 6:41:51|RecordingHttpListener|observe|Method Called for sTopic=http-on-examine-response
3/25 6:41:51|RecordingHttpListener|observe|Method Called for sTopic=http-on-examine-response
3/25 6:41:51|RecordingHttpListener|observe|Method Called for sTopic=http-on-examine-response
3/25 6:41:51|RecordingHttpListener|onStartRequest|method called with request Name = http://192.168.1.86:19001/nsecom/images/logo.png
3/25 6:41:51|Utils|getURLTracker|urlString = http://192.168.1.86:19001/nsecom/images/logo.png, requestOrResponce = snapShot
3/25 6:41:51|RecordingHttpListener|onDataAvailable|method called for request=http://192.168.1.86:19001/nsecom/images/logo.png
3/25 6:41:51|RecordingHttpListener|onDataAvailable|Adding dump diretory with path=C:\Users\Compass-91\Desktop\recorder\scripts\NetDiagnostic/Weblogic/nsecom_new\dump\more_char\192.168.1.86_19001/nsecom/images/
3/25 6:41:51|RecordingHttpListener|onDataAvailable|Calling onDataAvailable on original listener.
3/25 6:41:51|RecordingHttpListener|onDataAvailable|method called for request=http://192.168.1.86:19001/nsecom/images/logo.png
3/25 6:41:51|RecordingHttpListener|onDataAvailable|Adding dump diretory with path=C:\Users\Compass-91\Desktop\recorder\scripts\NetDiagnostic/Weblogic/nsecom_new\dump\more_char\192.168.1.86_19001/nsecom/images/
3/25 6:41:51|RecordingHttpListener|onDataAvailable|Calling onDataAvailable on original listener.
3/25 6:41:51|RecordingHttpListener|onStopRequest|method called for request=http://192.168.1.86:19001/nsecom/images/logo.png
3/25 6:41:51|NetStormBrowserNavigationEventListener|navigationFinished|Method Called for URL=http://192.168.1.86:19001/nsecom/3/25 6:41:51|MainFrame|updateBackForwardButtons|method Called.

3/25 6:41:51|NetStormBrowserNavigationEventListener|NavigationFinishEventRunner|constructor called for url=http://192.168.1.86:19001/nsecom/
3/25 6:41:51|NetStormBrowserNavigationEventListener|setupListeners|Method Called.
3/25 6:41:51|NetstormCEventListener|addAllHTMLElementsListeners|Method Called.
3/25 6:41:51|Utils|filterPath|path = http://192.168.1.86:19001/nsecom/
3/25 6:41:51|Utils|getFileName|path = http://192.168.1.86:19001/nsecom/
3/25 6:41:51|Utils|getFileName|filename for dump = index.html
3/25 6:41:51|Utils|saveBrowserDocument|title = C:\Users\Compass-91\Desktop\recorder\scripts\NetDiagnostic\Weblogic\nsecom_new\dump\more_char\192.168.1.86_19001\nsecom\index.html
3/25 6:41:51|Utils|getURLTracker|urlString = http://192.168.1.86:19001/nsecom/, requestOrResponce = snapShot
3/25 6:41:51|ScriptHTMLStart|run|Going to call init method.
3/25 6:41:51|NSBrowser|init|Method called.
3/25 6:41:51|WebCFormattor||constructor called.
3/25 6:41:51|NSBrowser|execute|Method Called.
3/25 6:41:51|NSBrowser|execute|DOM Core supported 
3/25 6:41:51|NSBrowser|execute|DOM XML supported 
3/25 6:41:51|NSBrowser|execute|DOM HTML supported 
3/25 6:41:51|NSBrowser|execute|DOM Views supported 
3/25 6:41:51|NSBrowser|execute|DOM StyleSheets supported 
3/25 6:41:51|NSBrowser|execute|DOM CSS supported 
3/25 6:41:51|NSBrowser|execute|DOM CSS2 supported 
3/25 6:41:51|NSBrowser|execute|DOM Events supported 
3/25 6:41:51|NSBrowser|execute|DOM UIEvents supported 
3/25 6:41:51|NSBrowser|execute|DOM MouseEvents supported 
3/25 6:41:51|NSBrowser|execute|DOM MutationEvents not supported 
3/25 6:41:51|NSBrowser|execute|DOM HTMLEvents supported 
3/25 6:41:51|NSBrowser|execute|DOM Traversal not supported 
3/25 6:41:51|NSBrowser|execute|DOM Range supported 
3/25 6:41:51|ScriptHTMLStart|Recording|Thread state =2
3/25 6:41:51|ScriptHTMLStart|run|Setting thread state.State of Thread - 2
3/25 6:41:54|NetstormCEventListener|handleEvent|Method Called.
3/25 6:41:54|NetstormCEventListener|dumpEvent|Method Called. Event Type: click
 Tag Name = A
3/25 6:41:54|NetstormCEventListener|dumpLinkElement|Method Called.
3/25 6:41:54|Utils|setRecordingComments|method called.
3/25 6:41:54|RecordingHttpListener|observe|Method Called for sTopic=http-on-modify-request
3/25 6:41:54|Utils|getURLTracker|urlString = http://192.168.1.86:19001/nsecom/jsp/HomePage.jsp, requestOrResponce = request
3/25 6:41:54|Utils|getRelativeTimeWithRespectOfStartRecordingTime|Method called.time stamp = 1364217114363
3/25 6:41:54|Utils|convertToSecond method called|time = 3011.0
3/25 6:41:54|Utils|isSplit|Method called.
3/25 6:41:54|Utils|isSplit|Splitting for Ajax Header = false
3/25 6:41:54|Utils|isSplit|Splitting for method GET = false
3/25 6:41:54|Utils|isSplit|result = false
3/25 6:41:54|Utils|isSplitForTimeDiff|Method called.
3/25 6:41:54|Utils|isSplit|Splitting for time 2.6670000000000003 = false
3/25 6:41:54|Utils|isSplit|result = false
3/25 6:41:54|Utils|isSplitForURLType|Method called.
3/25 6:41:54|Utils|isSplitForURLType|value = false
3/25 6:41:54|Utils|isSplitForURLType|value = false
3/25 6:41:54|Utils|isSplit|isSplitForURLType = false
3/25 6:41:54|RecordingHttpListener|observe|Method Called for sTopic=http-on-modify-request
3/25 6:41:54|Utils|getURLTracker|urlString = http://192.168.1.86:19001/nsecom/jsp/HomePage.jsp, requestOrResponce = request
3/25 6:41:54|Utils|isSplit|Method called.
3/25 6:41:54|Utils|isSplit|result = false
3/25 6:41:54|Utils|isSplitForTimeDiff|Method called.
3/25 6:41:54|Utils|isSplit|result = false
3/25 6:41:54|Utils|isSplitForURLType|Method called.
3/25 6:41:54|Utils|isSplit|isSplitForURLType = false
3/25 6:41:54|RecordingHttpListener|observe|Method Called for sTopic=http-on-modify-request
3/25 6:41:54|Utils|getURLTracker|urlString = http://192.168.1.86:19001/nsecom/jsp/HomePage.jsp, requestOrResponce = request
3/25 6:41:54|Utils|isSplit|Method called.
3/25 6:41:54|Utils|isSplit|result = false
3/25 6:41:54|Utils|isSplitForTimeDiff|Method called.
3/25 6:41:54|Utils|isSplit|result = false
3/25 6:41:54|Utils|isSplitForURLType|Method called.
3/25 6:41:54|Utils|isSplit|isSplitForURLType = false
3/25 6:41:54|RecordingHttpListener|observe|Method Called for sTopic=http-on-modify-request
3/25 6:41:54|Utils|getURLTracker|urlString = http://192.168.1.86:19001/nsecom/jsp/HomePage.jsp, requestOrResponce = request
3/25 6:41:54|Utils|isSplit|Method called.
3/25 6:41:54|Utils|isSplit|result = false
3/25 6:41:54|Utils|isSplitForTimeDiff|Method called.
3/25 6:41:54|Utils|isSplit|result = false
3/25 6:41:54|Utils|isSplitForURLType|Method called.
3/25 6:41:54|Utils|isSplit|isSplitForURLType = false
3/25 6:41:54|RecordingHttpListener|observe|Method Called for sTopic=http-on-modify-request
3/25 6:41:54|Utils|getURLTracker|urlString = http://192.168.1.86:19001/nsecom/jsp/HomePage.jsp, requestOrResponce = request
3/25 6:41:54|Utils|isSplit|Method called.
3/25 6:41:54|Utils|isSplit|result = false
3/25 6:41:54|Utils|isSplitForTimeDiff|Method called.
3/25 6:41:54|Utils|isSplit|result = false
3/25 6:41:54|Utils|isSplitForURLType|Method called.
3/25 6:41:54|Utils|isSplit|isSplitForURLType = false
3/25 6:41:54|NetStormBrowserNavigationEventListener|navigationStarted|Method Called for URL=http://192.168.1.86:19001/nsecom/jsp/HomePage.jsp
3/25 6:41:54|NetStormBrowserNavigationEventListener|navigationStarted|Begin Loading URL == http://192.168.1.86:19001/nsecom/jsp/HomePage.jsp  ===== Begin = 1364217114394
3/25 6:41:54|Utils|getURLTracker|urlString = http://192.168.1.86:19001/nsecom/jsp/HomePage.jsp, requestOrResponce = snapShot
3/25 6:41:54|RecordingHttpListener|observe|Method Called for sTopic=http-on-examine-response
3/25 6:41:54|Utils|getURLTracker|urlString = http://192.168.1.86:19001/nsecom/jsp/HomePage.jsp, requestOrResponce = response
3/25 6:41:54|Utils|getRelativeTimeWithRespectOfStartRecordingTime|Method called.time stamp = 1364217114488
3/25 6:41:54|Utils|convertToSecond method called|time = 3136.0
3/25 6:41:54|Utils|isSplit|Method called.
3/25 6:41:54|Utils|isSplit|Splitting for Ajax Header = false
3/25 6:41:54|Utils|isSplit|Splitting for method GET = false
3/25 6:41:54|Utils|isSplit|result = false
3/25 6:41:54|Utils|isSplitForTimeDiff|Method called.
3/25 6:41:54|Utils|isSplit|Splitting for time 2.6670000000000003 = false
3/25 6:41:54|Utils|isSplit|result = false
3/25 6:41:54|Utils|isSplitForURLType|Method called.
3/25 6:41:54|Utils|isSplitForURLType|value = false
3/25 6:41:54|Utils|isSplitForURLType|value = false
3/25 6:41:54|Utils|isSplitForURLType|value = false
3/25 6:41:54|Utils|isSplit|isSplitForURLType = false
3/25 6:41:54|Utils|getRelativeTimeWithRespectOfStartRecordingTime|Method called.time stamp = 1364217114488
3/25 6:41:54|Utils|convertToSecond method called|time = 3136.0
3/25 6:41:54|Utils|getRelativeTimeWithRespectOfStartRecordingTime|Method called.time stamp = 1364217114488
3/25 6:41:54|Utils|convertToSecond method called|time = 3136.0
3/25 6:41:54|RecordingHttpListener|observe|Method Called for sTopic=http-on-examine-response
3/25 6:41:54|RecordingHttpListener|observe|Method Called for sTopic=http-on-examine-response
3/25 6:41:54|RecordingHttpListener|observe|Method Called for sTopic=http-on-examine-response
3/25 6:41:54|RecordingHttpListener|observe|Method Called for sTopic=http-on-examine-response
3/25 6:41:54|RecordingHttpListener|onStartRequest|method called with request Name = http://192.168.1.86:19001/nsecom/jsp/HomePage.jsp
3/25 6:41:54|Utils|getURLTracker|urlString = http://192.168.1.86:19001/nsecom/jsp/HomePage.jsp, requestOrResponce = snapShot
3/25 6:41:54|RecordingHttpListener|onDataAvailable|method called for request=http://192.168.1.86:19001/nsecom/jsp/HomePage.jsp
3/25 6:41:54|RecordingHttpListener|onDataAvailable|Adding dump diretory with path=C:\Users\Compass-91\Desktop\recorder\scripts\NetDiagnostic/Weblogic/nsecom_new\dump\more_char\192.168.1.86_19001/nsecom/jsp/
3/25 6:41:54|RecordingHttpListener|onDataAvailable|Calling onDataAvailable on original listener.
3/25 6:41:54|RecordingHttpListener|observe|Method Called for sTopic=http-on-modify-request
3/25 6:41:54|RecordingHttpListener|observe|Method Called for sTopic=http-on-modify-request
3/25 6:41:54|RecordingHttpListener|observe|Method Called for sTopic=http-on-modify-request
3/25 6:41:54|RecordingHttpListener|observe|Method Called for sTopic=http-on-modify-request
3/25 6:41:54|RecordingHttpListener|observe|Method Called for sTopic=http-on-modify-request
3/25 6:41:54|RecordingHttpListener|onStopRequest|method called for request=http://192.168.1.86:19001/nsecom/jsp/HomePage.jsp
3/25 6:41:54|RecordingHttpListener|observe|Method Called for sTopic=http-on-modify-request
3/25 6:41:54|Utils|getURLTracker|urlString = http://192.168.1.86:19001/nsecom/js/validate.js, requestOrResponce = request
3/25 6:41:54|Utils|getRelativeTimeWithRespectOfStartRecordingTime|Method called.time stamp = 1364217114519
3/25 6:41:54|Utils|convertToSecond method called|time = 3167.0
3/25 6:41:54|Utils|isSplit|Method called.
3/25 6:41:54|Utils|isSplit|Splitting for Ajax Header = false
3/25 6:41:54|Utils|isSplit|Splitting for method GET = false
3/25 6:41:54|Utils|isSplit|result = false
3/25 6:41:54|Utils|isSplitForTimeDiff|Method called.
3/25 6:41:54|Utils|isSplit|Splitting for time 0.030999999999999694 = false
3/25 6:41:54|Utils|isSplit|result = false
3/25 6:41:54|Utils|isSplitForURLType|Method called.
3/25 6:41:54|Utils|isSplitForURLType|value = false
3/25 6:41:54|Utils|isSplitForURLType|value = false
3/25 6:41:54|Utils|isSplit|isSplitForURLType = false
3/25 6:41:54|RecordingHttpListener|observe|Method Called for sTopic=http-on-modify-request
3/25 6:41:54|Utils|getURLTracker|urlString = http://192.168.1.86:19001/nsecom/js/validate.js, requestOrResponce = request
3/25 6:41:54|Utils|isSplit|Method called.
3/25 6:41:54|Utils|isSplit|result = false
3/25 6:41:54|Utils|isSplitForTimeDiff|Method called.
3/25 6:41:54|Utils|isSplit|result = false
3/25 6:41:54|Utils|isSplitForURLType|Method called.
3/25 6:41:54|Utils|isSplit|isSplitForURLType = false
3/25 6:41:54|RecordingHttpListener|observe|Method Called for sTopic=http-on-modify-request
3/25 6:41:54|Utils|getURLTracker|urlString = http://192.168.1.86:19001/nsecom/js/validate.js, requestOrResponce = request
3/25 6:41:54|Utils|isSplit|Method called.
3/25 6:41:54|Utils|isSplit|result = false
3/25 6:41:54|Utils|isSplitForTimeDiff|Method called.
3/25 6:41:54|Utils|isSplit|result = false
3/25 6:41:54|Utils|isSplitForURLType|Method called.
3/25 6:41:54|Utils|isSplit|isSplitForURLType = false
3/25 6:41:54|RecordingHttpListener|observe|Method Called for sTopic=http-on-modify-request
3/25 6:41:54|Utils|getURLTracker|urlString = http://192.168.1.86:19001/nsecom/js/validate.js, requestOrResponce = request
3/25 6:41:54|Utils|isSplit|Method called.
3/25 6:41:54|Utils|isSplit|result = false
3/25 6:41:54|Utils|isSplitForTimeDiff|Method called.
3/25 6:41:54|Utils|isSplit|result = false
3/25 6:41:54|Utils|isSplitForURLType|Method called.
3/25 6:41:54|Utils|isSplit|isSplitForURLType = false
3/25 6:41:54|RecordingHttpListener|observe|Method Called for sTopic=http-on-modify-request
3/25 6:41:54|Utils|getURLTracker|urlString = http://192.168.1.86:19001/nsecom/js/validate.js, requestOrResponce = request
3/25 6:41:54|Utils|isSplit|Method called.
3/25 6:41:54|Utils|isSplit|result = false
3/25 6:41:54|Utils|isSplitForTimeDiff|Method called.
3/25 6:41:54|Utils|isSplit|result = false
3/25 6:41:54|Utils|isSplitForURLType|Method called.
3/25 6:41:54|Utils|isSplit|isSplitForURLType = false
3/25 6:41:54|RecordingHttpListener|observe|Method Called for sTopic=http-on-examine-response
3/25 6:41:54|Utils|getURLTracker|urlString = http://192.168.1.86:19001/nsecom/css/style.css, requestOrResponce = response
3/25 6:41:54|Utils|getRelativeTimeWithRespectOfStartRecordingTime|Method called.time stamp = 1364217114535
3/25 6:41:54|Utils|convertToSecond method called|time = 3183.0
3/25 6:41:54|Utils|isSplit|Method called.
3/25 6:41:54|Utils|isSplit|Splitting for method GET = false
3/25 6:41:54|Utils|isSplit|result = false
3/25 6:41:54|Utils|isSplitForTimeDiff|Method called.
3/25 6:41:54|Utils|isSplit|result = false
3/25 6:41:54|Utils|isSplitForURLType|Method called.
3/25 6:41:54|Utils|isSplitForURLType|value = false
3/25 6:41:54|Utils|isSplitForURLType|value = false
3/25 6:41:54|Utils|isSplit|isSplitForURLType = false
3/25 6:41:54|Utils|getRelativeTimeWithRespectOfStartRecordingTime|Method called.time stamp = 1364217114535
3/25 6:41:54|Utils|convertToSecond method called|time = 3183.0
3/25 6:41:54|Utils|getRelativeTimeWithRespectOfStartRecordingTime|Method called.time stamp = 1364217114535
3/25 6:41:54|Utils|convertToSecond method called|time = 3183.0
3/25 6:41:54|RecordingHttpListener|observe|Method Called for sTopic=http-on-examine-response
3/25 6:41:54|RecordingHttpListener|observe|Method Called for sTopic=http-on-examine-response
3/25 6:41:54|RecordingHttpListener|observe|Method Called for sTopic=http-on-examine-response
3/25 6:41:54|RecordingHttpListener|observe|Method Called for sTopic=http-on-examine-response
3/25 6:41:54|RecordingHttpListener|onStartRequest|method called with request Name = http://192.168.1.86:19001/nsecom/css/style.css
3/25 6:41:54|Utils|getURLTracker|urlString = http://192.168.1.86:19001/nsecom/css/style.css, requestOrResponce = snapShot
3/25 6:41:54|RecordingHttpListener|onDataAvailable|method called for request=http://192.168.1.86:19001/nsecom/css/style.css
3/25 6:41:54|RecordingHttpListener|onDataAvailable|Adding dump diretory with path=C:\Users\Compass-91\Desktop\recorder\scripts\NetDiagnostic/Weblogic/nsecom_new\dump\more_char\192.168.1.86_19001/nsecom/css/
3/25 6:41:54|RecordingHttpListener|onDataAvailable|Calling onDataAvailable on original listener.
3/25 6:41:54|RecordingHttpListener|onStopRequest|method called for request=http://192.168.1.86:19001/nsecom/css/style.css
3/25 6:41:54|RecordingHttpListener|observe|Method Called for sTopic=http-on-examine-response
3/25 6:41:54|Utils|getURLTracker|urlString = http://192.168.1.86:19001/nsecom/js/validate.js, requestOrResponce = response
3/25 6:41:54|Utils|getRelativeTimeWithRespectOfStartRecordingTime|Method called.time stamp = 1364217114566
3/25 6:41:54|Utils|convertToSecond method called|time = 3214.0
3/25 6:41:54|Utils|isSplit|Method called.
3/25 6:41:54|Utils|isSplit|Splitting for Ajax Header = false
3/25 6:41:54|Utils|isSplit|Splitting for method GET = false
3/25 6:41:54|Utils|isSplit|result = false
3/25 6:41:54|Utils|isSplitForTimeDiff|Method called.
3/25 6:41:54|Utils|isSplit|Splitting for time -0.016000000000000014 = false
3/25 6:41:54|Utils|isSplit|result = false
3/25 6:41:54|Utils|isSplitForURLType|Method called.
3/25 6:41:54|Utils|isSplitForURLType|value = false
3/25 6:41:54|Utils|isSplitForURLType|value = false
3/25 6:41:54|Utils|isSplitForURLType|value = false
3/25 6:41:54|Utils|isSplit|isSplitForURLType = false
3/25 6:41:54|Utils|getRelativeTimeWithRespectOfStartRecordingTime|Method called.time stamp = 1364217114566
3/25 6:41:54|Utils|convertToSecond method called|time = 3214.0
3/25 6:41:54|Utils|getRelativeTimeWithRespectOfStartRecordingTime|Method called.time stamp = 1364217114566
3/25 6:41:54|Utils|convertToSecond method called|time = 3214.0
3/25 6:41:54|RecordingHttpListener|observe|Method Called for sTopic=http-on-examine-response
3/25 6:41:54|RecordingHttpListener|observe|Method Called for sTopic=http-on-examine-response
3/25 6:41:54|RecordingHttpListener|observe|Method Called for sTopic=http-on-examine-response
3/25 6:41:54|RecordingHttpListener|observe|Method Called for sTopic=http-on-examine-response
3/25 6:41:54|RecordingHttpListener|onStartRequest|method called with request Name = http://192.168.1.86:19001/nsecom/js/validate.js
3/25 6:41:54|Utils|getURLTracker|urlString = http://192.168.1.86:19001/nsecom/js/validate.js, requestOrResponce = snapShot
3/25 6:41:54|RecordingHttpListener|onDataAvailable|method called for request=http://192.168.1.86:19001/nsecom/js/validate.js
3/25 6:41:54|RecordingHttpListener|onDataAvailable|Adding dump diretory with path=C:\Users\Compass-91\Desktop\recorder\scripts\NetDiagnostic/Weblogic/nsecom_new\dump\more_char\192.168.1.86_19001/nsecom/js/
3/25 6:41:54|RecordingHttpListener|onDataAvailable|Calling onDataAvailable on original listener.
3/25 6:41:54|RecordingHttpListener|onDataAvailable|method called for request=http://192.168.1.86:19001/nsecom/js/validate.js
3/25 6:41:54|RecordingHttpListener|onDataAvailable|Adding dump diretory with path=C:\Users\Compass-91\Desktop\recorder\scripts\NetDiagnostic/Weblogic/nsecom_new\dump\more_char\192.168.1.86_19001/nsecom/js/
3/25 6:41:54|RecordingHttpListener|onDataAvailable|Calling onDataAvailable on original listener.
3/25 6:41:54|RecordingHttpListener|onStopRequest|method called for request=http://192.168.1.86:19001/nsecom/js/validate.js
3/25 6:41:54|NetStormBrowserNavigationEventListener|navigationFinished|Method Called for URL=http://192.168.1.86:19001/nsecom/jsp/HomePage.jsp
3/25 6:41:54|NetStormBrowserNavigationEventListener|NavigationFinishEventRunner|constructor called for url=http://192.168.1.86:19001/nsecom/jsp/HomePage.jsp
3/25 6:41:54|NetStormBrowserNavigationEventListener|setupListeners|Method Called.
3/25 6:41:54|MainFrame|updateBackForwardButtons|method Called.3/25 6:41:54|NetstormCEventListener|addAllHTMLElementsListeners|Method Called.

3/25 6:41:54|Utils|filterPath|path = http://192.168.1.86:19001/nsecom/jsp/HomePage.jsp
3/25 6:41:54|Utils|getFileName|path = http://192.168.1.86:19001/nsecom/jsp/HomePage.jsp
3/25 6:41:54|Utils|getFileName|filename for dump = HomePage.jsp
3/25 6:41:54|Utils|saveBrowserDocument|title = C:\Users\Compass-91\Desktop\recorder\scripts\NetDiagnostic\Weblogic\nsecom_new\dump\more_char\192.168.1.86_19001\nsecom\jsp\HomePage.jsp
3/25 6:41:54|Utils|getURLTracker|urlString = http://192.168.1.86:19001/nsecom/jsp/HomePage.jsp, requestOrResponce = snapShot
3/25 6:41:55|NetstormCEventListener|handleEvent|Method Called.
3/25 6:41:55|NetstormCEventListener|dumpEvent|Method Called. Event Type: click
 Tag Name = INPUT
3/25 6:41:55|Utils|setRecordingComments|method called.
3/25 6:42:27|NetstormCEventListener|handleEvent|Method Called.
3/25 6:42:27|NetstormCEventListener|dumpEvent|Method Called. Event Type: click
 Tag Name = INPUT
3/25 6:42:28|NetstormCEventListener|addBtnElement|Method Called.
3/25 6:42:28|Utils|setRecordingComments|method called.
3/25 6:42:30|RecordingHttpListener|observe|Method Called for sTopic=http-on-modify-request
3/25 6:42:30|Utils|getURLTracker|urlString = http://192.168.1.86:19001/nsecom/jsp/HomePage.jsp?keyword=blue+jeans+for+girls+and+formal+black+shirt+for+boy+and+white+skirt+for+girls+with+tunic+top+of+blue+color, requestOrResponce = request
3/25 6:42:30|Utils|getRelativeTimeWithRespectOfStartRecordingTime|Method called.time stamp = 1364217150837
3/25 6:42:30|Utils|convertToSecond method called|time = 39485.0
3/25 6:42:30|Utils|isSplit|Method called.
3/25 6:42:30|Utils|isSplit|Splitting for Ajax Header = false
3/25 6:42:30|Utils|isSplit|Splitting for method GET = false
3/25 6:42:30|Utils|isSplit|result = false
3/25 6:42:30|Utils|isSplitForTimeDiff|Method called.
3/25 6:42:30|Utils|isSplit|Splitting for time 36.271 = false
3/25 6:42:30|Utils|isSplit|result = false
3/25 6:42:30|Utils|isSplitForURLType|Method called.
3/25 6:42:30|Utils|isSplitForURLType|value = false
3/25 6:42:30|Utils|isSplitForURLType|value = false
3/25 6:42:30|Utils|isSplit|isSplitForURLType = false
3/25 6:42:30|RecordingHttpListener|observe|Method Called for sTopic=http-on-modify-request
3/25 6:42:30|Utils|getURLTracker|urlString = http://192.168.1.86:19001/nsecom/jsp/HomePage.jsp?keyword=blue+jeans+for+girls+and+formal+black+shirt+for+boy+and+white+skirt+for+girls+with+tunic+top+of+blue+color, requestOrResponce = request
3/25 6:42:30|Utils|isSplit|Method called.
3/25 6:42:30|Utils|isSplit|result = false
3/25 6:42:30|Utils|isSplitForTimeDiff|Method called.
3/25 6:42:30|Utils|isSplit|result = false
3/25 6:42:30|Utils|isSplitForURLType|Method called.
3/25 6:42:30|Utils|isSplit|isSplitForURLType = false
3/25 6:42:30|RecordingHttpListener|observe|Method Called for sTopic=http-on-modify-request
3/25 6:42:30|Utils|getURLTracker|urlString = http://192.168.1.86:19001/nsecom/jsp/HomePage.jsp?keyword=blue+jeans+for+girls+and+formal+black+shirt+for+boy+and+white+skirt+for+girls+with+tunic+top+of+blue+color, requestOrResponce = request
3/25 6:42:30|Utils|isSplit|Method called.
3/25 6:42:30|Utils|isSplit|result = false
3/25 6:42:30|Utils|isSplitForTimeDiff|Method called.
3/25 6:42:30|Utils|isSplit|result = false
3/25 6:42:30|Utils|isSplitForURLType|Method called.
3/25 6:42:30|Utils|isSplit|isSplitForURLType = false
3/25 6:42:30|RecordingHttpListener|observe|Method Called for sTopic=http-on-modify-request
3/25 6:42:30|Utils|getURLTracker|urlString = http://192.168.1.86:19001/nsecom/jsp/HomePage.jsp?keyword=blue+jeans+for+girls+and+formal+black+shirt+for+boy+and+white+skirt+for+girls+with+tunic+top+of+blue+color, requestOrResponce = request
3/25 6:42:30|Utils|isSplit|Method called.
3/25 6:42:30|Utils|isSplit|result = false
3/25 6:42:30|Utils|isSplitForTimeDiff|Method called.
3/25 6:42:30|Utils|isSplit|result = false
3/25 6:42:30|Utils|isSplitForURLType|Method called.
3/25 6:42:30|Utils|isSplit|isSplitForURLType = false
3/25 6:42:30|RecordingHttpListener|observe|Method Called for sTopic=http-on-modify-request
3/25 6:42:30|Utils|getURLTracker|urlString = http://192.168.1.86:19001/nsecom/jsp/HomePage.jsp?keyword=blue+jeans+for+girls+and+formal+black+shirt+for+boy+and+white+skirt+for+girls+with+tunic+top+of+blue+color, requestOrResponce = request
3/25 6:42:30|Utils|isSplit|Method called.
3/25 6:42:30|Utils|isSplit|result = false
3/25 6:42:30|Utils|isSplitForTimeDiff|Method called.
3/25 6:42:30|Utils|isSplit|result = false
3/25 6:42:30|Utils|isSplitForURLType|Method called.
3/25 6:42:30|Utils|isSplit|isSplitForURLType = false
3/25 6:42:30|NetStormBrowserNavigationEventListener|navigationStarted|Method Called for URL=http://192.168.1.86:19001/nsecom/jsp/HomePage.jsp?keyword=blue+jeans+for+girls+and+formal+black+shirt+for+boy+and+white+skirt+for+girls+with+tunic+top+of+blue+color
3/25 6:42:30|NetStormBrowserNavigationEventListener|navigationStarted|Begin Loading URL == http://192.168.1.86:19001/nsecom/jsp/HomePage.jsp?keyword=blue+jeans+for+girls+and+formal+black+shirt+for+boy+and+white+skirt+for+girls+with+tunic+top+of+blue+color  ===== Begin = 1364217150899
3/25 6:42:30|Utils|getURLTracker|urlString = http://192.168.1.86:19001/nsecom/jsp/HomePage.jsp?keyword=blue+jeans+for+girls+and+formal+black+shirt+for+boy+and+white+skirt+for+girls+with+tunic+top+of+blue+color, requestOrResponce = snapShot
3/25 6:42:30|RecordingHttpListener|observe|Method Called for sTopic=http-on-examine-response
3/25 6:42:30|Utils|getURLTracker|urlString = http://192.168.1.86:19001/nsecom/jsp/HomePage.jsp?keyword=blue+jeans+for+girls+and+formal+black+shirt+for+boy+and+white+skirt+for+girls+with+tunic+top+of+blue+color, requestOrResponce = response
3/25 6:42:30|Utils|getRelativeTimeWithRespectOfStartRecordingTime|Method called.time stamp = 1364217150977
3/25 6:42:30|Utils|convertToSecond method called|time = 39625.0
3/25 6:42:30|Utils|isSplit|Method called.
3/25 6:42:30|Utils|isSplit|Splitting for Ajax Header = false
3/25 6:42:30|Utils|isSplit|Splitting for method GET = false
3/25 6:42:30|Utils|isSplit|result = false
3/25 6:42:30|Utils|isSplitForTimeDiff|Method called.
3/25 6:42:30|Utils|isSplit|Splitting for time 36.271 = false
3/25 6:42:30|Utils|isSplit|result = false
3/25 6:42:30|Utils|isSplitForURLType|Method called.
3/25 6:42:30|Utils|isSplitForURLType|value = false
3/25 6:42:30|Utils|isSplitForURLType|value = false
3/25 6:42:30|Utils|isSplitForURLType|value = false
3/25 6:42:30|Utils|isSplit|isSplitForURLType = false
3/25 6:42:30|Utils|getRelativeTimeWithRespectOfStartRecordingTime|Method called.time stamp = 1364217150977
3/25 6:42:30|Utils|convertToSecond method called|time = 39625.0
3/25 6:42:30|Utils|getRelativeTimeWithRespectOfStartRecordingTime|Method called.time stamp = 1364217150977
3/25 6:42:30|Utils|convertToSecond method called|time = 39625.0
3/25 6:42:30|RecordingHttpListener|observe|Method Called for sTopic=http-on-examine-response
3/25 6:42:30|RecordingHttpListener|observe|Method Called for sTopic=http-on-examine-response
3/25 6:42:30|RecordingHttpListener|observe|Method Called for sTopic=http-on-examine-response
3/25 6:42:30|RecordingHttpListener|observe|Method Called for sTopic=http-on-examine-response
3/25 6:42:30|RecordingHttpListener|onStartRequest|method called with request Name = http://192.168.1.86:19001/nsecom/jsp/HomePage.jsp?keyword=blue+jeans+for+girls+and+formal+black+shirt+for+boy+and+white+skirt+for+girls+with+tunic+top+of+blue+color
3/25 6:42:31|Utils|getURLTracker|urlString = http://192.168.1.86:19001/nsecom/jsp/HomePage.jsp?keyword=blue+jeans+for+girls+and+formal+black+shirt+for+boy+and+white+skirt+for+girls+with+tunic+top+of+blue+color, requestOrResponce = snapShot
3/25 6:42:31|RecordingHttpListener|onDataAvailable|method called for request=http://192.168.1.86:19001/nsecom/jsp/HomePage.jsp?keyword=blue+jeans+for+girls+and+formal+black+shirt+for+boy+and+white+skirt+for+girls+with+tunic+top+of+blue+color
3/25 6:42:31|RecordingHttpListener|onDataAvailable|Adding dump diretory with path=C:\Users\Compass-91\Desktop\recorder\scripts\NetDiagnostic/Weblogic/nsecom_new\dump\more_char\192.168.1.86_19001/nsecom/jsp/
3/25 6:42:31|RecordingHttpListener|onDataAvailable|Calling onDataAvailable on original listener.
3/25 6:42:31|RecordingHttpListener|observe|Method Called for sTopic=http-on-modify-request
3/25 6:42:31|RecordingHttpListener|observe|Method Called for sTopic=http-on-modify-request
3/25 6:42:31|RecordingHttpListener|observe|Method Called for sTopic=http-on-modify-request
3/25 6:42:31|RecordingHttpListener|observe|Method Called for sTopic=http-on-modify-request
3/25 6:42:31|RecordingHttpListener|observe|Method Called for sTopic=http-on-modify-request
3/25 6:42:31|RecordingHttpListener|observe|Method Called for sTopic=http-on-modify-request
3/25 6:42:31|Utils|getURLTracker|urlString = http://192.168.1.86:19001/nsecom/js/validate.js, requestOrResponce = request
3/25 6:42:31|Utils|getRelativeTimeWithRespectOfStartRecordingTime|Method called.time stamp = 1364217151009
3/25 6:42:31|Utils|convertToSecond method called|time = 39657.0
3/25 6:42:31|Utils|isSplit|Method called.
3/25 6:42:31|Utils|isSplit|Splitting for Ajax Header = false
3/25 6:42:31|Utils|isSplit|Splitting for method GET = false
3/25 6:42:31|Utils|isSplit|result = false
3/25 6:42:31|Utils|isSplitForTimeDiff|Method called.
3/25 6:42:31|Utils|isSplit|Splitting for time 0.031999999999996476 = false
3/25 6:42:31|Utils|isSplit|result = false
3/25 6:42:31|Utils|isSplitForURLType|Method called.
3/25 6:42:31|Utils|isSplitForURLType|value = false
3/25 6:42:31|Utils|isSplitForURLType|value = false
3/25 6:42:31|Utils|isSplit|isSplitForURLType = false
3/25 6:42:31|RecordingHttpListener|observe|Method Called for sTopic=http-on-modify-request
3/25 6:42:31|Utils|getURLTracker|urlString = http://192.168.1.86:19001/nsecom/js/validate.js, requestOrResponce = request
3/25 6:42:31|Utils|isSplit|Method called.
3/25 6:42:31|Utils|isSplit|result = false
3/25 6:42:31|Utils|isSplitForTimeDiff|Method called.
3/25 6:42:31|Utils|isSplit|result = false
3/25 6:42:31|Utils|isSplitForURLType|Method called.
3/25 6:42:31|Utils|isSplit|isSplitForURLType = false
3/25 6:42:31|RecordingHttpListener|observe|Method Called for sTopic=http-on-modify-request
3/25 6:42:31|Utils|getURLTracker|urlString = http://192.168.1.86:19001/nsecom/js/validate.js, requestOrResponce = request
3/25 6:42:31|Utils|isSplit|Method called.
3/25 6:42:31|Utils|isSplit|result = false
3/25 6:42:31|Utils|isSplitForTimeDiff|Method called.
3/25 6:42:31|Utils|isSplit|result = false
3/25 6:42:31|Utils|isSplitForURLType|Method called.
3/25 6:42:31|Utils|isSplit|isSplitForURLType = false
3/25 6:42:31|RecordingHttpListener|observe|Method Called for sTopic=http-on-modify-request
3/25 6:42:31|Utils|getURLTracker|urlString = http://192.168.1.86:19001/nsecom/js/validate.js, requestOrResponce = request
3/25 6:42:31|Utils|isSplit|Method called.
3/25 6:42:31|Utils|isSplit|result = false
3/25 6:42:31|Utils|isSplitForTimeDiff|Method called.
3/25 6:42:31|Utils|isSplit|result = false
3/25 6:42:31|Utils|isSplitForURLType|Method called.
3/25 6:42:31|Utils|isSplit|isSplitForURLType = false
3/25 6:42:31|RecordingHttpListener|observe|Method Called for sTopic=http-on-modify-request
3/25 6:42:31|Utils|getURLTracker|urlString = http://192.168.1.86:19001/nsecom/js/validate.js, requestOrResponce = request
3/25 6:42:31|Utils|isSplit|Method called.
3/25 6:42:31|Utils|isSplit|result = false
3/25 6:42:31|Utils|isSplitForTimeDiff|Method called.
3/25 6:42:31|Utils|isSplit|result = false
3/25 6:42:31|Utils|isSplitForURLType|Method called.
3/25 6:42:31|Utils|isSplit|isSplitForURLType = false
3/25 6:42:31|RecordingHttpListener|onStopRequest|method called for request=http://192.168.1.86:19001/nsecom/jsp/HomePage.jsp?keyword=blue+jeans+for+girls+and+formal+black+shirt+for+boy+and+white+skirt+for+girls+with+tunic+top+of+blue+color
3/25 6:42:31|MainFrame|updateBackForwardButtons|method Called.3/25 6:42:31|NetStormBrowserNavigationEventListener|navigationFinished|Method Called for URL=http://192.168.1.86:19001/nsecom/jsp/HomePage.jsp?keyword=blue+jeans+for+girls+and+formal+black+shirt+for+boy+and+white+skirt+for+girls+with+tunic+top+of+blue+color

3/25 6:42:31|NetStormBrowserNavigationEventListener|NavigationFinishEventRunner|constructor called for url=http://192.168.1.86:19001/nsecom/jsp/HomePage.jsp?keyword=blue+jeans+for+girls+and+formal+black+shirt+for+boy+and+white+skirt+for+girls+with+tunic+top+of+blue+color
3/25 6:42:31|NetStormBrowserNavigationEventListener|setupListeners|Method Called.
3/25 6:42:31|NetstormCEventListener|addAllHTMLElementsListeners|Method Called.
3/25 6:42:31|Utils|filterPath|path = http://192.168.1.86:19001/nsecom/jsp/HomePage.jsp?keyword=blue+jeans+for+girls+and+formal+black+shirt+for+boy+and+white+skirt+for+girls+with+tunic+top+of+blue+color
3/25 6:42:31|Utils|filterPath|path limit is excedding the limit
3/25 6:42:31|Utils|isValidLenForPath|path = C:\Users\Compass-91\Desktop\recorder\scripts\NetDiagnostic/Weblogic/nsecom_new\dump\more_char\http://192.168.1.86:19001/nsecom/jsp/HomePage.jsp?keyword=blue+jeans+for+girls+and+formal+black+shirt+for+boy+and+white+skirt+for+girls+with+tunic+top+of+blue+color
3/25 6:42:31|Utils|getFileName|path = http://192.168.1.86:19001/nsecom/jsp/HomePage.jsp?keyword=blue+jeans+for+girls+and+formal+black+shirt+for+boy+and+white+skirt+for+girls+with+tunic+top+of+blue+color
3/25 6:42:31|Utils|getFileName|path limit is excedding the limit
3/25 6:42:31|Utils|isValidLenForPath|path = C:\Users\Compass-91\Desktop\recorder\scripts\NetDiagnostic/Weblogic/nsecom_new\dump\more_char\http://192.168.1.86:19001/nsecom/jsp/HomePage.jsp?keyword=blue+jeans+for+girls+and+formal+black+shirt+for+boy+and+white+skirt+for+girls+with+tunic+top+of+blue+color
3/25 6:42:31|Utils|getFileName|filename for dump = HomePage.jsp_keyword=blue_jeans_for_girls_and_formal_black_shirt_for_boy_and_white_skirt_for_girls_with_tunic_top_of_blue_c
3/25 6:42:31|Utils|saveBrowserDocument|title = C:\Users\Compass-91\Desktop\recorder\scripts\NetDiagnostic\Weblogic\nsecom_new\dump\more_char\192.168.1.86_19001\nsecom\jsp\HomePage.jsp_keyword=blue_jeans_for_girls_and_formal_black_shirt_for_boy_and_white_skirt_for_girls_with_tunic_top_of_blue_c
3/25 6:42:31|Utils|getURLTracker|urlString = http://192.168.1.86:19001/nsecom/jsp/HomePage.jsp?keyword=blue+jeans+for+girls+and+formal+black+shirt+for+boy+and+white+skirt+for+girls+with+tunic+top+of+blue+color, requestOrResponce = snapShot
3/25 6:42:33|ScriptHTMLStart|stopRecording|Method Called.
3/25 6:42:33|ScriptHTMLStart|stopRecording|Going to stop recording
3/25 6:42:33|NSBrowser|stopRecord|Method called.
3/25 6:42:33|MainFrame|addNavigationListeners|browser disposed called.
3/25 6:42:33|WebCFormattor|generateScripts|method called.
3/25 6:42:33|Utils|addLastPageLeftUrlsToInlineUrlsOfLastPage|Method called.
3/25 6:42:33|Utils|modifyMapForSplit|Method called.
3/25 6:42:33|Utils|modifyMapForThinkTime|Method called.
3/25 6:42:33|Utils|getRelativeTimeWithRespectOfStartRecordingTime|Method called.time stamp = 1364217153598
3/25 6:42:33|Utils|convertToSecond method called|time = 42246.0
3/25 6:42:33|Utils|modifyMapForThinkTime|Modifying url list for last page=HomePage_jsp_7, startThink=39.625, endThink=42.246
3/25 6:42:33|Utils|generateEventDetail|method called.
3/25 6:42:33|Utils|generateUrlInfoListDetail|method called
3/25 6:42:33|Utils|generateUrlInfoListDetail|URL = http://192.168.1.86:19001/nsecom
3/25 6:42:33|Utils|convertToSecond method called|time = 0.031
3/25 6:42:33|Utils|generateUrlInfoListDetail|ScriptparsingData =http://192.168.1.86:19001/nsecom
3/25 6:42:33|Utils|generateUrlInfoListDetail|UrlTracker.scriptParsingData.getParsedPath()=192.168.1.86_19001/, Utils.getDumpPath() = C:\Users\Compass-91\Desktop\recorder\scripts\NetDiagnostic/Weblogic/nsecom_new\dump\more_char
3/25 6:42:33|Utils|generateUrlInfoListDetail|URL = http://192.168.1.86:19001/nsecom/
3/25 6:42:33|Utils|convertToSecond method called|time = 0.030999999999999972
3/25 6:42:33|Utils|generateUrlInfoListDetail|ScriptparsingData =http://192.168.1.86:19001/nsecom/
3/25 6:42:33|Utils|generateUrlInfoListDetail|Main url dump file is not existing. Dump file Name = index
3/25 6:42:33|Utils|generateUrlInfoListDetail|URL = http://192.168.1.86:19001/nsecom/images/logo.png
3/25 6:42:33|Utils|convertToSecond method called|time = 0.03199999999999997
3/25 6:42:33|Utils|generateUrlInfoListDetail|ScriptparsingData =http://192.168.1.86:19001/nsecom/images/logo.png
3/25 6:42:33|Utils|generateUrlInfoListDetail|URL = http://192.168.1.86:19001/nsecom/jsp/HomePage.jsp
3/25 6:42:33|Utils|convertToSecond method called|time = 0.125
3/25 6:42:33|Utils|generateUrlInfoListDetail|ScriptparsingData =http://192.168.1.86:19001/nsecom/jsp/HomePage.jsp
3/25 6:42:33|Utils|generateUrlInfoListDetail|Main url dump file is not existing. Dump file Name = HomePage.jsp
3/25 6:42:33|Utils|generateUrlInfoListDetail|URL = http://192.168.1.86:19001/nsecom/js/validate.js
3/25 6:42:33|Utils|convertToSecond method called|time = 0.04700000000000015
3/25 6:42:33|Utils|generateUrlInfoListDetail|ScriptparsingData =http://192.168.1.86:19001/nsecom/js/validate.js
3/25 6:42:33|Utils|generateUrlInfoListDetail|URL = http://192.168.1.86:19001/nsecom/css/style.css
3/25 6:42:33|Utils|generateUrlInfoListDetail|ScriptparsingData =http://192.168.1.86:19001/nsecom/css/style.css
3/25 6:42:33|Utils|generateUrlInfoListDetail|Css url dump file is not existing. Dump file Name = style.css
3/25 6:42:33|Utils|generateUrlInfoListDetail|URL = http://192.168.1.86:19001/nsecom/jsp/HomePage.jsp?keyword=blue+jeans+for+girls+and+formal+black+shirt+for+boy+and+white+skirt+for+girls+with+tunic+top+of+blue+color
3/25 6:42:33|Utils|convertToSecond method called|time = 0.14000000000000057
3/25 6:42:33|Utils|generateUrlInfoListDetail|ScriptparsingData =http://192.168.1.86:19001/nsecom/jsp/HomePage.jsp?keyword=blue+jeans+for+girls+and+formal+black+shirt+for+boy+and+white+skirt+for+girls+with+tunic+top+of+blue+color
3/25 6:42:33|Utils|generateUrlInfoListDetail|Main url dump file is not existing. Dump file Name = HomePage.jsp_keyword=blue_jeans_for_girls_and_formal_black_shirt_for_boy_and_white_skirt_for_girls_with_tunic_top_of_blue_color
3/25 6:42:33|Utils|generateUrlInfoListDetail|URL = http://192.168.1.86:19001/nsecom/js/validate.js
3/25 6:42:33|Utils|generateUrlInfoListDetail|ScriptparsingData =http://192.168.1.86:19001/nsecom/js/validate.js
3/25 6:42:33|WebCFormattor|generateEventsForFlow|method called.
3/25 6:42:33|WebCGenerator|generate|method called.
3/25 6:42:33|WebCGenerator|generate|Putting header comments in Buffer.
3/25 6:42:33|WebCGenerator|generate|Processing URLs with list size=3
3/25 6:42:33|WebCGenerator|getValidURL|Since this URL is not in filtered list, returning the URL=http://192.168.1.86:19001/nsecom
3/25 6:42:33|Utils|getTimeStampForPage|Method called.
3/25 6:42:33|WebCGenerator|getUrlReqAndResDetails|method called.
3/25 6:42:33|WebCGenerator|generate|Adding Inline template to the page.
3/25 6:42:33|WebCGenerator|appendHeadersAndEndline|method called.
3/25 6:42:33|WebCGenerator|getUrlReqAndResDetails|method called.
3/25 6:42:33|WebCGenerator|appendHeadersAndEndline|method called.
3/25 6:42:33|WebCGenerator|getUrlReqAndResDetails|method called.
3/25 6:42:33|Utils|convertToSecond method called|time = 2.6670000000000003
3/25 6:42:33|WebCGenerator|getValidURL|Since this URL is not in filtered list, returning the URL=http://192.168.1.86:19001/nsecom/jsp/HomePage.jsp
3/25 6:42:33|Utils|getTimeStampForPage|Method called.
3/25 6:42:33|WebCGenerator|getUrlReqAndResDetails|method called.
3/25 6:42:33|WebCGenerator|generate|Adding Inline template to the page.
3/25 6:42:33|WebCGenerator|appendHeadersAndEndline|method called.
3/25 6:42:33|WebCGenerator|getUrlReqAndResDetails|method called.
3/25 6:42:33|WebCGenerator|getCookieForTheUrl|method called.
3/25 6:42:33|WebCGenerator|appendHeadersAndEndline|method called.
3/25 6:42:33|WebCGenerator|getUrlReqAndResDetails|method called.
3/25 6:42:33|Utils|convertToSecond method called|time = 36.302
3/25 6:42:33|WebCGenerator|getValidURL|Since this URL is not in filtered list, returning the URL=http://192.168.1.86:19001/nsecom/jsp/HomePage.jsp?keyword=blue+jeans+for+girls+and+formal+black+shirt+for+boy+and+white+skirt+for+girls+with+tunic+top+of+blue+color
3/25 6:42:33|Utils|getTimeStampForPage|Method called.
3/25 6:42:33|WebCGenerator|generate|Adding Comments to page.HomePage_jsp_7
3/25 6:42:33|WebCGenerator|getUrlReqAndResDetails|method called.
3/25 6:42:33|WebCGenerator|getCookieForTheUrl|method called.
3/25 6:42:33|WebCGenerator|generate|Adding Inline template to the page.
3/25 6:42:33|WebCGenerator|appendHeadersAndEndline|method called.
3/25 6:42:33|WebCGenerator|getUrlReqAndResDetails|method called.
3/25 6:42:33|WebCGenerator|getCookieForTheUrl|method called.
3/25 6:42:33|Utils|convertToSecond method called|time = 2.621000000000002
3/25 6:42:33|MainFrame|addNavigationListeners|browser disposed Exiting.
3/25 6:42:33|MainFrame|addNavigationListeners|browser disposed called.
3/25 6:42:33|MainFrame|addNavigationListeners|browser disposed Exiting.
3/25 6:42:33|NSBrowser|addNavigationListeners|browser disposed Exiting.
3/25 6:42:33|ScriptHTMLStart|stopRecording|Going to upload script to server.
3/25 6:42:34|ScriptRecordUtils|saveScriptToServer|method called.
3/25 6:42:35|ScriptLeftPane|enableDisableScriptForPartialScript|Method called.
3/25 6:42:35|ScriptRightPane|enableDisableScriptForPartialScript|Method called.
3/25 6:42:36|ScriptRecordUtils|saveScriptToServer|Script saved to server Successfully.
3/25 6:42:37|ScriptLeftPane|addFlowNode|Method called. flow name = more_char.c
3/25 6:42:37|ScriptLeftPane|getChildList|Method called. node = nsecom_new
3/25 6:42:37|ScriptLeftPane|addFlowNode|Method called. name = more_char.c, file as parent node
3/25 6:42:37|ScriptLeftPane|addFlowNode|Method called. name = more_char.c, create node at client side and then store it with file type = 9
3/25 6:42:37|ScriptLeftPane|getNodePath|Method called. getParent = true
3/25 6:42:37|ScriptUtils|replace|Method called. source = Available Scripts/NetDiagnostic/Weblogic/nsecom_new, toReplace = Available S, replaceWith = s
3/25 6:42:37|ScriptRenamePage|setTableProp|Start method
3/25 6:42:38|ScriptLeftPane|setFileToEditor|Method called.
3/25 6:42:38|ScriptUtils|replace|Method called. source = http://192.168.1.85:80/netstorm/recorder/../../scripts/NetDiagnostic/Weblogic/nsecom_new/more_char.c, toReplace =  , replaceWith = %20
3/25 6:42:38|ScriptRightPane|checkFileSaved|Method called.
3/25 6:42:38|ScriptUtils|replace|Method called. source = http://192.168.1.85:80/netstorm/recorder/../../scripts/NetDiagnostic/Weblogic/nsecom_new/more_char.c, toReplace =  , replaceWith = %20
3/25 6:42:38|ScriptLeftPane|setFileToEditor|file type is.9
3/25 6:42:38|ScriptMain|enableDisableAsPerPermission|Method called. isObjWritePermitted = true, isObjDeletePermitted = true
3/25 6:42:38|ScriptLeftPane|enableDisable|Method called. nodeType = 9
3/25 6:42:38|ScriptRightPane|enableDisable|Method called.
3/25 6:42:38|ScriptLeftPane|enableDisable|Method called. nodeType = 9
3/25 6:42:38|ScriptRightPane|enableDisable|Method called.
3/25 6:42:38|ScriptLeftPane|enableDisableScriptForPartialScript|Method called.
3/25 6:42:38|ScriptHTMLStart|stopRecording|Delete dir path = C:\Users\Compass-91\Desktop\recorder\scripts/NetDiagnostic/Weblogic/nsecom_new
3/25 6:42:38|ScriptUtils|deleteDirectory|Method called. path = C:\Users\Compass-91\Desktop\recorder\scripts/NetDiagnostic/Weblogic/nsecom_new
3/25 6:42:38|ScriptUtils|deleteDirectory|Method called. path = C:\Users\Compass-91\Desktop\recorder\scripts/NetDiagnostic/Weblogic/nsecom_new/dump
3/25 6:42:38|ScriptUtils|deleteDirectory|Method called. path = C:\Users\Compass-91\Desktop\recorder\scripts/NetDiagnostic/Weblogic/nsecom_new/dump/any_char
3/25 6:42:38|ScriptUtils|deleteDirectory|Method called. path = C:\Users\Compass-91\Desktop\recorder\scripts/NetDiagnostic/Weblogic/nsecom_new/dump/blank
3/25 6:42:38|ScriptUtils|deleteDirectory|Method called. path = C:\Users\Compass-91\Desktop\recorder\scripts/NetDiagnostic/Weblogic/nsecom_new/dump/more_char
3/25 6:42:38|ScriptUtils|deleteDirectory|Method called. path = C:\Users\Compass-91\Desktop\recorder\scripts/NetDiagnostic/Weblogic/nsecom_new/dump/more_char/192.168.1.86_19001
3/25 6:42:38|ScriptUtils|deleteDirectory|Method called. path = C:\Users\Compass-91\Desktop\recorder\scripts/NetDiagnostic/Weblogic/nsecom_new/dump/more_char/192.168.1.86_19001/nsecom
3/25 6:42:38|ScriptUtils|deleteDirectory|Method called. path = C:\Users\Compass-91\Desktop\recorder\scripts/NetDiagnostic/Weblogic/nsecom_new/dump/more_char/192.168.1.86_19001/nsecom/css
3/25 6:42:38|ScriptUtils|deleteDirectory|Method called. path = C:\Users\Compass-91\Desktop\recorder\scripts/NetDiagnostic/Weblogic/nsecom_new/dump/more_char/192.168.1.86_19001/nsecom/jsp
3/25 6:42:38|ScriptUtils|deleteDirectory|Method called. path = C:\Users\Compass-91\Desktop\recorder\scripts/NetDiagnostic/Weblogic/nsecom_new/dump/more_char/192.168.1.86_19001/nsecom.orig
3/25 6:42:38|ScriptUtils|deleteDirectory|Method called. path = C:\Users\Compass-91\Desktop\recorder\scripts/NetDiagnostic/Weblogic/nsecom_new/dump/more_char/192.168.1.86_19001/nsecom.orig/css
3/25 6:42:38|ScriptUtils|deleteDirectory|Method called. path = C:\Users\Compass-91\Desktop\recorder\scripts/NetDiagnostic/Weblogic/nsecom_new/dump/more_char/192.168.1.86_19001/nsecom.orig/images
3/25 6:42:38|ScriptUtils|deleteDirectory|Method called. path = C:\Users\Compass-91\Desktop\recorder\scripts/NetDiagnostic/Weblogic/nsecom_new/dump/more_char/192.168.1.86_19001/nsecom.orig/js
3/25 6:42:38|ScriptUtils|deleteDirectory|Method called. path = C:\Users\Compass-91\Desktop\recorder\scripts/NetDiagnostic/Weblogic/nsecom_new/dump/more_char/192.168.1.86_19001/nsecom.orig/jsp
3/25 6:42:38|ScriptRightPane|checkFileSaved|Method called.
3/25 6:42:38|ScriptUtils|deleteDirectory|Method called. path = C:\Users\Compass-91\Desktop\recorder\scripts/NetDiagnostic/Weblogic/nsecom_new/dump/more_char/headers
3/25 6:42:38|ScriptUtils|deleteDirectory|Method called. path = C:\Users\Compass-91\Desktop\recorder\scripts/NetDiagnostic/Weblogic/nsecom_new/dump/more_char/Snapshots
